2023/05/12 13:37:22.535 [main] DEBUG  co.jp.stepCounter.infrastructure.log.Log4J2 co.jp.stepCounter.util.validator.ValidatorUtil:outputFileCheck() 出力ファイルパスチェック ファイルパス：/Users/takashi.ebina/git/repository2/stepCounter/work/output/result.csv
2023/05/12 13:37:22.544 [main] DEBUG  co.jp.stepCounter.infrastructure.log.Log4J2 co.jp.stepCounter.util.validator.ValidatorUtil:outputFileCheck() チェック結果：出力ファイルパスがディレクトリ　または　ファイル読み取り不可
2023/05/12 13:53:44.634 [main] DEBUG  co.jp.stepCounter.infrastructure.log.Log4J2 ValidatorUtil:inputDirectoryCheck() 入力ディレクトリパスチェック ファイルパス：/Users/takashi.ebina/git/repository2/stepCounter/work/input
2023/05/12 13:53:44.640 [main] DEBUG  co.jp.stepCounter.infrastructure.log.Log4J2 ValidatorUtil:outputFileCheck() 出力ファイルパスチェック ファイルパス：/Users/takashi.ebina/git/repository2/stepCounter/work/output/result.csv
2023/05/12 13:56:22.223 [main] DEBUG  co.jp.stepCounter.infrastructure.log.Log4J2 ValidatorUtil:outputFileCheck() チェック結果：出力ファイルパスがディレクトリ　または　ファイル読み取り不可
2023/05/12 13:56:48.793 [main] DEBUG  co.jp.stepCounter.infrastructure.log.Log4J2 ValidatorUtil:inputDirectoryCheck() 入力ディレクトリパスチェック ファイルパス：/Users/takashi.ebina/git/repository2/stepCounter/work/input
2023/05/12 13:56:48.797 [main] DEBUG  co.jp.stepCounter.infrastructure.log.Log4J2 ValidatorUtil:outputFileCheck() 出力ファイルパスチェック ファイルパス：/Users/takashi.ebina/git/repository2/stepCounter/work/output/result.csv
2023/05/12 13:56:48.802 [main] INFO   co.jp.stepCounter.infrastructure.log.Log4J2 StepCounterSharedService:execStepCount() -- ステップカウント処理 開始 ---------------------------------------
2023/05/12 13:56:48.815 [main] WARN   co.jp.stepCounter.infrastructure.log.Log4J2 StepCountExecutor:execStepCountInDirectory() ファイルの拡張子が未対応。ステップカウント処理をスキップ。 ファイル名：.DS_Store
2023/05/12 13:56:48.820 [main] INFO   co.jp.stepCounter.infrastructure.log.Log4J2 StepCountExecutor:execStepCountInDirectory() ステップカウント処理開始。 ファイル名：Mario.java
2023/05/12 13:56:48.824 [main] INFO   co.jp.stepCounter.infrastructure.log.Log4J2 StepCountExecutor:execStepCountInDirectory() ステップカウント処理開始。 ファイル名：Luigi.java
2023/05/12 13:56:48.825 [main] INFO   co.jp.stepCounter.infrastructure.log.Log4J2 StepCountExecutor:execStepCountInDirectory() ステップカウント処理開始。 ファイル名：Character.java
2023/05/12 13:56:48.828 [main] INFO   co.jp.stepCounter.infrastructure.log.Log4J2 StepCountExecutor:execStepCountInDirectory() ステップカウント処理開始。 ファイル名：HammerBros.java
2023/05/12 13:56:48.834 [main] INFO   co.jp.stepCounter.infrastructure.log.Log4J2 StepCountExecutor:execStepCountInDirectory() ステップカウント処理開始。 ファイル名：CharacterIf.java
2023/05/12 13:56:48.840 [main] INFO   co.jp.stepCounter.infrastructure.log.Log4J2 StepCountExecutor:execStepCountInDirectory() ステップカウント処理開始。 ファイル名：Main.java
2023/05/12 13:56:48.868 [main] INFO   co.jp.stepCounter.infrastructure.log.Log4J2 StepCountExecutor:execStepCountInDirectory() ステップカウント処理開始。 ファイル名：Constant.java
2023/05/12 13:56:48.887 [main] INFO   co.jp.stepCounter.infrastructure.log.Log4J2 StepCountCsvDao:save() ステップカウント結果出力開始。 ファイルパス：/Users/takashi.ebina/git/repository2/stepCounter/work/input/character/Mario.java
2023/05/12 13:56:48.887 [main] INFO   co.jp.stepCounter.infrastructure.log.Log4J2 StepCountCsvDao:save() ステップカウント結果出力開始。 ファイルパス：/Users/takashi.ebina/git/repository2/stepCounter/work/input/character/Luigi.java
2023/05/12 13:56:48.888 [main] INFO   co.jp.stepCounter.infrastructure.log.Log4J2 StepCountCsvDao:save() ステップカウント結果出力開始。 ファイルパス：/Users/takashi.ebina/git/repository2/stepCounter/work/input/character/HammerBros.java
2023/05/12 13:56:48.888 [main] INFO   co.jp.stepCounter.infrastructure.log.Log4J2 StepCountCsvDao:save() ステップカウント結果出力開始。 ファイルパス：/Users/takashi.ebina/git/repository2/stepCounter/work/input/character/CharacterIf.java
2023/05/12 13:56:48.888 [main] INFO   co.jp.stepCounter.infrastructure.log.Log4J2 StepCountCsvDao:save() ステップカウント結果出力開始。 ファイルパス：/Users/takashi.ebina/git/repository2/stepCounter/work/input/constant/Constant.java
2023/05/12 13:56:48.888 [main] INFO   co.jp.stepCounter.infrastructure.log.Log4J2 StepCountCsvDao:save() ステップカウント結果出力開始。 ファイルパス：/Users/takashi.ebina/git/repository2/stepCounter/work/input/character/Character.java
2023/05/12 13:56:48.889 [main] INFO   co.jp.stepCounter.infrastructure.log.Log4J2 StepCountCsvDao:save() ステップカウント結果出力開始。 ファイルパス：/Users/takashi.ebina/git/repository2/stepCounter/work/input/logic/Main.java
2023/05/12 13:56:48.890 [main] INFO   co.jp.stepCounter.infrastructure.log.Log4J2 StepCounterSharedService:execStepCount() -- ステップカウント処理 終了 ---------------------------------------
2023/05/12 14:10:40.952 [main] DEBUG  co.jp.stepCounter.infrastructure.log.Log4J2 ValidatorUtil:inputDirectoryCheck() 入力ディレクトリパスチェック ファイルパス：/Users/takashi.ebina/git/repository2/stepCounter/work/input
2023/05/12 14:10:40.956 [main] DEBUG  co.jp.stepCounter.infrastructure.log.Log4J2 ValidatorUtil:outputFileCheck() 出力ファイルパスチェック ファイルパス：/Users/takashi.ebina/git/repository2/stepCounter/work/output/result.csv
2023/05/12 14:10:40.956 [main] DEBUG  co.jp.stepCounter.infrastructure.log.Log4J2 ValidatorUtil:outputFileCheck() チェック結果：出力ファイルパスがディレクトリ
2023/05/12 14:11:24.909 [main] DEBUG  co.jp.stepCounter.infrastructure.log.Log4J2 ValidatorUtil:inputDirectoryCheck() 入力ディレクトリパスチェック ファイルパス：/Users/takashi.ebina/git/repository2/stepCounter/work/input
2023/05/12 14:11:24.913 [main] DEBUG  co.jp.stepCounter.infrastructure.log.Log4J2 ValidatorUtil:outputFileCheck() 出力ファイルパスチェック ファイルパス：/Users/takashi.ebina/git/repository2/stepCounter/work/output/result.csv
2023/05/12 14:14:51.103 [main] DEBUG  co.jp.stepCounter.infrastructure.log.Log4J2 ValidatorUtil:inputDirectoryCheck() 入力ディレクトリパスチェック ファイルパス：/Users/takashi.ebina/git/repository2/stepCounter/work/input
2023/05/12 14:14:51.106 [main] DEBUG  co.jp.stepCounter.infrastructure.log.Log4J2 ValidatorUtil:outputFileCheck() 出力ファイルパスチェック ファイルパス：/Users/takashi.ebina/git/repository2/stepCounter/work/output/result.csv
2023/05/12 14:14:51.110 [main] INFO   co.jp.stepCounter.infrastructure.log.Log4J2 StepCounterSharedService:execStepCount() -- ステップカウント処理 開始 ---------------------------------------
2023/05/12 14:14:51.115 [main] WARN   co.jp.stepCounter.infrastructure.log.Log4J2 StepCountExecutor:execStepCountInDirectory() ファイルの拡張子が未対応。ステップカウント処理をスキップ。 ファイル名：.DS_Store
2023/05/12 14:14:51.120 [main] INFO   co.jp.stepCounter.infrastructure.log.Log4J2 StepCountExecutor:execStepCountInDirectory() ステップカウント処理開始。 ファイル名：Mario.java
2023/05/12 14:14:51.123 [main] INFO   co.jp.stepCounter.infrastructure.log.Log4J2 StepCountExecutor:execStepCountInDirectory() ステップカウント処理開始。 ファイル名：Luigi.java
2023/05/12 14:14:51.124 [main] INFO   co.jp.stepCounter.infrastructure.log.Log4J2 StepCountExecutor:execStepCountInDirectory() ステップカウント処理開始。 ファイル名：Character.java
2023/05/12 14:14:51.128 [main] INFO   co.jp.stepCounter.infrastructure.log.Log4J2 StepCountExecutor:execStepCountInDirectory() ステップカウント処理開始。 ファイル名：HammerBros.java
2023/05/12 14:14:51.129 [main] INFO   co.jp.stepCounter.infrastructure.log.Log4J2 StepCountExecutor:execStepCountInDirectory() ステップカウント処理開始。 ファイル名：CharacterIf.java
2023/05/12 14:14:51.130 [main] INFO   co.jp.stepCounter.infrastructure.log.Log4J2 StepCountExecutor:execStepCountInDirectory() ステップカウント処理開始。 ファイル名：Main.java
2023/05/12 14:14:51.133 [main] INFO   co.jp.stepCounter.infrastructure.log.Log4J2 StepCountExecutor:execStepCountInDirectory() ステップカウント処理開始。 ファイル名：Constant.java
2023/05/12 14:14:51.139 [main] INFO   co.jp.stepCounter.infrastructure.log.Log4J2 StepCountCsvDao:save() ステップカウント結果出力開始。 ファイルパス：/Users/takashi.ebina/git/repository2/stepCounter/work/input/character/Mario.java
2023/05/12 14:14:51.139 [main] INFO   co.jp.stepCounter.infrastructure.log.Log4J2 StepCountCsvDao:save() ステップカウント結果出力開始。 ファイルパス：/Users/takashi.ebina/git/repository2/stepCounter/work/input/character/Luigi.java
2023/05/12 14:14:51.140 [main] INFO   co.jp.stepCounter.infrastructure.log.Log4J2 StepCountCsvDao:save() ステップカウント結果出力開始。 ファイルパス：/Users/takashi.ebina/git/repository2/stepCounter/work/input/character/HammerBros.java
2023/05/12 14:14:51.140 [main] INFO   co.jp.stepCounter.infrastructure.log.Log4J2 StepCountCsvDao:save() ステップカウント結果出力開始。 ファイルパス：/Users/takashi.ebina/git/repository2/stepCounter/work/input/character/CharacterIf.java
2023/05/12 14:14:51.140 [main] INFO   co.jp.stepCounter.infrastructure.log.Log4J2 StepCountCsvDao:save() ステップカウント結果出力開始。 ファイルパス：/Users/takashi.ebina/git/repository2/stepCounter/work/input/constant/Constant.java
2023/05/12 14:14:51.140 [main] INFO   co.jp.stepCounter.infrastructure.log.Log4J2 StepCountCsvDao:save() ステップカウント結果出力開始。 ファイルパス：/Users/takashi.ebina/git/repository2/stepCounter/work/input/character/Character.java
2023/05/12 14:14:51.141 [main] INFO   co.jp.stepCounter.infrastructure.log.Log4J2 StepCountCsvDao:save() ステップカウント結果出力開始。 ファイルパス：/Users/takashi.ebina/git/repository2/stepCounter/work/input/logic/Main.java
2023/05/12 14:14:51.141 [main] INFO   co.jp.stepCounter.infrastructure.log.Log4J2 StepCounterSharedService:execStepCount() -- ステップカウント処理 終了 ---------------------------------------
2023/05/12 14:40:16.685 [main] DEBUG  co.jp.stepCounter.infrastructure.log.Log4J2 ValidatorUtil:inputDirectoryCheck() 入力ディレクトリパスチェック ファイルパス：/Users/takashi.ebina/git/repository2/stepCounter/work/input
2023/05/12 14:40:16.689 [main] DEBUG  co.jp.stepCounter.infrastructure.log.Log4J2 ValidatorUtil:outputFileCheck() 出力ファイルパスチェック ファイルパス：/Users/takashi.ebina/git/repository2/stepCounter/work/output/result.csv
2023/05/12 14:40:16.693 [main] INFO   co.jp.stepCounter.infrastructure.log.Log4J2 StepCounterSharedService:execStepCount() -- ステップカウント処理 開始 ---------------------------------------
2023/05/12 14:40:16.698 [main] WARN   co.jp.stepCounter.infrastructure.log.Log4J2 StepCountExecutor:execStepCountInDirectory() ファイルの拡張子が未対応。ステップカウント処理をスキップ。 ファイル名：.DS_Store
2023/05/12 14:40:16.702 [main] INFO   co.jp.stepCounter.infrastructure.log.Log4J2 StepCountExecutor:execStepCountInDirectory() ステップカウント処理開始。 ファイル名：Mario.java
2023/05/12 14:40:16.706 [main] INFO   co.jp.stepCounter.infrastructure.log.Log4J2 StepCountExecutor:execStepCountInDirectory() ステップカウント処理開始。 ファイル名：Luigi.java
2023/05/12 14:40:16.707 [main] INFO   co.jp.stepCounter.infrastructure.log.Log4J2 StepCountExecutor:execStepCountInDirectory() ステップカウント処理開始。 ファイル名：Character.java
2023/05/12 14:40:16.710 [main] INFO   co.jp.stepCounter.infrastructure.log.Log4J2 StepCountExecutor:execStepCountInDirectory() ステップカウント処理開始。 ファイル名：HammerBros.java
2023/05/12 14:40:16.711 [main] INFO   co.jp.stepCounter.infrastructure.log.Log4J2 StepCountExecutor:execStepCountInDirectory() ステップカウント処理開始。 ファイル名：CharacterIf.java
2023/05/12 14:40:16.713 [main] INFO   co.jp.stepCounter.infrastructure.log.Log4J2 StepCountExecutor:execStepCountInDirectory() ステップカウント処理開始。 ファイル名：Main.java
2023/05/12 14:40:16.715 [main] INFO   co.jp.stepCounter.infrastructure.log.Log4J2 StepCountExecutor:execStepCountInDirectory() ステップカウント処理開始。 ファイル名：Constant.java
2023/05/12 14:40:16.720 [main] INFO   co.jp.stepCounter.infrastructure.log.Log4J2 StepCountCsvDao:save() ステップカウント結果出力開始。 ファイルパス：/Users/takashi.ebina/git/repository2/stepCounter/work/input/character/Mario.java
2023/05/12 14:40:16.721 [main] INFO   co.jp.stepCounter.infrastructure.log.Log4J2 StepCountCsvDao:save() ステップカウント結果出力開始。 ファイルパス：/Users/takashi.ebina/git/repository2/stepCounter/work/input/character/Luigi.java
2023/05/12 14:40:16.721 [main] INFO   co.jp.stepCounter.infrastructure.log.Log4J2 StepCountCsvDao:save() ステップカウント結果出力開始。 ファイルパス：/Users/takashi.ebina/git/repository2/stepCounter/work/input/character/HammerBros.java
2023/05/12 14:40:16.721 [main] INFO   co.jp.stepCounter.infrastructure.log.Log4J2 StepCountCsvDao:save() ステップカウント結果出力開始。 ファイルパス：/Users/takashi.ebina/git/repository2/stepCounter/work/input/character/CharacterIf.java
2023/05/12 14:40:16.721 [main] INFO   co.jp.stepCounter.infrastructure.log.Log4J2 StepCountCsvDao:save() ステップカウント結果出力開始。 ファイルパス：/Users/takashi.ebina/git/repository2/stepCounter/work/input/constant/Constant.java
2023/05/12 14:40:16.722 [main] INFO   co.jp.stepCounter.infrastructure.log.Log4J2 StepCountCsvDao:save() ステップカウント結果出力開始。 ファイルパス：/Users/takashi.ebina/git/repository2/stepCounter/work/input/character/Character.java
2023/05/12 14:40:16.722 [main] INFO   co.jp.stepCounter.infrastructure.log.Log4J2 StepCountCsvDao:save() ステップカウント結果出力開始。 ファイルパス：/Users/takashi.ebina/git/repository2/stepCounter/work/input/logic/Main.java
2023/05/12 14:40:16.722 [main] INFO   co.jp.stepCounter.infrastructure.log.Log4J2 StepCounterSharedService:execStepCount() -- ステップカウント処理 終了 ---------------------------------------
2023/05/12 14:40:16.735 [main] DEBUG  co.jp.stepCounter.infrastructure.log.Log4J2 ValidatorUtil:inputDirectoryCheck() 入力ディレクトリパスチェック ファイルパス：/Users/takashi.ebina/git/repository2/stepCounter/work/input
2023/05/12 14:40:16.736 [main] DEBUG  co.jp.stepCounter.infrastructure.log.Log4J2 ValidatorUtil:outputFileCheck() 出力ファイルパスチェック ファイルパス：/Users/takashi.ebina/git/repository2/stepCounter/work/output/result.csv
2023/05/12 14:41:31.730 [main] DEBUG  co.jp.stepCounter.infrastructure.log.Log4J2 ValidatorUtil:inputDirectoryCheck() 入力ディレクトリパスチェック ファイルパス：/Users/takashi.ebina/git/repository2/stepCounter/work/input
2023/05/12 14:41:31.734 [main] DEBUG  co.jp.stepCounter.infrastructure.log.Log4J2 ValidatorUtil:outputFileCheck() 出力ファイルパスチェック ファイルパス：/Users/takashi.ebina/git/repository2/stepCounter/work/output/result.csv
2023/05/12 14:42:19.884 [main] DEBUG  co.jp.stepCounter.infrastructure.log.Log4J2 ValidatorUtil:inputDirectoryCheck() 入力ディレクトリパスチェック ファイルパス：/Users/takashi.ebina/git/repository2/stepCounter/work/input
2023/05/12 14:42:19.889 [main] DEBUG  co.jp.stepCounter.infrastructure.log.Log4J2 ValidatorUtil:outputFileCheck() 出力ファイルパスチェック ファイルパス：/Users/takashi.ebina/git/repository2/stepCounter/work/output/result.csv
2023/05/12 14:43:01.072 [main] INFO   co.jp.stepCounter.infrastructure.log.Log4J2 StepCounterSharedService:execStepCount() -- ステップカウント処理 開始 ---------------------------------------
2023/05/12 14:43:01.192 [main] WARN   co.jp.stepCounter.infrastructure.log.Log4J2 StepCountExecutor:execStepCountInDirectory() ファイルの拡張子が未対応。ステップカウント処理をスキップ。 ファイル名：.DS_Store
2023/05/12 14:43:01.298 [main] INFO   co.jp.stepCounter.infrastructure.log.Log4J2 StepCountExecutor:execStepCountInDirectory() ステップカウント処理開始。 ファイル名：Mario.java
2023/05/12 14:43:01.371 [main] INFO   co.jp.stepCounter.infrastructure.log.Log4J2 StepCountExecutor:execStepCountInDirectory() ステップカウント処理開始。 ファイル名：Luigi.java
2023/05/12 14:43:01.385 [main] INFO   co.jp.stepCounter.infrastructure.log.Log4J2 StepCountExecutor:execStepCountInDirectory() ステップカウント処理開始。 ファイル名：Character.java
2023/05/12 14:43:01.438 [main] INFO   co.jp.stepCounter.infrastructure.log.Log4J2 StepCountExecutor:execStepCountInDirectory() ステップカウント処理開始。 ファイル名：HammerBros.java
2023/05/12 14:43:01.455 [main] INFO   co.jp.stepCounter.infrastructure.log.Log4J2 StepCountExecutor:execStepCountInDirectory() ステップカウント処理開始。 ファイル名：CharacterIf.java
2023/05/12 14:43:01.476 [main] INFO   co.jp.stepCounter.infrastructure.log.Log4J2 StepCountExecutor:execStepCountInDirectory() ステップカウント処理開始。 ファイル名：Main.java
2023/05/12 14:43:01.549 [main] INFO   co.jp.stepCounter.infrastructure.log.Log4J2 StepCountExecutor:execStepCountInDirectory() ステップカウント処理開始。 ファイル名：Constant.java
2023/05/12 14:43:01.666 [main] INFO   co.jp.stepCounter.infrastructure.log.Log4J2 StepCountCsvDao:save() ステップカウント結果出力開始。 ファイルパス：/Users/takashi.ebina/git/repository2/stepCounter/work/input/character/Mario.java
2023/05/12 14:43:01.672 [main] INFO   co.jp.stepCounter.infrastructure.log.Log4J2 StepCountCsvDao:save() ステップカウント結果出力開始。 ファイルパス：/Users/takashi.ebina/git/repository2/stepCounter/work/input/character/Luigi.java
2023/05/12 14:43:01.678 [main] INFO   co.jp.stepCounter.infrastructure.log.Log4J2 StepCountCsvDao:save() ステップカウント結果出力開始。 ファイルパス：/Users/takashi.ebina/git/repository2/stepCounter/work/input/character/HammerBros.java
2023/05/12 14:43:01.684 [main] INFO   co.jp.stepCounter.infrastructure.log.Log4J2 StepCountCsvDao:save() ステップカウント結果出力開始。 ファイルパス：/Users/takashi.ebina/git/repository2/stepCounter/work/input/character/CharacterIf.java
2023/05/12 14:43:01.690 [main] INFO   co.jp.stepCounter.infrastructure.log.Log4J2 StepCountCsvDao:save() ステップカウント結果出力開始。 ファイルパス：/Users/takashi.ebina/git/repository2/stepCounter/work/input/constant/Constant.java
2023/05/12 14:43:01.696 [main] INFO   co.jp.stepCounter.infrastructure.log.Log4J2 StepCountCsvDao:save() ステップカウント結果出力開始。 ファイルパス：/Users/takashi.ebina/git/repository2/stepCounter/work/input/character/Character.java
2023/05/12 14:43:01.702 [main] INFO   co.jp.stepCounter.infrastructure.log.Log4J2 StepCountCsvDao:save() ステップカウント結果出力開始。 ファイルパス：/Users/takashi.ebina/git/repository2/stepCounter/work/input/logic/Main.java
2023/05/12 14:43:01.710 [main] INFO   co.jp.stepCounter.infrastructure.log.Log4J2 StepCounterSharedService:execStepCount() -- ステップカウント処理 終了 ---------------------------------------
2023/05/12 14:43:04.777 [main] DEBUG  co.jp.stepCounter.infrastructure.log.Log4J2 ValidatorUtil:inputDirectoryCheck() 入力ディレクトリパスチェック ファイルパス：/Users/takashi.ebina/git/repository2/stepCounter/work/input
2023/05/12 14:43:04.778 [main] DEBUG  co.jp.stepCounter.infrastructure.log.Log4J2 ValidatorUtil:outputFileCheck() 出力ファイルパスチェック ファイルパス：/Users/takashi.ebina/git/repository2/stepCounter/work/output/result.csv
2023/05/12 14:49:04.651 [main] DEBUG  co.jp.stepCounter.infrastructure.log.Log4J2 ValidatorUtil:inputDirectoryCheck() 入力ディレクトリパスチェック ファイルパス：/Users/takashi.ebina/git/repository2/stepCounter/work/input
2023/05/12 14:49:04.655 [main] DEBUG  co.jp.stepCounter.infrastructure.log.Log4J2 ValidatorUtil:outputFileCheck() 出力ファイルパスチェック ファイルパス：/Users/takashi.ebina/git/repository2/stepCounter/work/output/result.csv
2023/05/12 14:49:04.658 [main] INFO   co.jp.stepCounter.infrastructure.log.Log4J2 StepCounterSharedService:execStepCount() -- ステップカウント処理 開始 ---------------------------------------
2023/05/12 14:49:04.663 [main] WARN   co.jp.stepCounter.infrastructure.log.Log4J2 StepCountExecutor:execStepCountInDirectory() ファイルの拡張子が未対応。ステップカウント処理をスキップ。 ファイル名：.DS_Store
2023/05/12 14:49:04.668 [main] INFO   co.jp.stepCounter.infrastructure.log.Log4J2 StepCountExecutor:execStepCountInDirectory() ステップカウント処理開始。 ファイル名：Mario.java
2023/05/12 14:49:04.672 [main] INFO   co.jp.stepCounter.infrastructure.log.Log4J2 StepCountExecutor:execStepCountInDirectory() ステップカウント処理開始。 ファイル名：Luigi.java
2023/05/12 14:49:04.673 [main] INFO   co.jp.stepCounter.infrastructure.log.Log4J2 StepCountExecutor:execStepCountInDirectory() ステップカウント処理開始。 ファイル名：Character.java
2023/05/12 14:49:04.679 [main] INFO   co.jp.stepCounter.infrastructure.log.Log4J2 StepCountExecutor:execStepCountInDirectory() ステップカウント処理開始。 ファイル名：HammerBros.java
2023/05/12 14:49:04.680 [main] INFO   co.jp.stepCounter.infrastructure.log.Log4J2 StepCountExecutor:execStepCountInDirectory() ステップカウント処理開始。 ファイル名：CharacterIf.java
2023/05/12 14:49:04.681 [main] INFO   co.jp.stepCounter.infrastructure.log.Log4J2 StepCountExecutor:execStepCountInDirectory() ステップカウント処理開始。 ファイル名：Main.java
2023/05/12 14:49:04.685 [main] INFO   co.jp.stepCounter.infrastructure.log.Log4J2 StepCountExecutor:execStepCountInDirectory() ステップカウント処理開始。 ファイル名：Constant.java
2023/05/12 14:49:04.695 [main] INFO   co.jp.stepCounter.infrastructure.log.Log4J2 StepCountCsvDao:save() ステップカウント結果出力開始。 ファイルパス：/Users/takashi.ebina/git/repository2/stepCounter/work/input/character/Mario.java
2023/05/12 14:49:04.695 [main] INFO   co.jp.stepCounter.infrastructure.log.Log4J2 StepCountCsvDao:save() ステップカウント結果出力開始。 ファイルパス：/Users/takashi.ebina/git/repository2/stepCounter/work/input/character/Luigi.java
2023/05/12 14:49:04.696 [main] INFO   co.jp.stepCounter.infrastructure.log.Log4J2 StepCountCsvDao:save() ステップカウント結果出力開始。 ファイルパス：/Users/takashi.ebina/git/repository2/stepCounter/work/input/character/HammerBros.java
2023/05/12 14:49:04.696 [main] INFO   co.jp.stepCounter.infrastructure.log.Log4J2 StepCountCsvDao:save() ステップカウント結果出力開始。 ファイルパス：/Users/takashi.ebina/git/repository2/stepCounter/work/input/character/CharacterIf.java
2023/05/12 14:49:04.696 [main] INFO   co.jp.stepCounter.infrastructure.log.Log4J2 StepCountCsvDao:save() ステップカウント結果出力開始。 ファイルパス：/Users/takashi.ebina/git/repository2/stepCounter/work/input/constant/Constant.java
2023/05/12 14:49:04.697 [main] INFO   co.jp.stepCounter.infrastructure.log.Log4J2 StepCountCsvDao:save() ステップカウント結果出力開始。 ファイルパス：/Users/takashi.ebina/git/repository2/stepCounter/work/input/character/Character.java
2023/05/12 14:49:04.697 [main] INFO   co.jp.stepCounter.infrastructure.log.Log4J2 StepCountCsvDao:save() ステップカウント結果出力開始。 ファイルパス：/Users/takashi.ebina/git/repository2/stepCounter/work/input/logic/Main.java
2023/05/12 14:49:04.697 [main] INFO   co.jp.stepCounter.infrastructure.log.Log4J2 StepCounterSharedService:execStepCount() -- ステップカウント処理 終了 ---------------------------------------
2023/05/12 14:49:04.701 [main] DEBUG  co.jp.stepCounter.infrastructure.log.Log4J2 ValidatorUtil:inputDirectoryCheck() 入力ディレクトリパスチェック ファイルパス：/Users/takashi.ebina/git/repository2/stepCounter/work/input
2023/05/12 14:49:04.702 [main] DEBUG  co.jp.stepCounter.infrastructure.log.Log4J2 ValidatorUtil:outputFileCheck() 出力ファイルパスチェック ファイルパス：/Users/takashi.ebina/git/repository2/stepCounter/work/output/result.csv
2023/05/12 14:50:31.412 [main] DEBUG  co.jp.stepCounter.infrastructure.log.Log4J2 ValidatorUtil:inputDirectoryCheck() 入力ディレクトリパスチェック ファイルパス：/Users/takashi.ebina/git/repository2/stepCounter/work/input
2023/05/12 14:50:40.052 [main] DEBUG  co.jp.stepCounter.infrastructure.log.Log4J2 ValidatorUtil:outputFileCheck() 出力ファイルパスチェック ファイルパス：/Users/takashi.ebina/git/repository2/stepCounter/work/output/result.csv
2023/05/12 15:24:49.661 [main] DEBUG  co.jp.stepCounter.infrastructure.log.Log4J2 ValidatorUtil:inputDirectoryCheck() 入力ディレクトリパスチェック ファイルパス：/Users/takashi.ebina/git/repository2/stepCounter/work/input
2023/05/12 15:24:49.664 [main] DEBUG  co.jp.stepCounter.infrastructure.log.Log4J2 ValidatorUtil:outputFileCheck() 出力ファイルパスチェック ファイルパス：/Users/takashi.ebina/git/repository2/stepCounter/work/output/result.csv
2023/05/12 15:24:49.668 [main] INFO   co.jp.stepCounter.infrastructure.log.Log4J2 StepCounterSharedService:execStepCount() -- ステップカウント処理 開始 ---------------------------------------
2023/05/12 15:24:49.675 [main] WARN   co.jp.stepCounter.infrastructure.log.Log4J2 StepCountExecutor:execStepCountInDirectory() ファイルの拡張子が未対応。ステップカウント処理をスキップ。 ファイル名：.DS_Store
2023/05/12 15:24:49.680 [main] INFO   co.jp.stepCounter.infrastructure.log.Log4J2 StepCountExecutor:execStepCountInDirectory() ステップカウント処理開始。 ファイル名：Mario.java
2023/05/12 15:24:49.683 [main] INFO   co.jp.stepCounter.infrastructure.log.Log4J2 StepCountExecutor:execStepCountInDirectory() ステップカウント処理開始。 ファイル名：Luigi.java
2023/05/12 15:24:49.684 [main] INFO   co.jp.stepCounter.infrastructure.log.Log4J2 StepCountExecutor:execStepCountInDirectory() ステップカウント処理開始。 ファイル名：Character.java
2023/05/12 15:24:49.687 [main] INFO   co.jp.stepCounter.infrastructure.log.Log4J2 StepCountExecutor:execStepCountInDirectory() ステップカウント処理開始。 ファイル名：HammerBros.java
2023/05/12 15:24:49.688 [main] INFO   co.jp.stepCounter.infrastructure.log.Log4J2 StepCountExecutor:execStepCountInDirectory() ステップカウント処理開始。 ファイル名：CharacterIf.java
2023/05/12 15:24:49.690 [main] INFO   co.jp.stepCounter.infrastructure.log.Log4J2 StepCountExecutor:execStepCountInDirectory() ステップカウント処理開始。 ファイル名：Main.java
2023/05/12 15:24:49.692 [main] INFO   co.jp.stepCounter.infrastructure.log.Log4J2 StepCountExecutor:execStepCountInDirectory() ステップカウント処理開始。 ファイル名：Constant.java
2023/05/12 15:24:49.697 [main] INFO   co.jp.stepCounter.infrastructure.log.Log4J2 StepCountCsvDao:save() ステップカウント結果出力開始。 ファイルパス：/Users/takashi.ebina/git/repository2/stepCounter/work/input/character/Mario.java
2023/05/12 15:24:49.698 [main] INFO   co.jp.stepCounter.infrastructure.log.Log4J2 StepCountCsvDao:save() ステップカウント結果出力開始。 ファイルパス：/Users/takashi.ebina/git/repository2/stepCounter/work/input/character/Luigi.java
2023/05/12 15:24:49.698 [main] INFO   co.jp.stepCounter.infrastructure.log.Log4J2 StepCountCsvDao:save() ステップカウント結果出力開始。 ファイルパス：/Users/takashi.ebina/git/repository2/stepCounter/work/input/character/HammerBros.java
2023/05/12 15:24:49.698 [main] INFO   co.jp.stepCounter.infrastructure.log.Log4J2 StepCountCsvDao:save() ステップカウント結果出力開始。 ファイルパス：/Users/takashi.ebina/git/repository2/stepCounter/work/input/character/CharacterIf.java
2023/05/12 15:24:49.699 [main] INFO   co.jp.stepCounter.infrastructure.log.Log4J2 StepCountCsvDao:save() ステップカウント結果出力開始。 ファイルパス：/Users/takashi.ebina/git/repository2/stepCounter/work/input/constant/Constant.java
2023/05/12 15:24:49.699 [main] INFO   co.jp.stepCounter.infrastructure.log.Log4J2 StepCountCsvDao:save() ステップカウント結果出力開始。 ファイルパス：/Users/takashi.ebina/git/repository2/stepCounter/work/input/character/Character.java
2023/05/12 15:24:49.699 [main] INFO   co.jp.stepCounter.infrastructure.log.Log4J2 StepCountCsvDao:save() ステップカウント結果出力開始。 ファイルパス：/Users/takashi.ebina/git/repository2/stepCounter/work/input/logic/Main.java
2023/05/12 15:24:49.699 [main] INFO   co.jp.stepCounter.infrastructure.log.Log4J2 StepCounterSharedService:execStepCount() -- ステップカウント処理 終了 ---------------------------------------
2023/05/12 22:10:36.931 [main] DEBUG  co.jp.stepCounter.infrastructure.log.Log4J2 ValidatorUtil:inputDirectoryCheck() 入力ディレクトリパスチェック ファイルパス：/Users/takashi.ebina/git/repository2/stepCounter/work/input
2023/05/12 22:10:36.937 [main] DEBUG  co.jp.stepCounter.infrastructure.log.Log4J2 ValidatorUtil:outputFileCheck() 出力ファイルパスチェック ファイルパス：/Users/takashi.ebina/git/repository2/stepCounter/work/output/result.csv
2023/05/12 22:10:36.942 [main] INFO   co.jp.stepCounter.infrastructure.log.Log4J2 StepCounterSharedService:execStepCount() -- ステップカウント処理 開始 ---------------------------------------
2023/05/12 22:10:36.949 [main] WARN   co.jp.stepCounter.infrastructure.log.Log4J2 StepCountExecutor:execStepCountInDirectory() ファイルの拡張子が未対応。ステップカウント処理をスキップ。 ファイル名：.DS_Store
2023/05/12 22:10:36.956 [main] INFO   co.jp.stepCounter.infrastructure.log.Log4J2 StepCountExecutor:execStepCountInDirectory() ステップカウント処理開始。 ファイル名：Mario.java
2023/05/12 22:10:36.961 [main] INFO   co.jp.stepCounter.infrastructure.log.Log4J2 StepCountExecutor:execStepCountInDirectory() ステップカウント処理開始。 ファイル名：Luigi.java
2023/05/12 22:10:36.962 [main] INFO   co.jp.stepCounter.infrastructure.log.Log4J2 StepCountExecutor:execStepCountInDirectory() ステップカウント処理開始。 ファイル名：Character.java
2023/05/12 22:10:36.965 [main] INFO   co.jp.stepCounter.infrastructure.log.Log4J2 StepCountExecutor:execStepCountInDirectory() ステップカウント処理開始。 ファイル名：HammerBros.java
2023/05/12 22:10:36.967 [main] INFO   co.jp.stepCounter.infrastructure.log.Log4J2 StepCountExecutor:execStepCountInDirectory() ステップカウント処理開始。 ファイル名：CharacterIf.java
2023/05/12 22:10:36.969 [main] INFO   co.jp.stepCounter.infrastructure.log.Log4J2 StepCountExecutor:execStepCountInDirectory() ステップカウント処理開始。 ファイル名：Main.java
2023/05/12 22:10:36.971 [main] INFO   co.jp.stepCounter.infrastructure.log.Log4J2 StepCountExecutor:execStepCountInDirectory() ステップカウント処理開始。 ファイル名：Constant.java
2023/05/12 22:10:36.977 [main] INFO   co.jp.stepCounter.infrastructure.log.Log4J2 StepCountCsvDao:save() ステップカウント結果出力開始。 ファイルパス：/Users/takashi.ebina/git/repository2/stepCounter/work/input/character/Character.java
2023/05/12 22:10:36.977 [main] INFO   co.jp.stepCounter.infrastructure.log.Log4J2 StepCountCsvDao:save() ステップカウント結果出力開始。 ファイルパス：/Users/takashi.ebina/git/repository2/stepCounter/work/input/character/CharacterIf.java
2023/05/12 22:10:36.977 [main] INFO   co.jp.stepCounter.infrastructure.log.Log4J2 StepCountCsvDao:save() ステップカウント結果出力開始。 ファイルパス：/Users/takashi.ebina/git/repository2/stepCounter/work/input/constant/Constant.java
2023/05/12 22:10:36.978 [main] INFO   co.jp.stepCounter.infrastructure.log.Log4J2 StepCountCsvDao:save() ステップカウント結果出力開始。 ファイルパス：/Users/takashi.ebina/git/repository2/stepCounter/work/input/character/HammerBros.java
2023/05/12 22:10:36.978 [main] INFO   co.jp.stepCounter.infrastructure.log.Log4J2 StepCountCsvDao:save() ステップカウント結果出力開始。 ファイルパス：/Users/takashi.ebina/git/repository2/stepCounter/work/input/character/Luigi.java
2023/05/12 22:10:36.978 [main] INFO   co.jp.stepCounter.infrastructure.log.Log4J2 StepCountCsvDao:save() ステップカウント結果出力開始。 ファイルパス：/Users/takashi.ebina/git/repository2/stepCounter/work/input/logic/Main.java
2023/05/12 22:10:36.978 [main] INFO   co.jp.stepCounter.infrastructure.log.Log4J2 StepCountCsvDao:save() ステップカウント結果出力開始。 ファイルパス：/Users/takashi.ebina/git/repository2/stepCounter/work/input/character/Mario.java
2023/05/12 22:10:36.979 [main] INFO   co.jp.stepCounter.infrastructure.log.Log4J2 StepCounterSharedService:execStepCount() -- ステップカウント処理 終了 ---------------------------------------
2023/05/12 22:10:36.990 [main] DEBUG  co.jp.stepCounter.infrastructure.log.Log4J2 ValidatorUtil:inputDirectoryCheck() 入力ディレクトリパスチェック ファイルパス：/Users/takashi.ebina/git/repository2/stepCounter/work/input
2023/05/12 22:10:36.990 [main] DEBUG  co.jp.stepCounter.infrastructure.log.Log4J2 ValidatorUtil:outputFileCheck() 出力ファイルパスチェック ファイルパス：/Users/takashi.ebina/git/repository2/stepCounter/work/output/result.csv
2023/05/12 22:10:36.991 [main] INFO   co.jp.stepCounter.infrastructure.log.Log4J2 StepCounterSharedService:execStepCount() -- ステップカウント処理 開始 ---------------------------------------
2023/05/12 22:10:36.991 [main] WARN   co.jp.stepCounter.infrastructure.log.Log4J2 StepCountExecutor:execStepCountInDirectory() ファイルの拡張子が未対応。ステップカウント処理をスキップ。 ファイル名：.DS_Store
2023/05/12 22:10:36.991 [main] INFO   co.jp.stepCounter.infrastructure.log.Log4J2 StepCountExecutor:execStepCountInDirectory() ステップカウント処理開始。 ファイル名：Mario.java
2023/05/12 22:10:36.997 [main] INFO   co.jp.stepCounter.infrastructure.log.Log4J2 StepCountExecutor:execStepCountInDirectory() ステップカウント処理開始。 ファイル名：Luigi.java
2023/05/12 22:10:36.999 [main] INFO   co.jp.stepCounter.infrastructure.log.Log4J2 StepCountExecutor:execStepCountInDirectory() ステップカウント処理開始。 ファイル名：Character.java
2023/05/12 22:10:37.000 [main] INFO   co.jp.stepCounter.infrastructure.log.Log4J2 StepCountExecutor:execStepCountInDirectory() ステップカウント処理開始。 ファイル名：HammerBros.java
2023/05/12 22:10:37.001 [main] INFO   co.jp.stepCounter.infrastructure.log.Log4J2 StepCountExecutor:execStepCountInDirectory() ステップカウント処理開始。 ファイル名：CharacterIf.java
2023/05/12 22:10:37.003 [main] INFO   co.jp.stepCounter.infrastructure.log.Log4J2 StepCountExecutor:execStepCountInDirectory() ステップカウント処理開始。 ファイル名：Main.java
2023/05/12 22:10:37.008 [main] INFO   co.jp.stepCounter.infrastructure.log.Log4J2 StepCountExecutor:execStepCountInDirectory() ステップカウント処理開始。 ファイル名：Constant.java
2023/05/12 22:10:37.012 [main] INFO   co.jp.stepCounter.infrastructure.log.Log4J2 StepCountCsvDao:save() ステップカウント結果出力開始。 ファイルパス：/Users/takashi.ebina/git/repository2/stepCounter/work/input/logic/Main.java
2023/05/12 22:10:37.013 [main] INFO   co.jp.stepCounter.infrastructure.log.Log4J2 StepCountCsvDao:save() ステップカウント結果出力開始。 ファイルパス：/Users/takashi.ebina/git/repository2/stepCounter/work/input/character/Character.java
2023/05/12 22:10:37.015 [main] INFO   co.jp.stepCounter.infrastructure.log.Log4J2 StepCountCsvDao:save() ステップカウント結果出力開始。 ファイルパス：/Users/takashi.ebina/git/repository2/stepCounter/work/input/constant/Constant.java
2023/05/12 22:10:37.015 [main] INFO   co.jp.stepCounter.infrastructure.log.Log4J2 StepCountCsvDao:save() ステップカウント結果出力開始。 ファイルパス：/Users/takashi.ebina/git/repository2/stepCounter/work/input/character/CharacterIf.java
2023/05/12 22:10:37.015 [main] INFO   co.jp.stepCounter.infrastructure.log.Log4J2 StepCountCsvDao:save() ステップカウント結果出力開始。 ファイルパス：/Users/takashi.ebina/git/repository2/stepCounter/work/input/character/Mario.java
2023/05/12 22:10:37.016 [main] INFO   co.jp.stepCounter.infrastructure.log.Log4J2 StepCountCsvDao:save() ステップカウント結果出力開始。 ファイルパス：/Users/takashi.ebina/git/repository2/stepCounter/work/input/character/Luigi.java
2023/05/12 22:10:37.016 [main] INFO   co.jp.stepCounter.infrastructure.log.Log4J2 StepCountCsvDao:save() ステップカウント結果出力開始。 ファイルパス：/Users/takashi.ebina/git/repository2/stepCounter/work/input/character/HammerBros.java
2023/05/12 22:10:37.016 [main] INFO   co.jp.stepCounter.infrastructure.log.Log4J2 StepCounterSharedService:execStepCount() -- ステップカウント処理 終了 ---------------------------------------
2023/05/12 22:10:37.019 [main] DEBUG  co.jp.stepCounter.infrastructure.log.Log4J2 ValidatorUtil:inputDirectoryCheck() 入力ディレクトリパスチェック ファイルパス：/Users/takashi.ebina/git/repository2/stepCounter/work/input
2023/05/12 22:10:37.020 [main] DEBUG  co.jp.stepCounter.infrastructure.log.Log4J2 ValidatorUtil:outputFileCheck() 出力ファイルパスチェック ファイルパス：/Users/takashi.ebina/git/repository2/stepCounter/work/output/result.csv
2023/05/12 22:10:37.020 [main] INFO   co.jp.stepCounter.infrastructure.log.Log4J2 StepCounterSharedService:execStepCount() -- ステップカウント処理 開始 ---------------------------------------
2023/05/12 22:10:37.021 [main] WARN   co.jp.stepCounter.infrastructure.log.Log4J2 StepCountExecutor:execStepCountInDirectory() ファイルの拡張子が未対応。ステップカウント処理をスキップ。 ファイル名：.DS_Store
2023/05/12 22:10:37.021 [main] INFO   co.jp.stepCounter.infrastructure.log.Log4J2 StepCountExecutor:execStepCountInDirectory() ステップカウント処理開始。 ファイル名：Mario.java
2023/05/12 22:10:37.022 [main] INFO   co.jp.stepCounter.infrastructure.log.Log4J2 StepCountExecutor:execStepCountInDirectory() ステップカウント処理開始。 ファイル名：Luigi.java
2023/05/12 22:10:37.023 [main] INFO   co.jp.stepCounter.infrastructure.log.Log4J2 StepCountExecutor:execStepCountInDirectory() ステップカウント処理開始。 ファイル名：Character.java
2023/05/12 22:10:37.024 [main] INFO   co.jp.stepCounter.infrastructure.log.Log4J2 StepCountExecutor:execStepCountInDirectory() ステップカウント処理開始。 ファイル名：HammerBros.java
2023/05/12 22:10:37.025 [main] INFO   co.jp.stepCounter.infrastructure.log.Log4J2 StepCountExecutor:execStepCountInDirectory() ステップカウント処理開始。 ファイル名：CharacterIf.java
2023/05/12 22:10:37.026 [main] INFO   co.jp.stepCounter.infrastructure.log.Log4J2 StepCountExecutor:execStepCountInDirectory() ステップカウント処理開始。 ファイル名：Main.java
2023/05/12 22:10:37.027 [main] INFO   co.jp.stepCounter.infrastructure.log.Log4J2 StepCountExecutor:execStepCountInDirectory() ステップカウント処理開始。 ファイル名：Constant.java
2023/05/12 22:10:37.029 [main] INFO   co.jp.stepCounter.infrastructure.log.Log4J2 StepCountCsvDao:save() ステップカウント結果出力開始。 ファイルパス：/Users/takashi.ebina/git/repository2/stepCounter/work/input/character/Mario.java
2023/05/12 22:10:37.029 [main] INFO   co.jp.stepCounter.infrastructure.log.Log4J2 StepCountCsvDao:save() ステップカウント結果出力開始。 ファイルパス：/Users/takashi.ebina/git/repository2/stepCounter/work/input/character/Luigi.java
2023/05/12 22:10:37.029 [main] INFO   co.jp.stepCounter.infrastructure.log.Log4J2 StepCountCsvDao:save() ステップカウント結果出力開始。 ファイルパス：/Users/takashi.ebina/git/repository2/stepCounter/work/input/character/Character.java
2023/05/12 22:10:37.029 [main] INFO   co.jp.stepCounter.infrastructure.log.Log4J2 StepCountCsvDao:save() ステップカウント結果出力開始。 ファイルパス：/Users/takashi.ebina/git/repository2/stepCounter/work/input/character/HammerBros.java
2023/05/12 22:10:37.029 [main] INFO   co.jp.stepCounter.infrastructure.log.Log4J2 StepCountCsvDao:save() ステップカウント結果出力開始。 ファイルパス：/Users/takashi.ebina/git/repository2/stepCounter/work/input/character/CharacterIf.java
2023/05/12 22:10:37.030 [main] INFO   co.jp.stepCounter.infrastructure.log.Log4J2 StepCountCsvDao:save() ステップカウント結果出力開始。 ファイルパス：/Users/takashi.ebina/git/repository2/stepCounter/work/input/logic/Main.java
2023/05/12 22:10:37.030 [main] INFO   co.jp.stepCounter.infrastructure.log.Log4J2 StepCountCsvDao:save() ステップカウント結果出力開始。 ファイルパス：/Users/takashi.ebina/git/repository2/stepCounter/work/input/constant/Constant.java
2023/05/12 22:10:37.030 [main] INFO   co.jp.stepCounter.infrastructure.log.Log4J2 StepCounterSharedService:execStepCount() -- ステップカウント処理 終了 ---------------------------------------
2023/05/12 22:10:37.035 [main] DEBUG  co.jp.stepCounter.infrastructure.log.Log4J2 ValidatorUtil:inputDirectoryCheck() 入力ディレクトリパスチェック ファイルパス：/Users/takashi.ebina/git/repository2/stepCounter/work/input
2023/05/12 22:10:37.035 [main] DEBUG  co.jp.stepCounter.infrastructure.log.Log4J2 ValidatorUtil:outputFileCheck() 出力ファイルパスチェック ファイルパス：/Users/takashi.ebina/git/repository2/stepCounter/work/output/result.csv
2023/05/12 22:10:37.036 [main] INFO   co.jp.stepCounter.infrastructure.log.Log4J2 StepCounterSharedService:execStepCount() -- ステップカウント処理 開始 ---------------------------------------
2023/05/12 22:10:37.036 [main] WARN   co.jp.stepCounter.infrastructure.log.Log4J2 StepCountExecutor:execStepCountInDirectory() ファイルの拡張子が未対応。ステップカウント処理をスキップ。 ファイル名：.DS_Store
2023/05/12 22:10:37.037 [main] INFO   co.jp.stepCounter.infrastructure.log.Log4J2 StepCountExecutor:execStepCountInDirectory() ステップカウント処理開始。 ファイル名：Mario.java
2023/05/12 22:10:37.038 [main] INFO   co.jp.stepCounter.infrastructure.log.Log4J2 StepCountExecutor:execStepCountInDirectory() ステップカウント処理開始。 ファイル名：Luigi.java
2023/05/12 22:10:37.040 [main] INFO   co.jp.stepCounter.infrastructure.log.Log4J2 StepCountExecutor:execStepCountInDirectory() ステップカウント処理開始。 ファイル名：Character.java
2023/05/12 22:10:37.041 [main] INFO   co.jp.stepCounter.infrastructure.log.Log4J2 StepCountExecutor:execStepCountInDirectory() ステップカウント処理開始。 ファイル名：HammerBros.java
2023/05/12 22:10:37.041 [main] INFO   co.jp.stepCounter.infrastructure.log.Log4J2 StepCountExecutor:execStepCountInDirectory() ステップカウント処理開始。 ファイル名：CharacterIf.java
2023/05/12 22:10:37.042 [main] INFO   co.jp.stepCounter.infrastructure.log.Log4J2 StepCountExecutor:execStepCountInDirectory() ステップカウント処理開始。 ファイル名：Main.java
2023/05/12 22:10:37.043 [main] INFO   co.jp.stepCounter.infrastructure.log.Log4J2 StepCountExecutor:execStepCountInDirectory() ステップカウント処理開始。 ファイル名：Constant.java
2023/05/12 22:10:37.045 [main] INFO   co.jp.stepCounter.infrastructure.log.Log4J2 StepCountCsvDao:save() ステップカウント結果出力開始。 ファイルパス：/Users/takashi.ebina/git/repository2/stepCounter/work/input/character/Mario.java
2023/05/12 22:10:37.046 [main] INFO   co.jp.stepCounter.infrastructure.log.Log4J2 StepCountCsvDao:save() ステップカウント結果出力開始。 ファイルパス：/Users/takashi.ebina/git/repository2/stepCounter/work/input/character/Luigi.java
2023/05/12 22:10:37.046 [main] INFO   co.jp.stepCounter.infrastructure.log.Log4J2 StepCountCsvDao:save() ステップカウント結果出力開始。 ファイルパス：/Users/takashi.ebina/git/repository2/stepCounter/work/input/character/Character.java
2023/05/12 22:10:37.046 [main] INFO   co.jp.stepCounter.infrastructure.log.Log4J2 StepCountCsvDao:save() ステップカウント結果出力開始。 ファイルパス：/Users/takashi.ebina/git/repository2/stepCounter/work/input/character/HammerBros.java
2023/05/12 22:10:37.047 [main] INFO   co.jp.stepCounter.infrastructure.log.Log4J2 StepCountCsvDao:save() ステップカウント結果出力開始。 ファイルパス：/Users/takashi.ebina/git/repository2/stepCounter/work/input/character/CharacterIf.java
2023/05/12 22:10:37.047 [main] INFO   co.jp.stepCounter.infrastructure.log.Log4J2 StepCountCsvDao:save() ステップカウント結果出力開始。 ファイルパス：/Users/takashi.ebina/git/repository2/stepCounter/work/input/logic/Main.java
2023/05/12 22:10:37.047 [main] INFO   co.jp.stepCounter.infrastructure.log.Log4J2 StepCountCsvDao:save() ステップカウント結果出力開始。 ファイルパス：/Users/takashi.ebina/git/repository2/stepCounter/work/input/constant/Constant.java
2023/05/12 22:10:37.050 [main] INFO   co.jp.stepCounter.infrastructure.log.Log4J2 StepCounterSharedService:execStepCount() -- ステップカウント処理 終了 ---------------------------------------
2023/05/12 22:10:37.055 [main] DEBUG  co.jp.stepCounter.infrastructure.log.Log4J2 ValidatorUtil:inputDirectoryCheck() 入力ディレクトリパスチェック ファイルパス：/Users/takashi.ebina/git/repository2/stepCounter/work/output/result.csv
2023/05/12 22:10:37.055 [main] DEBUG  co.jp.stepCounter.infrastructure.log.Log4J2 ValidatorUtil:inputDirectoryCheck() チェック結果：入力ファイルパスがファイル
2023/05/12 22:10:37.066 [main] DEBUG  co.jp.stepCounter.infrastructure.log.Log4J2 ValidatorUtil:inputDirectoryCheck() 入力ディレクトリパスチェック ファイルパス：/Users/takashi.ebina/git/repository2/stepCounter/work/input
2023/05/12 22:10:37.071 [main] DEBUG  co.jp.stepCounter.infrastructure.log.Log4J2 ValidatorUtil:inputDirectoryCheck() 入力ディレクトリパスチェック ファイルパス：/Users/takashi.ebina/git/repository2/stepCounter/work/input
2023/05/12 22:10:37.072 [main] DEBUG  co.jp.stepCounter.infrastructure.log.Log4J2 ValidatorUtil:outputFileCheck() 出力ファイルパスチェック ファイルパス：/Users/takashi.ebina/git/repository2/stepCounter/work/output/result.csv
2023/05/12 22:10:37.074 [main] DEBUG  co.jp.stepCounter.infrastructure.log.Log4J2 ValidatorUtil:inputDirectoryCheck() 入力ディレクトリパスチェック ファイルパス：/Users/takashi.ebina/git/repository2/stepCounter/work/input
2023/05/12 22:10:37.074 [main] DEBUG  co.jp.stepCounter.infrastructure.log.Log4J2 ValidatorUtil:outputFileCheck() 出力ファイルパスチェック ファイルパス：/Users/takashi.ebina/git/repository2/stepCounter/work/output/result.csv
2023/05/12 22:13:17.448 [main] DEBUG  co.jp.stepCounter.infrastructure.log.Log4J2 ValidatorUtil:inputDirectoryCheck() 入力ディレクトリパスチェック ファイルパス：/Users/takashi.ebina/git/repository2/stepCounter/work/output/result.csv
2023/05/12 22:13:17.450 [main] DEBUG  co.jp.stepCounter.infrastructure.log.Log4J2 ValidatorUtil:inputDirectoryCheck() チェック結果：入力ファイルパスがファイル
2023/05/12 22:13:32.210 [main] DEBUG  co.jp.stepCounter.infrastructure.log.Log4J2 ValidatorUtil:inputDirectoryCheck() 入力ディレクトリパスチェック ファイルパス：/Users/takashi.ebina/git/repository2/stepCounter/work/input
2023/05/12 22:13:32.214 [main] DEBUG  co.jp.stepCounter.infrastructure.log.Log4J2 ValidatorUtil:outputFileCheck() 出力ファイルパスチェック ファイルパス：/Users/takashi.ebina/git/repository2/stepCounter/work/output/result.csv
2023/05/12 22:13:32.219 [main] INFO   co.jp.stepCounter.infrastructure.log.Log4J2 StepCounterSharedService:execStepCount() -- ステップカウント処理 開始 ---------------------------------------
2023/05/12 22:13:32.224 [main] WARN   co.jp.stepCounter.infrastructure.log.Log4J2 StepCountExecutor:execStepCountInDirectory() ファイルの拡張子が未対応。ステップカウント処理をスキップ。 ファイル名：.DS_Store
2023/05/12 22:13:32.231 [main] INFO   co.jp.stepCounter.infrastructure.log.Log4J2 StepCountExecutor:execStepCountInDirectory() ステップカウント処理開始。 ファイル名：Mario.java
2023/05/12 22:13:32.236 [main] INFO   co.jp.stepCounter.infrastructure.log.Log4J2 StepCountExecutor:execStepCountInDirectory() ステップカウント処理開始。 ファイル名：Luigi.java
2023/05/12 22:13:32.237 [main] INFO   co.jp.stepCounter.infrastructure.log.Log4J2 StepCountExecutor:execStepCountInDirectory() ステップカウント処理開始。 ファイル名：Character.java
2023/05/12 22:13:32.240 [main] INFO   co.jp.stepCounter.infrastructure.log.Log4J2 StepCountExecutor:execStepCountInDirectory() ステップカウント処理開始。 ファイル名：HammerBros.java
2023/05/12 22:13:32.241 [main] INFO   co.jp.stepCounter.infrastructure.log.Log4J2 StepCountExecutor:execStepCountInDirectory() ステップカウント処理開始。 ファイル名：CharacterIf.java
2023/05/12 22:13:32.242 [main] INFO   co.jp.stepCounter.infrastructure.log.Log4J2 StepCountExecutor:execStepCountInDirectory() ステップカウント処理開始。 ファイル名：Main.java
2023/05/12 22:13:32.244 [main] INFO   co.jp.stepCounter.infrastructure.log.Log4J2 StepCountExecutor:execStepCountInDirectory() ステップカウント処理開始。 ファイル名：Constant.java
2023/05/12 22:13:32.250 [main] INFO   co.jp.stepCounter.infrastructure.log.Log4J2 StepCountCsvDao:save() ステップカウント結果出力開始。 ファイルパス：/Users/takashi.ebina/git/repository2/stepCounter/work/input/character/Character.java
2023/05/12 22:13:32.251 [main] INFO   co.jp.stepCounter.infrastructure.log.Log4J2 StepCountCsvDao:save() ステップカウント結果出力開始。 ファイルパス：/Users/takashi.ebina/git/repository2/stepCounter/work/input/character/CharacterIf.java
2023/05/12 22:13:32.252 [main] INFO   co.jp.stepCounter.infrastructure.log.Log4J2 StepCountCsvDao:save() ステップカウント結果出力開始。 ファイルパス：/Users/takashi.ebina/git/repository2/stepCounter/work/input/constant/Constant.java
2023/05/12 22:13:32.252 [main] INFO   co.jp.stepCounter.infrastructure.log.Log4J2 StepCountCsvDao:save() ステップカウント結果出力開始。 ファイルパス：/Users/takashi.ebina/git/repository2/stepCounter/work/input/character/HammerBros.java
2023/05/12 22:13:32.253 [main] INFO   co.jp.stepCounter.infrastructure.log.Log4J2 StepCountCsvDao:save() ステップカウント結果出力開始。 ファイルパス：/Users/takashi.ebina/git/repository2/stepCounter/work/input/character/Luigi.java
2023/05/12 22:13:32.253 [main] INFO   co.jp.stepCounter.infrastructure.log.Log4J2 StepCountCsvDao:save() ステップカウント結果出力開始。 ファイルパス：/Users/takashi.ebina/git/repository2/stepCounter/work/input/logic/Main.java
2023/05/12 22:13:32.254 [main] INFO   co.jp.stepCounter.infrastructure.log.Log4J2 StepCountCsvDao:save() ステップカウント結果出力開始。 ファイルパス：/Users/takashi.ebina/git/repository2/stepCounter/work/input/character/Mario.java
2023/05/12 22:13:32.254 [main] INFO   co.jp.stepCounter.infrastructure.log.Log4J2 StepCounterSharedService:execStepCount() -- ステップカウント処理 終了 ---------------------------------------
2023/05/12 22:13:32.263 [main] DEBUG  co.jp.stepCounter.infrastructure.log.Log4J2 ValidatorUtil:inputDirectoryCheck() 入力ディレクトリパスチェック ファイルパス：/Users/takashi.ebina/git/repository2/stepCounter/work/input
2023/05/12 22:13:32.263 [main] DEBUG  co.jp.stepCounter.infrastructure.log.Log4J2 ValidatorUtil:outputFileCheck() 出力ファイルパスチェック ファイルパス：/Users/takashi.ebina/git/repository2/stepCounter/work/output/result.csv
2023/05/12 22:13:32.264 [main] INFO   co.jp.stepCounter.infrastructure.log.Log4J2 StepCounterSharedService:execStepCount() -- ステップカウント処理 開始 ---------------------------------------
2023/05/12 22:13:32.264 [main] WARN   co.jp.stepCounter.infrastructure.log.Log4J2 StepCountExecutor:execStepCountInDirectory() ファイルの拡張子が未対応。ステップカウント処理をスキップ。 ファイル名：.DS_Store
2023/05/12 22:13:32.265 [main] INFO   co.jp.stepCounter.infrastructure.log.Log4J2 StepCountExecutor:execStepCountInDirectory() ステップカウント処理開始。 ファイル名：Mario.java
2023/05/12 22:13:32.266 [main] INFO   co.jp.stepCounter.infrastructure.log.Log4J2 StepCountExecutor:execStepCountInDirectory() ステップカウント処理開始。 ファイル名：Luigi.java
2023/05/12 22:13:32.268 [main] INFO   co.jp.stepCounter.infrastructure.log.Log4J2 StepCountExecutor:execStepCountInDirectory() ステップカウント処理開始。 ファイル名：Character.java
2023/05/12 22:13:32.269 [main] INFO   co.jp.stepCounter.infrastructure.log.Log4J2 StepCountExecutor:execStepCountInDirectory() ステップカウント処理開始。 ファイル名：HammerBros.java
2023/05/12 22:13:32.270 [main] INFO   co.jp.stepCounter.infrastructure.log.Log4J2 StepCountExecutor:execStepCountInDirectory() ステップカウント処理開始。 ファイル名：CharacterIf.java
2023/05/12 22:13:32.271 [main] INFO   co.jp.stepCounter.infrastructure.log.Log4J2 StepCountExecutor:execStepCountInDirectory() ステップカウント処理開始。 ファイル名：Main.java
2023/05/12 22:13:32.272 [main] INFO   co.jp.stepCounter.infrastructure.log.Log4J2 StepCountExecutor:execStepCountInDirectory() ステップカウント処理開始。 ファイル名：Constant.java
2023/05/12 22:13:32.273 [main] INFO   co.jp.stepCounter.infrastructure.log.Log4J2 StepCountCsvDao:save() ステップカウント結果出力開始。 ファイルパス：/Users/takashi.ebina/git/repository2/stepCounter/work/input/logic/Main.java
2023/05/12 22:13:32.274 [main] INFO   co.jp.stepCounter.infrastructure.log.Log4J2 StepCountCsvDao:save() ステップカウント結果出力開始。 ファイルパス：/Users/takashi.ebina/git/repository2/stepCounter/work/input/character/Character.java
2023/05/12 22:13:32.274 [main] INFO   co.jp.stepCounter.infrastructure.log.Log4J2 StepCountCsvDao:save() ステップカウント結果出力開始。 ファイルパス：/Users/takashi.ebina/git/repository2/stepCounter/work/input/constant/Constant.java
2023/05/12 22:13:32.274 [main] INFO   co.jp.stepCounter.infrastructure.log.Log4J2 StepCountCsvDao:save() ステップカウント結果出力開始。 ファイルパス：/Users/takashi.ebina/git/repository2/stepCounter/work/input/character/CharacterIf.java
2023/05/12 22:13:32.275 [main] INFO   co.jp.stepCounter.infrastructure.log.Log4J2 StepCountCsvDao:save() ステップカウント結果出力開始。 ファイルパス：/Users/takashi.ebina/git/repository2/stepCounter/work/input/character/Mario.java
2023/05/12 22:13:32.275 [main] INFO   co.jp.stepCounter.infrastructure.log.Log4J2 StepCountCsvDao:save() ステップカウント結果出力開始。 ファイルパス：/Users/takashi.ebina/git/repository2/stepCounter/work/input/character/Luigi.java
2023/05/12 22:13:32.275 [main] INFO   co.jp.stepCounter.infrastructure.log.Log4J2 StepCountCsvDao:save() ステップカウント結果出力開始。 ファイルパス：/Users/takashi.ebina/git/repository2/stepCounter/work/input/character/HammerBros.java
2023/05/12 22:13:32.276 [main] INFO   co.jp.stepCounter.infrastructure.log.Log4J2 StepCounterSharedService:execStepCount() -- ステップカウント処理 終了 ---------------------------------------
2023/05/12 22:13:32.279 [main] DEBUG  co.jp.stepCounter.infrastructure.log.Log4J2 ValidatorUtil:inputDirectoryCheck() 入力ディレクトリパスチェック ファイルパス：/Users/takashi.ebina/git/repository2/stepCounter/work/input
2023/05/12 22:13:32.280 [main] DEBUG  co.jp.stepCounter.infrastructure.log.Log4J2 ValidatorUtil:outputFileCheck() 出力ファイルパスチェック ファイルパス：/Users/takashi.ebina/git/repository2/stepCounter/work/output/result.csv
2023/05/12 22:13:32.280 [main] INFO   co.jp.stepCounter.infrastructure.log.Log4J2 StepCounterSharedService:execStepCount() -- ステップカウント処理 開始 ---------------------------------------
2023/05/12 22:13:32.281 [main] WARN   co.jp.stepCounter.infrastructure.log.Log4J2 StepCountExecutor:execStepCountInDirectory() ファイルの拡張子が未対応。ステップカウント処理をスキップ。 ファイル名：.DS_Store
2023/05/12 22:13:32.281 [main] INFO   co.jp.stepCounter.infrastructure.log.Log4J2 StepCountExecutor:execStepCountInDirectory() ステップカウント処理開始。 ファイル名：Mario.java
2023/05/12 22:13:32.282 [main] INFO   co.jp.stepCounter.infrastructure.log.Log4J2 StepCountExecutor:execStepCountInDirectory() ステップカウント処理開始。 ファイル名：Luigi.java
2023/05/12 22:13:32.282 [main] INFO   co.jp.stepCounter.infrastructure.log.Log4J2 StepCountExecutor:execStepCountInDirectory() ステップカウント処理開始。 ファイル名：Character.java
2023/05/12 22:13:32.283 [main] INFO   co.jp.stepCounter.infrastructure.log.Log4J2 StepCountExecutor:execStepCountInDirectory() ステップカウント処理開始。 ファイル名：HammerBros.java
2023/05/12 22:13:32.283 [main] INFO   co.jp.stepCounter.infrastructure.log.Log4J2 StepCountExecutor:execStepCountInDirectory() ステップカウント処理開始。 ファイル名：CharacterIf.java
2023/05/12 22:13:32.284 [main] INFO   co.jp.stepCounter.infrastructure.log.Log4J2 StepCountExecutor:execStepCountInDirectory() ステップカウント処理開始。 ファイル名：Main.java
2023/05/12 22:13:32.285 [main] INFO   co.jp.stepCounter.infrastructure.log.Log4J2 StepCountExecutor:execStepCountInDirectory() ステップカウント処理開始。 ファイル名：Constant.java
2023/05/12 22:13:32.287 [main] INFO   co.jp.stepCounter.infrastructure.log.Log4J2 StepCountCsvDao:save() ステップカウント結果出力開始。 ファイルパス：/Users/takashi.ebina/git/repository2/stepCounter/work/input/character/Mario.java
2023/05/12 22:13:32.287 [main] INFO   co.jp.stepCounter.infrastructure.log.Log4J2 StepCountCsvDao:save() ステップカウント結果出力開始。 ファイルパス：/Users/takashi.ebina/git/repository2/stepCounter/work/input/character/Luigi.java
2023/05/12 22:13:32.287 [main] INFO   co.jp.stepCounter.infrastructure.log.Log4J2 StepCountCsvDao:save() ステップカウント結果出力開始。 ファイルパス：/Users/takashi.ebina/git/repository2/stepCounter/work/input/character/Character.java
2023/05/12 22:13:32.288 [main] INFO   co.jp.stepCounter.infrastructure.log.Log4J2 StepCountCsvDao:save() ステップカウント結果出力開始。 ファイルパス：/Users/takashi.ebina/git/repository2/stepCounter/work/input/character/HammerBros.java
2023/05/12 22:13:32.288 [main] INFO   co.jp.stepCounter.infrastructure.log.Log4J2 StepCountCsvDao:save() ステップカウント結果出力開始。 ファイルパス：/Users/takashi.ebina/git/repository2/stepCounter/work/input/character/CharacterIf.java
2023/05/12 22:13:32.288 [main] INFO   co.jp.stepCounter.infrastructure.log.Log4J2 StepCountCsvDao:save() ステップカウント結果出力開始。 ファイルパス：/Users/takashi.ebina/git/repository2/stepCounter/work/input/logic/Main.java
2023/05/12 22:13:32.288 [main] INFO   co.jp.stepCounter.infrastructure.log.Log4J2 StepCountCsvDao:save() ステップカウント結果出力開始。 ファイルパス：/Users/takashi.ebina/git/repository2/stepCounter/work/input/constant/Constant.java
2023/05/12 22:13:32.289 [main] INFO   co.jp.stepCounter.infrastructure.log.Log4J2 StepCounterSharedService:execStepCount() -- ステップカウント処理 終了 ---------------------------------------
2023/05/12 22:13:32.293 [main] DEBUG  co.jp.stepCounter.infrastructure.log.Log4J2 ValidatorUtil:inputDirectoryCheck() 入力ディレクトリパスチェック ファイルパス：/Users/takashi.ebina/git/repository2/stepCounter/work/input
2023/05/12 22:13:32.294 [main] DEBUG  co.jp.stepCounter.infrastructure.log.Log4J2 ValidatorUtil:outputFileCheck() 出力ファイルパスチェック ファイルパス：/Users/takashi.ebina/git/repository2/stepCounter/work/output/result.csv
2023/05/12 22:13:32.294 [main] INFO   co.jp.stepCounter.infrastructure.log.Log4J2 StepCounterSharedService:execStepCount() -- ステップカウント処理 開始 ---------------------------------------
2023/05/12 22:13:32.295 [main] WARN   co.jp.stepCounter.infrastructure.log.Log4J2 StepCountExecutor:execStepCountInDirectory() ファイルの拡張子が未対応。ステップカウント処理をスキップ。 ファイル名：.DS_Store
2023/05/12 22:13:32.296 [main] INFO   co.jp.stepCounter.infrastructure.log.Log4J2 StepCountExecutor:execStepCountInDirectory() ステップカウント処理開始。 ファイル名：Mario.java
2023/05/12 22:13:32.297 [main] INFO   co.jp.stepCounter.infrastructure.log.Log4J2 StepCountExecutor:execStepCountInDirectory() ステップカウント処理開始。 ファイル名：Luigi.java
2023/05/12 22:13:32.298 [main] INFO   co.jp.stepCounter.infrastructure.log.Log4J2 StepCountExecutor:execStepCountInDirectory() ステップカウント処理開始。 ファイル名：Character.java
2023/05/12 22:13:32.299 [main] INFO   co.jp.stepCounter.infrastructure.log.Log4J2 StepCountExecutor:execStepCountInDirectory() ステップカウント処理開始。 ファイル名：HammerBros.java
2023/05/12 22:13:32.300 [main] INFO   co.jp.stepCounter.infrastructure.log.Log4J2 StepCountExecutor:execStepCountInDirectory() ステップカウント処理開始。 ファイル名：CharacterIf.java
2023/05/12 22:13:32.301 [main] INFO   co.jp.stepCounter.infrastructure.log.Log4J2 StepCountExecutor:execStepCountInDirectory() ステップカウント処理開始。 ファイル名：Main.java
2023/05/12 22:13:32.302 [main] INFO   co.jp.stepCounter.infrastructure.log.Log4J2 StepCountExecutor:execStepCountInDirectory() ステップカウント処理開始。 ファイル名：Constant.java
2023/05/12 22:13:32.303 [main] INFO   co.jp.stepCounter.infrastructure.log.Log4J2 StepCountCsvDao:save() ステップカウント結果出力開始。 ファイルパス：/Users/takashi.ebina/git/repository2/stepCounter/work/input/character/Mario.java
2023/05/12 22:13:32.303 [main] INFO   co.jp.stepCounter.infrastructure.log.Log4J2 StepCountCsvDao:save() ステップカウント結果出力開始。 ファイルパス：/Users/takashi.ebina/git/repository2/stepCounter/work/input/character/Luigi.java
2023/05/12 22:13:32.304 [main] INFO   co.jp.stepCounter.infrastructure.log.Log4J2 StepCountCsvDao:save() ステップカウント結果出力開始。 ファイルパス：/Users/takashi.ebina/git/repository2/stepCounter/work/input/character/Character.java
2023/05/12 22:13:32.304 [main] INFO   co.jp.stepCounter.infrastructure.log.Log4J2 StepCountCsvDao:save() ステップカウント結果出力開始。 ファイルパス：/Users/takashi.ebina/git/repository2/stepCounter/work/input/character/HammerBros.java
2023/05/12 22:13:32.304 [main] INFO   co.jp.stepCounter.infrastructure.log.Log4J2 StepCountCsvDao:save() ステップカウント結果出力開始。 ファイルパス：/Users/takashi.ebina/git/repository2/stepCounter/work/input/character/CharacterIf.java
2023/05/12 22:13:32.305 [main] INFO   co.jp.stepCounter.infrastructure.log.Log4J2 StepCountCsvDao:save() ステップカウント結果出力開始。 ファイルパス：/Users/takashi.ebina/git/repository2/stepCounter/work/input/logic/Main.java
2023/05/12 22:13:32.305 [main] INFO   co.jp.stepCounter.infrastructure.log.Log4J2 StepCountCsvDao:save() ステップカウント結果出力開始。 ファイルパス：/Users/takashi.ebina/git/repository2/stepCounter/work/input/constant/Constant.java
2023/05/12 22:13:32.305 [main] INFO   co.jp.stepCounter.infrastructure.log.Log4J2 StepCounterSharedService:execStepCount() -- ステップカウント処理 終了 ---------------------------------------
2023/05/12 22:13:32.308 [main] DEBUG  co.jp.stepCounter.infrastructure.log.Log4J2 ValidatorUtil:inputDirectoryCheck() 入力ディレクトリパスチェック ファイルパス：/Users/takashi.ebina/git/repository2/stepCounter/work/output/result.csv
2023/05/12 22:13:32.308 [main] DEBUG  co.jp.stepCounter.infrastructure.log.Log4J2 ValidatorUtil:inputDirectoryCheck() チェック結果：入力ファイルパスがファイル
2023/05/12 22:13:32.310 [main] DEBUG  co.jp.stepCounter.infrastructure.log.Log4J2 ValidatorUtil:inputDirectoryCheck() 入力ディレクトリパスチェック ファイルパス：/Users/takashi.ebina/git/repository2/stepCounter/work/input
2023/05/12 22:13:32.318 [main] DEBUG  co.jp.stepCounter.infrastructure.log.Log4J2 ValidatorUtil:inputDirectoryCheck() 入力ディレクトリパスチェック ファイルパス：/Users/takashi.ebina/git/repository2/stepCounter/work/input
2023/05/12 22:13:32.319 [main] DEBUG  co.jp.stepCounter.infrastructure.log.Log4J2 ValidatorUtil:outputFileCheck() 出力ファイルパスチェック ファイルパス：/Users/takashi.ebina/git/repository2/stepCounter/work/output/result.csv
2023/05/12 22:13:32.322 [main] DEBUG  co.jp.stepCounter.infrastructure.log.Log4J2 ValidatorUtil:inputDirectoryCheck() 入力ディレクトリパスチェック ファイルパス：/Users/takashi.ebina/git/repository2/stepCounter/work/input
2023/05/12 22:13:32.323 [main] DEBUG  co.jp.stepCounter.infrastructure.log.Log4J2 ValidatorUtil:outputFileCheck() 出力ファイルパスチェック ファイルパス：/Users/takashi.ebina/git/repository2/stepCounter/work/output/result.csv
2023/05/12 22:14:03.292 [main] DEBUG  co.jp.stepCounter.infrastructure.log.Log4J2 ValidatorUtil:inputDirectoryCheck() 入力ディレクトリパスチェック ファイルパス：/Users/takashi.ebina/git/repository2/stepCounter/work/input
2023/05/12 22:14:03.298 [main] DEBUG  co.jp.stepCounter.infrastructure.log.Log4J2 ValidatorUtil:outputFileCheck() 出力ファイルパスチェック ファイルパス：/Users/takashi.ebina/git/repository2/stepCounter/work/input
2023/05/12 22:14:03.298 [main] DEBUG  co.jp.stepCounter.infrastructure.log.Log4J2 ValidatorUtil:outputFileCheck() チェック結果：出力ファイルパスがディレクトリ
2023/05/12 22:14:15.249 [main] DEBUG  co.jp.stepCounter.infrastructure.log.Log4J2 ValidatorUtil:inputDirectoryCheck() 入力ディレクトリパスチェック ファイルパス：/Users/takashi.ebina/git/repository2/stepCounter/work/input
2023/05/12 22:14:15.255 [main] DEBUG  co.jp.stepCounter.infrastructure.log.Log4J2 ValidatorUtil:outputFileCheck() 出力ファイルパスチェック ファイルパス：/Users/takashi.ebina/git/repository2/stepCounter/work/output/result.csv
2023/05/12 22:14:15.260 [main] INFO   co.jp.stepCounter.infrastructure.log.Log4J2 StepCounterSharedService:execStepCount() -- ステップカウント処理 開始 ---------------------------------------
2023/05/12 22:14:15.266 [main] WARN   co.jp.stepCounter.infrastructure.log.Log4J2 StepCountExecutor:execStepCountInDirectory() ファイルの拡張子が未対応。ステップカウント処理をスキップ。 ファイル名：.DS_Store
2023/05/12 22:14:15.271 [main] INFO   co.jp.stepCounter.infrastructure.log.Log4J2 StepCountExecutor:execStepCountInDirectory() ステップカウント処理開始。 ファイル名：Mario.java
2023/05/12 22:14:15.276 [main] INFO   co.jp.stepCounter.infrastructure.log.Log4J2 StepCountExecutor:execStepCountInDirectory() ステップカウント処理開始。 ファイル名：Luigi.java
2023/05/12 22:14:15.277 [main] INFO   co.jp.stepCounter.infrastructure.log.Log4J2 StepCountExecutor:execStepCountInDirectory() ステップカウント処理開始。 ファイル名：Character.java
2023/05/12 22:14:15.280 [main] INFO   co.jp.stepCounter.infrastructure.log.Log4J2 StepCountExecutor:execStepCountInDirectory() ステップカウント処理開始。 ファイル名：HammerBros.java
2023/05/12 22:14:15.281 [main] INFO   co.jp.stepCounter.infrastructure.log.Log4J2 StepCountExecutor:execStepCountInDirectory() ステップカウント処理開始。 ファイル名：CharacterIf.java
2023/05/12 22:14:15.284 [main] INFO   co.jp.stepCounter.infrastructure.log.Log4J2 StepCountExecutor:execStepCountInDirectory() ステップカウント処理開始。 ファイル名：Main.java
2023/05/12 22:14:15.288 [main] INFO   co.jp.stepCounter.infrastructure.log.Log4J2 StepCountExecutor:execStepCountInDirectory() ステップカウント処理開始。 ファイル名：Constant.java
2023/05/12 22:14:15.293 [main] INFO   co.jp.stepCounter.infrastructure.log.Log4J2 StepCountCsvDao:save() ステップカウント結果出力開始。 ファイルパス：/Users/takashi.ebina/git/repository2/stepCounter/work/input/character/Character.java
2023/05/12 22:14:15.293 [main] INFO   co.jp.stepCounter.infrastructure.log.Log4J2 StepCountCsvDao:save() ステップカウント結果出力開始。 ファイルパス：/Users/takashi.ebina/git/repository2/stepCounter/work/input/character/CharacterIf.java
2023/05/12 22:14:15.293 [main] INFO   co.jp.stepCounter.infrastructure.log.Log4J2 StepCountCsvDao:save() ステップカウント結果出力開始。 ファイルパス：/Users/takashi.ebina/git/repository2/stepCounter/work/input/constant/Constant.java
2023/05/12 22:14:15.294 [main] INFO   co.jp.stepCounter.infrastructure.log.Log4J2 StepCountCsvDao:save() ステップカウント結果出力開始。 ファイルパス：/Users/takashi.ebina/git/repository2/stepCounter/work/input/character/HammerBros.java
2023/05/12 22:14:15.294 [main] INFO   co.jp.stepCounter.infrastructure.log.Log4J2 StepCountCsvDao:save() ステップカウント結果出力開始。 ファイルパス：/Users/takashi.ebina/git/repository2/stepCounter/work/input/character/Luigi.java
2023/05/12 22:14:15.295 [main] INFO   co.jp.stepCounter.infrastructure.log.Log4J2 StepCountCsvDao:save() ステップカウント結果出力開始。 ファイルパス：/Users/takashi.ebina/git/repository2/stepCounter/work/input/logic/Main.java
2023/05/12 22:14:15.295 [main] INFO   co.jp.stepCounter.infrastructure.log.Log4J2 StepCountCsvDao:save() ステップカウント結果出力開始。 ファイルパス：/Users/takashi.ebina/git/repository2/stepCounter/work/input/character/Mario.java
2023/05/12 22:14:15.296 [main] INFO   co.jp.stepCounter.infrastructure.log.Log4J2 StepCounterSharedService:execStepCount() -- ステップカウント処理 終了 ---------------------------------------
2023/05/12 22:14:15.304 [main] DEBUG  co.jp.stepCounter.infrastructure.log.Log4J2 ValidatorUtil:inputDirectoryCheck() 入力ディレクトリパスチェック ファイルパス：/Users/takashi.ebina/git/repository2/stepCounter/work/input
2023/05/12 22:14:15.305 [main] DEBUG  co.jp.stepCounter.infrastructure.log.Log4J2 ValidatorUtil:outputFileCheck() 出力ファイルパスチェック ファイルパス：/Users/takashi.ebina/git/repository2/stepCounter/work/output/result.csv
2023/05/12 22:14:15.306 [main] INFO   co.jp.stepCounter.infrastructure.log.Log4J2 StepCounterSharedService:execStepCount() -- ステップカウント処理 開始 ---------------------------------------
2023/05/12 22:14:15.306 [main] WARN   co.jp.stepCounter.infrastructure.log.Log4J2 StepCountExecutor:execStepCountInDirectory() ファイルの拡張子が未対応。ステップカウント処理をスキップ。 ファイル名：.DS_Store
2023/05/12 22:14:15.307 [main] INFO   co.jp.stepCounter.infrastructure.log.Log4J2 StepCountExecutor:execStepCountInDirectory() ステップカウント処理開始。 ファイル名：Mario.java
2023/05/12 22:14:15.308 [main] INFO   co.jp.stepCounter.infrastructure.log.Log4J2 StepCountExecutor:execStepCountInDirectory() ステップカウント処理開始。 ファイル名：Luigi.java
2023/05/12 22:14:15.308 [main] INFO   co.jp.stepCounter.infrastructure.log.Log4J2 StepCountExecutor:execStepCountInDirectory() ステップカウント処理開始。 ファイル名：Character.java
2023/05/12 22:14:15.309 [main] INFO   co.jp.stepCounter.infrastructure.log.Log4J2 StepCountExecutor:execStepCountInDirectory() ステップカウント処理開始。 ファイル名：HammerBros.java
2023/05/12 22:14:15.310 [main] INFO   co.jp.stepCounter.infrastructure.log.Log4J2 StepCountExecutor:execStepCountInDirectory() ステップカウント処理開始。 ファイル名：CharacterIf.java
2023/05/12 22:14:15.311 [main] INFO   co.jp.stepCounter.infrastructure.log.Log4J2 StepCountExecutor:execStepCountInDirectory() ステップカウント処理開始。 ファイル名：Main.java
2023/05/12 22:14:15.312 [main] INFO   co.jp.stepCounter.infrastructure.log.Log4J2 StepCountExecutor:execStepCountInDirectory() ステップカウント処理開始。 ファイル名：Constant.java
2023/05/12 22:14:15.314 [main] INFO   co.jp.stepCounter.infrastructure.log.Log4J2 StepCountCsvDao:save() ステップカウント結果出力開始。 ファイルパス：/Users/takashi.ebina/git/repository2/stepCounter/work/input/logic/Main.java
2023/05/12 22:14:15.315 [main] INFO   co.jp.stepCounter.infrastructure.log.Log4J2 StepCountCsvDao:save() ステップカウント結果出力開始。 ファイルパス：/Users/takashi.ebina/git/repository2/stepCounter/work/input/character/Character.java
2023/05/12 22:14:15.315 [main] INFO   co.jp.stepCounter.infrastructure.log.Log4J2 StepCountCsvDao:save() ステップカウント結果出力開始。 ファイルパス：/Users/takashi.ebina/git/repository2/stepCounter/work/input/constant/Constant.java
2023/05/12 22:14:15.315 [main] INFO   co.jp.stepCounter.infrastructure.log.Log4J2 StepCountCsvDao:save() ステップカウント結果出力開始。 ファイルパス：/Users/takashi.ebina/git/repository2/stepCounter/work/input/character/CharacterIf.java
2023/05/12 22:14:15.316 [main] INFO   co.jp.stepCounter.infrastructure.log.Log4J2 StepCountCsvDao:save() ステップカウント結果出力開始。 ファイルパス：/Users/takashi.ebina/git/repository2/stepCounter/work/input/character/Mario.java
2023/05/12 22:14:15.316 [main] INFO   co.jp.stepCounter.infrastructure.log.Log4J2 StepCountCsvDao:save() ステップカウント結果出力開始。 ファイルパス：/Users/takashi.ebina/git/repository2/stepCounter/work/input/character/Luigi.java
2023/05/12 22:14:15.316 [main] INFO   co.jp.stepCounter.infrastructure.log.Log4J2 StepCountCsvDao:save() ステップカウント結果出力開始。 ファイルパス：/Users/takashi.ebina/git/repository2/stepCounter/work/input/character/HammerBros.java
2023/05/12 22:14:15.317 [main] INFO   co.jp.stepCounter.infrastructure.log.Log4J2 StepCounterSharedService:execStepCount() -- ステップカウント処理 終了 ---------------------------------------
2023/05/12 22:14:15.322 [main] DEBUG  co.jp.stepCounter.infrastructure.log.Log4J2 ValidatorUtil:inputDirectoryCheck() 入力ディレクトリパスチェック ファイルパス：/Users/takashi.ebina/git/repository2/stepCounter/work/input
2023/05/12 22:14:15.323 [main] DEBUG  co.jp.stepCounter.infrastructure.log.Log4J2 ValidatorUtil:outputFileCheck() 出力ファイルパスチェック ファイルパス：/Users/takashi.ebina/git/repository2/stepCounter/work/output/result.csv
2023/05/12 22:14:15.323 [main] INFO   co.jp.stepCounter.infrastructure.log.Log4J2 StepCounterSharedService:execStepCount() -- ステップカウント処理 開始 ---------------------------------------
2023/05/12 22:14:15.324 [main] WARN   co.jp.stepCounter.infrastructure.log.Log4J2 StepCountExecutor:execStepCountInDirectory() ファイルの拡張子が未対応。ステップカウント処理をスキップ。 ファイル名：.DS_Store
2023/05/12 22:14:15.325 [main] INFO   co.jp.stepCounter.infrastructure.log.Log4J2 StepCountExecutor:execStepCountInDirectory() ステップカウント処理開始。 ファイル名：Mario.java
2023/05/12 22:14:15.326 [main] INFO   co.jp.stepCounter.infrastructure.log.Log4J2 StepCountExecutor:execStepCountInDirectory() ステップカウント処理開始。 ファイル名：Luigi.java
2023/05/12 22:14:15.327 [main] INFO   co.jp.stepCounter.infrastructure.log.Log4J2 StepCountExecutor:execStepCountInDirectory() ステップカウント処理開始。 ファイル名：Character.java
2023/05/12 22:14:15.328 [main] INFO   co.jp.stepCounter.infrastructure.log.Log4J2 StepCountExecutor:execStepCountInDirectory() ステップカウント処理開始。 ファイル名：HammerBros.java
2023/05/12 22:14:15.329 [main] INFO   co.jp.stepCounter.infrastructure.log.Log4J2 StepCountExecutor:execStepCountInDirectory() ステップカウント処理開始。 ファイル名：CharacterIf.java
2023/05/12 22:14:15.330 [main] INFO   co.jp.stepCounter.infrastructure.log.Log4J2 StepCountExecutor:execStepCountInDirectory() ステップカウント処理開始。 ファイル名：Main.java
2023/05/12 22:14:15.331 [main] INFO   co.jp.stepCounter.infrastructure.log.Log4J2 StepCountExecutor:execStepCountInDirectory() ステップカウント処理開始。 ファイル名：Constant.java
2023/05/12 22:14:15.332 [main] INFO   co.jp.stepCounter.infrastructure.log.Log4J2 StepCountCsvDao:save() ステップカウント結果出力開始。 ファイルパス：/Users/takashi.ebina/git/repository2/stepCounter/work/input/character/Mario.java
2023/05/12 22:14:15.333 [main] INFO   co.jp.stepCounter.infrastructure.log.Log4J2 StepCountCsvDao:save() ステップカウント結果出力開始。 ファイルパス：/Users/takashi.ebina/git/repository2/stepCounter/work/input/character/Luigi.java
2023/05/12 22:14:15.333 [main] INFO   co.jp.stepCounter.infrastructure.log.Log4J2 StepCountCsvDao:save() ステップカウント結果出力開始。 ファイルパス：/Users/takashi.ebina/git/repository2/stepCounter/work/input/character/Character.java
2023/05/12 22:14:15.333 [main] INFO   co.jp.stepCounter.infrastructure.log.Log4J2 StepCountCsvDao:save() ステップカウント結果出力開始。 ファイルパス：/Users/takashi.ebina/git/repository2/stepCounter/work/input/character/HammerBros.java
2023/05/12 22:14:15.334 [main] INFO   co.jp.stepCounter.infrastructure.log.Log4J2 StepCountCsvDao:save() ステップカウント結果出力開始。 ファイルパス：/Users/takashi.ebina/git/repository2/stepCounter/work/input/character/CharacterIf.java
2023/05/12 22:14:15.334 [main] INFO   co.jp.stepCounter.infrastructure.log.Log4J2 StepCountCsvDao:save() ステップカウント結果出力開始。 ファイルパス：/Users/takashi.ebina/git/repository2/stepCounter/work/input/logic/Main.java
2023/05/12 22:14:15.334 [main] INFO   co.jp.stepCounter.infrastructure.log.Log4J2 StepCountCsvDao:save() ステップカウント結果出力開始。 ファイルパス：/Users/takashi.ebina/git/repository2/stepCounter/work/input/constant/Constant.java
2023/05/12 22:14:15.335 [main] INFO   co.jp.stepCounter.infrastructure.log.Log4J2 StepCounterSharedService:execStepCount() -- ステップカウント処理 終了 ---------------------------------------
2023/05/12 22:14:15.340 [main] DEBUG  co.jp.stepCounter.infrastructure.log.Log4J2 ValidatorUtil:inputDirectoryCheck() 入力ディレクトリパスチェック ファイルパス：/Users/takashi.ebina/git/repository2/stepCounter/work/input
2023/05/12 22:14:15.340 [main] DEBUG  co.jp.stepCounter.infrastructure.log.Log4J2 ValidatorUtil:outputFileCheck() 出力ファイルパスチェック ファイルパス：/Users/takashi.ebina/git/repository2/stepCounter/work/output/result.csv
2023/05/12 22:14:15.341 [main] INFO   co.jp.stepCounter.infrastructure.log.Log4J2 StepCounterSharedService:execStepCount() -- ステップカウント処理 開始 ---------------------------------------
2023/05/12 22:14:15.341 [main] WARN   co.jp.stepCounter.infrastructure.log.Log4J2 StepCountExecutor:execStepCountInDirectory() ファイルの拡張子が未対応。ステップカウント処理をスキップ。 ファイル名：.DS_Store
2023/05/12 22:14:15.342 [main] INFO   co.jp.stepCounter.infrastructure.log.Log4J2 StepCountExecutor:execStepCountInDirectory() ステップカウント処理開始。 ファイル名：Mario.java
2023/05/12 22:14:15.343 [main] INFO   co.jp.stepCounter.infrastructure.log.Log4J2 StepCountExecutor:execStepCountInDirectory() ステップカウント処理開始。 ファイル名：Luigi.java
2023/05/12 22:14:15.344 [main] INFO   co.jp.stepCounter.infrastructure.log.Log4J2 StepCountExecutor:execStepCountInDirectory() ステップカウント処理開始。 ファイル名：Character.java
2023/05/12 22:14:15.344 [main] INFO   co.jp.stepCounter.infrastructure.log.Log4J2 StepCountExecutor:execStepCountInDirectory() ステップカウント処理開始。 ファイル名：HammerBros.java
2023/05/12 22:14:15.346 [main] INFO   co.jp.stepCounter.infrastructure.log.Log4J2 StepCountExecutor:execStepCountInDirectory() ステップカウント処理開始。 ファイル名：CharacterIf.java
2023/05/12 22:14:15.347 [main] INFO   co.jp.stepCounter.infrastructure.log.Log4J2 StepCountExecutor:execStepCountInDirectory() ステップカウント処理開始。 ファイル名：Main.java
2023/05/12 22:14:15.348 [main] INFO   co.jp.stepCounter.infrastructure.log.Log4J2 StepCountExecutor:execStepCountInDirectory() ステップカウント処理開始。 ファイル名：Constant.java
2023/05/12 22:14:15.349 [main] INFO   co.jp.stepCounter.infrastructure.log.Log4J2 StepCountCsvDao:save() ステップカウント結果出力開始。 ファイルパス：/Users/takashi.ebina/git/repository2/stepCounter/work/input/character/Mario.java
2023/05/12 22:14:15.350 [main] INFO   co.jp.stepCounter.infrastructure.log.Log4J2 StepCountCsvDao:save() ステップカウント結果出力開始。 ファイルパス：/Users/takashi.ebina/git/repository2/stepCounter/work/input/character/Luigi.java
2023/05/12 22:14:15.350 [main] INFO   co.jp.stepCounter.infrastructure.log.Log4J2 StepCountCsvDao:save() ステップカウント結果出力開始。 ファイルパス：/Users/takashi.ebina/git/repository2/stepCounter/work/input/character/Character.java
2023/05/12 22:14:15.350 [main] INFO   co.jp.stepCounter.infrastructure.log.Log4J2 StepCountCsvDao:save() ステップカウント結果出力開始。 ファイルパス：/Users/takashi.ebina/git/repository2/stepCounter/work/input/character/HammerBros.java
2023/05/12 22:14:15.351 [main] INFO   co.jp.stepCounter.infrastructure.log.Log4J2 StepCountCsvDao:save() ステップカウント結果出力開始。 ファイルパス：/Users/takashi.ebina/git/repository2/stepCounter/work/input/character/CharacterIf.java
2023/05/12 22:14:15.351 [main] INFO   co.jp.stepCounter.infrastructure.log.Log4J2 StepCountCsvDao:save() ステップカウント結果出力開始。 ファイルパス：/Users/takashi.ebina/git/repository2/stepCounter/work/input/logic/Main.java
2023/05/12 22:14:15.351 [main] INFO   co.jp.stepCounter.infrastructure.log.Log4J2 StepCountCsvDao:save() ステップカウント結果出力開始。 ファイルパス：/Users/takashi.ebina/git/repository2/stepCounter/work/input/constant/Constant.java
2023/05/12 22:14:15.352 [main] INFO   co.jp.stepCounter.infrastructure.log.Log4J2 StepCounterSharedService:execStepCount() -- ステップカウント処理 終了 ---------------------------------------
2023/05/12 22:14:15.355 [main] DEBUG  co.jp.stepCounter.infrastructure.log.Log4J2 ValidatorUtil:inputDirectoryCheck() 入力ディレクトリパスチェック ファイルパス：/Users/takashi.ebina/git/repository2/stepCounter/work/output/result.csv
2023/05/12 22:14:15.357 [main] DEBUG  co.jp.stepCounter.infrastructure.log.Log4J2 ValidatorUtil:inputDirectoryCheck() チェック結果：入力ファイルパスがファイル
2023/05/12 22:14:15.360 [main] DEBUG  co.jp.stepCounter.infrastructure.log.Log4J2 ValidatorUtil:inputDirectoryCheck() 入力ディレクトリパスチェック ファイルパス：/Users/takashi.ebina/git/repository2/stepCounter/work/input
2023/05/12 22:14:15.360 [main] DEBUG  co.jp.stepCounter.infrastructure.log.Log4J2 ValidatorUtil:outputFileCheck() 出力ファイルパスチェック ファイルパス：/Users/takashi.ebina/git/repository2/stepCounter/work/input
2023/05/12 22:14:15.361 [main] DEBUG  co.jp.stepCounter.infrastructure.log.Log4J2 ValidatorUtil:outputFileCheck() チェック結果：出力ファイルパスがディレクトリ
2023/05/12 22:14:15.365 [main] DEBUG  co.jp.stepCounter.infrastructure.log.Log4J2 ValidatorUtil:inputDirectoryCheck() 入力ディレクトリパスチェック ファイルパス：/Users/takashi.ebina/git/repository2/stepCounter/work/input
2023/05/12 22:14:15.365 [main] DEBUG  co.jp.stepCounter.infrastructure.log.Log4J2 ValidatorUtil:outputFileCheck() 出力ファイルパスチェック ファイルパス：/Users/takashi.ebina/git/repository2/stepCounter/work/output/result.csv
2023/05/12 22:14:15.370 [main] DEBUG  co.jp.stepCounter.infrastructure.log.Log4J2 ValidatorUtil:inputDirectoryCheck() 入力ディレクトリパスチェック ファイルパス：/Users/takashi.ebina/git/repository2/stepCounter/work/input
2023/05/12 22:14:15.371 [main] DEBUG  co.jp.stepCounter.infrastructure.log.Log4J2 ValidatorUtil:outputFileCheck() 出力ファイルパスチェック ファイルパス：/Users/takashi.ebina/git/repository2/stepCounter/work/output/result.csv
2023/05/12 22:55:27.295 [main] DEBUG  co.jp.stepCounter.infrastructure.log.Log4J2 ValidatorUtil:inputDirectoryCheck() 入力ディレクトリパスチェック ファイルパス：/Users/takashi.ebina/git/repository2/stepCounter/work/input
2023/05/12 22:55:27.300 [main] DEBUG  co.jp.stepCounter.infrastructure.log.Log4J2 ValidatorUtil:outputFileCheck() 出力ファイルパスチェック ファイルパス：/Users/takashi.ebina/git/repository2/stepCounter/work/output/result.csv
2023/05/12 22:55:27.304 [main] INFO   co.jp.stepCounter.infrastructure.log.Log4J2 StepCounterSharedService:execStepCount() -- ステップカウント処理 開始 ---------------------------------------
2023/05/12 22:55:27.311 [main] WARN   co.jp.stepCounter.infrastructure.log.Log4J2 StepCountExecutor:execStepCountInDirectory() ファイルの拡張子が未対応。ステップカウント処理をスキップ。 ファイル名：.DS_Store
2023/05/12 22:55:27.317 [main] INFO   co.jp.stepCounter.infrastructure.log.Log4J2 StepCountExecutor:execStepCountInDirectory() ステップカウント処理開始。 ファイル名：Mario.java
2023/05/12 22:55:27.321 [main] INFO   co.jp.stepCounter.infrastructure.log.Log4J2 StepCountExecutor:execStepCountInDirectory() ステップカウント処理開始。 ファイル名：Luigi.java
2023/05/12 22:55:27.322 [main] INFO   co.jp.stepCounter.infrastructure.log.Log4J2 StepCountExecutor:execStepCountInDirectory() ステップカウント処理開始。 ファイル名：Character.java
2023/05/12 22:55:27.325 [main] INFO   co.jp.stepCounter.infrastructure.log.Log4J2 StepCountExecutor:execStepCountInDirectory() ステップカウント処理開始。 ファイル名：HammerBros.java
2023/05/12 22:55:27.326 [main] INFO   co.jp.stepCounter.infrastructure.log.Log4J2 StepCountExecutor:execStepCountInDirectory() ステップカウント処理開始。 ファイル名：CharacterIf.java
2023/05/12 22:55:27.327 [main] INFO   co.jp.stepCounter.infrastructure.log.Log4J2 StepCountExecutor:execStepCountInDirectory() ステップカウント処理開始。 ファイル名：Main.java
2023/05/12 22:55:27.329 [main] INFO   co.jp.stepCounter.infrastructure.log.Log4J2 StepCountExecutor:execStepCountInDirectory() ステップカウント処理開始。 ファイル名：Constant.java
2023/05/12 22:55:27.336 [main] INFO   co.jp.stepCounter.infrastructure.log.Log4J2 StepCountCsvDao:save() ステップカウント結果出力開始。 ファイルパス：/Users/takashi.ebina/git/repository2/stepCounter/work/input/character/Character.java
2023/05/12 22:55:27.336 [main] INFO   co.jp.stepCounter.infrastructure.log.Log4J2 StepCountCsvDao:save() ステップカウント結果出力開始。 ファイルパス：/Users/takashi.ebina/git/repository2/stepCounter/work/input/character/CharacterIf.java
2023/05/12 22:55:27.337 [main] INFO   co.jp.stepCounter.infrastructure.log.Log4J2 StepCountCsvDao:save() ステップカウント結果出力開始。 ファイルパス：/Users/takashi.ebina/git/repository2/stepCounter/work/input/constant/Constant.java
2023/05/12 22:55:27.337 [main] INFO   co.jp.stepCounter.infrastructure.log.Log4J2 StepCountCsvDao:save() ステップカウント結果出力開始。 ファイルパス：/Users/takashi.ebina/git/repository2/stepCounter/work/input/character/HammerBros.java
2023/05/12 22:55:27.337 [main] INFO   co.jp.stepCounter.infrastructure.log.Log4J2 StepCountCsvDao:save() ステップカウント結果出力開始。 ファイルパス：/Users/takashi.ebina/git/repository2/stepCounter/work/input/character/Luigi.java
2023/05/12 22:55:27.338 [main] INFO   co.jp.stepCounter.infrastructure.log.Log4J2 StepCountCsvDao:save() ステップカウント結果出力開始。 ファイルパス：/Users/takashi.ebina/git/repository2/stepCounter/work/input/logic/Main.java
2023/05/12 22:55:27.338 [main] INFO   co.jp.stepCounter.infrastructure.log.Log4J2 StepCountCsvDao:save() ステップカウント結果出力開始。 ファイルパス：/Users/takashi.ebina/git/repository2/stepCounter/work/input/character/Mario.java
2023/05/12 22:55:27.338 [main] INFO   co.jp.stepCounter.infrastructure.log.Log4J2 StepCounterSharedService:execStepCount() -- ステップカウント処理 終了 ---------------------------------------
2023/05/12 22:55:27.345 [main] DEBUG  co.jp.stepCounter.infrastructure.log.Log4J2 ValidatorUtil:inputDirectoryCheck() 入力ディレクトリパスチェック ファイルパス：/Users/takashi.ebina/git/repository2/stepCounter/work/input
2023/05/12 22:55:27.346 [main] DEBUG  co.jp.stepCounter.infrastructure.log.Log4J2 ValidatorUtil:outputFileCheck() 出力ファイルパスチェック ファイルパス：/Users/takashi.ebina/git/repository2/stepCounter/work/output/result.csv
2023/05/12 22:55:27.347 [main] INFO   co.jp.stepCounter.infrastructure.log.Log4J2 StepCounterSharedService:execStepCount() -- ステップカウント処理 開始 ---------------------------------------
2023/05/12 22:55:27.348 [main] WARN   co.jp.stepCounter.infrastructure.log.Log4J2 StepCountExecutor:execStepCountInDirectory() ファイルの拡張子が未対応。ステップカウント処理をスキップ。 ファイル名：.DS_Store
2023/05/12 22:55:27.349 [main] INFO   co.jp.stepCounter.infrastructure.log.Log4J2 StepCountExecutor:execStepCountInDirectory() ステップカウント処理開始。 ファイル名：Mario.java
2023/05/12 22:55:27.349 [main] INFO   co.jp.stepCounter.infrastructure.log.Log4J2 StepCountExecutor:execStepCountInDirectory() ステップカウント処理開始。 ファイル名：Luigi.java
2023/05/12 22:55:27.350 [main] INFO   co.jp.stepCounter.infrastructure.log.Log4J2 StepCountExecutor:execStepCountInDirectory() ステップカウント処理開始。 ファイル名：Character.java
2023/05/12 22:55:27.352 [main] INFO   co.jp.stepCounter.infrastructure.log.Log4J2 StepCountExecutor:execStepCountInDirectory() ステップカウント処理開始。 ファイル名：HammerBros.java
2023/05/12 22:55:27.353 [main] INFO   co.jp.stepCounter.infrastructure.log.Log4J2 StepCountExecutor:execStepCountInDirectory() ステップカウント処理開始。 ファイル名：CharacterIf.java
2023/05/12 22:55:27.354 [main] INFO   co.jp.stepCounter.infrastructure.log.Log4J2 StepCountExecutor:execStepCountInDirectory() ステップカウント処理開始。 ファイル名：Main.java
2023/05/12 22:55:27.355 [main] INFO   co.jp.stepCounter.infrastructure.log.Log4J2 StepCountExecutor:execStepCountInDirectory() ステップカウント処理開始。 ファイル名：Constant.java
2023/05/12 22:55:27.356 [main] INFO   co.jp.stepCounter.infrastructure.log.Log4J2 StepCountCsvDao:save() ステップカウント結果出力開始。 ファイルパス：/Users/takashi.ebina/git/repository2/stepCounter/work/input/logic/Main.java
2023/05/12 22:55:27.356 [main] INFO   co.jp.stepCounter.infrastructure.log.Log4J2 StepCountCsvDao:save() ステップカウント結果出力開始。 ファイルパス：/Users/takashi.ebina/git/repository2/stepCounter/work/input/character/Character.java
2023/05/12 22:55:27.357 [main] INFO   co.jp.stepCounter.infrastructure.log.Log4J2 StepCountCsvDao:save() ステップカウント結果出力開始。 ファイルパス：/Users/takashi.ebina/git/repository2/stepCounter/work/input/constant/Constant.java
2023/05/12 22:55:27.357 [main] INFO   co.jp.stepCounter.infrastructure.log.Log4J2 StepCountCsvDao:save() ステップカウント結果出力開始。 ファイルパス：/Users/takashi.ebina/git/repository2/stepCounter/work/input/character/CharacterIf.java
2023/05/12 22:55:27.357 [main] INFO   co.jp.stepCounter.infrastructure.log.Log4J2 StepCountCsvDao:save() ステップカウント結果出力開始。 ファイルパス：/Users/takashi.ebina/git/repository2/stepCounter/work/input/character/Mario.java
2023/05/12 22:55:27.357 [main] INFO   co.jp.stepCounter.infrastructure.log.Log4J2 StepCountCsvDao:save() ステップカウント結果出力開始。 ファイルパス：/Users/takashi.ebina/git/repository2/stepCounter/work/input/character/Luigi.java
2023/05/12 22:55:27.357 [main] INFO   co.jp.stepCounter.infrastructure.log.Log4J2 StepCountCsvDao:save() ステップカウント結果出力開始。 ファイルパス：/Users/takashi.ebina/git/repository2/stepCounter/work/input/character/HammerBros.java
2023/05/12 22:55:27.358 [main] INFO   co.jp.stepCounter.infrastructure.log.Log4J2 StepCounterSharedService:execStepCount() -- ステップカウント処理 終了 ---------------------------------------
2023/05/12 22:55:27.361 [main] DEBUG  co.jp.stepCounter.infrastructure.log.Log4J2 ValidatorUtil:inputDirectoryCheck() 入力ディレクトリパスチェック ファイルパス：/Users/takashi.ebina/git/repository2/stepCounter/work/input
2023/05/12 22:55:27.362 [main] DEBUG  co.jp.stepCounter.infrastructure.log.Log4J2 ValidatorUtil:outputFileCheck() 出力ファイルパスチェック ファイルパス：/Users/takashi.ebina/git/repository2/stepCounter/work/output/result.csv
2023/05/12 22:55:27.362 [main] INFO   co.jp.stepCounter.infrastructure.log.Log4J2 StepCounterSharedService:execStepCount() -- ステップカウント処理 開始 ---------------------------------------
2023/05/12 22:55:27.363 [main] WARN   co.jp.stepCounter.infrastructure.log.Log4J2 StepCountExecutor:execStepCountInDirectory() ファイルの拡張子が未対応。ステップカウント処理をスキップ。 ファイル名：.DS_Store
2023/05/12 22:55:27.364 [main] INFO   co.jp.stepCounter.infrastructure.log.Log4J2 StepCountExecutor:execStepCountInDirectory() ステップカウント処理開始。 ファイル名：Mario.java
2023/05/12 22:55:27.364 [main] INFO   co.jp.stepCounter.infrastructure.log.Log4J2 StepCountExecutor:execStepCountInDirectory() ステップカウント処理開始。 ファイル名：Luigi.java
2023/05/12 22:55:27.365 [main] INFO   co.jp.stepCounter.infrastructure.log.Log4J2 StepCountExecutor:execStepCountInDirectory() ステップカウント処理開始。 ファイル名：Character.java
2023/05/12 22:55:27.366 [main] INFO   co.jp.stepCounter.infrastructure.log.Log4J2 StepCountExecutor:execStepCountInDirectory() ステップカウント処理開始。 ファイル名：HammerBros.java
2023/05/12 22:55:27.367 [main] INFO   co.jp.stepCounter.infrastructure.log.Log4J2 StepCountExecutor:execStepCountInDirectory() ステップカウント処理開始。 ファイル名：CharacterIf.java
2023/05/12 22:55:27.368 [main] INFO   co.jp.stepCounter.infrastructure.log.Log4J2 StepCountExecutor:execStepCountInDirectory() ステップカウント処理開始。 ファイル名：Main.java
2023/05/12 22:55:27.369 [main] INFO   co.jp.stepCounter.infrastructure.log.Log4J2 StepCountExecutor:execStepCountInDirectory() ステップカウント処理開始。 ファイル名：Constant.java
2023/05/12 22:55:27.370 [main] INFO   co.jp.stepCounter.infrastructure.log.Log4J2 StepCountCsvDao:save() ステップカウント結果出力開始。 ファイルパス：/Users/takashi.ebina/git/repository2/stepCounter/work/input/character/Mario.java
2023/05/12 22:55:27.370 [main] INFO   co.jp.stepCounter.infrastructure.log.Log4J2 StepCountCsvDao:save() ステップカウント結果出力開始。 ファイルパス：/Users/takashi.ebina/git/repository2/stepCounter/work/input/character/Luigi.java
2023/05/12 22:55:27.370 [main] INFO   co.jp.stepCounter.infrastructure.log.Log4J2 StepCountCsvDao:save() ステップカウント結果出力開始。 ファイルパス：/Users/takashi.ebina/git/repository2/stepCounter/work/input/character/Character.java
2023/05/12 22:55:27.371 [main] INFO   co.jp.stepCounter.infrastructure.log.Log4J2 StepCountCsvDao:save() ステップカウント結果出力開始。 ファイルパス：/Users/takashi.ebina/git/repository2/stepCounter/work/input/character/HammerBros.java
2023/05/12 22:55:27.371 [main] INFO   co.jp.stepCounter.infrastructure.log.Log4J2 StepCountCsvDao:save() ステップカウント結果出力開始。 ファイルパス：/Users/takashi.ebina/git/repository2/stepCounter/work/input/character/CharacterIf.java
2023/05/12 22:55:27.371 [main] INFO   co.jp.stepCounter.infrastructure.log.Log4J2 StepCountCsvDao:save() ステップカウント結果出力開始。 ファイルパス：/Users/takashi.ebina/git/repository2/stepCounter/work/input/logic/Main.java
2023/05/12 22:55:27.371 [main] INFO   co.jp.stepCounter.infrastructure.log.Log4J2 StepCountCsvDao:save() ステップカウント結果出力開始。 ファイルパス：/Users/takashi.ebina/git/repository2/stepCounter/work/input/constant/Constant.java
2023/05/12 22:55:27.372 [main] INFO   co.jp.stepCounter.infrastructure.log.Log4J2 StepCounterSharedService:execStepCount() -- ステップカウント処理 終了 ---------------------------------------
2023/05/12 22:55:27.376 [main] DEBUG  co.jp.stepCounter.infrastructure.log.Log4J2 ValidatorUtil:inputDirectoryCheck() 入力ディレクトリパスチェック ファイルパス：/Users/takashi.ebina/git/repository2/stepCounter/work/input
2023/05/12 22:55:27.377 [main] DEBUG  co.jp.stepCounter.infrastructure.log.Log4J2 ValidatorUtil:outputFileCheck() 出力ファイルパスチェック ファイルパス：/Users/takashi.ebina/git/repository2/stepCounter/work/output/result.csv
2023/05/12 22:55:27.377 [main] INFO   co.jp.stepCounter.infrastructure.log.Log4J2 StepCounterSharedService:execStepCount() -- ステップカウント処理 開始 ---------------------------------------
