2023/05/12 22:55:27.378 [main] WARN   co.jp.stepCounter.infrastructure.log.Log4J2 StepCountExecutor:execStepCountInDirectory() ファイルの拡張子が未対応。ステップカウント処理をスキップ。 ファイル名：.DS_Store
2023/05/12 22:55:27.387 [main] INFO   co.jp.stepCounter.infrastructure.log.Log4J2 StepCountExecutor:execStepCountInDirectory() ステップカウント処理開始。 ファイル名：Mario.java
2023/05/12 22:55:27.388 [main] INFO   co.jp.stepCounter.infrastructure.log.Log4J2 StepCountExecutor:execStepCountInDirectory() ステップカウント処理開始。 ファイル名：Luigi.java
2023/05/12 22:55:27.389 [main] INFO   co.jp.stepCounter.infrastructure.log.Log4J2 StepCountExecutor:execStepCountInDirectory() ステップカウント処理開始。 ファイル名：Character.java
2023/05/12 22:55:27.389 [main] INFO   co.jp.stepCounter.infrastructure.log.Log4J2 StepCountExecutor:execStepCountInDirectory() ステップカウント処理開始。 ファイル名：HammerBros.java
2023/05/12 22:55:27.390 [main] INFO   co.jp.stepCounter.infrastructure.log.Log4J2 StepCountExecutor:execStepCountInDirectory() ステップカウント処理開始。 ファイル名：CharacterIf.java
2023/05/12 22:55:27.391 [main] INFO   co.jp.stepCounter.infrastructure.log.Log4J2 StepCountExecutor:execStepCountInDirectory() ステップカウント処理開始。 ファイル名：Main.java
2023/05/12 22:55:27.392 [main] INFO   co.jp.stepCounter.infrastructure.log.Log4J2 StepCountExecutor:execStepCountInDirectory() ステップカウント処理開始。 ファイル名：Constant.java
2023/05/12 22:55:27.393 [main] INFO   co.jp.stepCounter.infrastructure.log.Log4J2 StepCountCsvDao:save() ステップカウント結果出力開始。 ファイルパス：/Users/takashi.ebina/git/repository2/stepCounter/work/input/character/Mario.java
2023/05/12 22:55:27.394 [main] INFO   co.jp.stepCounter.infrastructure.log.Log4J2 StepCountCsvDao:save() ステップカウント結果出力開始。 ファイルパス：/Users/takashi.ebina/git/repository2/stepCounter/work/input/character/Luigi.java
2023/05/12 22:55:27.394 [main] INFO   co.jp.stepCounter.infrastructure.log.Log4J2 StepCountCsvDao:save() ステップカウント結果出力開始。 ファイルパス：/Users/takashi.ebina/git/repository2/stepCounter/work/input/character/Character.java
2023/05/12 22:55:27.394 [main] INFO   co.jp.stepCounter.infrastructure.log.Log4J2 StepCountCsvDao:save() ステップカウント結果出力開始。 ファイルパス：/Users/takashi.ebina/git/repository2/stepCounter/work/input/character/HammerBros.java
2023/05/12 22:55:27.394 [main] INFO   co.jp.stepCounter.infrastructure.log.Log4J2 StepCountCsvDao:save() ステップカウント結果出力開始。 ファイルパス：/Users/takashi.ebina/git/repository2/stepCounter/work/input/character/CharacterIf.java
2023/05/12 22:55:27.395 [main] INFO   co.jp.stepCounter.infrastructure.log.Log4J2 StepCountCsvDao:save() ステップカウント結果出力開始。 ファイルパス：/Users/takashi.ebina/git/repository2/stepCounter/work/input/logic/Main.java
2023/05/12 22:55:27.395 [main] INFO   co.jp.stepCounter.infrastructure.log.Log4J2 StepCountCsvDao:save() ステップカウント結果出力開始。 ファイルパス：/Users/takashi.ebina/git/repository2/stepCounter/work/input/constant/Constant.java
2023/05/12 22:55:27.396 [main] INFO   co.jp.stepCounter.infrastructure.log.Log4J2 StepCounterSharedService:execStepCount() -- ステップカウント処理 終了 ---------------------------------------
2023/05/12 22:55:27.646 [main] DEBUG  co.jp.stepCounter.infrastructure.log.Log4J2 ValidatorUtil:inputDirectoryCheck() 入力ディレクトリパスチェック ファイルパス：/Users/takashi.ebina/git/repository2/stepCounter/work/output/result.csv
2023/05/12 22:55:27.647 [main] DEBUG  co.jp.stepCounter.infrastructure.log.Log4J2 ValidatorUtil:inputDirectoryCheck() チェック結果：入力ファイルパスがファイル
2023/05/12 22:55:27.651 [main] DEBUG  co.jp.stepCounter.infrastructure.log.Log4J2 ValidatorUtil:inputDirectoryCheck() 入力ディレクトリパスチェック ファイルパス：/Users/takashi.ebina/git/repository2/stepCounter/work/input
2023/05/12 22:55:27.652 [main] DEBUG  co.jp.stepCounter.infrastructure.log.Log4J2 ValidatorUtil:outputFileCheck() 出力ファイルパスチェック ファイルパス：/Users/takashi.ebina/git/repository2/stepCounter/work/input
2023/05/12 22:55:27.652 [main] DEBUG  co.jp.stepCounter.infrastructure.log.Log4J2 ValidatorUtil:outputFileCheck() チェック結果：出力ファイルパスがディレクトリ
2023/05/12 22:55:27.655 [main] DEBUG  co.jp.stepCounter.infrastructure.log.Log4J2 ValidatorUtil:inputDirectoryCheck() 入力ディレクトリパスチェック ファイルパス：/Users/takashi.ebina/git/repository2/stepCounter/work/input
2023/05/12 22:55:27.655 [main] DEBUG  co.jp.stepCounter.infrastructure.log.Log4J2 ValidatorUtil:outputFileCheck() 出力ファイルパスチェック ファイルパス：/Users/takashi.ebina/git/repository2/stepCounter/work/output/result.csv
2023/05/12 22:55:27.659 [main] DEBUG  co.jp.stepCounter.infrastructure.log.Log4J2 ValidatorUtil:inputDirectoryCheck() 入力ディレクトリパスチェック ファイルパス：/Users/takashi.ebina/git/repository2/stepCounter/work/input
2023/05/12 22:55:27.659 [main] DEBUG  co.jp.stepCounter.infrastructure.log.Log4J2 ValidatorUtil:outputFileCheck() 出力ファイルパスチェック ファイルパス：/Users/takashi.ebina/git/repository2/stepCounter/work/output/result.csv
2023/05/12 22:57:05.281 [main] DEBUG  co.jp.stepCounter.infrastructure.log.Log4J2 ValidatorUtil:inputDirectoryCheck() 入力ディレクトリパスチェック ファイルパス：/Users/takashi.ebina/git/repository2/stepCounter/work/input
2023/05/12 22:57:05.286 [main] DEBUG  co.jp.stepCounter.infrastructure.log.Log4J2 ValidatorUtil:outputFileCheck() 出力ファイルパスチェック ファイルパス：/Users/takashi.ebina/git/repository2/stepCounter/work/output/result.csv
2023/05/12 22:57:05.288 [main] INFO   co.jp.stepCounter.infrastructure.log.Log4J2 StepCounterSharedService:execStepCount() -- ステップカウント処理 開始 ---------------------------------------
2023/05/12 22:57:05.293 [main] WARN   co.jp.stepCounter.infrastructure.log.Log4J2 StepCountExecutor:execStepCountInDirectory() ファイルの拡張子が未対応。ステップカウント処理をスキップ。 ファイル名：.DS_Store
2023/05/12 22:57:05.296 [main] INFO   co.jp.stepCounter.infrastructure.log.Log4J2 StepCountExecutor:execStepCountInDirectory() ステップカウント処理開始。 ファイル名：Mario.java
2023/05/12 22:57:05.300 [main] INFO   co.jp.stepCounter.infrastructure.log.Log4J2 StepCountExecutor:execStepCountInDirectory() ステップカウント処理開始。 ファイル名：Luigi.java
2023/05/12 22:57:05.301 [main] INFO   co.jp.stepCounter.infrastructure.log.Log4J2 StepCountExecutor:execStepCountInDirectory() ステップカウント処理開始。 ファイル名：Character.java
2023/05/12 22:57:05.303 [main] INFO   co.jp.stepCounter.infrastructure.log.Log4J2 StepCountExecutor:execStepCountInDirectory() ステップカウント処理開始。 ファイル名：HammerBros.java
2023/05/12 22:57:05.305 [main] INFO   co.jp.stepCounter.infrastructure.log.Log4J2 StepCountExecutor:execStepCountInDirectory() ステップカウント処理開始。 ファイル名：CharacterIf.java
2023/05/12 22:57:05.309 [main] INFO   co.jp.stepCounter.infrastructure.log.Log4J2 StepCountExecutor:execStepCountInDirectory() ステップカウント処理開始。 ファイル名：Main.java
2023/05/12 22:57:05.313 [main] INFO   co.jp.stepCounter.infrastructure.log.Log4J2 StepCountExecutor:execStepCountInDirectory() ステップカウント処理開始。 ファイル名：Constant.java
2023/05/12 22:57:05.322 [main] INFO   co.jp.stepCounter.infrastructure.log.Log4J2 StepCountCsvDao:save() ステップカウント結果出力開始。 ファイルパス：/Users/takashi.ebina/git/repository2/stepCounter/work/input/character/Character.java
2023/05/12 22:57:05.323 [main] INFO   co.jp.stepCounter.infrastructure.log.Log4J2 StepCountCsvDao:save() ステップカウント結果出力開始。 ファイルパス：/Users/takashi.ebina/git/repository2/stepCounter/work/input/character/CharacterIf.java
2023/05/12 22:57:05.323 [main] INFO   co.jp.stepCounter.infrastructure.log.Log4J2 StepCountCsvDao:save() ステップカウント結果出力開始。 ファイルパス：/Users/takashi.ebina/git/repository2/stepCounter/work/input/constant/Constant.java
2023/05/12 22:57:05.323 [main] INFO   co.jp.stepCounter.infrastructure.log.Log4J2 StepCountCsvDao:save() ステップカウント結果出力開始。 ファイルパス：/Users/takashi.ebina/git/repository2/stepCounter/work/input/character/HammerBros.java
2023/05/12 22:57:05.324 [main] INFO   co.jp.stepCounter.infrastructure.log.Log4J2 StepCountCsvDao:save() ステップカウント結果出力開始。 ファイルパス：/Users/takashi.ebina/git/repository2/stepCounter/work/input/character/Luigi.java
2023/05/12 22:57:05.324 [main] INFO   co.jp.stepCounter.infrastructure.log.Log4J2 StepCountCsvDao:save() ステップカウント結果出力開始。 ファイルパス：/Users/takashi.ebina/git/repository2/stepCounter/work/input/logic/Main.java
2023/05/12 22:57:05.324 [main] INFO   co.jp.stepCounter.infrastructure.log.Log4J2 StepCountCsvDao:save() ステップカウント結果出力開始。 ファイルパス：/Users/takashi.ebina/git/repository2/stepCounter/work/input/character/Mario.java
2023/05/12 22:57:05.324 [main] INFO   co.jp.stepCounter.infrastructure.log.Log4J2 StepCounterSharedService:execStepCount() -- ステップカウント処理 終了 ---------------------------------------
2023/05/12 22:57:49.125 [main] DEBUG  co.jp.stepCounter.infrastructure.log.Log4J2 ValidatorUtil:inputDirectoryCheck() 入力ディレクトリパスチェック ファイルパス：/Users/takashi.ebina/git/repository2/stepCounter/work/input
2023/05/12 22:57:49.129 [main] DEBUG  co.jp.stepCounter.infrastructure.log.Log4J2 ValidatorUtil:outputFileCheck() 出力ファイルパスチェック ファイルパス：/Users/takashi.ebina/git/repository2/stepCounter/work/output/result.csv
2023/05/12 22:57:49.132 [main] INFO   co.jp.stepCounter.infrastructure.log.Log4J2 StepCounterSharedService:execStepCount() -- ステップカウント処理 開始 ---------------------------------------
2023/05/12 22:57:49.137 [main] WARN   co.jp.stepCounter.infrastructure.log.Log4J2 StepCountExecutor:execStepCountInDirectory() ファイルの拡張子が未対応。ステップカウント処理をスキップ。 ファイル名：.DS_Store
2023/05/12 22:57:49.142 [main] INFO   co.jp.stepCounter.infrastructure.log.Log4J2 StepCountExecutor:execStepCountInDirectory() ステップカウント処理開始。 ファイル名：Mario.java
2023/05/12 22:57:49.146 [main] INFO   co.jp.stepCounter.infrastructure.log.Log4J2 StepCountExecutor:execStepCountInDirectory() ステップカウント処理開始。 ファイル名：Luigi.java
2023/05/12 22:57:49.148 [main] INFO   co.jp.stepCounter.infrastructure.log.Log4J2 StepCountExecutor:execStepCountInDirectory() ステップカウント処理開始。 ファイル名：Character.java
2023/05/12 22:57:49.150 [main] INFO   co.jp.stepCounter.infrastructure.log.Log4J2 StepCountExecutor:execStepCountInDirectory() ステップカウント処理開始。 ファイル名：HammerBros.java
2023/05/12 22:57:49.152 [main] INFO   co.jp.stepCounter.infrastructure.log.Log4J2 StepCountExecutor:execStepCountInDirectory() ステップカウント処理開始。 ファイル名：CharacterIf.java
2023/05/12 22:57:49.153 [main] INFO   co.jp.stepCounter.infrastructure.log.Log4J2 StepCountExecutor:execStepCountInDirectory() ステップカウント処理開始。 ファイル名：Main.java
2023/05/12 22:57:49.155 [main] INFO   co.jp.stepCounter.infrastructure.log.Log4J2 StepCountExecutor:execStepCountInDirectory() ステップカウント処理開始。 ファイル名：Constant.java
2023/05/12 22:57:49.159 [main] INFO   co.jp.stepCounter.infrastructure.log.Log4J2 StepCountCsvDao:save() ステップカウント結果出力開始。 ファイルパス：/Users/takashi.ebina/git/repository2/stepCounter/work/input/character/Character.java
2023/05/12 22:57:49.160 [main] INFO   co.jp.stepCounter.infrastructure.log.Log4J2 StepCountCsvDao:save() ステップカウント結果出力開始。 ファイルパス：/Users/takashi.ebina/git/repository2/stepCounter/work/input/character/CharacterIf.java
2023/05/12 22:57:49.160 [main] INFO   co.jp.stepCounter.infrastructure.log.Log4J2 StepCountCsvDao:save() ステップカウント結果出力開始。 ファイルパス：/Users/takashi.ebina/git/repository2/stepCounter/work/input/constant/Constant.java
2023/05/12 22:57:49.160 [main] INFO   co.jp.stepCounter.infrastructure.log.Log4J2 StepCountCsvDao:save() ステップカウント結果出力開始。 ファイルパス：/Users/takashi.ebina/git/repository2/stepCounter/work/input/character/HammerBros.java
2023/05/12 22:57:49.161 [main] INFO   co.jp.stepCounter.infrastructure.log.Log4J2 StepCountCsvDao:save() ステップカウント結果出力開始。 ファイルパス：/Users/takashi.ebina/git/repository2/stepCounter/work/input/character/Luigi.java
2023/05/12 22:57:49.161 [main] INFO   co.jp.stepCounter.infrastructure.log.Log4J2 StepCountCsvDao:save() ステップカウント結果出力開始。 ファイルパス：/Users/takashi.ebina/git/repository2/stepCounter/work/input/logic/Main.java
2023/05/12 22:57:49.161 [main] INFO   co.jp.stepCounter.infrastructure.log.Log4J2 StepCountCsvDao:save() ステップカウント結果出力開始。 ファイルパス：/Users/takashi.ebina/git/repository2/stepCounter/work/input/character/Mario.java
2023/05/12 22:57:49.162 [main] INFO   co.jp.stepCounter.infrastructure.log.Log4J2 StepCounterSharedService:execStepCount() -- ステップカウント処理 終了 ---------------------------------------
2023/05/12 23:03:27.763 [main] DEBUG  co.jp.stepCounter.infrastructure.log.Log4J2 ValidatorUtil:inputDirectoryCheck() 入力ディレクトリパスチェック ファイルパス：/Users/takashi.ebina/git/repository2/stepCounter/work/input
2023/05/12 23:03:27.766 [main] DEBUG  co.jp.stepCounter.infrastructure.log.Log4J2 ValidatorUtil:outputFileCheck() 出力ファイルパスチェック ファイルパス：/Users/takashi.ebina/git/repository2/stepCounter/work/output/result.csv
2023/05/12 23:03:27.769 [main] INFO   co.jp.stepCounter.infrastructure.log.Log4J2 StepCounterSharedService:execStepCount() -- ステップカウント処理 開始 ---------------------------------------
2023/05/12 23:03:27.778 [main] WARN   co.jp.stepCounter.infrastructure.log.Log4J2 StepCountExecutor:execStepCountInDirectory() ファイルの拡張子が未対応。ステップカウント処理をスキップ。 ファイル名：.DS_Store
2023/05/12 23:03:27.785 [main] INFO   co.jp.stepCounter.infrastructure.log.Log4J2 StepCountExecutor:execStepCountInDirectory() ステップカウント処理開始。 ファイル名：Mario.java
2023/05/12 23:03:27.789 [main] INFO   co.jp.stepCounter.infrastructure.log.Log4J2 StepCountExecutor:execStepCountInDirectory() ステップカウント処理開始。 ファイル名：Luigi.java
2023/05/12 23:03:27.790 [main] INFO   co.jp.stepCounter.infrastructure.log.Log4J2 StepCountExecutor:execStepCountInDirectory() ステップカウント処理開始。 ファイル名：Character.java
2023/05/12 23:03:27.793 [main] INFO   co.jp.stepCounter.infrastructure.log.Log4J2 StepCountExecutor:execStepCountInDirectory() ステップカウント処理開始。 ファイル名：HammerBros.java
2023/05/12 23:03:27.794 [main] INFO   co.jp.stepCounter.infrastructure.log.Log4J2 StepCountExecutor:execStepCountInDirectory() ステップカウント処理開始。 ファイル名：CharacterIf.java
2023/05/12 23:03:27.795 [main] INFO   co.jp.stepCounter.infrastructure.log.Log4J2 StepCountExecutor:execStepCountInDirectory() ステップカウント処理開始。 ファイル名：Main.java
2023/05/12 23:03:27.798 [main] INFO   co.jp.stepCounter.infrastructure.log.Log4J2 StepCountExecutor:execStepCountInDirectory() ステップカウント処理開始。 ファイル名：Constant.java
2023/05/12 23:03:27.803 [main] INFO   co.jp.stepCounter.infrastructure.log.Log4J2 StepCountCsvDao:save() ステップカウント結果出力開始。 ファイルパス：/Users/takashi.ebina/git/repository2/stepCounter/work/input/character/Character.java
2023/05/12 23:03:27.803 [main] INFO   co.jp.stepCounter.infrastructure.log.Log4J2 StepCountCsvDao:save() ステップカウント結果出力開始。 ファイルパス：/Users/takashi.ebina/git/repository2/stepCounter/work/input/character/CharacterIf.java
2023/05/12 23:03:27.803 [main] INFO   co.jp.stepCounter.infrastructure.log.Log4J2 StepCountCsvDao:save() ステップカウント結果出力開始。 ファイルパス：/Users/takashi.ebina/git/repository2/stepCounter/work/input/constant/Constant.java
2023/05/12 23:03:27.803 [main] INFO   co.jp.stepCounter.infrastructure.log.Log4J2 StepCountCsvDao:save() ステップカウント結果出力開始。 ファイルパス：/Users/takashi.ebina/git/repository2/stepCounter/work/input/character/HammerBros.java
2023/05/12 23:03:27.804 [main] INFO   co.jp.stepCounter.infrastructure.log.Log4J2 StepCountCsvDao:save() ステップカウント結果出力開始。 ファイルパス：/Users/takashi.ebina/git/repository2/stepCounter/work/input/character/Luigi.java
2023/05/12 23:03:27.804 [main] INFO   co.jp.stepCounter.infrastructure.log.Log4J2 StepCountCsvDao:save() ステップカウント結果出力開始。 ファイルパス：/Users/takashi.ebina/git/repository2/stepCounter/work/input/logic/Main.java
2023/05/12 23:03:27.804 [main] INFO   co.jp.stepCounter.infrastructure.log.Log4J2 StepCountCsvDao:save() ステップカウント結果出力開始。 ファイルパス：/Users/takashi.ebina/git/repository2/stepCounter/work/input/character/Mario.java
2023/05/12 23:03:27.805 [main] INFO   co.jp.stepCounter.infrastructure.log.Log4J2 StepCounterSharedService:execStepCount() -- ステップカウント処理 終了 ---------------------------------------
2023/05/12 23:31:47.372 [main] DEBUG  co.jp.stepCounter.infrastructure.log.Log4J2 ValidatorUtil:inputDirectoryCheck() 入力ディレクトリパスチェック ファイルパス：/Users/takashi.ebina/git/repository2/stepCounter/work/input
2023/05/12 23:31:47.375 [main] DEBUG  co.jp.stepCounter.infrastructure.log.Log4J2 ValidatorUtil:outputFileCheck() 出力ファイルパスチェック ファイルパス：/Users/takashi.ebina/git/repository2/stepCounter/work/output/result.csv
2023/05/12 23:31:47.378 [main] INFO   co.jp.stepCounter.infrastructure.log.Log4J2 StepCounterSharedService:execStepCount() -- ステップカウント処理 開始 ---------------------------------------
2023/05/12 23:31:47.383 [main] WARN   co.jp.stepCounter.infrastructure.log.Log4J2 StepCountExecutor:execStepCountInDirectory() ファイルの拡張子が未対応。ステップカウント処理をスキップ。 ファイル名：.DS_Store
2023/05/12 23:31:47.387 [main] INFO   co.jp.stepCounter.infrastructure.log.Log4J2 StepCountExecutor:execStepCountInDirectory() ステップカウント処理開始。 ファイル名：Mario.java
2023/05/12 23:31:47.390 [main] INFO   co.jp.stepCounter.infrastructure.log.Log4J2 StepCountExecutor:execStepCountInDirectory() ステップカウント処理開始。 ファイル名：Luigi.java
2023/05/12 23:31:47.391 [main] INFO   co.jp.stepCounter.infrastructure.log.Log4J2 StepCountExecutor:execStepCountInDirectory() ステップカウント処理開始。 ファイル名：Character.java
2023/05/12 23:31:47.394 [main] INFO   co.jp.stepCounter.infrastructure.log.Log4J2 StepCountExecutor:execStepCountInDirectory() ステップカウント処理開始。 ファイル名：HammerBros.java
2023/05/12 23:31:47.394 [main] INFO   co.jp.stepCounter.infrastructure.log.Log4J2 StepCountExecutor:execStepCountInDirectory() ステップカウント処理開始。 ファイル名：CharacterIf.java
2023/05/12 23:31:47.396 [main] INFO   co.jp.stepCounter.infrastructure.log.Log4J2 StepCountExecutor:execStepCountInDirectory() ステップカウント処理開始。 ファイル名：Main.java
2023/05/12 23:31:47.399 [main] INFO   co.jp.stepCounter.infrastructure.log.Log4J2 StepCountExecutor:execStepCountInDirectory() ステップカウント処理開始。 ファイル名：Constant.java
2023/05/12 23:31:47.403 [main] INFO   co.jp.stepCounter.infrastructure.log.Log4J2 StepCountCsvDao:save() ステップカウント結果出力開始。 ファイルパス：/Users/takashi.ebina/git/repository2/stepCounter/work/input/character/Character.java
2023/05/12 23:31:47.404 [main] INFO   co.jp.stepCounter.infrastructure.log.Log4J2 StepCountCsvDao:save() ステップカウント結果出力開始。 ファイルパス：/Users/takashi.ebina/git/repository2/stepCounter/work/input/character/CharacterIf.java
2023/05/12 23:31:47.404 [main] INFO   co.jp.stepCounter.infrastructure.log.Log4J2 StepCountCsvDao:save() ステップカウント結果出力開始。 ファイルパス：/Users/takashi.ebina/git/repository2/stepCounter/work/input/constant/Constant.java
2023/05/12 23:31:47.404 [main] INFO   co.jp.stepCounter.infrastructure.log.Log4J2 StepCountCsvDao:save() ステップカウント結果出力開始。 ファイルパス：/Users/takashi.ebina/git/repository2/stepCounter/work/input/character/HammerBros.java
2023/05/12 23:31:47.404 [main] INFO   co.jp.stepCounter.infrastructure.log.Log4J2 StepCountCsvDao:save() ステップカウント結果出力開始。 ファイルパス：/Users/takashi.ebina/git/repository2/stepCounter/work/input/character/Luigi.java
2023/05/12 23:31:47.404 [main] INFO   co.jp.stepCounter.infrastructure.log.Log4J2 StepCountCsvDao:save() ステップカウント結果出力開始。 ファイルパス：/Users/takashi.ebina/git/repository2/stepCounter/work/input/logic/Main.java
2023/05/12 23:31:47.405 [main] INFO   co.jp.stepCounter.infrastructure.log.Log4J2 StepCountCsvDao:save() ステップカウント結果出力開始。 ファイルパス：/Users/takashi.ebina/git/repository2/stepCounter/work/input/character/Mario.java
2023/05/12 23:31:47.405 [main] INFO   co.jp.stepCounter.infrastructure.log.Log4J2 StepCounterSharedService:execStepCount() -- ステップカウント処理 終了 ---------------------------------------
2023/05/12 23:45:29.581 [main] DEBUG  co.jp.stepCounter.infrastructure.log.Log4J2 ValidatorUtil:inputDirectoryCheck() 入力ディレクトリパスチェック ファイルパス：/Users/takashi.ebina/git/repository2/stepCounter/work/input
2023/05/12 23:45:29.586 [main] DEBUG  co.jp.stepCounter.infrastructure.log.Log4J2 ValidatorUtil:outputFileCheck() 出力ファイルパスチェック ファイルパス：/Users/takashi.ebina/git/repository2/stepCounter/work/output/result.csv
2023/05/12 23:45:29.588 [main] INFO   co.jp.stepCounter.infrastructure.log.Log4J2 StepCounterSharedService:execStepCount() -- ステップカウント処理 開始 ---------------------------------------
2023/05/12 23:45:29.593 [main] WARN   co.jp.stepCounter.infrastructure.log.Log4J2 StepCountExecutor:execStepCountInDirectory() ファイルの拡張子が未対応。ステップカウント処理をスキップ。 ファイル名：.DS_Store
2023/05/12 23:45:29.598 [main] INFO   co.jp.stepCounter.infrastructure.log.Log4J2 StepCountExecutor:execStepCountInDirectory() ステップカウント処理開始。 ファイル名：Mario.java
2023/05/12 23:45:29.603 [main] INFO   co.jp.stepCounter.infrastructure.log.Log4J2 StepCountExecutor:execStepCountInDirectory() ステップカウント処理開始。 ファイル名：Luigi.java
2023/05/12 23:45:29.604 [main] INFO   co.jp.stepCounter.infrastructure.log.Log4J2 StepCountExecutor:execStepCountInDirectory() ステップカウント処理開始。 ファイル名：Character.java
2023/05/12 23:45:29.606 [main] INFO   co.jp.stepCounter.infrastructure.log.Log4J2 StepCountExecutor:execStepCountInDirectory() ステップカウント処理開始。 ファイル名：HammerBros.java
2023/05/12 23:45:29.607 [main] INFO   co.jp.stepCounter.infrastructure.log.Log4J2 StepCountExecutor:execStepCountInDirectory() ステップカウント処理開始。 ファイル名：CharacterIf.java
2023/05/12 23:45:29.608 [main] INFO   co.jp.stepCounter.infrastructure.log.Log4J2 StepCountExecutor:execStepCountInDirectory() ステップカウント処理開始。 ファイル名：Main.java
2023/05/12 23:45:29.611 [main] INFO   co.jp.stepCounter.infrastructure.log.Log4J2 StepCountExecutor:execStepCountInDirectory() ステップカウント処理開始。 ファイル名：Constant.java
2023/05/12 23:45:29.616 [main] INFO   co.jp.stepCounter.infrastructure.log.Log4J2 StepCountCsvDao:save() ステップカウント結果出力開始。 ファイルパス：/Users/takashi.ebina/git/repository2/stepCounter/work/input/character/Character.java
2023/05/12 23:45:29.617 [main] INFO   co.jp.stepCounter.infrastructure.log.Log4J2 StepCountCsvDao:save() ステップカウント結果出力開始。 ファイルパス：/Users/takashi.ebina/git/repository2/stepCounter/work/input/character/CharacterIf.java
2023/05/12 23:45:29.617 [main] INFO   co.jp.stepCounter.infrastructure.log.Log4J2 StepCountCsvDao:save() ステップカウント結果出力開始。 ファイルパス：/Users/takashi.ebina/git/repository2/stepCounter/work/input/constant/Constant.java
2023/05/12 23:45:29.617 [main] INFO   co.jp.stepCounter.infrastructure.log.Log4J2 StepCountCsvDao:save() ステップカウント結果出力開始。 ファイルパス：/Users/takashi.ebina/git/repository2/stepCounter/work/input/character/HammerBros.java
2023/05/12 23:45:29.618 [main] INFO   co.jp.stepCounter.infrastructure.log.Log4J2 StepCountCsvDao:save() ステップカウント結果出力開始。 ファイルパス：/Users/takashi.ebina/git/repository2/stepCounter/work/input/character/Luigi.java
2023/05/12 23:45:29.618 [main] INFO   co.jp.stepCounter.infrastructure.log.Log4J2 StepCountCsvDao:save() ステップカウント結果出力開始。 ファイルパス：/Users/takashi.ebina/git/repository2/stepCounter/work/input/logic/Main.java
2023/05/12 23:45:29.619 [main] INFO   co.jp.stepCounter.infrastructure.log.Log4J2 StepCountCsvDao:save() ステップカウント結果出力開始。 ファイルパス：/Users/takashi.ebina/git/repository2/stepCounter/work/input/character/Mario.java
2023/05/12 23:45:29.620 [main] INFO   co.jp.stepCounter.infrastructure.log.Log4J2 StepCounterSharedService:execStepCount() -- ステップカウント処理 終了 ---------------------------------------
2023/05/12 23:48:45.696 [main] DEBUG  co.jp.stepCounter.infrastructure.log.Log4J2 ValidatorUtil:inputDirectoryCheck() 入力ディレクトリパスチェック ファイルパス：/Users/takashi.ebina/git/repository2/stepCounter/work/input
2023/05/12 23:48:45.699 [main] DEBUG  co.jp.stepCounter.infrastructure.log.Log4J2 ValidatorUtil:outputFileCheck() 出力ファイルパスチェック ファイルパス：/Users/takashi.ebina/git/repository2/stepCounter/work/output/result.csv
2023/05/12 23:48:45.702 [main] INFO   co.jp.stepCounter.infrastructure.log.Log4J2 StepCounterSharedService:execStepCount() -- ステップカウント処理 開始 ---------------------------------------
2023/05/12 23:48:45.706 [main] WARN   co.jp.stepCounter.infrastructure.log.Log4J2 StepCountExecutor:execStepCountInDirectory() ファイルの拡張子が未対応。ステップカウント処理をスキップ。 ファイル名：.DS_Store
2023/05/12 23:48:45.709 [main] INFO   co.jp.stepCounter.infrastructure.log.Log4J2 StepCountExecutor:execStepCountInDirectory() ステップカウント処理開始。 ファイル名：Mario.java
2023/05/12 23:48:45.712 [main] INFO   co.jp.stepCounter.infrastructure.log.Log4J2 StepCountExecutor:execStepCountInDirectory() ステップカウント処理開始。 ファイル名：Luigi.java
2023/05/12 23:48:45.713 [main] INFO   co.jp.stepCounter.infrastructure.log.Log4J2 StepCountExecutor:execStepCountInDirectory() ステップカウント処理開始。 ファイル名：Character.java
2023/05/12 23:48:45.715 [main] INFO   co.jp.stepCounter.infrastructure.log.Log4J2 StepCountExecutor:execStepCountInDirectory() ステップカウント処理開始。 ファイル名：HammerBros.java
2023/05/12 23:48:45.716 [main] INFO   co.jp.stepCounter.infrastructure.log.Log4J2 StepCountExecutor:execStepCountInDirectory() ステップカウント処理開始。 ファイル名：CharacterIf.java
2023/05/12 23:48:45.718 [main] INFO   co.jp.stepCounter.infrastructure.log.Log4J2 StepCountExecutor:execStepCountInDirectory() ステップカウント処理開始。 ファイル名：Main.java
2023/05/12 23:48:45.721 [main] INFO   co.jp.stepCounter.infrastructure.log.Log4J2 StepCountExecutor:execStepCountInDirectory() ステップカウント処理開始。 ファイル名：Constant.java
2023/05/12 23:48:45.725 [main] INFO   co.jp.stepCounter.infrastructure.log.Log4J2 StepCountCsvDao:save() ステップカウント結果出力開始。 ファイルパス：/Users/takashi.ebina/git/repository2/stepCounter/work/input/character/Character.java
2023/05/12 23:48:45.725 [main] INFO   co.jp.stepCounter.infrastructure.log.Log4J2 StepCountCsvDao:save() ステップカウント結果出力開始。 ファイルパス：/Users/takashi.ebina/git/repository2/stepCounter/work/input/character/CharacterIf.java
2023/05/12 23:48:45.725 [main] INFO   co.jp.stepCounter.infrastructure.log.Log4J2 StepCountCsvDao:save() ステップカウント結果出力開始。 ファイルパス：/Users/takashi.ebina/git/repository2/stepCounter/work/input/constant/Constant.java
2023/05/12 23:48:45.725 [main] INFO   co.jp.stepCounter.infrastructure.log.Log4J2 StepCountCsvDao:save() ステップカウント結果出力開始。 ファイルパス：/Users/takashi.ebina/git/repository2/stepCounter/work/input/character/HammerBros.java
2023/05/12 23:48:45.725 [main] INFO   co.jp.stepCounter.infrastructure.log.Log4J2 StepCountCsvDao:save() ステップカウント結果出力開始。 ファイルパス：/Users/takashi.ebina/git/repository2/stepCounter/work/input/character/Luigi.java
2023/05/12 23:48:45.726 [main] INFO   co.jp.stepCounter.infrastructure.log.Log4J2 StepCountCsvDao:save() ステップカウント結果出力開始。 ファイルパス：/Users/takashi.ebina/git/repository2/stepCounter/work/input/logic/Main.java
2023/05/12 23:48:45.726 [main] INFO   co.jp.stepCounter.infrastructure.log.Log4J2 StepCountCsvDao:save() ステップカウント結果出力開始。 ファイルパス：/Users/takashi.ebina/git/repository2/stepCounter/work/input/character/Mario.java
2023/05/12 23:48:45.726 [main] INFO   co.jp.stepCounter.infrastructure.log.Log4J2 StepCounterSharedService:execStepCount() -- ステップカウント処理 終了 ---------------------------------------
2023/05/12 23:57:10.161 [main] DEBUG  co.jp.stepCounter.infrastructure.log.Log4J2 ValidatorUtil:inputDirectoryCheck() 入力ディレクトリパスチェック ファイルパス：/Users/takashi.ebina/git/repository2/stepCounter/work/input
2023/05/12 23:57:10.169 [main] DEBUG  co.jp.stepCounter.infrastructure.log.Log4J2 ValidatorUtil:outputFileCheck() 出力ファイルパスチェック ファイルパス：/Users/takashi.ebina/git/repository2/stepCounter/work/output/result.csv
2023/05/12 23:57:10.172 [main] INFO   co.jp.stepCounter.infrastructure.log.Log4J2 StepCounterSharedService:execStepCount() -- ステップカウント処理 開始 ---------------------------------------
2023/05/12 23:57:10.177 [main] WARN   co.jp.stepCounter.infrastructure.log.Log4J2 StepCountExecutor:execStepCountInDirectory() ファイルの拡張子が未対応。ステップカウント処理をスキップ。 ファイル名：.DS_Store
2023/05/12 23:57:10.181 [main] INFO   co.jp.stepCounter.infrastructure.log.Log4J2 StepCountExecutor:execStepCountInDirectory() ステップカウント処理開始。 ファイル名：Mario.java
2023/05/12 23:57:10.185 [main] INFO   co.jp.stepCounter.infrastructure.log.Log4J2 StepCountExecutor:execStepCountInDirectory() ステップカウント処理開始。 ファイル名：Luigi.java
2023/05/12 23:57:10.186 [main] INFO   co.jp.stepCounter.infrastructure.log.Log4J2 StepCountExecutor:execStepCountInDirectory() ステップカウント処理開始。 ファイル名：Character.java
2023/05/12 23:57:10.188 [main] INFO   co.jp.stepCounter.infrastructure.log.Log4J2 StepCountExecutor:execStepCountInDirectory() ステップカウント処理開始。 ファイル名：HammerBros.java
2023/05/12 23:57:10.189 [main] INFO   co.jp.stepCounter.infrastructure.log.Log4J2 StepCountExecutor:execStepCountInDirectory() ステップカウント処理開始。 ファイル名：CharacterIf.java
2023/05/12 23:57:10.190 [main] INFO   co.jp.stepCounter.infrastructure.log.Log4J2 StepCountExecutor:execStepCountInDirectory() ステップカウント処理開始。 ファイル名：Main.java
2023/05/12 23:57:10.193 [main] INFO   co.jp.stepCounter.infrastructure.log.Log4J2 StepCountExecutor:execStepCountInDirectory() ステップカウント処理開始。 ファイル名：Constant.java
2023/05/12 23:57:10.198 [main] INFO   co.jp.stepCounter.infrastructure.log.Log4J2 StepCountCsvDao:save() ステップカウント結果出力開始。 ファイルパス：/Users/takashi.ebina/git/repository2/stepCounter/work/input/character/Character.java
2023/05/12 23:57:10.198 [main] INFO   co.jp.stepCounter.infrastructure.log.Log4J2 StepCountCsvDao:save() ステップカウント結果出力開始。 ファイルパス：/Users/takashi.ebina/git/repository2/stepCounter/work/input/character/CharacterIf.java
2023/05/12 23:57:10.198 [main] INFO   co.jp.stepCounter.infrastructure.log.Log4J2 StepCountCsvDao:save() ステップカウント結果出力開始。 ファイルパス：/Users/takashi.ebina/git/repository2/stepCounter/work/input/constant/Constant.java
2023/05/12 23:57:10.199 [main] INFO   co.jp.stepCounter.infrastructure.log.Log4J2 StepCountCsvDao:save() ステップカウント結果出力開始。 ファイルパス：/Users/takashi.ebina/git/repository2/stepCounter/work/input/character/HammerBros.java
2023/05/12 23:57:10.199 [main] INFO   co.jp.stepCounter.infrastructure.log.Log4J2 StepCountCsvDao:save() ステップカウント結果出力開始。 ファイルパス：/Users/takashi.ebina/git/repository2/stepCounter/work/input/character/Luigi.java
2023/05/12 23:57:10.199 [main] INFO   co.jp.stepCounter.infrastructure.log.Log4J2 StepCountCsvDao:save() ステップカウント結果出力開始。 ファイルパス：/Users/takashi.ebina/git/repository2/stepCounter/work/input/logic/Main.java
2023/05/12 23:57:10.199 [main] INFO   co.jp.stepCounter.infrastructure.log.Log4J2 StepCountCsvDao:save() ステップカウント結果出力開始。 ファイルパス：/Users/takashi.ebina/git/repository2/stepCounter/work/input/character/Mario.java
2023/05/12 23:57:10.199 [main] INFO   co.jp.stepCounter.infrastructure.log.Log4J2 StepCounterSharedService:execStepCount() -- ステップカウント処理 終了 ---------------------------------------
2023/05/12 23:58:08.059 [main] DEBUG  co.jp.stepCounter.infrastructure.log.Log4J2 ValidatorUtil:inputDirectoryCheck() 入力ディレクトリパスチェック ファイルパス：/Users/takashi.ebina/git/repository2/stepCounter/work/input
2023/05/12 23:58:08.062 [main] DEBUG  co.jp.stepCounter.infrastructure.log.Log4J2 ValidatorUtil:outputFileCheck() 出力ファイルパスチェック ファイルパス：/Users/takashi.ebina/git/repository2/stepCounter/work/output/result.csv
2023/05/12 23:58:08.064 [main] INFO   co.jp.stepCounter.infrastructure.log.Log4J2 StepCounterSharedService:execStepCount() -- ステップカウント処理 開始 ---------------------------------------
2023/05/12 23:58:08.069 [main] WARN   co.jp.stepCounter.infrastructure.log.Log4J2 StepCountExecutor:execStepCountInDirectory() ファイルの拡張子が未対応。ステップカウント処理をスキップ。 ファイル名：.DS_Store
2023/05/12 23:58:08.072 [main] INFO   co.jp.stepCounter.infrastructure.log.Log4J2 StepCountExecutor:execStepCountInDirectory() ステップカウント処理開始。 ファイル名：Mario.java
2023/05/12 23:58:08.078 [main] INFO   co.jp.stepCounter.infrastructure.log.Log4J2 StepCountExecutor:execStepCountInDirectory() ステップカウント処理開始。 ファイル名：Luigi.java
2023/05/12 23:58:08.079 [main] INFO   co.jp.stepCounter.infrastructure.log.Log4J2 StepCountExecutor:execStepCountInDirectory() ステップカウント処理開始。 ファイル名：Character.java
2023/05/12 23:58:08.082 [main] INFO   co.jp.stepCounter.infrastructure.log.Log4J2 StepCountExecutor:execStepCountInDirectory() ステップカウント処理開始。 ファイル名：HammerBros.java
2023/05/12 23:58:08.083 [main] INFO   co.jp.stepCounter.infrastructure.log.Log4J2 StepCountExecutor:execStepCountInDirectory() ステップカウント処理開始。 ファイル名：CharacterIf.java
2023/05/12 23:58:08.085 [main] INFO   co.jp.stepCounter.infrastructure.log.Log4J2 StepCountExecutor:execStepCountInDirectory() ステップカウント処理開始。 ファイル名：Main.java
2023/05/12 23:58:08.087 [main] INFO   co.jp.stepCounter.infrastructure.log.Log4J2 StepCountExecutor:execStepCountInDirectory() ステップカウント処理開始。 ファイル名：Constant.java
2023/05/12 23:58:08.090 [main] INFO   co.jp.stepCounter.infrastructure.log.Log4J2 StepCountCsvDao:save() ステップカウント結果出力開始。 ファイルパス：/Users/takashi.ebina/git/repository2/stepCounter/work/input/character/Character.java
2023/05/12 23:58:08.091 [main] INFO   co.jp.stepCounter.infrastructure.log.Log4J2 StepCountCsvDao:save() ステップカウント結果出力開始。 ファイルパス：/Users/takashi.ebina/git/repository2/stepCounter/work/input/character/CharacterIf.java
2023/05/12 23:58:08.091 [main] INFO   co.jp.stepCounter.infrastructure.log.Log4J2 StepCountCsvDao:save() ステップカウント結果出力開始。 ファイルパス：/Users/takashi.ebina/git/repository2/stepCounter/work/input/constant/Constant.java
2023/05/12 23:58:08.091 [main] INFO   co.jp.stepCounter.infrastructure.log.Log4J2 StepCountCsvDao:save() ステップカウント結果出力開始。 ファイルパス：/Users/takashi.ebina/git/repository2/stepCounter/work/input/character/HammerBros.java
2023/05/12 23:58:08.091 [main] INFO   co.jp.stepCounter.infrastructure.log.Log4J2 StepCountCsvDao:save() ステップカウント結果出力開始。 ファイルパス：/Users/takashi.ebina/git/repository2/stepCounter/work/input/character/Luigi.java
2023/05/12 23:58:08.092 [main] INFO   co.jp.stepCounter.infrastructure.log.Log4J2 StepCountCsvDao:save() ステップカウント結果出力開始。 ファイルパス：/Users/takashi.ebina/git/repository2/stepCounter/work/input/logic/Main.java
2023/05/12 23:58:08.092 [main] INFO   co.jp.stepCounter.infrastructure.log.Log4J2 StepCountCsvDao:save() ステップカウント結果出力開始。 ファイルパス：/Users/takashi.ebina/git/repository2/stepCounter/work/input/character/Mario.java
2023/05/12 23:58:08.092 [main] INFO   co.jp.stepCounter.infrastructure.log.Log4J2 StepCounterSharedService:execStepCount() -- ステップカウント処理 終了 ---------------------------------------
2023/05/13 00:01:04.213 [main] DEBUG  co.jp.stepCounter.infrastructure.log.Log4J2 ValidatorUtil:inputDirectoryCheck() 入力ディレクトリパスチェック ファイルパス：/Users/takashi.ebina/git/repository2/stepCounter/work/input
2023/05/13 00:01:04.216 [main] DEBUG  co.jp.stepCounter.infrastructure.log.Log4J2 ValidatorUtil:outputFileCheck() 出力ファイルパスチェック ファイルパス：/Users/takashi.ebina/git/repository2/stepCounter/work/output/result.csv
2023/05/13 00:01:04.219 [main] INFO   co.jp.stepCounter.infrastructure.log.Log4J2 StepCounterSharedService:execStepCount() -- ステップカウント処理 開始 ---------------------------------------
2023/05/13 00:01:04.224 [main] WARN   co.jp.stepCounter.infrastructure.log.Log4J2 StepCountExecutor:execStepCountInDirectory() ファイルの拡張子が未対応。ステップカウント処理をスキップ。 ファイル名：.DS_Store
2023/05/13 00:01:04.228 [main] INFO   co.jp.stepCounter.infrastructure.log.Log4J2 StepCountExecutor:execStepCountInDirectory() ステップカウント処理開始。 ファイル名：Mario.java
2023/05/13 00:01:04.232 [main] INFO   co.jp.stepCounter.infrastructure.log.Log4J2 StepCountExecutor:execStepCountInDirectory() ステップカウント処理開始。 ファイル名：Luigi.java
2023/05/13 00:01:04.233 [main] INFO   co.jp.stepCounter.infrastructure.log.Log4J2 StepCountExecutor:execStepCountInDirectory() ステップカウント処理開始。 ファイル名：Character.java
2023/05/13 00:01:04.235 [main] INFO   co.jp.stepCounter.infrastructure.log.Log4J2 StepCountExecutor:execStepCountInDirectory() ステップカウント処理開始。 ファイル名：HammerBros.java
2023/05/13 00:01:04.236 [main] INFO   co.jp.stepCounter.infrastructure.log.Log4J2 StepCountExecutor:execStepCountInDirectory() ステップカウント処理開始。 ファイル名：CharacterIf.java
2023/05/13 00:01:04.239 [main] INFO   co.jp.stepCounter.infrastructure.log.Log4J2 StepCountExecutor:execStepCountInDirectory() ステップカウント処理開始。 ファイル名：Main.java
2023/05/13 00:01:04.241 [main] INFO   co.jp.stepCounter.infrastructure.log.Log4J2 StepCountExecutor:execStepCountInDirectory() ステップカウント処理開始。 ファイル名：Constant.java
2023/05/13 00:01:04.245 [main] INFO   co.jp.stepCounter.infrastructure.log.Log4J2 StepCountCsvDao:save() ステップカウント結果出力開始。 ファイルパス：/Users/takashi.ebina/git/repository2/stepCounter/work/input/character/Character.java
2023/05/13 00:01:04.245 [main] INFO   co.jp.stepCounter.infrastructure.log.Log4J2 StepCountCsvDao:save() ステップカウント結果出力開始。 ファイルパス：/Users/takashi.ebina/git/repository2/stepCounter/work/input/character/CharacterIf.java
2023/05/13 00:01:04.245 [main] INFO   co.jp.stepCounter.infrastructure.log.Log4J2 StepCountCsvDao:save() ステップカウント結果出力開始。 ファイルパス：/Users/takashi.ebina/git/repository2/stepCounter/work/input/constant/Constant.java
2023/05/13 00:01:04.245 [main] INFO   co.jp.stepCounter.infrastructure.log.Log4J2 StepCountCsvDao:save() ステップカウント結果出力開始。 ファイルパス：/Users/takashi.ebina/git/repository2/stepCounter/work/input/character/HammerBros.java
2023/05/13 00:01:04.245 [main] INFO   co.jp.stepCounter.infrastructure.log.Log4J2 StepCountCsvDao:save() ステップカウント結果出力開始。 ファイルパス：/Users/takashi.ebina/git/repository2/stepCounter/work/input/character/Luigi.java
2023/05/13 00:01:04.245 [main] INFO   co.jp.stepCounter.infrastructure.log.Log4J2 StepCountCsvDao:save() ステップカウント結果出力開始。 ファイルパス：/Users/takashi.ebina/git/repository2/stepCounter/work/input/logic/Main.java
2023/05/13 00:01:04.246 [main] INFO   co.jp.stepCounter.infrastructure.log.Log4J2 StepCountCsvDao:save() ステップカウント結果出力開始。 ファイルパス：/Users/takashi.ebina/git/repository2/stepCounter/work/input/character/Mario.java
2023/05/13 00:01:04.246 [main] INFO   co.jp.stepCounter.infrastructure.log.Log4J2 StepCounterSharedService:execStepCount() -- ステップカウント処理 終了 ---------------------------------------
2023/05/13 00:01:55.222 [main] DEBUG  co.jp.stepCounter.infrastructure.log.Log4J2 ValidatorUtil:inputDirectoryCheck() 入力ディレクトリパスチェック ファイルパス：/Users/takashi.ebina/git/repository2/stepCounter/work/input
2023/05/13 00:01:55.224 [main] DEBUG  co.jp.stepCounter.infrastructure.log.Log4J2 ValidatorUtil:outputFileCheck() 出力ファイルパスチェック ファイルパス：/Users/takashi.ebina/git/repository2/stepCounter/work/output/result.csv
2023/05/13 00:01:55.227 [main] INFO   co.jp.stepCounter.infrastructure.log.Log4J2 StepCounterSharedService:execStepCount() -- ステップカウント処理 開始 ---------------------------------------
2023/05/13 00:01:55.231 [main] WARN   co.jp.stepCounter.infrastructure.log.Log4J2 StepCountExecutor:execStepCountInDirectory() ファイルの拡張子が未対応。ステップカウント処理をスキップ。 ファイル名：.DS_Store
2023/05/13 00:01:55.236 [main] INFO   co.jp.stepCounter.infrastructure.log.Log4J2 StepCountExecutor:execStepCountInDirectory() ステップカウント処理開始。 ファイル名：Mario.java
2023/05/13 00:01:55.240 [main] INFO   co.jp.stepCounter.infrastructure.log.Log4J2 StepCountExecutor:execStepCountInDirectory() ステップカウント処理開始。 ファイル名：Luigi.java
2023/05/13 00:01:55.241 [main] INFO   co.jp.stepCounter.infrastructure.log.Log4J2 StepCountExecutor:execStepCountInDirectory() ステップカウント処理開始。 ファイル名：Character.java
2023/05/13 00:01:55.243 [main] INFO   co.jp.stepCounter.infrastructure.log.Log4J2 StepCountExecutor:execStepCountInDirectory() ステップカウント処理開始。 ファイル名：HammerBros.java
2023/05/13 00:01:55.244 [main] INFO   co.jp.stepCounter.infrastructure.log.Log4J2 StepCountExecutor:execStepCountInDirectory() ステップカウント処理開始。 ファイル名：CharacterIf.java
2023/05/13 00:01:55.245 [main] INFO   co.jp.stepCounter.infrastructure.log.Log4J2 StepCountExecutor:execStepCountInDirectory() ステップカウント処理開始。 ファイル名：Main.java
2023/05/13 00:01:55.248 [main] INFO   co.jp.stepCounter.infrastructure.log.Log4J2 StepCountExecutor:execStepCountInDirectory() ステップカウント処理開始。 ファイル名：Constant.java
2023/05/13 00:01:55.254 [main] INFO   co.jp.stepCounter.infrastructure.log.Log4J2 StepCountCsvDao:save() ステップカウント結果出力開始。 ファイルパス：/Users/takashi.ebina/git/repository2/stepCounter/work/input/character/Character.java
2023/05/13 00:01:55.255 [main] INFO   co.jp.stepCounter.infrastructure.log.Log4J2 StepCountCsvDao:save() ステップカウント結果出力開始。 ファイルパス：/Users/takashi.ebina/git/repository2/stepCounter/work/input/character/CharacterIf.java
2023/05/13 00:01:55.255 [main] INFO   co.jp.stepCounter.infrastructure.log.Log4J2 StepCountCsvDao:save() ステップカウント結果出力開始。 ファイルパス：/Users/takashi.ebina/git/repository2/stepCounter/work/input/constant/Constant.java
2023/05/13 00:01:55.255 [main] INFO   co.jp.stepCounter.infrastructure.log.Log4J2 StepCountCsvDao:save() ステップカウント結果出力開始。 ファイルパス：/Users/takashi.ebina/git/repository2/stepCounter/work/input/character/HammerBros.java
2023/05/13 00:01:55.256 [main] INFO   co.jp.stepCounter.infrastructure.log.Log4J2 StepCountCsvDao:save() ステップカウント結果出力開始。 ファイルパス：/Users/takashi.ebina/git/repository2/stepCounter/work/input/character/Luigi.java
2023/05/13 00:01:55.256 [main] INFO   co.jp.stepCounter.infrastructure.log.Log4J2 StepCountCsvDao:save() ステップカウント結果出力開始。 ファイルパス：/Users/takashi.ebina/git/repository2/stepCounter/work/input/logic/Main.java
2023/05/13 00:01:55.256 [main] INFO   co.jp.stepCounter.infrastructure.log.Log4J2 StepCountCsvDao:save() ステップカウント結果出力開始。 ファイルパス：/Users/takashi.ebina/git/repository2/stepCounter/work/input/character/Mario.java
2023/05/13 00:01:55.257 [main] INFO   co.jp.stepCounter.infrastructure.log.Log4J2 StepCounterSharedService:execStepCount() -- ステップカウント処理 終了 ---------------------------------------
2023/05/13 00:02:10.496 [main] DEBUG  co.jp.stepCounter.infrastructure.log.Log4J2 ValidatorUtil:inputDirectoryCheck() 入力ディレクトリパスチェック ファイルパス：/Users/takashi.ebina/git/repository2/stepCounter/work/input
2023/05/13 00:02:10.500 [main] DEBUG  co.jp.stepCounter.infrastructure.log.Log4J2 ValidatorUtil:outputFileCheck() 出力ファイルパスチェック ファイルパス：/Users/takashi.ebina/git/repository2/stepCounter/work/output/result.csv
2023/05/13 00:02:10.503 [main] INFO   co.jp.stepCounter.infrastructure.log.Log4J2 StepCounterSharedService:execStepCount() -- ステップカウント処理 開始 ---------------------------------------
2023/05/13 00:02:10.507 [main] WARN   co.jp.stepCounter.infrastructure.log.Log4J2 StepCountExecutor:execStepCountInDirectory() ファイルの拡張子が未対応。ステップカウント処理をスキップ。 ファイル名：.DS_Store
2023/05/13 00:02:10.510 [main] INFO   co.jp.stepCounter.infrastructure.log.Log4J2 StepCountExecutor:execStepCountInDirectory() ステップカウント処理開始。 ファイル名：Mario.java
2023/05/13 00:02:10.512 [main] INFO   co.jp.stepCounter.infrastructure.log.Log4J2 StepCountExecutor:execStepCountInDirectory() ステップカウント処理開始。 ファイル名：Luigi.java
2023/05/13 00:02:10.513 [main] INFO   co.jp.stepCounter.infrastructure.log.Log4J2 StepCountExecutor:execStepCountInDirectory() ステップカウント処理開始。 ファイル名：Character.java
2023/05/13 00:02:10.515 [main] INFO   co.jp.stepCounter.infrastructure.log.Log4J2 StepCountExecutor:execStepCountInDirectory() ステップカウント処理開始。 ファイル名：HammerBros.java
2023/05/13 00:02:10.516 [main] INFO   co.jp.stepCounter.infrastructure.log.Log4J2 StepCountExecutor:execStepCountInDirectory() ステップカウント処理開始。 ファイル名：CharacterIf.java
2023/05/13 00:02:10.518 [main] INFO   co.jp.stepCounter.infrastructure.log.Log4J2 StepCountExecutor:execStepCountInDirectory() ステップカウント処理開始。 ファイル名：Main.java
2023/05/13 00:02:10.520 [main] INFO   co.jp.stepCounter.infrastructure.log.Log4J2 StepCountExecutor:execStepCountInDirectory() ステップカウント処理開始。 ファイル名：Constant.java
2023/05/13 00:02:10.523 [main] INFO   co.jp.stepCounter.infrastructure.log.Log4J2 StepCountCsvDao:save() ステップカウント結果出力開始。 ファイルパス：/Users/takashi.ebina/git/repository2/stepCounter/work/input/character/Character.java
2023/05/13 00:02:10.523 [main] INFO   co.jp.stepCounter.infrastructure.log.Log4J2 StepCountCsvDao:save() ステップカウント結果出力開始。 ファイルパス：/Users/takashi.ebina/git/repository2/stepCounter/work/input/character/CharacterIf.java
2023/05/13 00:02:10.524 [main] INFO   co.jp.stepCounter.infrastructure.log.Log4J2 StepCountCsvDao:save() ステップカウント結果出力開始。 ファイルパス：/Users/takashi.ebina/git/repository2/stepCounter/work/input/constant/Constant.java
2023/05/13 00:02:10.524 [main] INFO   co.jp.stepCounter.infrastructure.log.Log4J2 StepCountCsvDao:save() ステップカウント結果出力開始。 ファイルパス：/Users/takashi.ebina/git/repository2/stepCounter/work/input/character/HammerBros.java
2023/05/13 00:02:10.524 [main] INFO   co.jp.stepCounter.infrastructure.log.Log4J2 StepCountCsvDao:save() ステップカウント結果出力開始。 ファイルパス：/Users/takashi.ebina/git/repository2/stepCounter/work/input/character/Luigi.java
2023/05/13 00:02:10.525 [main] INFO   co.jp.stepCounter.infrastructure.log.Log4J2 StepCountCsvDao:save() ステップカウント結果出力開始。 ファイルパス：/Users/takashi.ebina/git/repository2/stepCounter/work/input/logic/Main.java
2023/05/13 00:02:10.525 [main] INFO   co.jp.stepCounter.infrastructure.log.Log4J2 StepCountCsvDao:save() ステップカウント結果出力開始。 ファイルパス：/Users/takashi.ebina/git/repository2/stepCounter/work/input/character/Mario.java
2023/05/13 00:02:10.528 [main] INFO   co.jp.stepCounter.infrastructure.log.Log4J2 StepCounterSharedService:execStepCount() -- ステップカウント処理 終了 ---------------------------------------
2023/05/13 00:02:37.281 [main] DEBUG  co.jp.stepCounter.infrastructure.log.Log4J2 ValidatorUtil:inputDirectoryCheck() 入力ディレクトリパスチェック ファイルパス：/Users/takashi.ebina/git/repository2/stepCounter/work/input
2023/05/13 00:02:37.285 [main] DEBUG  co.jp.stepCounter.infrastructure.log.Log4J2 ValidatorUtil:outputFileCheck() 出力ファイルパスチェック ファイルパス：/Users/takashi.ebina/git/repository2/stepCounter/work/output/result.csv
2023/05/13 00:02:37.294 [main] INFO   co.jp.stepCounter.infrastructure.log.Log4J2 StepCounterSharedService:execStepCount() -- ステップカウント処理 開始 ---------------------------------------
2023/05/13 00:02:37.316 [main] WARN   co.jp.stepCounter.infrastructure.log.Log4J2 StepCountExecutor:execStepCountInDirectory() ファイルの拡張子が未対応。ステップカウント処理をスキップ。 ファイル名：.DS_Store
2023/05/13 00:02:37.323 [main] INFO   co.jp.stepCounter.infrastructure.log.Log4J2 StepCountExecutor:execStepCountInDirectory() ステップカウント処理開始。 ファイル名：Mario.java
2023/05/13 00:02:37.327 [main] INFO   co.jp.stepCounter.infrastructure.log.Log4J2 StepCountExecutor:execStepCountInDirectory() ステップカウント処理開始。 ファイル名：Luigi.java
2023/05/13 00:02:37.328 [main] INFO   co.jp.stepCounter.infrastructure.log.Log4J2 StepCountExecutor:execStepCountInDirectory() ステップカウント処理開始。 ファイル名：Character.java
2023/05/13 00:02:37.331 [main] INFO   co.jp.stepCounter.infrastructure.log.Log4J2 StepCountExecutor:execStepCountInDirectory() ステップカウント処理開始。 ファイル名：HammerBros.java
2023/05/13 00:02:37.333 [main] INFO   co.jp.stepCounter.infrastructure.log.Log4J2 StepCountExecutor:execStepCountInDirectory() ステップカウント処理開始。 ファイル名：CharacterIf.java
2023/05/13 00:02:37.335 [main] INFO   co.jp.stepCounter.infrastructure.log.Log4J2 StepCountExecutor:execStepCountInDirectory() ステップカウント処理開始。 ファイル名：Main.java
2023/05/13 00:02:37.338 [main] INFO   co.jp.stepCounter.infrastructure.log.Log4J2 StepCountExecutor:execStepCountInDirectory() ステップカウント処理開始。 ファイル名：Constant.java
2023/05/13 00:02:37.344 [main] INFO   co.jp.stepCounter.infrastructure.log.Log4J2 StepCountCsvDao:save() ステップカウント結果出力開始。 ファイルパス：/Users/takashi.ebina/git/repository2/stepCounter/work/input/character/Character.java
2023/05/13 00:02:37.345 [main] INFO   co.jp.stepCounter.infrastructure.log.Log4J2 StepCountCsvDao:save() ステップカウント結果出力開始。 ファイルパス：/Users/takashi.ebina/git/repository2/stepCounter/work/input/character/CharacterIf.java
2023/05/13 00:02:37.345 [main] INFO   co.jp.stepCounter.infrastructure.log.Log4J2 StepCountCsvDao:save() ステップカウント結果出力開始。 ファイルパス：/Users/takashi.ebina/git/repository2/stepCounter/work/input/constant/Constant.java
2023/05/13 00:02:37.345 [main] INFO   co.jp.stepCounter.infrastructure.log.Log4J2 StepCountCsvDao:save() ステップカウント結果出力開始。 ファイルパス：/Users/takashi.ebina/git/repository2/stepCounter/work/input/character/HammerBros.java
2023/05/13 00:02:37.345 [main] INFO   co.jp.stepCounter.infrastructure.log.Log4J2 StepCountCsvDao:save() ステップカウント結果出力開始。 ファイルパス：/Users/takashi.ebina/git/repository2/stepCounter/work/input/character/Luigi.java
2023/05/13 00:02:37.345 [main] INFO   co.jp.stepCounter.infrastructure.log.Log4J2 StepCountCsvDao:save() ステップカウント結果出力開始。 ファイルパス：/Users/takashi.ebina/git/repository2/stepCounter/work/input/logic/Main.java
2023/05/13 00:02:37.346 [main] INFO   co.jp.stepCounter.infrastructure.log.Log4J2 StepCountCsvDao:save() ステップカウント結果出力開始。 ファイルパス：/Users/takashi.ebina/git/repository2/stepCounter/work/input/character/Mario.java
2023/05/13 00:02:37.346 [main] INFO   co.jp.stepCounter.infrastructure.log.Log4J2 StepCounterSharedService:execStepCount() -- ステップカウント処理 終了 ---------------------------------------
2023/05/13 00:05:41.707 [main] DEBUG  co.jp.stepCounter.infrastructure.log.Log4J2 ValidatorUtil:inputDirectoryCheck() 入力ディレクトリパスチェック ファイルパス：/Users/takashi.ebina/git/repository2/stepCounter/work/input
2023/05/13 00:05:41.710 [main] DEBUG  co.jp.stepCounter.infrastructure.log.Log4J2 ValidatorUtil:outputFileCheck() 出力ファイルパスチェック ファイルパス：/Users/takashi.ebina/git/repository2/stepCounter/work/output/result.csv
2023/05/13 00:06:57.379 [main] DEBUG  co.jp.stepCounter.infrastructure.log.Log4J2 ValidatorUtil:inputDirectoryCheck() 入力ディレクトリパスチェック ファイルパス：/Users/takashi.ebina/git/repository2/stepCounter/work/input
2023/05/13 00:06:57.382 [main] DEBUG  co.jp.stepCounter.infrastructure.log.Log4J2 ValidatorUtil:outputFileCheck() 出力ファイルパスチェック ファイルパス：/Users/takashi.ebina/git/repository2/stepCounter/work/output/result.csv
2023/05/13 10:13:39.211 [main] DEBUG  co.jp.stepCounter.infrastructure.log.Log4J2 ValidatorUtil:inputDirectoryCheck() 入力ディレクトリパスチェック ファイルパス：/Users/takashi.ebina/git/repository2/stepCounter/work/input
2023/05/13 10:13:39.217 [main] DEBUG  co.jp.stepCounter.infrastructure.log.Log4J2 ValidatorUtil:outputFileCheck() 出力ファイルパスチェック ファイルパス：/Users/takashi.ebina/git/repository2/stepCounter/work/output/result.csv
2023/05/13 10:13:39.233 [main] DEBUG  co.jp.stepCounter.infrastructure.log.Log4J2 ValidatorUtil:inputDirectoryCheck() 入力ディレクトリパスチェック ファイルパス：/Users/takashi.ebina/git/repository2/stepCounter/work/input
2023/05/13 10:13:39.234 [main] DEBUG  co.jp.stepCounter.infrastructure.log.Log4J2 ValidatorUtil:outputFileCheck() 出力ファイルパスチェック ファイルパス：/Users/takashi.ebina/git/repository2/stepCounter/work/output/result.csv
2023/05/13 10:13:39.239 [main] DEBUG  co.jp.stepCounter.infrastructure.log.Log4J2 ValidatorUtil:inputDirectoryCheck() 入力ディレクトリパスチェック ファイルパス：/Users/takashi.ebina/git/repository2/stepCounter/work/input
2023/05/13 10:13:39.240 [main] DEBUG  co.jp.stepCounter.infrastructure.log.Log4J2 ValidatorUtil:outputFileCheck() 出力ファイルパスチェック ファイルパス：/Users/takashi.ebina/git/repository2/stepCounter/work/output/result.csv
2023/05/13 10:13:39.244 [main] DEBUG  co.jp.stepCounter.infrastructure.log.Log4J2 ValidatorUtil:inputDirectoryCheck() 入力ディレクトリパスチェック ファイルパス：/Users/takashi.ebina/git/repository2/stepCounter/work/input
2023/05/13 10:13:39.244 [main] DEBUG  co.jp.stepCounter.infrastructure.log.Log4J2 ValidatorUtil:outputFileCheck() 出力ファイルパスチェック ファイルパス：/Users/takashi.ebina/git/repository2/stepCounter/work/output/result.csv
2023/05/13 10:13:39.255 [main] DEBUG  co.jp.stepCounter.infrastructure.log.Log4J2 ValidatorUtil:inputDirectoryCheck() 入力ディレクトリパスチェック ファイルパス：/Users/takashi.ebina/git/repository2/stepCounter/work/input
2023/05/13 10:13:39.255 [main] DEBUG  co.jp.stepCounter.infrastructure.log.Log4J2 ValidatorUtil:outputFileCheck() 出力ファイルパスチェック ファイルパス：/Users/takashi.ebina/git/repository2/stepCounter/work/output/result.csv
2023/05/13 10:13:39.259 [main] DEBUG  co.jp.stepCounter.infrastructure.log.Log4J2 ValidatorUtil:inputDirectoryCheck() 入力ディレクトリパスチェック ファイルパス：/Users/takashi.ebina/git/repository2/stepCounter/work/output/result.csv
2023/05/13 10:13:39.260 [main] DEBUG  co.jp.stepCounter.infrastructure.log.Log4J2 ValidatorUtil:inputDirectoryCheck() チェック結果：入力ファイルパスがファイル
2023/05/13 10:13:39.262 [main] DEBUG  co.jp.stepCounter.infrastructure.log.Log4J2 ValidatorUtil:inputDirectoryCheck() 入力ディレクトリパスチェック ファイルパス：/Users/takashi.ebina/git/repository2/stepCounter/work/input
2023/05/13 10:13:39.263 [main] DEBUG  co.jp.stepCounter.infrastructure.log.Log4J2 ValidatorUtil:outputFileCheck() 出力ファイルパスチェック ファイルパス：/Users/takashi.ebina/git/repository2/stepCounter/work/input
2023/05/13 10:13:39.263 [main] DEBUG  co.jp.stepCounter.infrastructure.log.Log4J2 ValidatorUtil:outputFileCheck() チェック結果：出力ファイルパスがディレクトリ
2023/05/13 10:13:39.266 [main] DEBUG  co.jp.stepCounter.infrastructure.log.Log4J2 ValidatorUtil:inputDirectoryCheck() 入力ディレクトリパスチェック ファイルパス：/Users/takashi.ebina/git/repository2/stepCounter/work/input
2023/05/13 10:13:39.267 [main] DEBUG  co.jp.stepCounter.infrastructure.log.Log4J2 ValidatorUtil:outputFileCheck() 出力ファイルパスチェック ファイルパス：/Users/takashi.ebina/git/repository2/stepCounter/work/output/result.csv
2023/05/13 10:13:39.270 [main] DEBUG  co.jp.stepCounter.infrastructure.log.Log4J2 ValidatorUtil:inputDirectoryCheck() 入力ディレクトリパスチェック ファイルパス：/Users/takashi.ebina/git/repository2/stepCounter/work/input
2023/05/13 10:13:39.270 [main] DEBUG  co.jp.stepCounter.infrastructure.log.Log4J2 ValidatorUtil:outputFileCheck() 出力ファイルパスチェック ファイルパス：/Users/takashi.ebina/git/repository2/stepCounter/work/output/result.csv
2023/05/13 10:16:25.929 [main] DEBUG  co.jp.stepCounter.infrastructure.log.Log4J2 ValidatorUtil:inputDirectoryCheck() 入力ディレクトリパスチェック ファイルパス：/Users/takashi.ebina/git/repository2/stepCounter/work/input
2023/05/13 10:16:25.934 [main] DEBUG  co.jp.stepCounter.infrastructure.log.Log4J2 ValidatorUtil:outputFileCheck() 出力ファイルパスチェック ファイルパス：/Users/takashi.ebina/git/repository2/stepCounter/work/output/result.csv
2023/05/13 10:16:25.937 [main] INFO   co.jp.stepCounter.infrastructure.log.Log4J2 StepCounterSharedService:execStepCount() -- ステップカウント処理 開始 ---------------------------------------
2023/05/13 10:16:25.944 [main] WARN   co.jp.stepCounter.infrastructure.log.Log4J2 StepCountExecutor:execStepCountInDirectory() ファイルの拡張子が未対応。ステップカウント処理をスキップ。 ファイル名：.DS_Store
2023/05/13 10:16:25.950 [main] INFO   co.jp.stepCounter.infrastructure.log.Log4J2 StepCountExecutor:execStepCountInDirectory() ステップカウント処理開始。 ファイル名：Mario.java
2023/05/13 10:16:25.955 [main] INFO   co.jp.stepCounter.infrastructure.log.Log4J2 StepCountExecutor:execStepCountInDirectory() ステップカウント処理開始。 ファイル名：Luigi.java
2023/05/13 10:16:25.957 [main] INFO   co.jp.stepCounter.infrastructure.log.Log4J2 StepCountExecutor:execStepCountInDirectory() ステップカウント処理開始。 ファイル名：Character.java
2023/05/13 10:16:25.960 [main] INFO   co.jp.stepCounter.infrastructure.log.Log4J2 StepCountExecutor:execStepCountInDirectory() ステップカウント処理開始。 ファイル名：HammerBros.java
2023/05/13 10:16:25.962 [main] INFO   co.jp.stepCounter.infrastructure.log.Log4J2 StepCountExecutor:execStepCountInDirectory() ステップカウント処理開始。 ファイル名：CharacterIf.java
2023/05/13 10:16:25.963 [main] INFO   co.jp.stepCounter.infrastructure.log.Log4J2 StepCountExecutor:execStepCountInDirectory() ステップカウント処理開始。 ファイル名：Main.java
2023/05/13 10:16:25.965 [main] INFO   co.jp.stepCounter.infrastructure.log.Log4J2 StepCountExecutor:execStepCountInDirectory() ステップカウント処理開始。 ファイル名：Constant.java
2023/05/13 10:16:25.971 [main] INFO   co.jp.stepCounter.infrastructure.log.Log4J2 StepCountCsvDao:save() ステップカウント結果出力開始。 ファイルパス：/Users/takashi.ebina/git/repository2/stepCounter/work/input/character/Character.java
2023/05/13 10:16:25.972 [main] INFO   co.jp.stepCounter.infrastructure.log.Log4J2 StepCountCsvDao:save() ステップカウント結果出力開始。 ファイルパス：/Users/takashi.ebina/git/repository2/stepCounter/work/input/character/CharacterIf.java
2023/05/13 10:16:25.972 [main] INFO   co.jp.stepCounter.infrastructure.log.Log4J2 StepCountCsvDao:save() ステップカウント結果出力開始。 ファイルパス：/Users/takashi.ebina/git/repository2/stepCounter/work/input/constant/Constant.java
2023/05/13 10:16:25.972 [main] INFO   co.jp.stepCounter.infrastructure.log.Log4J2 StepCountCsvDao:save() ステップカウント結果出力開始。 ファイルパス：/Users/takashi.ebina/git/repository2/stepCounter/work/input/character/HammerBros.java
2023/05/13 10:16:25.972 [main] INFO   co.jp.stepCounter.infrastructure.log.Log4J2 StepCountCsvDao:save() ステップカウント結果出力開始。 ファイルパス：/Users/takashi.ebina/git/repository2/stepCounter/work/input/character/Luigi.java
2023/05/13 10:16:25.972 [main] INFO   co.jp.stepCounter.infrastructure.log.Log4J2 StepCountCsvDao:save() ステップカウント結果出力開始。 ファイルパス：/Users/takashi.ebina/git/repository2/stepCounter/work/input/logic/Main.java
2023/05/13 10:16:25.973 [main] INFO   co.jp.stepCounter.infrastructure.log.Log4J2 StepCountCsvDao:save() ステップカウント結果出力開始。 ファイルパス：/Users/takashi.ebina/git/repository2/stepCounter/work/input/character/Mario.java
2023/05/13 10:16:25.973 [main] INFO   co.jp.stepCounter.infrastructure.log.Log4J2 StepCounterSharedService:execStepCount() -- ステップカウント処理 終了 ---------------------------------------
2023/05/13 10:16:25.980 [main] DEBUG  co.jp.stepCounter.infrastructure.log.Log4J2 ValidatorUtil:inputDirectoryCheck() 入力ディレクトリパスチェック ファイルパス：/Users/takashi.ebina/git/repository2/stepCounter/work/input
2023/05/13 10:16:25.981 [main] DEBUG  co.jp.stepCounter.infrastructure.log.Log4J2 ValidatorUtil:outputFileCheck() 出力ファイルパスチェック ファイルパス：/Users/takashi.ebina/git/repository2/stepCounter/work/output/result.csv
2023/05/13 10:16:25.982 [main] INFO   co.jp.stepCounter.infrastructure.log.Log4J2 StepCounterSharedService:execStepCount() -- ステップカウント処理 開始 ---------------------------------------
2023/05/13 10:16:25.983 [main] WARN   co.jp.stepCounter.infrastructure.log.Log4J2 StepCountExecutor:execStepCountInDirectory() ファイルの拡張子が未対応。ステップカウント処理をスキップ。 ファイル名：.DS_Store
2023/05/13 10:16:25.984 [main] INFO   co.jp.stepCounter.infrastructure.log.Log4J2 StepCountExecutor:execStepCountInDirectory() ステップカウント処理開始。 ファイル名：Mario.java
2023/05/13 10:16:25.984 [main] INFO   co.jp.stepCounter.infrastructure.log.Log4J2 StepCountExecutor:execStepCountInDirectory() ステップカウント処理開始。 ファイル名：Luigi.java
2023/05/13 10:16:25.985 [main] INFO   co.jp.stepCounter.infrastructure.log.Log4J2 StepCountExecutor:execStepCountInDirectory() ステップカウント処理開始。 ファイル名：Character.java
2023/05/13 10:16:25.987 [main] INFO   co.jp.stepCounter.infrastructure.log.Log4J2 StepCountExecutor:execStepCountInDirectory() ステップカウント処理開始。 ファイル名：HammerBros.java
2023/05/13 10:16:25.988 [main] INFO   co.jp.stepCounter.infrastructure.log.Log4J2 StepCountExecutor:execStepCountInDirectory() ステップカウント処理開始。 ファイル名：CharacterIf.java
2023/05/13 10:16:25.988 [main] INFO   co.jp.stepCounter.infrastructure.log.Log4J2 StepCountExecutor:execStepCountInDirectory() ステップカウント処理開始。 ファイル名：Main.java
2023/05/13 10:16:25.990 [main] INFO   co.jp.stepCounter.infrastructure.log.Log4J2 StepCountExecutor:execStepCountInDirectory() ステップカウント処理開始。 ファイル名：Constant.java
2023/05/13 10:16:25.992 [main] INFO   co.jp.stepCounter.infrastructure.log.Log4J2 StepCountCsvDao:save() ステップカウント結果出力開始。 ファイルパス：/Users/takashi.ebina/git/repository2/stepCounter/work/input/logic/Main.java
2023/05/13 10:16:25.992 [main] INFO   co.jp.stepCounter.infrastructure.log.Log4J2 StepCountCsvDao:save() ステップカウント結果出力開始。 ファイルパス：/Users/takashi.ebina/git/repository2/stepCounter/work/input/character/Character.java
2023/05/13 10:16:25.993 [main] INFO   co.jp.stepCounter.infrastructure.log.Log4J2 StepCountCsvDao:save() ステップカウント結果出力開始。 ファイルパス：/Users/takashi.ebina/git/repository2/stepCounter/work/input/constant/Constant.java
2023/05/13 10:16:25.993 [main] INFO   co.jp.stepCounter.infrastructure.log.Log4J2 StepCountCsvDao:save() ステップカウント結果出力開始。 ファイルパス：/Users/takashi.ebina/git/repository2/stepCounter/work/input/character/CharacterIf.java
2023/05/13 10:16:25.993 [main] INFO   co.jp.stepCounter.infrastructure.log.Log4J2 StepCountCsvDao:save() ステップカウント結果出力開始。 ファイルパス：/Users/takashi.ebina/git/repository2/stepCounter/work/input/character/Mario.java
2023/05/13 10:16:25.994 [main] INFO   co.jp.stepCounter.infrastructure.log.Log4J2 StepCountCsvDao:save() ステップカウント結果出力開始。 ファイルパス：/Users/takashi.ebina/git/repository2/stepCounter/work/input/character/Luigi.java
2023/05/13 10:16:25.994 [main] INFO   co.jp.stepCounter.infrastructure.log.Log4J2 StepCountCsvDao:save() ステップカウント結果出力開始。 ファイルパス：/Users/takashi.ebina/git/repository2/stepCounter/work/input/character/HammerBros.java
2023/05/13 10:16:25.994 [main] INFO   co.jp.stepCounter.infrastructure.log.Log4J2 StepCounterSharedService:execStepCount() -- ステップカウント処理 終了 ---------------------------------------
2023/05/13 10:16:25.998 [main] DEBUG  co.jp.stepCounter.infrastructure.log.Log4J2 ValidatorUtil:inputDirectoryCheck() 入力ディレクトリパスチェック ファイルパス：/Users/takashi.ebina/git/repository2/stepCounter/work/input
2023/05/13 10:16:25.998 [main] DEBUG  co.jp.stepCounter.infrastructure.log.Log4J2 ValidatorUtil:outputFileCheck() 出力ファイルパスチェック ファイルパス：/Users/takashi.ebina/git/repository2/stepCounter/work/output/result.csv
2023/05/13 10:16:25.999 [main] INFO   co.jp.stepCounter.infrastructure.log.Log4J2 StepCounterSharedService:execStepCount() -- ステップカウント処理 開始 ---------------------------------------
2023/05/13 10:16:25.999 [main] WARN   co.jp.stepCounter.infrastructure.log.Log4J2 StepCountExecutor:execStepCountInDirectory() ファイルの拡張子が未対応。ステップカウント処理をスキップ。 ファイル名：.DS_Store
2023/05/13 10:16:25.999 [main] INFO   co.jp.stepCounter.infrastructure.log.Log4J2 StepCountExecutor:execStepCountInDirectory() ステップカウント処理開始。 ファイル名：Mario.java
2023/05/13 10:16:26.000 [main] INFO   co.jp.stepCounter.infrastructure.log.Log4J2 StepCountExecutor:execStepCountInDirectory() ステップカウント処理開始。 ファイル名：Luigi.java
2023/05/13 10:16:26.000 [main] INFO   co.jp.stepCounter.infrastructure.log.Log4J2 StepCountExecutor:execStepCountInDirectory() ステップカウント処理開始。 ファイル名：Character.java
2023/05/13 10:16:26.001 [main] INFO   co.jp.stepCounter.infrastructure.log.Log4J2 StepCountExecutor:execStepCountInDirectory() ステップカウント処理開始。 ファイル名：HammerBros.java
2023/05/13 10:16:26.001 [main] INFO   co.jp.stepCounter.infrastructure.log.Log4J2 StepCountExecutor:execStepCountInDirectory() ステップカウント処理開始。 ファイル名：CharacterIf.java
2023/05/13 10:16:26.002 [main] INFO   co.jp.stepCounter.infrastructure.log.Log4J2 StepCountExecutor:execStepCountInDirectory() ステップカウント処理開始。 ファイル名：Main.java
2023/05/13 10:16:26.004 [main] INFO   co.jp.stepCounter.infrastructure.log.Log4J2 StepCountExecutor:execStepCountInDirectory() ステップカウント処理開始。 ファイル名：Constant.java
2023/05/13 10:16:26.005 [main] INFO   co.jp.stepCounter.infrastructure.log.Log4J2 StepCountCsvDao:save() ステップカウント結果出力開始。 ファイルパス：/Users/takashi.ebina/git/repository2/stepCounter/work/input/character/Mario.java
2023/05/13 10:16:26.005 [main] INFO   co.jp.stepCounter.infrastructure.log.Log4J2 StepCountCsvDao:save() ステップカウント結果出力開始。 ファイルパス：/Users/takashi.ebina/git/repository2/stepCounter/work/input/character/Luigi.java
2023/05/13 10:16:26.005 [main] INFO   co.jp.stepCounter.infrastructure.log.Log4J2 StepCountCsvDao:save() ステップカウント結果出力開始。 ファイルパス：/Users/takashi.ebina/git/repository2/stepCounter/work/input/character/Character.java
2023/05/13 10:16:26.005 [main] INFO   co.jp.stepCounter.infrastructure.log.Log4J2 StepCountCsvDao:save() ステップカウント結果出力開始。 ファイルパス：/Users/takashi.ebina/git/repository2/stepCounter/work/input/character/HammerBros.java
2023/05/13 10:16:26.005 [main] INFO   co.jp.stepCounter.infrastructure.log.Log4J2 StepCountCsvDao:save() ステップカウント結果出力開始。 ファイルパス：/Users/takashi.ebina/git/repository2/stepCounter/work/input/character/CharacterIf.java
2023/05/13 10:16:26.006 [main] INFO   co.jp.stepCounter.infrastructure.log.Log4J2 StepCountCsvDao:save() ステップカウント結果出力開始。 ファイルパス：/Users/takashi.ebina/git/repository2/stepCounter/work/input/logic/Main.java
2023/05/13 10:16:26.006 [main] INFO   co.jp.stepCounter.infrastructure.log.Log4J2 StepCountCsvDao:save() ステップカウント結果出力開始。 ファイルパス：/Users/takashi.ebina/git/repository2/stepCounter/work/input/constant/Constant.java
2023/05/13 10:16:26.006 [main] INFO   co.jp.stepCounter.infrastructure.log.Log4J2 StepCounterSharedService:execStepCount() -- ステップカウント処理 終了 ---------------------------------------
2023/05/13 10:16:26.012 [main] DEBUG  co.jp.stepCounter.infrastructure.log.Log4J2 ValidatorUtil:inputDirectoryCheck() 入力ディレクトリパスチェック ファイルパス：/Users/takashi.ebina/git/repository2/stepCounter/work/input
2023/05/13 10:16:26.012 [main] DEBUG  co.jp.stepCounter.infrastructure.log.Log4J2 ValidatorUtil:outputFileCheck() 出力ファイルパスチェック ファイルパス：/Users/takashi.ebina/git/repository2/stepCounter/work/output/result.csv
2023/05/13 10:16:26.012 [main] INFO   co.jp.stepCounter.infrastructure.log.Log4J2 StepCounterSharedService:execStepCount() -- ステップカウント処理 開始 ---------------------------------------
2023/05/13 10:16:26.013 [main] WARN   co.jp.stepCounter.infrastructure.log.Log4J2 StepCountExecutor:execStepCountInDirectory() ファイルの拡張子が未対応。ステップカウント処理をスキップ。 ファイル名：.DS_Store
2023/05/13 10:16:26.013 [main] INFO   co.jp.stepCounter.infrastructure.log.Log4J2 StepCountExecutor:execStepCountInDirectory() ステップカウント処理開始。 ファイル名：Mario.java
2023/05/13 10:16:26.013 [main] INFO   co.jp.stepCounter.infrastructure.log.Log4J2 StepCountExecutor:execStepCountInDirectory() ステップカウント処理開始。 ファイル名：Luigi.java
2023/05/13 10:16:26.014 [main] INFO   co.jp.stepCounter.infrastructure.log.Log4J2 StepCountExecutor:execStepCountInDirectory() ステップカウント処理開始。 ファイル名：Character.java
2023/05/13 10:16:26.014 [main] INFO   co.jp.stepCounter.infrastructure.log.Log4J2 StepCountExecutor:execStepCountInDirectory() ステップカウント処理開始。 ファイル名：HammerBros.java
2023/05/13 10:16:26.015 [main] INFO   co.jp.stepCounter.infrastructure.log.Log4J2 StepCountExecutor:execStepCountInDirectory() ステップカウント処理開始。 ファイル名：CharacterIf.java
2023/05/13 10:16:26.016 [main] INFO   co.jp.stepCounter.infrastructure.log.Log4J2 StepCountExecutor:execStepCountInDirectory() ステップカウント処理開始。 ファイル名：Main.java
2023/05/13 10:16:26.017 [main] INFO   co.jp.stepCounter.infrastructure.log.Log4J2 StepCountExecutor:execStepCountInDirectory() ステップカウント処理開始。 ファイル名：Constant.java
2023/05/13 10:16:26.018 [main] INFO   co.jp.stepCounter.infrastructure.log.Log4J2 StepCountCsvDao:save() ステップカウント結果出力開始。 ファイルパス：/Users/takashi.ebina/git/repository2/stepCounter/work/input/character/Mario.java
2023/05/13 10:16:26.018 [main] INFO   co.jp.stepCounter.infrastructure.log.Log4J2 StepCountCsvDao:save() ステップカウント結果出力開始。 ファイルパス：/Users/takashi.ebina/git/repository2/stepCounter/work/input/character/Luigi.java
2023/05/13 10:16:26.018 [main] INFO   co.jp.stepCounter.infrastructure.log.Log4J2 StepCountCsvDao:save() ステップカウント結果出力開始。 ファイルパス：/Users/takashi.ebina/git/repository2/stepCounter/work/input/character/Character.java
2023/05/13 10:16:26.019 [main] INFO   co.jp.stepCounter.infrastructure.log.Log4J2 StepCountCsvDao:save() ステップカウント結果出力開始。 ファイルパス：/Users/takashi.ebina/git/repository2/stepCounter/work/input/character/HammerBros.java
2023/05/13 10:16:26.019 [main] INFO   co.jp.stepCounter.infrastructure.log.Log4J2 StepCountCsvDao:save() ステップカウント結果出力開始。 ファイルパス：/Users/takashi.ebina/git/repository2/stepCounter/work/input/character/CharacterIf.java
2023/05/13 10:16:26.019 [main] INFO   co.jp.stepCounter.infrastructure.log.Log4J2 StepCountCsvDao:save() ステップカウント結果出力開始。 ファイルパス：/Users/takashi.ebina/git/repository2/stepCounter/work/input/logic/Main.java
2023/05/13 10:16:26.019 [main] INFO   co.jp.stepCounter.infrastructure.log.Log4J2 StepCountCsvDao:save() ステップカウント結果出力開始。 ファイルパス：/Users/takashi.ebina/git/repository2/stepCounter/work/input/constant/Constant.java
2023/05/13 10:16:26.019 [main] INFO   co.jp.stepCounter.infrastructure.log.Log4J2 StepCounterSharedService:execStepCount() -- ステップカウント処理 終了 ---------------------------------------
2023/05/13 10:16:26.031 [main] DEBUG  co.jp.stepCounter.infrastructure.log.Log4J2 ValidatorUtil:inputDirectoryCheck() 入力ディレクトリパスチェック ファイルパス：/Users/takashi.ebina/git/repository2/stepCounter/work/input
2023/05/13 10:16:26.032 [main] DEBUG  co.jp.stepCounter.infrastructure.log.Log4J2 ValidatorUtil:outputFileCheck() 出力ファイルパスチェック ファイルパス：/Users/takashi.ebina/git/repository2/stepCounter/work/output/result.csv
2023/05/13 10:16:26.038 [main] DEBUG  co.jp.stepCounter.infrastructure.log.Log4J2 ValidatorUtil:inputDirectoryCheck() 入力ディレクトリパスチェック ファイルパス：/Users/takashi.ebina/git/repository2/stepCounter/work/output/result.csv
2023/05/13 10:16:26.039 [main] DEBUG  co.jp.stepCounter.infrastructure.log.Log4J2 ValidatorUtil:inputDirectoryCheck() チェック結果：入力ファイルパスがファイル
2023/05/13 10:16:26.041 [main] DEBUG  co.jp.stepCounter.infrastructure.log.Log4J2 ValidatorUtil:inputDirectoryCheck() 入力ディレクトリパスチェック ファイルパス：/Users/takashi.ebina/git/repository2/stepCounter/work/input
2023/05/13 10:16:26.042 [main] DEBUG  co.jp.stepCounter.infrastructure.log.Log4J2 ValidatorUtil:outputFileCheck() 出力ファイルパスチェック ファイルパス：/Users/takashi.ebina/git/repository2/stepCounter/work/input
2023/05/13 10:16:26.045 [main] DEBUG  co.jp.stepCounter.infrastructure.log.Log4J2 ValidatorUtil:outputFileCheck() チェック結果：出力ファイルパスがディレクトリ
2023/05/13 10:16:26.049 [main] DEBUG  co.jp.stepCounter.infrastructure.log.Log4J2 ValidatorUtil:inputDirectoryCheck() 入力ディレクトリパスチェック ファイルパス：/Users/takashi.ebina/git/repository2/stepCounter/work/input
2023/05/13 10:16:26.049 [main] DEBUG  co.jp.stepCounter.infrastructure.log.Log4J2 ValidatorUtil:outputFileCheck() 出力ファイルパスチェック ファイルパス：/Users/takashi.ebina/git/repository2/stepCounter/work/output/result.csv
2023/05/13 10:16:26.052 [main] DEBUG  co.jp.stepCounter.infrastructure.log.Log4J2 ValidatorUtil:inputDirectoryCheck() 入力ディレクトリパスチェック ファイルパス：/Users/takashi.ebina/git/repository2/stepCounter/work/input
2023/05/13 10:16:26.053 [main] DEBUG  co.jp.stepCounter.infrastructure.log.Log4J2 ValidatorUtil:outputFileCheck() 出力ファイルパスチェック ファイルパス：/Users/takashi.ebina/git/repository2/stepCounter/work/output/result.csv
2023/05/13 10:27:19.987 [main] DEBUG  co.jp.stepCounter.infrastructure.log.Log4J2 ValidatorUtil:inputDirectoryCheck() 入力ディレクトリパスチェック ファイルパス：/Users/takashi.ebina/git/repository2/stepCounter/work/input
2023/05/13 10:27:19.993 [main] DEBUG  co.jp.stepCounter.infrastructure.log.Log4J2 ValidatorUtil:outputFileCheck() 出力ファイルパスチェック ファイルパス：/Users/takashi.ebina/git/repository2/stepCounter/work/output/result.csv
2023/05/13 10:27:19.996 [main] INFO   co.jp.stepCounter.infrastructure.log.Log4J2 StepCounterSharedService:execStepCount() -- ステップカウント処理 開始 ---------------------------------------
2023/05/13 10:27:20.002 [main] WARN   co.jp.stepCounter.infrastructure.log.Log4J2 StepCountExecutor:execStepCountInDirectory() ファイルの拡張子が未対応。ステップカウント処理をスキップ。 ファイル名：.DS_Store
2023/05/13 10:27:20.008 [main] INFO   co.jp.stepCounter.infrastructure.log.Log4J2 StepCountExecutor:execStepCountInDirectory() ステップカウント処理開始。 ファイル名：Mario.java
2023/05/13 10:27:20.013 [main] INFO   co.jp.stepCounter.infrastructure.log.Log4J2 StepCountExecutor:execStepCountInDirectory() ステップカウント処理開始。 ファイル名：Luigi.java
2023/05/13 10:27:20.014 [main] INFO   co.jp.stepCounter.infrastructure.log.Log4J2 StepCountExecutor:execStepCountInDirectory() ステップカウント処理開始。 ファイル名：Character.java
2023/05/13 10:27:20.016 [main] INFO   co.jp.stepCounter.infrastructure.log.Log4J2 StepCountExecutor:execStepCountInDirectory() ステップカウント処理開始。 ファイル名：HammerBros.java
2023/05/13 10:27:20.017 [main] INFO   co.jp.stepCounter.infrastructure.log.Log4J2 StepCountExecutor:execStepCountInDirectory() ステップカウント処理開始。 ファイル名：CharacterIf.java
2023/05/13 10:27:20.019 [main] INFO   co.jp.stepCounter.infrastructure.log.Log4J2 StepCountExecutor:execStepCountInDirectory() ステップカウント処理開始。 ファイル名：Main.java
2023/05/13 10:27:20.021 [main] INFO   co.jp.stepCounter.infrastructure.log.Log4J2 StepCountExecutor:execStepCountInDirectory() ステップカウント処理開始。 ファイル名：Constant.java
2023/05/13 10:27:20.042 [main] INFO   co.jp.stepCounter.infrastructure.log.Log4J2 StepCountCsvDao:save() ステップカウント結果出力開始。 ファイルパス：/Users/takashi.ebina/git/repository2/stepCounter/work/input/character/Character.java
2023/05/13 10:27:20.043 [main] INFO   co.jp.stepCounter.infrastructure.log.Log4J2 StepCountCsvDao:save() ステップカウント結果出力開始。 ファイルパス：/Users/takashi.ebina/git/repository2/stepCounter/work/input/character/CharacterIf.java
2023/05/13 10:27:20.043 [main] INFO   co.jp.stepCounter.infrastructure.log.Log4J2 StepCountCsvDao:save() ステップカウント結果出力開始。 ファイルパス：/Users/takashi.ebina/git/repository2/stepCounter/work/input/constant/Constant.java
2023/05/13 10:27:20.044 [main] INFO   co.jp.stepCounter.infrastructure.log.Log4J2 StepCountCsvDao:save() ステップカウント結果出力開始。 ファイルパス：/Users/takashi.ebina/git/repository2/stepCounter/work/input/character/HammerBros.java
2023/05/13 10:27:20.044 [main] INFO   co.jp.stepCounter.infrastructure.log.Log4J2 StepCountCsvDao:save() ステップカウント結果出力開始。 ファイルパス：/Users/takashi.ebina/git/repository2/stepCounter/work/input/character/Luigi.java
2023/05/13 10:27:20.044 [main] INFO   co.jp.stepCounter.infrastructure.log.Log4J2 StepCountCsvDao:save() ステップカウント結果出力開始。 ファイルパス：/Users/takashi.ebina/git/repository2/stepCounter/work/input/logic/Main.java
2023/05/13 10:27:20.044 [main] INFO   co.jp.stepCounter.infrastructure.log.Log4J2 StepCountCsvDao:save() ステップカウント結果出力開始。 ファイルパス：/Users/takashi.ebina/git/repository2/stepCounter/work/input/character/Mario.java
2023/05/13 10:27:20.045 [main] INFO   co.jp.stepCounter.infrastructure.log.Log4J2 StepCounterSharedService:execStepCount() -- ステップカウント処理 終了 ---------------------------------------
2023/05/13 10:27:20.053 [main] DEBUG  co.jp.stepCounter.infrastructure.log.Log4J2 ValidatorUtil:inputDirectoryCheck() 入力ディレクトリパスチェック ファイルパス：/Users/takashi.ebina/git/repository2/stepCounter/work/input
2023/05/13 10:27:20.053 [main] DEBUG  co.jp.stepCounter.infrastructure.log.Log4J2 ValidatorUtil:outputFileCheck() 出力ファイルパスチェック ファイルパス：/Users/takashi.ebina/git/repository2/stepCounter/work/output/result.csv
2023/05/13 10:27:20.054 [main] INFO   co.jp.stepCounter.infrastructure.log.Log4J2 StepCounterSharedService:execStepCount() -- ステップカウント処理 開始 ---------------------------------------
2023/05/13 10:27:20.055 [main] WARN   co.jp.stepCounter.infrastructure.log.Log4J2 StepCountExecutor:execStepCountInDirectory() ファイルの拡張子が未対応。ステップカウント処理をスキップ。 ファイル名：.DS_Store
2023/05/13 10:27:20.055 [main] INFO   co.jp.stepCounter.infrastructure.log.Log4J2 StepCountExecutor:execStepCountInDirectory() ステップカウント処理開始。 ファイル名：Mario.java
2023/05/13 10:27:20.056 [main] INFO   co.jp.stepCounter.infrastructure.log.Log4J2 StepCountExecutor:execStepCountInDirectory() ステップカウント処理開始。 ファイル名：Luigi.java
2023/05/13 10:27:20.057 [main] INFO   co.jp.stepCounter.infrastructure.log.Log4J2 StepCountExecutor:execStepCountInDirectory() ステップカウント処理開始。 ファイル名：Character.java
2023/05/13 10:27:20.058 [main] INFO   co.jp.stepCounter.infrastructure.log.Log4J2 StepCountExecutor:execStepCountInDirectory() ステップカウント処理開始。 ファイル名：HammerBros.java
2023/05/13 10:27:20.059 [main] INFO   co.jp.stepCounter.infrastructure.log.Log4J2 StepCountExecutor:execStepCountInDirectory() ステップカウント処理開始。 ファイル名：CharacterIf.java
2023/05/13 10:27:20.059 [main] INFO   co.jp.stepCounter.infrastructure.log.Log4J2 StepCountExecutor:execStepCountInDirectory() ステップカウント処理開始。 ファイル名：Main.java
2023/05/13 10:27:20.061 [main] INFO   co.jp.stepCounter.infrastructure.log.Log4J2 StepCountExecutor:execStepCountInDirectory() ステップカウント処理開始。 ファイル名：Constant.java
2023/05/13 10:27:20.063 [main] INFO   co.jp.stepCounter.infrastructure.log.Log4J2 StepCountCsvDao:save() ステップカウント結果出力開始。 ファイルパス：/Users/takashi.ebina/git/repository2/stepCounter/work/input/logic/Main.java
2023/05/13 10:27:20.063 [main] INFO   co.jp.stepCounter.infrastructure.log.Log4J2 StepCountCsvDao:save() ステップカウント結果出力開始。 ファイルパス：/Users/takashi.ebina/git/repository2/stepCounter/work/input/character/Character.java
2023/05/13 10:27:20.064 [main] INFO   co.jp.stepCounter.infrastructure.log.Log4J2 StepCountCsvDao:save() ステップカウント結果出力開始。 ファイルパス：/Users/takashi.ebina/git/repository2/stepCounter/work/input/constant/Constant.java
2023/05/13 10:27:20.064 [main] INFO   co.jp.stepCounter.infrastructure.log.Log4J2 StepCountCsvDao:save() ステップカウント結果出力開始。 ファイルパス：/Users/takashi.ebina/git/repository2/stepCounter/work/input/character/CharacterIf.java
2023/05/13 10:27:20.064 [main] INFO   co.jp.stepCounter.infrastructure.log.Log4J2 StepCountCsvDao:save() ステップカウント結果出力開始。 ファイルパス：/Users/takashi.ebina/git/repository2/stepCounter/work/input/character/Mario.java
2023/05/13 10:27:20.064 [main] INFO   co.jp.stepCounter.infrastructure.log.Log4J2 StepCountCsvDao:save() ステップカウント結果出力開始。 ファイルパス：/Users/takashi.ebina/git/repository2/stepCounter/work/input/character/Luigi.java
2023/05/13 10:27:20.064 [main] INFO   co.jp.stepCounter.infrastructure.log.Log4J2 StepCountCsvDao:save() ステップカウント結果出力開始。 ファイルパス：/Users/takashi.ebina/git/repository2/stepCounter/work/input/character/HammerBros.java
2023/05/13 10:27:20.065 [main] INFO   co.jp.stepCounter.infrastructure.log.Log4J2 StepCounterSharedService:execStepCount() -- ステップカウント処理 終了 ---------------------------------------
2023/05/13 10:27:20.069 [main] DEBUG  co.jp.stepCounter.infrastructure.log.Log4J2 ValidatorUtil:inputDirectoryCheck() 入力ディレクトリパスチェック ファイルパス：/Users/takashi.ebina/git/repository2/stepCounter/work/input
2023/05/13 10:27:20.069 [main] DEBUG  co.jp.stepCounter.infrastructure.log.Log4J2 ValidatorUtil:outputFileCheck() 出力ファイルパスチェック ファイルパス：/Users/takashi.ebina/git/repository2/stepCounter/work/output/result.csv
2023/05/13 10:27:20.070 [main] INFO   co.jp.stepCounter.infrastructure.log.Log4J2 StepCounterSharedService:execStepCount() -- ステップカウント処理 開始 ---------------------------------------
2023/05/13 10:27:20.070 [main] WARN   co.jp.stepCounter.infrastructure.log.Log4J2 StepCountExecutor:execStepCountInDirectory() ファイルの拡張子が未対応。ステップカウント処理をスキップ。 ファイル名：.DS_Store
2023/05/13 10:27:20.071 [main] INFO   co.jp.stepCounter.infrastructure.log.Log4J2 StepCountExecutor:execStepCountInDirectory() ステップカウント処理開始。 ファイル名：Mario.java
2023/05/13 10:27:20.071 [main] INFO   co.jp.stepCounter.infrastructure.log.Log4J2 StepCountExecutor:execStepCountInDirectory() ステップカウント処理開始。 ファイル名：Luigi.java
2023/05/13 10:27:20.072 [main] INFO   co.jp.stepCounter.infrastructure.log.Log4J2 StepCountExecutor:execStepCountInDirectory() ステップカウント処理開始。 ファイル名：Character.java
2023/05/13 10:27:20.072 [main] INFO   co.jp.stepCounter.infrastructure.log.Log4J2 StepCountExecutor:execStepCountInDirectory() ステップカウント処理開始。 ファイル名：HammerBros.java
2023/05/13 10:27:20.073 [main] INFO   co.jp.stepCounter.infrastructure.log.Log4J2 StepCountExecutor:execStepCountInDirectory() ステップカウント処理開始。 ファイル名：CharacterIf.java
2023/05/13 10:27:20.073 [main] INFO   co.jp.stepCounter.infrastructure.log.Log4J2 StepCountExecutor:execStepCountInDirectory() ステップカウント処理開始。 ファイル名：Main.java
2023/05/13 10:27:20.074 [main] INFO   co.jp.stepCounter.infrastructure.log.Log4J2 StepCountExecutor:execStepCountInDirectory() ステップカウント処理開始。 ファイル名：Constant.java
2023/05/13 10:27:20.076 [main] INFO   co.jp.stepCounter.infrastructure.log.Log4J2 StepCountCsvDao:save() ステップカウント結果出力開始。 ファイルパス：/Users/takashi.ebina/git/repository2/stepCounter/work/input/character/Mario.java
2023/05/13 10:27:20.076 [main] INFO   co.jp.stepCounter.infrastructure.log.Log4J2 StepCountCsvDao:save() ステップカウント結果出力開始。 ファイルパス：/Users/takashi.ebina/git/repository2/stepCounter/work/input/character/Luigi.java
2023/05/13 10:27:20.076 [main] INFO   co.jp.stepCounter.infrastructure.log.Log4J2 StepCountCsvDao:save() ステップカウント結果出力開始。 ファイルパス：/Users/takashi.ebina/git/repository2/stepCounter/work/input/character/Character.java
2023/05/13 10:27:20.077 [main] INFO   co.jp.stepCounter.infrastructure.log.Log4J2 StepCountCsvDao:save() ステップカウント結果出力開始。 ファイルパス：/Users/takashi.ebina/git/repository2/stepCounter/work/input/character/HammerBros.java
2023/05/13 10:27:20.077 [main] INFO   co.jp.stepCounter.infrastructure.log.Log4J2 StepCountCsvDao:save() ステップカウント結果出力開始。 ファイルパス：/Users/takashi.ebina/git/repository2/stepCounter/work/input/character/CharacterIf.java
2023/05/13 10:27:20.077 [main] INFO   co.jp.stepCounter.infrastructure.log.Log4J2 StepCountCsvDao:save() ステップカウント結果出力開始。 ファイルパス：/Users/takashi.ebina/git/repository2/stepCounter/work/input/logic/Main.java
2023/05/13 10:27:20.077 [main] INFO   co.jp.stepCounter.infrastructure.log.Log4J2 StepCountCsvDao:save() ステップカウント結果出力開始。 ファイルパス：/Users/takashi.ebina/git/repository2/stepCounter/work/input/constant/Constant.java
2023/05/13 10:27:20.078 [main] INFO   co.jp.stepCounter.infrastructure.log.Log4J2 StepCounterSharedService:execStepCount() -- ステップカウント処理 終了 ---------------------------------------
2023/05/13 10:27:20.086 [main] DEBUG  co.jp.stepCounter.infrastructure.log.Log4J2 ValidatorUtil:inputDirectoryCheck() 入力ディレクトリパスチェック ファイルパス：/Users/takashi.ebina/git/repository2/stepCounter/work/input
2023/05/13 10:27:20.087 [main] DEBUG  co.jp.stepCounter.infrastructure.log.Log4J2 ValidatorUtil:outputFileCheck() 出力ファイルパスチェック ファイルパス：/Users/takashi.ebina/git/repository2/stepCounter/work/output/result.csv
2023/05/13 10:27:20.087 [main] INFO   co.jp.stepCounter.infrastructure.log.Log4J2 StepCounterSharedService:execStepCount() -- ステップカウント処理 開始 ---------------------------------------
2023/05/13 10:27:20.088 [main] WARN   co.jp.stepCounter.infrastructure.log.Log4J2 StepCountExecutor:execStepCountInDirectory() ファイルの拡張子が未対応。ステップカウント処理をスキップ。 ファイル名：.DS_Store
2023/05/13 10:27:20.089 [main] INFO   co.jp.stepCounter.infrastructure.log.Log4J2 StepCountExecutor:execStepCountInDirectory() ステップカウント処理開始。 ファイル名：Mario.java
2023/05/13 10:27:20.090 [main] INFO   co.jp.stepCounter.infrastructure.log.Log4J2 StepCountExecutor:execStepCountInDirectory() ステップカウント処理開始。 ファイル名：Luigi.java
2023/05/13 10:27:20.090 [main] INFO   co.jp.stepCounter.infrastructure.log.Log4J2 StepCountExecutor:execStepCountInDirectory() ステップカウント処理開始。 ファイル名：Character.java
2023/05/13 10:27:20.091 [main] INFO   co.jp.stepCounter.infrastructure.log.Log4J2 StepCountExecutor:execStepCountInDirectory() ステップカウント処理開始。 ファイル名：HammerBros.java
2023/05/13 10:27:20.092 [main] INFO   co.jp.stepCounter.infrastructure.log.Log4J2 StepCountExecutor:execStepCountInDirectory() ステップカウント処理開始。 ファイル名：CharacterIf.java
2023/05/13 10:27:20.093 [main] INFO   co.jp.stepCounter.infrastructure.log.Log4J2 StepCountExecutor:execStepCountInDirectory() ステップカウント処理開始。 ファイル名：Main.java
2023/05/13 10:27:20.094 [main] INFO   co.jp.stepCounter.infrastructure.log.Log4J2 StepCountExecutor:execStepCountInDirectory() ステップカウント処理開始。 ファイル名：Constant.java
2023/05/13 10:27:20.095 [main] INFO   co.jp.stepCounter.infrastructure.log.Log4J2 StepCountCsvDao:save() ステップカウント結果出力開始。 ファイルパス：/Users/takashi.ebina/git/repository2/stepCounter/work/input/character/Mario.java
2023/05/13 10:27:20.095 [main] INFO   co.jp.stepCounter.infrastructure.log.Log4J2 StepCountCsvDao:save() ステップカウント結果出力開始。 ファイルパス：/Users/takashi.ebina/git/repository2/stepCounter/work/input/character/Luigi.java
2023/05/13 10:27:20.096 [main] INFO   co.jp.stepCounter.infrastructure.log.Log4J2 StepCountCsvDao:save() ステップカウント結果出力開始。 ファイルパス：/Users/takashi.ebina/git/repository2/stepCounter/work/input/character/Character.java
2023/05/13 10:27:20.096 [main] INFO   co.jp.stepCounter.infrastructure.log.Log4J2 StepCountCsvDao:save() ステップカウント結果出力開始。 ファイルパス：/Users/takashi.ebina/git/repository2/stepCounter/work/input/character/HammerBros.java
2023/05/13 10:27:20.096 [main] INFO   co.jp.stepCounter.infrastructure.log.Log4J2 StepCountCsvDao:save() ステップカウント結果出力開始。 ファイルパス：/Users/takashi.ebina/git/repository2/stepCounter/work/input/character/CharacterIf.java
2023/05/13 10:27:20.096 [main] INFO   co.jp.stepCounter.infrastructure.log.Log4J2 StepCountCsvDao:save() ステップカウント結果出力開始。 ファイルパス：/Users/takashi.ebina/git/repository2/stepCounter/work/input/logic/Main.java
2023/05/13 10:27:20.097 [main] INFO   co.jp.stepCounter.infrastructure.log.Log4J2 StepCountCsvDao:save() ステップカウント結果出力開始。 ファイルパス：/Users/takashi.ebina/git/repository2/stepCounter/work/input/constant/Constant.java
2023/05/13 10:27:20.097 [main] INFO   co.jp.stepCounter.infrastructure.log.Log4J2 StepCounterSharedService:execStepCount() -- ステップカウント処理 終了 ---------------------------------------
2023/05/13 10:27:20.118 [main] DEBUG  co.jp.stepCounter.infrastructure.log.Log4J2 ValidatorUtil:inputDirectoryCheck() 入力ディレクトリパスチェック ファイルパス：/Users/takashi.ebina/git/repository2/stepCounter/work/input
2023/05/13 10:27:20.118 [main] DEBUG  co.jp.stepCounter.infrastructure.log.Log4J2 ValidatorUtil:outputFileCheck() 出力ファイルパスチェック ファイルパス：/Users/takashi.ebina/git/repository2/stepCounter/work/output/result.csv
2023/05/13 10:27:20.124 [main] DEBUG  co.jp.stepCounter.infrastructure.log.Log4J2 ValidatorUtil:inputDirectoryCheck() 入力ディレクトリパスチェック ファイルパス：/Users/takashi.ebina/git/repository2/stepCounter/work/output/result.csv
2023/05/13 10:27:20.124 [main] DEBUG  co.jp.stepCounter.infrastructure.log.Log4J2 ValidatorUtil:inputDirectoryCheck() チェック結果：入力ファイルパスがファイル
2023/05/13 10:27:20.127 [main] DEBUG  co.jp.stepCounter.infrastructure.log.Log4J2 ValidatorUtil:inputDirectoryCheck() 入力ディレクトリパスチェック ファイルパス：/Users/takashi.ebina/git/repository2/stepCounter/work/input
2023/05/13 10:27:20.127 [main] DEBUG  co.jp.stepCounter.infrastructure.log.Log4J2 ValidatorUtil:outputFileCheck() 出力ファイルパスチェック ファイルパス：/Users/takashi.ebina/git/repository2/stepCounter/work/input
2023/05/13 10:27:20.128 [main] DEBUG  co.jp.stepCounter.infrastructure.log.Log4J2 ValidatorUtil:outputFileCheck() チェック結果：出力ファイルパスがディレクトリ
2023/05/13 10:27:20.130 [main] DEBUG  co.jp.stepCounter.infrastructure.log.Log4J2 ValidatorUtil:inputDirectoryCheck() 入力ディレクトリパスチェック ファイルパス：/Users/takashi.ebina/git/repository2/stepCounter/work/input
2023/05/13 10:27:20.130 [main] DEBUG  co.jp.stepCounter.infrastructure.log.Log4J2 ValidatorUtil:outputFileCheck() 出力ファイルパスチェック ファイルパス：/Users/takashi.ebina/git/repository2/stepCounter/work/output/result.csv
2023/05/13 10:27:20.132 [main] DEBUG  co.jp.stepCounter.infrastructure.log.Log4J2 ValidatorUtil:inputDirectoryCheck() 入力ディレクトリパスチェック ファイルパス：/Users/takashi.ebina/git/repository2/stepCounter/work/input
2023/05/13 10:27:20.133 [main] DEBUG  co.jp.stepCounter.infrastructure.log.Log4J2 ValidatorUtil:outputFileCheck() 出力ファイルパスチェック ファイルパス：/Users/takashi.ebina/git/repository2/stepCounter/work/output/result.csv
