2023/05/05 20:58:58.343 [main] INFO   co.jp.stepCounter.util.log.Log4J2 co.jp.stepCounter.main.StepCounter:execStepCount() ステップカウント処理開始
2023/05/05 20:58:58.353 [main] WARN   co.jp.stepCounter.util.log.Log4J2 co.jp.stepCounter.main.StepCounter:execStepCountInDirectory() ファイルの拡張子が未対応。ステップカウント処理をスキップ。 ファイル名：.DS_Store
2023/05/05 20:58:58.354 [main] WARN   co.jp.stepCounter.util.log.Log4J2 co.jp.stepCounter.main.StepCounter:execStepCountInDirectory() ファイルの拡張子が未対応。ステップカウント処理をスキップ。 ファイル名：.DS_Store
2023/05/05 20:58:58.355 [main] WARN   co.jp.stepCounter.util.log.Log4J2 co.jp.stepCounter.main.StepCounter:execStepCountInDirectory() ファイルの拡張子が未対応。ステップカウント処理をスキップ。 ファイル名：.DS_Store
2023/05/05 20:58:58.356 [main] WARN   co.jp.stepCounter.util.log.Log4J2 co.jp.stepCounter.main.StepCounter:execStepCountInDirectory() ファイルの拡張子が未対応。ステップカウント処理をスキップ。 ファイル名：.DS_Store
2023/05/05 20:58:58.357 [main] WARN   co.jp.stepCounter.util.log.Log4J2 co.jp.stepCounter.main.StepCounter:execStepCountInDirectory() ファイルの拡張子が未対応。ステップカウント処理をスキップ。 ファイル名：.DS_Store
2023/05/05 20:58:58.357 [main] WARN   co.jp.stepCounter.util.log.Log4J2 co.jp.stepCounter.main.StepCounter:execStepCountInDirectory() ファイルの拡張子が未対応。ステップカウント処理をスキップ。 ファイル名：.DS_Store
2023/05/05 20:58:58.358 [main] WARN   co.jp.stepCounter.util.log.Log4J2 co.jp.stepCounter.main.StepCounter:execStepCountInDirectory() ファイルの拡張子が未対応。ステップカウント処理をスキップ。 ファイル名：.DS_Store
2023/05/05 20:58:58.363 [main] INFO   co.jp.stepCounter.util.log.Log4J2 co.jp.stepCounter.main.StepCounter:execStepCountInDirectory() ステップカウント処理開始。 ファイル名：TestValidatorUtil.java
2023/05/05 20:58:58.367 [main] INFO   co.jp.stepCounter.util.log.Log4J2 co.jp.stepCounter.main.StepCounter:execStepCountInDirectory() ステップカウント処理開始。 ファイル名：TestLog4J2.java
2023/05/05 20:58:58.368 [main] INFO   co.jp.stepCounter.util.log.Log4J2 co.jp.stepCounter.main.StepCounter:execStepCountInDirectory() ステップカウント処理開始。 ファイル名：TestUtil.java
2023/05/05 20:58:58.370 [main] WARN   co.jp.stepCounter.util.log.Log4J2 co.jp.stepCounter.main.StepCounter:execStepCountInDirectory() ファイルの拡張子が未対応。ステップカウント処理をスキップ。 ファイル名：.DS_Store
2023/05/05 20:58:58.370 [main] INFO   co.jp.stepCounter.util.log.Log4J2 co.jp.stepCounter.main.StepCounter:execStepCountInDirectory() ステップカウント処理開始。 ファイル名：TestIfStepCount.java
2023/05/05 20:58:58.372 [main] INFO   co.jp.stepCounter.util.log.Log4J2 co.jp.stepCounter.main.StepCounter:execStepCountInDirectory() ステップカウント処理開始。 ファイル名：TestCsStepCount.java
2023/05/05 20:58:58.373 [main] INFO   co.jp.stepCounter.util.log.Log4J2 co.jp.stepCounter.main.StepCounter:execStepCountInDirectory() ステップカウント処理開始。 ファイル名：TestJavaStepCount.java
2023/05/05 20:58:58.376 [main] INFO   co.jp.stepCounter.util.log.Log4J2 co.jp.stepCounter.main.StepCounter:execStepCountInDirectory() ステップカウント処理開始。 ファイル名：TestStepCountFactory.java
2023/05/05 20:58:58.378 [main] INFO   co.jp.stepCounter.util.log.Log4J2 co.jp.stepCounter.main.StepCounter:execStepCountInDirectory() ステップカウント処理開始。 ファイル名：TestAbsStepCount.java
2023/05/05 20:58:58.380 [main] INFO   co.jp.stepCounter.util.log.Log4J2 co.jp.stepCounter.main.StepCounter:execStepCountInDirectory() ステップカウント処理開始。 ファイル名：TestAbsCommentPatternMatch.java
2023/05/05 20:58:58.382 [main] INFO   co.jp.stepCounter.util.log.Log4J2 co.jp.stepCounter.main.StepCounter:execStepCountInDirectory() ステップカウント処理開始。 ファイル名：TestCommentPatternMatchFactory.java
2023/05/05 20:58:58.385 [main] INFO   co.jp.stepCounter.util.log.Log4J2 co.jp.stepCounter.main.StepCounter:execStepCountInDirectory() ステップカウント処理開始。 ファイル名：TestIfCommentPatternMatch.java
2023/05/05 20:58:58.386 [main] INFO   co.jp.stepCounter.util.log.Log4J2 co.jp.stepCounter.main.StepCounter:execStepCountInDirectory() ステップカウント処理開始。 ファイル名：TestCsCommentPatternMatch.java
2023/05/05 20:58:58.388 [main] INFO   co.jp.stepCounter.util.log.Log4J2 co.jp.stepCounter.main.StepCounter:execStepCountInDirectory() ステップカウント処理開始。 ファイル名：TestJavaCommentPatternMatch.java
2023/05/05 20:58:58.391 [main] INFO   co.jp.stepCounter.util.log.Log4J2 co.jp.stepCounter.main.StepCounter:execStepCountInDirectory() ステップカウント処理開始。 ファイル名：TestEnumReverseLookup.java
2023/05/05 20:58:58.392 [main] INFO   co.jp.stepCounter.util.log.Log4J2 co.jp.stepCounter.main.StepCounter:execStepCountInDirectory() ステップカウント処理開始。 ファイル名：TestConstant.java
2023/05/05 20:58:58.393 [main] WARN   co.jp.stepCounter.util.log.Log4J2 co.jp.stepCounter.main.StepCounter:execStepCountInDirectory() ファイルの拡張子が未対応。ステップカウント処理をスキップ。 ファイル名：.DS_Store
2023/05/05 20:58:58.394 [main] INFO   co.jp.stepCounter.util.log.Log4J2 co.jp.stepCounter.main.StepCounter:execStepCountInDirectory() ステップカウント処理開始。 ファイル名：TestScriptArguments.java
2023/05/05 20:58:58.395 [main] INFO   co.jp.stepCounter.util.log.Log4J2 co.jp.stepCounter.main.StepCounter:execStepCountInDirectory() ステップカウント処理開始。 ファイル名：TestArguments.java
2023/05/05 20:58:58.396 [main] INFO   co.jp.stepCounter.util.log.Log4J2 co.jp.stepCounter.main.StepCounter:execStepCountInDirectory() ステップカウント処理開始。 ファイル名：TestStepCounter.java
2023/05/05 20:58:58.397 [main] INFO   co.jp.stepCounter.util.log.Log4J2 co.jp.stepCounter.main.StepCounter:execStepCountInDirectory() ステップカウント処理開始。 ファイル名：TestStepCountData.java
2023/05/05 20:58:58.402 [main] INFO   co.jp.stepCounter.util.log.Log4J2 co.jp.stepCounter.main.StepCounter:execStepCountInDirectory() ステップカウント処理開始。 ファイル名：TestAllFilesStepCountData.java
2023/05/05 20:58:58.412 [main] WARN   co.jp.stepCounter.util.log.Log4J2 co.jp.stepCounter.main.StepCounter:execStepCountInDirectory() ファイルの拡張子が未対応。ステップカウント処理をスキップ。 ファイル名：.DS_Store
2023/05/05 20:58:58.413 [main] WARN   co.jp.stepCounter.util.log.Log4J2 co.jp.stepCounter.main.StepCounter:execStepCountInDirectory() ファイルの拡張子が未対応。ステップカウント処理をスキップ。 ファイル名：.DS_Store
2023/05/05 20:58:58.414 [main] WARN   co.jp.stepCounter.util.log.Log4J2 co.jp.stepCounter.main.StepCounter:execStepCountInDirectory() ファイルの拡張子が未対応。ステップカウント処理をスキップ。 ファイル名：.DS_Store
2023/05/05 20:58:58.414 [main] WARN   co.jp.stepCounter.util.log.Log4J2 co.jp.stepCounter.main.StepCounter:execStepCountInDirectory() ファイルの拡張子が未対応。ステップカウント処理をスキップ。 ファイル名：.DS_Store
2023/05/05 20:58:58.414 [main] WARN   co.jp.stepCounter.util.log.Log4J2 co.jp.stepCounter.main.StepCounter:execStepCountInDirectory() ファイルの拡張子が未対応。ステップカウント処理をスキップ。 ファイル名：.DS_Store
2023/05/05 20:58:58.415 [main] WARN   co.jp.stepCounter.util.log.Log4J2 co.jp.stepCounter.main.StepCounter:execStepCountInDirectory() ファイルの拡張子が未対応。ステップカウント処理をスキップ。 ファイル名：.DS_Store
2023/05/05 20:58:58.415 [main] INFO   co.jp.stepCounter.util.log.Log4J2 co.jp.stepCounter.main.StepCounter:execStepCountInDirectory() ステップカウント処理開始。 ファイル名：Util.java
2023/05/05 20:58:58.418 [main] INFO   co.jp.stepCounter.util.log.Log4J2 co.jp.stepCounter.main.StepCounter:execStepCountInDirectory() ステップカウント処理開始。 ファイル名：ValidatorUtil.java
2023/05/05 20:58:58.422 [main] INFO   co.jp.stepCounter.util.log.Log4J2 co.jp.stepCounter.main.StepCounter:execStepCountInDirectory() ステップカウント処理開始。 ファイル名：package-info.java
2023/05/05 20:58:58.424 [main] INFO   co.jp.stepCounter.util.log.Log4J2 co.jp.stepCounter.main.StepCounter:execStepCountInDirectory() ステップカウント処理開始。 ファイル名：Log4J2.java
2023/05/05 20:58:58.427 [main] INFO   co.jp.stepCounter.util.log.Log4J2 co.jp.stepCounter.main.StepCounter:execStepCountInDirectory() ステップカウント処理開始。 ファイル名：package-info.java
2023/05/05 20:58:58.429 [main] INFO   co.jp.stepCounter.util.log.Log4J2 co.jp.stepCounter.main.StepCounter:execStepCountInDirectory() ステップカウント処理開始。 ファイル名：package-info.java
2023/05/05 20:58:58.430 [main] WARN   co.jp.stepCounter.util.log.Log4J2 co.jp.stepCounter.main.StepCounter:execStepCountInDirectory() ファイルの拡張子が未対応。ステップカウント処理をスキップ。 ファイル名：.DS_Store
2023/05/05 20:58:58.431 [main] INFO   co.jp.stepCounter.util.log.Log4J2 co.jp.stepCounter.main.StepCounter:execStepCountInDirectory() ステップカウント処理開始。 ファイル名：AbsStepCount.java
2023/05/05 20:58:58.433 [main] INFO   co.jp.stepCounter.util.log.Log4J2 co.jp.stepCounter.main.StepCounter:execStepCountInDirectory() ステップカウント処理開始。 ファイル名：CsStepCount.java
2023/05/05 20:58:58.436 [main] INFO   co.jp.stepCounter.util.log.Log4J2 co.jp.stepCounter.main.StepCounter:execStepCountInDirectory() ステップカウント処理開始。 ファイル名：IfStepCount.java
2023/05/05 20:58:58.438 [main] INFO   co.jp.stepCounter.util.log.Log4J2 co.jp.stepCounter.main.StepCounter:execStepCountInDirectory() ステップカウント処理開始。 ファイル名：StepCountFactory.java
2023/05/05 20:58:58.439 [main] INFO   co.jp.stepCounter.util.log.Log4J2 co.jp.stepCounter.main.StepCounter:execStepCountInDirectory() ステップカウント処理開始。 ファイル名：JavaStepCount.java
2023/05/05 20:58:58.442 [main] INFO   co.jp.stepCounter.util.log.Log4J2 co.jp.stepCounter.main.StepCounter:execStepCountInDirectory() ステップカウント処理開始。 ファイル名：package-info.java
2023/05/05 20:58:58.443 [main] INFO   co.jp.stepCounter.util.log.Log4J2 co.jp.stepCounter.main.StepCounter:execStepCountInDirectory() ステップカウント処理開始。 ファイル名：CsCommentPatternMatch.java
2023/05/05 20:58:58.445 [main] INFO   co.jp.stepCounter.util.log.Log4J2 co.jp.stepCounter.main.StepCounter:execStepCountInDirectory() ステップカウント処理開始。 ファイル名：CommentPatternMatchFactory.java
2023/05/05 20:58:58.446 [main] INFO   co.jp.stepCounter.util.log.Log4J2 co.jp.stepCounter.main.StepCounter:execStepCountInDirectory() ステップカウント処理開始。 ファイル名：AbsCommentPatternMatch.java
2023/05/05 20:58:58.448 [main] INFO   co.jp.stepCounter.util.log.Log4J2 co.jp.stepCounter.main.StepCounter:execStepCountInDirectory() ステップカウント処理開始。 ファイル名：JavaCommentPatternMatch.java
2023/05/05 20:58:58.449 [main] INFO   co.jp.stepCounter.util.log.Log4J2 co.jp.stepCounter.main.StepCounter:execStepCountInDirectory() ステップカウント処理開始。 ファイル名：IfCommentPatternMatch.java
2023/05/05 20:58:58.451 [main] INFO   co.jp.stepCounter.util.log.Log4J2 co.jp.stepCounter.main.StepCounter:execStepCountInDirectory() ステップカウント処理開始。 ファイル名：package-info.java
2023/05/05 20:58:58.452 [main] INFO   co.jp.stepCounter.util.log.Log4J2 co.jp.stepCounter.main.StepCounter:execStepCountInDirectory() ステップカウント処理開始。 ファイル名：package-info.java
2023/05/05 20:58:58.453 [main] INFO   co.jp.stepCounter.util.log.Log4J2 co.jp.stepCounter.main.StepCounter:execStepCountInDirectory() ステップカウント処理開始。 ファイル名：EnumReverseLookup.java
2023/05/05 20:58:58.458 [main] INFO   co.jp.stepCounter.util.log.Log4J2 co.jp.stepCounter.main.StepCounter:execStepCountInDirectory() ステップカウント処理開始。 ファイル名：Constant.java
2023/05/05 20:58:58.460 [main] INFO   co.jp.stepCounter.util.log.Log4J2 co.jp.stepCounter.main.StepCounter:execStepCountInDirectory() ステップカウント処理開始。 ファイル名：package-info.java
2023/05/05 20:58:58.461 [main] INFO   co.jp.stepCounter.util.log.Log4J2 co.jp.stepCounter.main.StepCounter:execStepCountInDirectory() ステップカウント処理開始。 ファイル名：StepCounterScreen.java
2023/05/05 20:58:58.464 [main] INFO   co.jp.stepCounter.util.log.Log4J2 co.jp.stepCounter.main.StepCounter:execStepCountInDirectory() ステップカウント処理開始。 ファイル名：package-info.java
2023/05/05 20:58:58.466 [main] INFO   co.jp.stepCounter.util.log.Log4J2 co.jp.stepCounter.main.StepCounter:execStepCountInDirectory() ステップカウント処理開始。 ファイル名：ScriptArguments.java
2023/05/05 20:58:58.468 [main] INFO   co.jp.stepCounter.util.log.Log4J2 co.jp.stepCounter.main.StepCounter:execStepCountInDirectory() ステップカウント処理開始。 ファイル名：Arguments.java
2023/05/05 20:58:58.470 [main] INFO   co.jp.stepCounter.util.log.Log4J2 co.jp.stepCounter.main.StepCounter:execStepCountInDirectory() ステップカウント処理開始。 ファイル名：package-info.java
2023/05/05 20:58:58.471 [main] INFO   co.jp.stepCounter.util.log.Log4J2 co.jp.stepCounter.main.StepCounter:execStepCountInDirectory() ステップカウント処理開始。 ファイル名：StepCounter.java
2023/05/05 20:58:58.476 [main] INFO   co.jp.stepCounter.util.log.Log4J2 co.jp.stepCounter.main.StepCounter:execStepCountInDirectory() ステップカウント処理開始。 ファイル名：package-info.java
2023/05/05 20:58:58.477 [main] INFO   co.jp.stepCounter.util.log.Log4J2 co.jp.stepCounter.main.StepCounter:execStepCountInDirectory() ステップカウント処理開始。 ファイル名：StepCountData.java
2023/05/05 20:58:58.478 [main] INFO   co.jp.stepCounter.util.log.Log4J2 co.jp.stepCounter.main.StepCounter:execStepCountInDirectory() ステップカウント処理開始。 ファイル名：AllFilesStepCountData.java
2023/05/05 20:58:58.481 [main] INFO   co.jp.stepCounter.util.log.Log4J2 co.jp.stepCounter.main.StepCounter:execStepCountInDirectory() ステップカウント処理開始。 ファイル名：package-info.java
2023/05/05 20:58:58.482 [main] INFO   co.jp.stepCounter.util.log.Log4J2 co.jp.stepCounter.main.StepCounter:execStepCountInDirectory() ステップカウント処理開始。 ファイル名：package-info.java
2023/05/05 20:58:58.485 [main] INFO   co.jp.stepCounter.util.log.Log4J2 co.jp.stepCounter.main.StepCounter:writeStepCountResult() ステップカウント結果出力開始。 ファイルパス：/Users/takashi.ebina/git/repository2/stepCounter/src/test/java/co/jp/stepCounter/util/validator/TestValidatorUtil.java
2023/05/05 20:58:58.486 [main] INFO   co.jp.stepCounter.util.log.Log4J2 co.jp.stepCounter.main.StepCounter:writeStepCountResult() ステップカウント結果出力開始。 ファイルパス：/Users/takashi.ebina/git/repository2/stepCounter/src/test/java/co/jp/stepCounter/util/log/TestLog4J2.java
2023/05/05 20:58:58.486 [main] INFO   co.jp.stepCounter.util.log.Log4J2 co.jp.stepCounter.main.StepCounter:writeStepCountResult() ステップカウント結果出力開始。 ファイルパス：/Users/takashi.ebina/git/repository2/stepCounter/src/test/java/co/jp/stepCounter/util/TestUtil.java
2023/05/05 20:58:58.486 [main] INFO   co.jp.stepCounter.util.log.Log4J2 co.jp.stepCounter.main.StepCounter:writeStepCountResult() ステップカウント結果出力開始。 ファイルパス：/Users/takashi.ebina/git/repository2/stepCounter/src/test/java/co/jp/stepCounter/logic/stepCount/TestIfStepCount.java
2023/05/05 20:58:58.486 [main] INFO   co.jp.stepCounter.util.log.Log4J2 co.jp.stepCounter.main.StepCounter:writeStepCountResult() ステップカウント結果出力開始。 ファイルパス：/Users/takashi.ebina/git/repository2/stepCounter/src/test/java/co/jp/stepCounter/logic/stepCount/TestCsStepCount.java
2023/05/05 20:58:58.486 [main] INFO   co.jp.stepCounter.util.log.Log4J2 co.jp.stepCounter.main.StepCounter:writeStepCountResult() ステップカウント結果出力開始。 ファイルパス：/Users/takashi.ebina/git/repository2/stepCounter/src/test/java/co/jp/stepCounter/logic/stepCount/TestJavaStepCount.java
2023/05/05 20:58:58.486 [main] INFO   co.jp.stepCounter.util.log.Log4J2 co.jp.stepCounter.main.StepCounter:writeStepCountResult() ステップカウント結果出力開始。 ファイルパス：/Users/takashi.ebina/git/repository2/stepCounter/src/test/java/co/jp/stepCounter/logic/stepCount/TestStepCountFactory.java
2023/05/05 20:58:58.487 [main] INFO   co.jp.stepCounter.util.log.Log4J2 co.jp.stepCounter.main.StepCounter:writeStepCountResult() ステップカウント結果出力開始。 ファイルパス：/Users/takashi.ebina/git/repository2/stepCounter/src/test/java/co/jp/stepCounter/logic/stepCount/TestAbsStepCount.java
2023/05/05 20:58:58.487 [main] INFO   co.jp.stepCounter.util.log.Log4J2 co.jp.stepCounter.main.StepCounter:writeStepCountResult() ステップカウント結果出力開始。 ファイルパス：/Users/takashi.ebina/git/repository2/stepCounter/src/test/java/co/jp/stepCounter/logic/commentPatternMatch/TestAbsCommentPatternMatch.java
2023/05/05 20:58:58.487 [main] INFO   co.jp.stepCounter.util.log.Log4J2 co.jp.stepCounter.main.StepCounter:writeStepCountResult() ステップカウント結果出力開始。 ファイルパス：/Users/takashi.ebina/git/repository2/stepCounter/src/test/java/co/jp/stepCounter/logic/commentPatternMatch/TestCommentPatternMatchFactory.java
2023/05/05 20:58:58.488 [main] INFO   co.jp.stepCounter.util.log.Log4J2 co.jp.stepCounter.main.StepCounter:writeStepCountResult() ステップカウント結果出力開始。 ファイルパス：/Users/takashi.ebina/git/repository2/stepCounter/src/test/java/co/jp/stepCounter/logic/commentPatternMatch/TestIfCommentPatternMatch.java
2023/05/05 20:58:58.488 [main] INFO   co.jp.stepCounter.util.log.Log4J2 co.jp.stepCounter.main.StepCounter:writeStepCountResult() ステップカウント結果出力開始。 ファイルパス：/Users/takashi.ebina/git/repository2/stepCounter/src/test/java/co/jp/stepCounter/logic/commentPatternMatch/TestCsCommentPatternMatch.java
2023/05/05 20:58:58.488 [main] INFO   co.jp.stepCounter.util.log.Log4J2 co.jp.stepCounter.main.StepCounter:writeStepCountResult() ステップカウント結果出力開始。 ファイルパス：/Users/takashi.ebina/git/repository2/stepCounter/src/test/java/co/jp/stepCounter/logic/commentPatternMatch/TestJavaCommentPatternMatch.java
2023/05/05 20:58:58.489 [main] INFO   co.jp.stepCounter.util.log.Log4J2 co.jp.stepCounter.main.StepCounter:writeStepCountResult() ステップカウント結果出力開始。 ファイルパス：/Users/takashi.ebina/git/repository2/stepCounter/src/test/java/co/jp/stepCounter/constant/TestEnumReverseLookup.java
2023/05/05 20:58:58.489 [main] INFO   co.jp.stepCounter.util.log.Log4J2 co.jp.stepCounter.main.StepCounter:writeStepCountResult() ステップカウント結果出力開始。 ファイルパス：/Users/takashi.ebina/git/repository2/stepCounter/src/test/java/co/jp/stepCounter/constant/TestConstant.java
2023/05/05 20:58:58.489 [main] INFO   co.jp.stepCounter.util.log.Log4J2 co.jp.stepCounter.main.StepCounter:writeStepCountResult() ステップカウント結果出力開始。 ファイルパス：/Users/takashi.ebina/git/repository2/stepCounter/src/test/java/co/jp/stepCounter/main/arg/TestScriptArguments.java
2023/05/05 20:58:58.489 [main] INFO   co.jp.stepCounter.util.log.Log4J2 co.jp.stepCounter.main.StepCounter:writeStepCountResult() ステップカウント結果出力開始。 ファイルパス：/Users/takashi.ebina/git/repository2/stepCounter/src/test/java/co/jp/stepCounter/main/arg/TestArguments.java
2023/05/05 20:58:58.489 [main] INFO   co.jp.stepCounter.util.log.Log4J2 co.jp.stepCounter.main.StepCounter:writeStepCountResult() ステップカウント結果出力開始。 ファイルパス：/Users/takashi.ebina/git/repository2/stepCounter/src/test/java/co/jp/stepCounter/main/TestStepCounter.java
2023/05/05 20:58:58.489 [main] INFO   co.jp.stepCounter.util.log.Log4J2 co.jp.stepCounter.main.StepCounter:writeStepCountResult() ステップカウント結果出力開始。 ファイルパス：/Users/takashi.ebina/git/repository2/stepCounter/src/test/java/co/jp/stepCounter/data/TestStepCountData.java
2023/05/05 20:58:58.490 [main] INFO   co.jp.stepCounter.util.log.Log4J2 co.jp.stepCounter.main.StepCounter:writeStepCountResult() ステップカウント結果出力開始。 ファイルパス：/Users/takashi.ebina/git/repository2/stepCounter/src/test/java/co/jp/stepCounter/data/TestAllFilesStepCountData.java
2023/05/05 20:58:58.490 [main] INFO   co.jp.stepCounter.util.log.Log4J2 co.jp.stepCounter.main.StepCounter:writeStepCountResult() ステップカウント結果出力開始。 ファイルパス：/Users/takashi.ebina/git/repository2/stepCounter/src/main/java/co/jp/stepCounter/util/Util.java
2023/05/05 20:58:58.490 [main] INFO   co.jp.stepCounter.util.log.Log4J2 co.jp.stepCounter.main.StepCounter:writeStepCountResult() ステップカウント結果出力開始。 ファイルパス：/Users/takashi.ebina/git/repository2/stepCounter/src/main/java/co/jp/stepCounter/util/validator/ValidatorUtil.java
2023/05/05 20:58:58.490 [main] INFO   co.jp.stepCounter.util.log.Log4J2 co.jp.stepCounter.main.StepCounter:writeStepCountResult() ステップカウント結果出力開始。 ファイルパス：/Users/takashi.ebina/git/repository2/stepCounter/src/main/java/co/jp/stepCounter/util/validator/package-info.java
2023/05/05 20:58:58.490 [main] INFO   co.jp.stepCounter.util.log.Log4J2 co.jp.stepCounter.main.StepCounter:writeStepCountResult() ステップカウント結果出力開始。 ファイルパス：/Users/takashi.ebina/git/repository2/stepCounter/src/main/java/co/jp/stepCounter/util/log/Log4J2.java
2023/05/05 20:58:58.490 [main] INFO   co.jp.stepCounter.util.log.Log4J2 co.jp.stepCounter.main.StepCounter:writeStepCountResult() ステップカウント結果出力開始。 ファイルパス：/Users/takashi.ebina/git/repository2/stepCounter/src/main/java/co/jp/stepCounter/util/log/package-info.java
2023/05/05 20:58:58.491 [main] INFO   co.jp.stepCounter.util.log.Log4J2 co.jp.stepCounter.main.StepCounter:writeStepCountResult() ステップカウント結果出力開始。 ファイルパス：/Users/takashi.ebina/git/repository2/stepCounter/src/main/java/co/jp/stepCounter/util/package-info.java
2023/05/05 20:58:58.491 [main] INFO   co.jp.stepCounter.util.log.Log4J2 co.jp.stepCounter.main.StepCounter:writeStepCountResult() ステップカウント結果出力開始。 ファイルパス：/Users/takashi.ebina/git/repository2/stepCounter/src/main/java/co/jp/stepCounter/logic/stepCount/AbsStepCount.java
2023/05/05 20:58:58.491 [main] INFO   co.jp.stepCounter.util.log.Log4J2 co.jp.stepCounter.main.StepCounter:writeStepCountResult() ステップカウント結果出力開始。 ファイルパス：/Users/takashi.ebina/git/repository2/stepCounter/src/main/java/co/jp/stepCounter/logic/stepCount/CsStepCount.java
2023/05/05 20:58:58.491 [main] INFO   co.jp.stepCounter.util.log.Log4J2 co.jp.stepCounter.main.StepCounter:writeStepCountResult() ステップカウント結果出力開始。 ファイルパス：/Users/takashi.ebina/git/repository2/stepCounter/src/main/java/co/jp/stepCounter/logic/stepCount/IfStepCount.java
2023/05/05 20:58:58.491 [main] INFO   co.jp.stepCounter.util.log.Log4J2 co.jp.stepCounter.main.StepCounter:writeStepCountResult() ステップカウント結果出力開始。 ファイルパス：/Users/takashi.ebina/git/repository2/stepCounter/src/main/java/co/jp/stepCounter/logic/stepCount/StepCountFactory.java
2023/05/05 20:58:58.492 [main] INFO   co.jp.stepCounter.util.log.Log4J2 co.jp.stepCounter.main.StepCounter:writeStepCountResult() ステップカウント結果出力開始。 ファイルパス：/Users/takashi.ebina/git/repository2/stepCounter/src/main/java/co/jp/stepCounter/logic/stepCount/JavaStepCount.java
2023/05/05 20:58:58.492 [main] INFO   co.jp.stepCounter.util.log.Log4J2 co.jp.stepCounter.main.StepCounter:writeStepCountResult() ステップカウント結果出力開始。 ファイルパス：/Users/takashi.ebina/git/repository2/stepCounter/src/main/java/co/jp/stepCounter/logic/stepCount/package-info.java
2023/05/05 20:58:58.492 [main] INFO   co.jp.stepCounter.util.log.Log4J2 co.jp.stepCounter.main.StepCounter:writeStepCountResult() ステップカウント結果出力開始。 ファイルパス：/Users/takashi.ebina/git/repository2/stepCounter/src/main/java/co/jp/stepCounter/logic/commentPatternMatch/CsCommentPatternMatch.java
2023/05/05 20:58:58.492 [main] INFO   co.jp.stepCounter.util.log.Log4J2 co.jp.stepCounter.main.StepCounter:writeStepCountResult() ステップカウント結果出力開始。 ファイルパス：/Users/takashi.ebina/git/repository2/stepCounter/src/main/java/co/jp/stepCounter/logic/commentPatternMatch/CommentPatternMatchFactory.java
2023/05/05 20:58:58.492 [main] INFO   co.jp.stepCounter.util.log.Log4J2 co.jp.stepCounter.main.StepCounter:writeStepCountResult() ステップカウント結果出力開始。 ファイルパス：/Users/takashi.ebina/git/repository2/stepCounter/src/main/java/co/jp/stepCounter/logic/commentPatternMatch/AbsCommentPatternMatch.java
2023/05/05 20:58:58.493 [main] INFO   co.jp.stepCounter.util.log.Log4J2 co.jp.stepCounter.main.StepCounter:writeStepCountResult() ステップカウント結果出力開始。 ファイルパス：/Users/takashi.ebina/git/repository2/stepCounter/src/main/java/co/jp/stepCounter/logic/commentPatternMatch/JavaCommentPatternMatch.java
2023/05/05 20:58:58.493 [main] INFO   co.jp.stepCounter.util.log.Log4J2 co.jp.stepCounter.main.StepCounter:writeStepCountResult() ステップカウント結果出力開始。 ファイルパス：/Users/takashi.ebina/git/repository2/stepCounter/src/main/java/co/jp/stepCounter/logic/commentPatternMatch/IfCommentPatternMatch.java
2023/05/05 20:58:58.493 [main] INFO   co.jp.stepCounter.util.log.Log4J2 co.jp.stepCounter.main.StepCounter:writeStepCountResult() ステップカウント結果出力開始。 ファイルパス：/Users/takashi.ebina/git/repository2/stepCounter/src/main/java/co/jp/stepCounter/logic/commentPatternMatch/package-info.java
2023/05/05 20:58:58.493 [main] INFO   co.jp.stepCounter.util.log.Log4J2 co.jp.stepCounter.main.StepCounter:writeStepCountResult() ステップカウント結果出力開始。 ファイルパス：/Users/takashi.ebina/git/repository2/stepCounter/src/main/java/co/jp/stepCounter/logic/package-info.java
2023/05/05 20:58:58.493 [main] INFO   co.jp.stepCounter.util.log.Log4J2 co.jp.stepCounter.main.StepCounter:writeStepCountResult() ステップカウント結果出力開始。 ファイルパス：/Users/takashi.ebina/git/repository2/stepCounter/src/main/java/co/jp/stepCounter/constant/EnumReverseLookup.java
2023/05/05 20:58:58.494 [main] INFO   co.jp.stepCounter.util.log.Log4J2 co.jp.stepCounter.main.StepCounter:writeStepCountResult() ステップカウント結果出力開始。 ファイルパス：/Users/takashi.ebina/git/repository2/stepCounter/src/main/java/co/jp/stepCounter/constant/Constant.java
2023/05/05 20:58:58.494 [main] INFO   co.jp.stepCounter.util.log.Log4J2 co.jp.stepCounter.main.StepCounter:writeStepCountResult() ステップカウント結果出力開始。 ファイルパス：/Users/takashi.ebina/git/repository2/stepCounter/src/main/java/co/jp/stepCounter/constant/package-info.java
2023/05/05 20:58:58.494 [main] INFO   co.jp.stepCounter.util.log.Log4J2 co.jp.stepCounter.main.StepCounter:writeStepCountResult() ステップカウント結果出力開始。 ファイルパス：/Users/takashi.ebina/git/repository2/stepCounter/src/main/java/co/jp/stepCounter/screen/StepCounterScreen.java
2023/05/05 20:58:58.494 [main] INFO   co.jp.stepCounter.util.log.Log4J2 co.jp.stepCounter.main.StepCounter:writeStepCountResult() ステップカウント結果出力開始。 ファイルパス：/Users/takashi.ebina/git/repository2/stepCounter/src/main/java/co/jp/stepCounter/screen/package-info.java
2023/05/05 20:58:58.494 [main] INFO   co.jp.stepCounter.util.log.Log4J2 co.jp.stepCounter.main.StepCounter:writeStepCountResult() ステップカウント結果出力開始。 ファイルパス：/Users/takashi.ebina/git/repository2/stepCounter/src/main/java/co/jp/stepCounter/main/arg/ScriptArguments.java
2023/05/05 20:58:58.495 [main] INFO   co.jp.stepCounter.util.log.Log4J2 co.jp.stepCounter.main.StepCounter:writeStepCountResult() ステップカウント結果出力開始。 ファイルパス：/Users/takashi.ebina/git/repository2/stepCounter/src/main/java/co/jp/stepCounter/main/arg/Arguments.java
2023/05/05 20:58:58.495 [main] INFO   co.jp.stepCounter.util.log.Log4J2 co.jp.stepCounter.main.StepCounter:writeStepCountResult() ステップカウント結果出力開始。 ファイルパス：/Users/takashi.ebina/git/repository2/stepCounter/src/main/java/co/jp/stepCounter/main/arg/package-info.java
2023/05/05 20:58:58.495 [main] INFO   co.jp.stepCounter.util.log.Log4J2 co.jp.stepCounter.main.StepCounter:writeStepCountResult() ステップカウント結果出力開始。 ファイルパス：/Users/takashi.ebina/git/repository2/stepCounter/src/main/java/co/jp/stepCounter/main/StepCounter.java
2023/05/05 20:58:58.495 [main] INFO   co.jp.stepCounter.util.log.Log4J2 co.jp.stepCounter.main.StepCounter:writeStepCountResult() ステップカウント結果出力開始。 ファイルパス：/Users/takashi.ebina/git/repository2/stepCounter/src/main/java/co/jp/stepCounter/main/package-info.java
2023/05/05 20:58:58.495 [main] INFO   co.jp.stepCounter.util.log.Log4J2 co.jp.stepCounter.main.StepCounter:writeStepCountResult() ステップカウント結果出力開始。 ファイルパス：/Users/takashi.ebina/git/repository2/stepCounter/src/main/java/co/jp/stepCounter/data/StepCountData.java
2023/05/05 20:58:58.496 [main] INFO   co.jp.stepCounter.util.log.Log4J2 co.jp.stepCounter.main.StepCounter:writeStepCountResult() ステップカウント結果出力開始。 ファイルパス：/Users/takashi.ebina/git/repository2/stepCounter/src/main/java/co/jp/stepCounter/data/AllFilesStepCountData.java
2023/05/05 20:58:58.496 [main] INFO   co.jp.stepCounter.util.log.Log4J2 co.jp.stepCounter.main.StepCounter:writeStepCountResult() ステップカウント結果出力開始。 ファイルパス：/Users/takashi.ebina/git/repository2/stepCounter/src/main/java/co/jp/stepCounter/data/package-info.java
2023/05/05 20:58:58.496 [main] INFO   co.jp.stepCounter.util.log.Log4J2 co.jp.stepCounter.main.StepCounter:writeStepCountResult() ステップカウント結果出力開始。 ファイルパス：/Users/takashi.ebina/git/repository2/stepCounter/src/main/java/co/jp/stepCounter/package-info.java
2023/05/05 20:58:58.496 [main] INFO   co.jp.stepCounter.util.log.Log4J2 co.jp.stepCounter.main.StepCounter:execStepCount() ステップカウント処理正常終了
2023/05/05 21:07:42.705 [main] INFO   co.jp.stepCounter.util.log.Log4J2 co.jp.stepCounter.main.StepCounter:execStepCount() ステップカウント処理開始
2023/05/05 21:07:42.713 [main] WARN   co.jp.stepCounter.util.log.Log4J2 co.jp.stepCounter.main.StepCounter:execStepCountInDirectory() ファイルの拡張子が未対応。ステップカウント処理をスキップ。 ファイル名：.DS_Store
2023/05/05 21:07:42.714 [main] WARN   co.jp.stepCounter.util.log.Log4J2 co.jp.stepCounter.main.StepCounter:execStepCountInDirectory() ファイルの拡張子が未対応。ステップカウント処理をスキップ。 ファイル名：.DS_Store
2023/05/05 21:07:42.714 [main] WARN   co.jp.stepCounter.util.log.Log4J2 co.jp.stepCounter.main.StepCounter:execStepCountInDirectory() ファイルの拡張子が未対応。ステップカウント処理をスキップ。 ファイル名：.DS_Store
2023/05/05 21:07:42.714 [main] WARN   co.jp.stepCounter.util.log.Log4J2 co.jp.stepCounter.main.StepCounter:execStepCountInDirectory() ファイルの拡張子が未対応。ステップカウント処理をスキップ。 ファイル名：.DS_Store
2023/05/05 21:07:42.715 [main] WARN   co.jp.stepCounter.util.log.Log4J2 co.jp.stepCounter.main.StepCounter:execStepCountInDirectory() ファイルの拡張子が未対応。ステップカウント処理をスキップ。 ファイル名：.DS_Store
2023/05/05 21:07:42.715 [main] WARN   co.jp.stepCounter.util.log.Log4J2 co.jp.stepCounter.main.StepCounter:execStepCountInDirectory() ファイルの拡張子が未対応。ステップカウント処理をスキップ。 ファイル名：.DS_Store
2023/05/05 21:07:42.715 [main] WARN   co.jp.stepCounter.util.log.Log4J2 co.jp.stepCounter.main.StepCounter:execStepCountInDirectory() ファイルの拡張子が未対応。ステップカウント処理をスキップ。 ファイル名：.DS_Store
2023/05/05 21:07:42.719 [main] INFO   co.jp.stepCounter.util.log.Log4J2 co.jp.stepCounter.main.StepCounter:execStepCountInDirectory() ステップカウント処理開始。 ファイル名：TestValidatorUtil.java
2023/05/05 21:07:42.724 [main] INFO   co.jp.stepCounter.util.log.Log4J2 co.jp.stepCounter.main.StepCounter:execStepCountInDirectory() ステップカウント処理開始。 ファイル名：TestLog4J2.java
2023/05/05 21:07:42.725 [main] INFO   co.jp.stepCounter.util.log.Log4J2 co.jp.stepCounter.main.StepCounter:execStepCountInDirectory() ステップカウント処理開始。 ファイル名：TestUtil.java
2023/05/05 21:07:42.726 [main] WARN   co.jp.stepCounter.util.log.Log4J2 co.jp.stepCounter.main.StepCounter:execStepCountInDirectory() ファイルの拡張子が未対応。ステップカウント処理をスキップ。 ファイル名：.DS_Store
2023/05/05 21:07:42.727 [main] INFO   co.jp.stepCounter.util.log.Log4J2 co.jp.stepCounter.main.StepCounter:execStepCountInDirectory() ステップカウント処理開始。 ファイル名：TestIfStepCount.java
2023/05/05 21:07:42.728 [main] INFO   co.jp.stepCounter.util.log.Log4J2 co.jp.stepCounter.main.StepCounter:execStepCountInDirectory() ステップカウント処理開始。 ファイル名：TestCsStepCount.java
2023/05/05 21:07:42.729 [main] INFO   co.jp.stepCounter.util.log.Log4J2 co.jp.stepCounter.main.StepCounter:execStepCountInDirectory() ステップカウント処理開始。 ファイル名：TestJavaStepCount.java
2023/05/05 21:07:42.731 [main] INFO   co.jp.stepCounter.util.log.Log4J2 co.jp.stepCounter.main.StepCounter:execStepCountInDirectory() ステップカウント処理開始。 ファイル名：TestStepCountFactory.java
2023/05/05 21:07:42.733 [main] INFO   co.jp.stepCounter.util.log.Log4J2 co.jp.stepCounter.main.StepCounter:execStepCountInDirectory() ステップカウント処理開始。 ファイル名：TestAbsStepCount.java
2023/05/05 21:07:42.735 [main] INFO   co.jp.stepCounter.util.log.Log4J2 co.jp.stepCounter.main.StepCounter:execStepCountInDirectory() ステップカウント処理開始。 ファイル名：TestAbsCommentPatternMatch.java
2023/05/05 21:07:42.736 [main] INFO   co.jp.stepCounter.util.log.Log4J2 co.jp.stepCounter.main.StepCounter:execStepCountInDirectory() ステップカウント処理開始。 ファイル名：TestCommentPatternMatchFactory.java
2023/05/05 21:07:42.739 [main] INFO   co.jp.stepCounter.util.log.Log4J2 co.jp.stepCounter.main.StepCounter:execStepCountInDirectory() ステップカウント処理開始。 ファイル名：TestIfCommentPatternMatch.java
2023/05/05 21:07:42.740 [main] INFO   co.jp.stepCounter.util.log.Log4J2 co.jp.stepCounter.main.StepCounter:execStepCountInDirectory() ステップカウント処理開始。 ファイル名：TestCsCommentPatternMatch.java
2023/05/05 21:07:42.741 [main] INFO   co.jp.stepCounter.util.log.Log4J2 co.jp.stepCounter.main.StepCounter:execStepCountInDirectory() ステップカウント処理開始。 ファイル名：TestJavaCommentPatternMatch.java
2023/05/05 21:07:42.744 [main] INFO   co.jp.stepCounter.util.log.Log4J2 co.jp.stepCounter.main.StepCounter:execStepCountInDirectory() ステップカウント処理開始。 ファイル名：TestEnumReverseLookup.java
2023/05/05 21:07:42.746 [main] INFO   co.jp.stepCounter.util.log.Log4J2 co.jp.stepCounter.main.StepCounter:execStepCountInDirectory() ステップカウント処理開始。 ファイル名：TestConstant.java
2023/05/05 21:07:42.747 [main] WARN   co.jp.stepCounter.util.log.Log4J2 co.jp.stepCounter.main.StepCounter:execStepCountInDirectory() ファイルの拡張子が未対応。ステップカウント処理をスキップ。 ファイル名：.DS_Store
2023/05/05 21:07:42.748 [main] INFO   co.jp.stepCounter.util.log.Log4J2 co.jp.stepCounter.main.StepCounter:execStepCountInDirectory() ステップカウント処理開始。 ファイル名：TestScriptArguments.java
2023/05/05 21:07:42.749 [main] INFO   co.jp.stepCounter.util.log.Log4J2 co.jp.stepCounter.main.StepCounter:execStepCountInDirectory() ステップカウント処理開始。 ファイル名：TestArguments.java
2023/05/05 21:07:42.750 [main] INFO   co.jp.stepCounter.util.log.Log4J2 co.jp.stepCounter.main.StepCounter:execStepCountInDirectory() ステップカウント処理開始。 ファイル名：TestStepCounter.java
2023/05/05 21:07:42.751 [main] INFO   co.jp.stepCounter.util.log.Log4J2 co.jp.stepCounter.main.StepCounter:execStepCountInDirectory() ステップカウント処理開始。 ファイル名：TestStepCountData.java
2023/05/05 21:07:42.754 [main] INFO   co.jp.stepCounter.util.log.Log4J2 co.jp.stepCounter.main.StepCounter:execStepCountInDirectory() ステップカウント処理開始。 ファイル名：TestAllFilesStepCountData.java
2023/05/05 21:07:42.755 [main] WARN   co.jp.stepCounter.util.log.Log4J2 co.jp.stepCounter.main.StepCounter:execStepCountInDirectory() ファイルの拡張子が未対応。ステップカウント処理をスキップ。 ファイル名：.DS_Store
2023/05/05 21:07:42.755 [main] WARN   co.jp.stepCounter.util.log.Log4J2 co.jp.stepCounter.main.StepCounter:execStepCountInDirectory() ファイルの拡張子が未対応。ステップカウント処理をスキップ。 ファイル名：.DS_Store
2023/05/05 21:07:42.755 [main] WARN   co.jp.stepCounter.util.log.Log4J2 co.jp.stepCounter.main.StepCounter:execStepCountInDirectory() ファイルの拡張子が未対応。ステップカウント処理をスキップ。 ファイル名：.DS_Store
2023/05/05 21:07:42.756 [main] WARN   co.jp.stepCounter.util.log.Log4J2 co.jp.stepCounter.main.StepCounter:execStepCountInDirectory() ファイルの拡張子が未対応。ステップカウント処理をスキップ。 ファイル名：.DS_Store
2023/05/05 21:07:42.756 [main] WARN   co.jp.stepCounter.util.log.Log4J2 co.jp.stepCounter.main.StepCounter:execStepCountInDirectory() ファイルの拡張子が未対応。ステップカウント処理をスキップ。 ファイル名：.DS_Store
2023/05/05 21:07:42.756 [main] WARN   co.jp.stepCounter.util.log.Log4J2 co.jp.stepCounter.main.StepCounter:execStepCountInDirectory() ファイルの拡張子が未対応。ステップカウント処理をスキップ。 ファイル名：.DS_Store
2023/05/05 21:07:42.756 [main] INFO   co.jp.stepCounter.util.log.Log4J2 co.jp.stepCounter.main.StepCounter:execStepCountInDirectory() ステップカウント処理開始。 ファイル名：Util.java
2023/05/05 21:07:42.758 [main] INFO   co.jp.stepCounter.util.log.Log4J2 co.jp.stepCounter.main.StepCounter:execStepCountInDirectory() ステップカウント処理開始。 ファイル名：ValidatorUtil.java
2023/05/05 21:07:42.761 [main] INFO   co.jp.stepCounter.util.log.Log4J2 co.jp.stepCounter.main.StepCounter:execStepCountInDirectory() ステップカウント処理開始。 ファイル名：package-info.java
2023/05/05 21:07:42.762 [main] INFO   co.jp.stepCounter.util.log.Log4J2 co.jp.stepCounter.main.StepCounter:execStepCountInDirectory() ステップカウント処理開始。 ファイル名：Log4J2.java
2023/05/05 21:07:42.764 [main] INFO   co.jp.stepCounter.util.log.Log4J2 co.jp.stepCounter.main.StepCounter:execStepCountInDirectory() ステップカウント処理開始。 ファイル名：package-info.java
2023/05/05 21:07:42.765 [main] INFO   co.jp.stepCounter.util.log.Log4J2 co.jp.stepCounter.main.StepCounter:execStepCountInDirectory() ステップカウント処理開始。 ファイル名：package-info.java
2023/05/05 21:07:42.766 [main] WARN   co.jp.stepCounter.util.log.Log4J2 co.jp.stepCounter.main.StepCounter:execStepCountInDirectory() ファイルの拡張子が未対応。ステップカウント処理をスキップ。 ファイル名：.DS_Store
2023/05/05 21:07:42.767 [main] INFO   co.jp.stepCounter.util.log.Log4J2 co.jp.stepCounter.main.StepCounter:execStepCountInDirectory() ステップカウント処理開始。 ファイル名：AbsStepCount.java
2023/05/05 21:07:42.769 [main] INFO   co.jp.stepCounter.util.log.Log4J2 co.jp.stepCounter.main.StepCounter:execStepCountInDirectory() ステップカウント処理開始。 ファイル名：CsStepCount.java
2023/05/05 21:07:42.771 [main] INFO   co.jp.stepCounter.util.log.Log4J2 co.jp.stepCounter.main.StepCounter:execStepCountInDirectory() ステップカウント処理開始。 ファイル名：IfStepCount.java
2023/05/05 21:07:42.772 [main] INFO   co.jp.stepCounter.util.log.Log4J2 co.jp.stepCounter.main.StepCounter:execStepCountInDirectory() ステップカウント処理開始。 ファイル名：StepCountFactory.java
2023/05/05 21:07:42.774 [main] INFO   co.jp.stepCounter.util.log.Log4J2 co.jp.stepCounter.main.StepCounter:execStepCountInDirectory() ステップカウント処理開始。 ファイル名：JavaStepCount.java
2023/05/05 21:07:42.776 [main] INFO   co.jp.stepCounter.util.log.Log4J2 co.jp.stepCounter.main.StepCounter:execStepCountInDirectory() ステップカウント処理開始。 ファイル名：package-info.java
2023/05/05 21:07:42.777 [main] INFO   co.jp.stepCounter.util.log.Log4J2 co.jp.stepCounter.main.StepCounter:execStepCountInDirectory() ステップカウント処理開始。 ファイル名：CsCommentPatternMatch.java
2023/05/05 21:07:42.778 [main] INFO   co.jp.stepCounter.util.log.Log4J2 co.jp.stepCounter.main.StepCounter:execStepCountInDirectory() ステップカウント処理開始。 ファイル名：CommentPatternMatchFactory.java
2023/05/05 21:07:42.780 [main] INFO   co.jp.stepCounter.util.log.Log4J2 co.jp.stepCounter.main.StepCounter:execStepCountInDirectory() ステップカウント処理開始。 ファイル名：AbsCommentPatternMatch.java
2023/05/05 21:07:42.781 [main] INFO   co.jp.stepCounter.util.log.Log4J2 co.jp.stepCounter.main.StepCounter:execStepCountInDirectory() ステップカウント処理開始。 ファイル名：JavaCommentPatternMatch.java
2023/05/05 21:07:42.782 [main] INFO   co.jp.stepCounter.util.log.Log4J2 co.jp.stepCounter.main.StepCounter:execStepCountInDirectory() ステップカウント処理開始。 ファイル名：IfCommentPatternMatch.java
2023/05/05 21:07:42.783 [main] INFO   co.jp.stepCounter.util.log.Log4J2 co.jp.stepCounter.main.StepCounter:execStepCountInDirectory() ステップカウント処理開始。 ファイル名：package-info.java
2023/05/05 21:07:42.784 [main] INFO   co.jp.stepCounter.util.log.Log4J2 co.jp.stepCounter.main.StepCounter:execStepCountInDirectory() ステップカウント処理開始。 ファイル名：package-info.java
2023/05/05 21:07:42.785 [main] INFO   co.jp.stepCounter.util.log.Log4J2 co.jp.stepCounter.main.StepCounter:execStepCountInDirectory() ステップカウント処理開始。 ファイル名：EnumReverseLookup.java
2023/05/05 21:07:42.786 [main] INFO   co.jp.stepCounter.util.log.Log4J2 co.jp.stepCounter.main.StepCounter:execStepCountInDirectory() ステップカウント処理開始。 ファイル名：Constant.java
2023/05/05 21:07:42.790 [main] INFO   co.jp.stepCounter.util.log.Log4J2 co.jp.stepCounter.main.StepCounter:execStepCountInDirectory() ステップカウント処理開始。 ファイル名：package-info.java
2023/05/05 21:07:42.791 [main] INFO   co.jp.stepCounter.util.log.Log4J2 co.jp.stepCounter.main.StepCounter:execStepCountInDirectory() ステップカウント処理開始。 ファイル名：StepCounterScreen.java
2023/05/05 21:07:42.794 [main] INFO   co.jp.stepCounter.util.log.Log4J2 co.jp.stepCounter.main.StepCounter:execStepCountInDirectory() ステップカウント処理開始。 ファイル名：package-info.java
2023/05/05 21:07:42.795 [main] INFO   co.jp.stepCounter.util.log.Log4J2 co.jp.stepCounter.main.StepCounter:execStepCountInDirectory() ステップカウント処理開始。 ファイル名：ScriptArguments.java
2023/05/05 21:07:42.797 [main] INFO   co.jp.stepCounter.util.log.Log4J2 co.jp.stepCounter.main.StepCounter:execStepCountInDirectory() ステップカウント処理開始。 ファイル名：Arguments.java
2023/05/05 21:07:42.798 [main] INFO   co.jp.stepCounter.util.log.Log4J2 co.jp.stepCounter.main.StepCounter:execStepCountInDirectory() ステップカウント処理開始。 ファイル名：package-info.java
2023/05/05 21:07:42.799 [main] INFO   co.jp.stepCounter.util.log.Log4J2 co.jp.stepCounter.main.StepCounter:execStepCountInDirectory() ステップカウント処理開始。 ファイル名：StepCounter.java
2023/05/05 21:07:42.801 [main] INFO   co.jp.stepCounter.util.log.Log4J2 co.jp.stepCounter.main.StepCounter:execStepCountInDirectory() ステップカウント処理開始。 ファイル名：package-info.java
2023/05/05 21:07:42.802 [main] INFO   co.jp.stepCounter.util.log.Log4J2 co.jp.stepCounter.main.StepCounter:execStepCountInDirectory() ステップカウント処理開始。 ファイル名：StepCountData.java
2023/05/05 21:07:42.804 [main] INFO   co.jp.stepCounter.util.log.Log4J2 co.jp.stepCounter.main.StepCounter:execStepCountInDirectory() ステップカウント処理開始。 ファイル名：AllFilesStepCountData.java
2023/05/05 21:07:42.806 [main] INFO   co.jp.stepCounter.util.log.Log4J2 co.jp.stepCounter.main.StepCounter:execStepCountInDirectory() ステップカウント処理開始。 ファイル名：package-info.java
2023/05/05 21:07:42.806 [main] INFO   co.jp.stepCounter.util.log.Log4J2 co.jp.stepCounter.main.StepCounter:execStepCountInDirectory() ステップカウント処理開始。 ファイル名：package-info.java
2023/05/05 21:07:42.810 [main] INFO   co.jp.stepCounter.util.log.Log4J2 co.jp.stepCounter.main.StepCounter:writeStepCountResult() ステップカウント結果出力開始。 ファイルパス：/Users/takashi.ebina/git/repository2/stepCounter/src/test/java/co/jp/stepCounter/util/validator/TestValidatorUtil.java
2023/05/05 21:07:42.811 [main] INFO   co.jp.stepCounter.util.log.Log4J2 co.jp.stepCounter.main.StepCounter:writeStepCountResult() ステップカウント結果出力開始。 ファイルパス：/Users/takashi.ebina/git/repository2/stepCounter/src/test/java/co/jp/stepCounter/util/log/TestLog4J2.java
2023/05/05 21:07:42.811 [main] INFO   co.jp.stepCounter.util.log.Log4J2 co.jp.stepCounter.main.StepCounter:writeStepCountResult() ステップカウント結果出力開始。 ファイルパス：/Users/takashi.ebina/git/repository2/stepCounter/src/test/java/co/jp/stepCounter/util/TestUtil.java
2023/05/05 21:07:42.811 [main] INFO   co.jp.stepCounter.util.log.Log4J2 co.jp.stepCounter.main.StepCounter:writeStepCountResult() ステップカウント結果出力開始。 ファイルパス：/Users/takashi.ebina/git/repository2/stepCounter/src/test/java/co/jp/stepCounter/logic/stepCount/TestIfStepCount.java
2023/05/05 21:07:42.811 [main] INFO   co.jp.stepCounter.util.log.Log4J2 co.jp.stepCounter.main.StepCounter:writeStepCountResult() ステップカウント結果出力開始。 ファイルパス：/Users/takashi.ebina/git/repository2/stepCounter/src/test/java/co/jp/stepCounter/logic/stepCount/TestCsStepCount.java
2023/05/05 21:07:42.811 [main] INFO   co.jp.stepCounter.util.log.Log4J2 co.jp.stepCounter.main.StepCounter:writeStepCountResult() ステップカウント結果出力開始。 ファイルパス：/Users/takashi.ebina/git/repository2/stepCounter/src/test/java/co/jp/stepCounter/logic/stepCount/TestJavaStepCount.java
2023/05/05 21:07:42.812 [main] INFO   co.jp.stepCounter.util.log.Log4J2 co.jp.stepCounter.main.StepCounter:writeStepCountResult() ステップカウント結果出力開始。 ファイルパス：/Users/takashi.ebina/git/repository2/stepCounter/src/test/java/co/jp/stepCounter/logic/stepCount/TestStepCountFactory.java
2023/05/05 21:07:42.812 [main] INFO   co.jp.stepCounter.util.log.Log4J2 co.jp.stepCounter.main.StepCounter:writeStepCountResult() ステップカウント結果出力開始。 ファイルパス：/Users/takashi.ebina/git/repository2/stepCounter/src/test/java/co/jp/stepCounter/logic/stepCount/TestAbsStepCount.java
2023/05/05 21:07:42.812 [main] INFO   co.jp.stepCounter.util.log.Log4J2 co.jp.stepCounter.main.StepCounter:writeStepCountResult() ステップカウント結果出力開始。 ファイルパス：/Users/takashi.ebina/git/repository2/stepCounter/src/test/java/co/jp/stepCounter/logic/commentPatternMatch/TestAbsCommentPatternMatch.java
2023/05/05 21:07:42.812 [main] INFO   co.jp.stepCounter.util.log.Log4J2 co.jp.stepCounter.main.StepCounter:writeStepCountResult() ステップカウント結果出力開始。 ファイルパス：/Users/takashi.ebina/git/repository2/stepCounter/src/test/java/co/jp/stepCounter/logic/commentPatternMatch/TestCommentPatternMatchFactory.java
2023/05/05 21:07:42.812 [main] INFO   co.jp.stepCounter.util.log.Log4J2 co.jp.stepCounter.main.StepCounter:writeStepCountResult() ステップカウント結果出力開始。 ファイルパス：/Users/takashi.ebina/git/repository2/stepCounter/src/test/java/co/jp/stepCounter/logic/commentPatternMatch/TestIfCommentPatternMatch.java
2023/05/05 21:07:42.813 [main] INFO   co.jp.stepCounter.util.log.Log4J2 co.jp.stepCounter.main.StepCounter:writeStepCountResult() ステップカウント結果出力開始。 ファイルパス：/Users/takashi.ebina/git/repository2/stepCounter/src/test/java/co/jp/stepCounter/logic/commentPatternMatch/TestCsCommentPatternMatch.java
2023/05/05 21:07:42.813 [main] INFO   co.jp.stepCounter.util.log.Log4J2 co.jp.stepCounter.main.StepCounter:writeStepCountResult() ステップカウント結果出力開始。 ファイルパス：/Users/takashi.ebina/git/repository2/stepCounter/src/test/java/co/jp/stepCounter/logic/commentPatternMatch/TestJavaCommentPatternMatch.java
2023/05/05 21:07:42.813 [main] INFO   co.jp.stepCounter.util.log.Log4J2 co.jp.stepCounter.main.StepCounter:writeStepCountResult() ステップカウント結果出力開始。 ファイルパス：/Users/takashi.ebina/git/repository2/stepCounter/src/test/java/co/jp/stepCounter/constant/TestEnumReverseLookup.java
2023/05/05 21:07:42.813 [main] INFO   co.jp.stepCounter.util.log.Log4J2 co.jp.stepCounter.main.StepCounter:writeStepCountResult() ステップカウント結果出力開始。 ファイルパス：/Users/takashi.ebina/git/repository2/stepCounter/src/test/java/co/jp/stepCounter/constant/TestConstant.java
2023/05/05 21:07:42.813 [main] INFO   co.jp.stepCounter.util.log.Log4J2 co.jp.stepCounter.main.StepCounter:writeStepCountResult() ステップカウント結果出力開始。 ファイルパス：/Users/takashi.ebina/git/repository2/stepCounter/src/test/java/co/jp/stepCounter/main/arg/TestScriptArguments.java
2023/05/05 21:07:42.814 [main] INFO   co.jp.stepCounter.util.log.Log4J2 co.jp.stepCounter.main.StepCounter:writeStepCountResult() ステップカウント結果出力開始。 ファイルパス：/Users/takashi.ebina/git/repository2/stepCounter/src/test/java/co/jp/stepCounter/main/arg/TestArguments.java
2023/05/05 21:07:42.814 [main] INFO   co.jp.stepCounter.util.log.Log4J2 co.jp.stepCounter.main.StepCounter:writeStepCountResult() ステップカウント結果出力開始。 ファイルパス：/Users/takashi.ebina/git/repository2/stepCounter/src/test/java/co/jp/stepCounter/main/TestStepCounter.java
2023/05/05 21:07:42.814 [main] INFO   co.jp.stepCounter.util.log.Log4J2 co.jp.stepCounter.main.StepCounter:writeStepCountResult() ステップカウント結果出力開始。 ファイルパス：/Users/takashi.ebina/git/repository2/stepCounter/src/test/java/co/jp/stepCounter/data/TestStepCountData.java
2023/05/05 21:07:42.814 [main] INFO   co.jp.stepCounter.util.log.Log4J2 co.jp.stepCounter.main.StepCounter:writeStepCountResult() ステップカウント結果出力開始。 ファイルパス：/Users/takashi.ebina/git/repository2/stepCounter/src/test/java/co/jp/stepCounter/data/TestAllFilesStepCountData.java
2023/05/05 21:07:42.814 [main] INFO   co.jp.stepCounter.util.log.Log4J2 co.jp.stepCounter.main.StepCounter:writeStepCountResult() ステップカウント結果出力開始。 ファイルパス：/Users/takashi.ebina/git/repository2/stepCounter/src/main/java/co/jp/stepCounter/util/Util.java
2023/05/05 21:07:42.815 [main] INFO   co.jp.stepCounter.util.log.Log4J2 co.jp.stepCounter.main.StepCounter:writeStepCountResult() ステップカウント結果出力開始。 ファイルパス：/Users/takashi.ebina/git/repository2/stepCounter/src/main/java/co/jp/stepCounter/util/validator/ValidatorUtil.java
2023/05/05 21:07:42.815 [main] INFO   co.jp.stepCounter.util.log.Log4J2 co.jp.stepCounter.main.StepCounter:writeStepCountResult() ステップカウント結果出力開始。 ファイルパス：/Users/takashi.ebina/git/repository2/stepCounter/src/main/java/co/jp/stepCounter/util/validator/package-info.java
2023/05/05 21:07:42.815 [main] INFO   co.jp.stepCounter.util.log.Log4J2 co.jp.stepCounter.main.StepCounter:writeStepCountResult() ステップカウント結果出力開始。 ファイルパス：/Users/takashi.ebina/git/repository2/stepCounter/src/main/java/co/jp/stepCounter/util/log/Log4J2.java
2023/05/05 21:07:42.815 [main] INFO   co.jp.stepCounter.util.log.Log4J2 co.jp.stepCounter.main.StepCounter:writeStepCountResult() ステップカウント結果出力開始。 ファイルパス：/Users/takashi.ebina/git/repository2/stepCounter/src/main/java/co/jp/stepCounter/util/log/package-info.java
2023/05/05 21:07:42.815 [main] INFO   co.jp.stepCounter.util.log.Log4J2 co.jp.stepCounter.main.StepCounter:writeStepCountResult() ステップカウント結果出力開始。 ファイルパス：/Users/takashi.ebina/git/repository2/stepCounter/src/main/java/co/jp/stepCounter/util/package-info.java
2023/05/05 21:07:42.815 [main] INFO   co.jp.stepCounter.util.log.Log4J2 co.jp.stepCounter.main.StepCounter:writeStepCountResult() ステップカウント結果出力開始。 ファイルパス：/Users/takashi.ebina/git/repository2/stepCounter/src/main/java/co/jp/stepCounter/logic/stepCount/AbsStepCount.java
2023/05/05 21:07:42.816 [main] INFO   co.jp.stepCounter.util.log.Log4J2 co.jp.stepCounter.main.StepCounter:writeStepCountResult() ステップカウント結果出力開始。 ファイルパス：/Users/takashi.ebina/git/repository2/stepCounter/src/main/java/co/jp/stepCounter/logic/stepCount/CsStepCount.java
2023/05/05 21:07:42.816 [main] INFO   co.jp.stepCounter.util.log.Log4J2 co.jp.stepCounter.main.StepCounter:writeStepCountResult() ステップカウント結果出力開始。 ファイルパス：/Users/takashi.ebina/git/repository2/stepCounter/src/main/java/co/jp/stepCounter/logic/stepCount/IfStepCount.java
2023/05/05 21:07:42.816 [main] INFO   co.jp.stepCounter.util.log.Log4J2 co.jp.stepCounter.main.StepCounter:writeStepCountResult() ステップカウント結果出力開始。 ファイルパス：/Users/takashi.ebina/git/repository2/stepCounter/src/main/java/co/jp/stepCounter/logic/stepCount/StepCountFactory.java
2023/05/05 21:07:42.816 [main] INFO   co.jp.stepCounter.util.log.Log4J2 co.jp.stepCounter.main.StepCounter:writeStepCountResult() ステップカウント結果出力開始。 ファイルパス：/Users/takashi.ebina/git/repository2/stepCounter/src/main/java/co/jp/stepCounter/logic/stepCount/JavaStepCount.java
2023/05/05 21:07:42.816 [main] INFO   co.jp.stepCounter.util.log.Log4J2 co.jp.stepCounter.main.StepCounter:writeStepCountResult() ステップカウント結果出力開始。 ファイルパス：/Users/takashi.ebina/git/repository2/stepCounter/src/main/java/co/jp/stepCounter/logic/stepCount/package-info.java
2023/05/05 21:07:42.817 [main] INFO   co.jp.stepCounter.util.log.Log4J2 co.jp.stepCounter.main.StepCounter:writeStepCountResult() ステップカウント結果出力開始。 ファイルパス：/Users/takashi.ebina/git/repository2/stepCounter/src/main/java/co/jp/stepCounter/logic/commentPatternMatch/CsCommentPatternMatch.java
2023/05/05 21:07:42.817 [main] INFO   co.jp.stepCounter.util.log.Log4J2 co.jp.stepCounter.main.StepCounter:writeStepCountResult() ステップカウント結果出力開始。 ファイルパス：/Users/takashi.ebina/git/repository2/stepCounter/src/main/java/co/jp/stepCounter/logic/commentPatternMatch/CommentPatternMatchFactory.java
2023/05/05 21:07:42.817 [main] INFO   co.jp.stepCounter.util.log.Log4J2 co.jp.stepCounter.main.StepCounter:writeStepCountResult() ステップカウント結果出力開始。 ファイルパス：/Users/takashi.ebina/git/repository2/stepCounter/src/main/java/co/jp/stepCounter/logic/commentPatternMatch/AbsCommentPatternMatch.java
2023/05/05 21:07:42.817 [main] INFO   co.jp.stepCounter.util.log.Log4J2 co.jp.stepCounter.main.StepCounter:writeStepCountResult() ステップカウント結果出力開始。 ファイルパス：/Users/takashi.ebina/git/repository2/stepCounter/src/main/java/co/jp/stepCounter/logic/commentPatternMatch/JavaCommentPatternMatch.java
2023/05/05 21:07:42.817 [main] INFO   co.jp.stepCounter.util.log.Log4J2 co.jp.stepCounter.main.StepCounter:writeStepCountResult() ステップカウント結果出力開始。 ファイルパス：/Users/takashi.ebina/git/repository2/stepCounter/src/main/java/co/jp/stepCounter/logic/commentPatternMatch/IfCommentPatternMatch.java
2023/05/05 21:07:42.817 [main] INFO   co.jp.stepCounter.util.log.Log4J2 co.jp.stepCounter.main.StepCounter:writeStepCountResult() ステップカウント結果出力開始。 ファイルパス：/Users/takashi.ebina/git/repository2/stepCounter/src/main/java/co/jp/stepCounter/logic/commentPatternMatch/package-info.java
2023/05/05 21:07:42.818 [main] INFO   co.jp.stepCounter.util.log.Log4J2 co.jp.stepCounter.main.StepCounter:writeStepCountResult() ステップカウント結果出力開始。 ファイルパス：/Users/takashi.ebina/git/repository2/stepCounter/src/main/java/co/jp/stepCounter/logic/package-info.java
2023/05/05 21:07:42.818 [main] INFO   co.jp.stepCounter.util.log.Log4J2 co.jp.stepCounter.main.StepCounter:writeStepCountResult() ステップカウント結果出力開始。 ファイルパス：/Users/takashi.ebina/git/repository2/stepCounter/src/main/java/co/jp/stepCounter/constant/EnumReverseLookup.java
2023/05/05 21:07:42.818 [main] INFO   co.jp.stepCounter.util.log.Log4J2 co.jp.stepCounter.main.StepCounter:writeStepCountResult() ステップカウント結果出力開始。 ファイルパス：/Users/takashi.ebina/git/repository2/stepCounter/src/main/java/co/jp/stepCounter/constant/Constant.java
2023/05/05 21:07:42.818 [main] INFO   co.jp.stepCounter.util.log.Log4J2 co.jp.stepCounter.main.StepCounter:writeStepCountResult() ステップカウント結果出力開始。 ファイルパス：/Users/takashi.ebina/git/repository2/stepCounter/src/main/java/co/jp/stepCounter/constant/package-info.java
2023/05/05 21:07:42.818 [main] INFO   co.jp.stepCounter.util.log.Log4J2 co.jp.stepCounter.main.StepCounter:writeStepCountResult() ステップカウント結果出力開始。 ファイルパス：/Users/takashi.ebina/git/repository2/stepCounter/src/main/java/co/jp/stepCounter/screen/StepCounterScreen.java
2023/05/05 21:07:42.818 [main] INFO   co.jp.stepCounter.util.log.Log4J2 co.jp.stepCounter.main.StepCounter:writeStepCountResult() ステップカウント結果出力開始。 ファイルパス：/Users/takashi.ebina/git/repository2/stepCounter/src/main/java/co/jp/stepCounter/screen/package-info.java
2023/05/05 21:07:42.818 [main] INFO   co.jp.stepCounter.util.log.Log4J2 co.jp.stepCounter.main.StepCounter:writeStepCountResult() ステップカウント結果出力開始。 ファイルパス：/Users/takashi.ebina/git/repository2/stepCounter/src/main/java/co/jp/stepCounter/main/arg/ScriptArguments.java
2023/05/05 21:07:42.818 [main] INFO   co.jp.stepCounter.util.log.Log4J2 co.jp.stepCounter.main.StepCounter:writeStepCountResult() ステップカウント結果出力開始。 ファイルパス：/Users/takashi.ebina/git/repository2/stepCounter/src/main/java/co/jp/stepCounter/main/arg/Arguments.java
2023/05/05 21:07:42.819 [main] INFO   co.jp.stepCounter.util.log.Log4J2 co.jp.stepCounter.main.StepCounter:writeStepCountResult() ステップカウント結果出力開始。 ファイルパス：/Users/takashi.ebina/git/repository2/stepCounter/src/main/java/co/jp/stepCounter/main/arg/package-info.java
2023/05/05 21:07:42.819 [main] INFO   co.jp.stepCounter.util.log.Log4J2 co.jp.stepCounter.main.StepCounter:writeStepCountResult() ステップカウント結果出力開始。 ファイルパス：/Users/takashi.ebina/git/repository2/stepCounter/src/main/java/co/jp/stepCounter/main/StepCounter.java
2023/05/05 21:07:42.819 [main] INFO   co.jp.stepCounter.util.log.Log4J2 co.jp.stepCounter.main.StepCounter:writeStepCountResult() ステップカウント結果出力開始。 ファイルパス：/Users/takashi.ebina/git/repository2/stepCounter/src/main/java/co/jp/stepCounter/main/package-info.java
2023/05/05 21:07:42.819 [main] INFO   co.jp.stepCounter.util.log.Log4J2 co.jp.stepCounter.main.StepCounter:writeStepCountResult() ステップカウント結果出力開始。 ファイルパス：/Users/takashi.ebina/git/repository2/stepCounter/src/main/java/co/jp/stepCounter/data/StepCountData.java
2023/05/05 21:07:42.819 [main] INFO   co.jp.stepCounter.util.log.Log4J2 co.jp.stepCounter.main.StepCounter:writeStepCountResult() ステップカウント結果出力開始。 ファイルパス：/Users/takashi.ebina/git/repository2/stepCounter/src/main/java/co/jp/stepCounter/data/AllFilesStepCountData.java
2023/05/05 21:07:42.819 [main] INFO   co.jp.stepCounter.util.log.Log4J2 co.jp.stepCounter.main.StepCounter:writeStepCountResult() ステップカウント結果出力開始。 ファイルパス：/Users/takashi.ebina/git/repository2/stepCounter/src/main/java/co/jp/stepCounter/data/package-info.java
2023/05/05 21:07:42.820 [main] INFO   co.jp.stepCounter.util.log.Log4J2 co.jp.stepCounter.main.StepCounter:writeStepCountResult() ステップカウント結果出力開始。 ファイルパス：/Users/takashi.ebina/git/repository2/stepCounter/src/main/java/co/jp/stepCounter/package-info.java
2023/05/05 21:07:42.820 [main] INFO   co.jp.stepCounter.util.log.Log4J2 co.jp.stepCounter.main.StepCounter:execStepCount() ステップカウント処理正常終了
2023/05/06 19:25:30.234 [AWT-EventQueue-0] DEBUG  co.jp.stepCounter.util.log.Log4J2 co.jp.stepCounter.util.validator.ValidatorUtil:inputDirectoryCheck() 入力ディレクトリパスチェック ファイルパス：/Users/takashi.ebina/git/repository2/stepCounter/src
2023/05/06 19:25:30.238 [AWT-EventQueue-0] DEBUG  co.jp.stepCounter.util.log.Log4J2 co.jp.stepCounter.util.validator.ValidatorUtil:outputFileCheck() 出力ファイルパスチェック ファイルパス：/Users/takashi.ebina/Desktop/step.csv
2023/05/06 19:25:44.268 [AWT-EventQueue-0] INFO   co.jp.stepCounter.util.log.Log4J2 co.jp.stepCounter.logic.StepCounterLogic:execStepCount() -- ステップカウント処理 開始 ---------------------------------------
2023/05/06 19:25:44.292 [AWT-EventQueue-0] WARN   co.jp.stepCounter.util.log.Log4J2 co.jp.stepCounter.logic.StepCounterLogic:execStepCountInDirectory() ファイルの拡張子が未対応。ステップカウント処理をスキップ。 ファイル名：.DS_Store
2023/05/06 19:25:44.293 [AWT-EventQueue-0] WARN   co.jp.stepCounter.util.log.Log4J2 co.jp.stepCounter.logic.StepCounterLogic:execStepCountInDirectory() ファイルの拡張子が未対応。ステップカウント処理をスキップ。 ファイル名：.DS_Store
2023/05/06 19:25:44.294 [AWT-EventQueue-0] WARN   co.jp.stepCounter.util.log.Log4J2 co.jp.stepCounter.logic.StepCounterLogic:execStepCountInDirectory() ファイルの拡張子が未対応。ステップカウント処理をスキップ。 ファイル名：.DS_Store
2023/05/06 19:25:44.296 [AWT-EventQueue-0] WARN   co.jp.stepCounter.util.log.Log4J2 co.jp.stepCounter.logic.StepCounterLogic:execStepCountInDirectory() ファイルの拡張子が未対応。ステップカウント処理をスキップ。 ファイル名：.DS_Store
2023/05/06 19:25:44.297 [AWT-EventQueue-0] WARN   co.jp.stepCounter.util.log.Log4J2 co.jp.stepCounter.logic.StepCounterLogic:execStepCountInDirectory() ファイルの拡張子が未対応。ステップカウント処理をスキップ。 ファイル名：.DS_Store
2023/05/06 19:25:44.297 [AWT-EventQueue-0] WARN   co.jp.stepCounter.util.log.Log4J2 co.jp.stepCounter.logic.StepCounterLogic:execStepCountInDirectory() ファイルの拡張子が未対応。ステップカウント処理をスキップ。 ファイル名：.DS_Store
2023/05/06 19:25:44.299 [AWT-EventQueue-0] WARN   co.jp.stepCounter.util.log.Log4J2 co.jp.stepCounter.logic.StepCounterLogic:execStepCountInDirectory() ファイルの拡張子が未対応。ステップカウント処理をスキップ。 ファイル名：.DS_Store
2023/05/06 19:25:44.306 [AWT-EventQueue-0] INFO   co.jp.stepCounter.util.log.Log4J2 co.jp.stepCounter.logic.StepCounterLogic:execStepCountInDirectory() ステップカウント処理開始。 ファイル名：TestValidatorUtil.java
2023/05/06 19:25:44.311 [AWT-EventQueue-0] INFO   co.jp.stepCounter.util.log.Log4J2 co.jp.stepCounter.logic.StepCounterLogic:execStepCountInDirectory() ステップカウント処理開始。 ファイル名：TestLog4J2.java
2023/05/06 19:25:44.313 [AWT-EventQueue-0] INFO   co.jp.stepCounter.util.log.Log4J2 co.jp.stepCounter.logic.StepCounterLogic:execStepCountInDirectory() ステップカウント処理開始。 ファイル名：TestUtil.java
2023/05/06 19:25:44.314 [AWT-EventQueue-0] WARN   co.jp.stepCounter.util.log.Log4J2 co.jp.stepCounter.logic.StepCounterLogic:execStepCountInDirectory() ファイルの拡張子が未対応。ステップカウント処理をスキップ。 ファイル名：.DS_Store
2023/05/06 19:25:44.315 [AWT-EventQueue-0] INFO   co.jp.stepCounter.util.log.Log4J2 co.jp.stepCounter.logic.StepCounterLogic:execStepCountInDirectory() ステップカウント処理開始。 ファイル名：TestIfStepCount.java
2023/05/06 19:25:44.316 [AWT-EventQueue-0] INFO   co.jp.stepCounter.util.log.Log4J2 co.jp.stepCounter.logic.StepCounterLogic:execStepCountInDirectory() ステップカウント処理開始。 ファイル名：TestCsStepCount.java
2023/05/06 19:25:44.317 [AWT-EventQueue-0] INFO   co.jp.stepCounter.util.log.Log4J2 co.jp.stepCounter.logic.StepCounterLogic:execStepCountInDirectory() ステップカウント処理開始。 ファイル名：TestJavaStepCount.java
2023/05/06 19:25:44.321 [AWT-EventQueue-0] INFO   co.jp.stepCounter.util.log.Log4J2 co.jp.stepCounter.logic.StepCounterLogic:execStepCountInDirectory() ステップカウント処理開始。 ファイル名：TestStepCountFactory.java
2023/05/06 19:25:44.324 [AWT-EventQueue-0] INFO   co.jp.stepCounter.util.log.Log4J2 co.jp.stepCounter.logic.StepCounterLogic:execStepCountInDirectory() ステップカウント処理開始。 ファイル名：TestAbsStepCount.java
2023/05/06 19:25:44.326 [AWT-EventQueue-0] INFO   co.jp.stepCounter.util.log.Log4J2 co.jp.stepCounter.logic.StepCounterLogic:execStepCountInDirectory() ステップカウント処理開始。 ファイル名：TestAbsCommentPatternMatch.java
2023/05/06 19:25:44.327 [AWT-EventQueue-0] INFO   co.jp.stepCounter.util.log.Log4J2 co.jp.stepCounter.logic.StepCounterLogic:execStepCountInDirectory() ステップカウント処理開始。 ファイル名：TestCommentPatternMatchFactory.java
2023/05/06 19:25:44.332 [AWT-EventQueue-0] INFO   co.jp.stepCounter.util.log.Log4J2 co.jp.stepCounter.logic.StepCounterLogic:execStepCountInDirectory() ステップカウント処理開始。 ファイル名：TestIfCommentPatternMatch.java
2023/05/06 19:25:44.334 [AWT-EventQueue-0] INFO   co.jp.stepCounter.util.log.Log4J2 co.jp.stepCounter.logic.StepCounterLogic:execStepCountInDirectory() ステップカウント処理開始。 ファイル名：TestCsCommentPatternMatch.java
2023/05/06 19:25:44.335 [AWT-EventQueue-0] INFO   co.jp.stepCounter.util.log.Log4J2 co.jp.stepCounter.logic.StepCounterLogic:execStepCountInDirectory() ステップカウント処理開始。 ファイル名：TestJavaCommentPatternMatch.java
2023/05/06 19:25:44.338 [AWT-EventQueue-0] INFO   co.jp.stepCounter.util.log.Log4J2 co.jp.stepCounter.logic.StepCounterLogic:execStepCountInDirectory() ステップカウント処理開始。 ファイル名：TestEnumReverseLookup.java
2023/05/06 19:25:44.339 [AWT-EventQueue-0] INFO   co.jp.stepCounter.util.log.Log4J2 co.jp.stepCounter.logic.StepCounterLogic:execStepCountInDirectory() ステップカウント処理開始。 ファイル名：TestConstant.java
2023/05/06 19:25:44.341 [AWT-EventQueue-0] WARN   co.jp.stepCounter.util.log.Log4J2 co.jp.stepCounter.logic.StepCounterLogic:execStepCountInDirectory() ファイルの拡張子が未対応。ステップカウント処理をスキップ。 ファイル名：.DS_Store
2023/05/06 19:25:44.341 [AWT-EventQueue-0] INFO   co.jp.stepCounter.util.log.Log4J2 co.jp.stepCounter.logic.StepCounterLogic:execStepCountInDirectory() ステップカウント処理開始。 ファイル名：TestScriptArguments.java
2023/05/06 19:25:44.343 [AWT-EventQueue-0] INFO   co.jp.stepCounter.util.log.Log4J2 co.jp.stepCounter.logic.StepCounterLogic:execStepCountInDirectory() ステップカウント処理開始。 ファイル名：TestArguments.java
2023/05/06 19:25:44.344 [AWT-EventQueue-0] INFO   co.jp.stepCounter.util.log.Log4J2 co.jp.stepCounter.logic.StepCounterLogic:execStepCountInDirectory() ステップカウント処理開始。 ファイル名：TestStepCounter.java
2023/05/06 19:25:44.346 [AWT-EventQueue-0] INFO   co.jp.stepCounter.util.log.Log4J2 co.jp.stepCounter.logic.StepCounterLogic:execStepCountInDirectory() ステップカウント処理開始。 ファイル名：TestStepCountData.java
2023/05/06 19:25:44.348 [AWT-EventQueue-0] INFO   co.jp.stepCounter.util.log.Log4J2 co.jp.stepCounter.logic.StepCounterLogic:execStepCountInDirectory() ステップカウント処理開始。 ファイル名：TestAllFilesStepCountData.java
2023/05/06 19:25:44.350 [AWT-EventQueue-0] WARN   co.jp.stepCounter.util.log.Log4J2 co.jp.stepCounter.logic.StepCounterLogic:execStepCountInDirectory() ファイルの拡張子が未対応。ステップカウント処理をスキップ。 ファイル名：.DS_Store
2023/05/06 19:25:44.352 [AWT-EventQueue-0] WARN   co.jp.stepCounter.util.log.Log4J2 co.jp.stepCounter.logic.StepCounterLogic:execStepCountInDirectory() ファイルの拡張子が未対応。ステップカウント処理をスキップ。 ファイル名：.DS_Store
2023/05/06 19:25:44.353 [AWT-EventQueue-0] WARN   co.jp.stepCounter.util.log.Log4J2 co.jp.stepCounter.logic.StepCounterLogic:execStepCountInDirectory() ファイルの拡張子が未対応。ステップカウント処理をスキップ。 ファイル名：.DS_Store
2023/05/06 19:25:44.353 [AWT-EventQueue-0] WARN   co.jp.stepCounter.util.log.Log4J2 co.jp.stepCounter.logic.StepCounterLogic:execStepCountInDirectory() ファイルの拡張子が未対応。ステップカウント処理をスキップ。 ファイル名：.DS_Store
2023/05/06 19:25:44.354 [AWT-EventQueue-0] WARN   co.jp.stepCounter.util.log.Log4J2 co.jp.stepCounter.logic.StepCounterLogic:execStepCountInDirectory() ファイルの拡張子が未対応。ステップカウント処理をスキップ。 ファイル名：.DS_Store
2023/05/06 19:25:44.354 [AWT-EventQueue-0] WARN   co.jp.stepCounter.util.log.Log4J2 co.jp.stepCounter.logic.StepCounterLogic:execStepCountInDirectory() ファイルの拡張子が未対応。ステップカウント処理をスキップ。 ファイル名：.DS_Store
2023/05/06 19:25:44.355 [AWT-EventQueue-0] INFO   co.jp.stepCounter.util.log.Log4J2 co.jp.stepCounter.logic.StepCounterLogic:execStepCountInDirectory() ステップカウント処理開始。 ファイル名：Util.java
2023/05/06 19:25:44.356 [AWT-EventQueue-0] INFO   co.jp.stepCounter.util.log.Log4J2 co.jp.stepCounter.logic.StepCounterLogic:execStepCountInDirectory() ステップカウント処理開始。 ファイル名：ValidatorUtil.java
2023/05/06 19:25:44.358 [AWT-EventQueue-0] INFO   co.jp.stepCounter.util.log.Log4J2 co.jp.stepCounter.logic.StepCounterLogic:execStepCountInDirectory() ステップカウント処理開始。 ファイル名：package-info.java
2023/05/06 19:25:44.360 [AWT-EventQueue-0] INFO   co.jp.stepCounter.util.log.Log4J2 co.jp.stepCounter.logic.StepCounterLogic:execStepCountInDirectory() ステップカウント処理開始。 ファイル名：Log4J2.java
2023/05/06 19:25:44.362 [AWT-EventQueue-0] INFO   co.jp.stepCounter.util.log.Log4J2 co.jp.stepCounter.logic.StepCounterLogic:execStepCountInDirectory() ステップカウント処理開始。 ファイル名：package-info.java
2023/05/06 19:25:44.363 [AWT-EventQueue-0] INFO   co.jp.stepCounter.util.log.Log4J2 co.jp.stepCounter.logic.StepCounterLogic:execStepCountInDirectory() ステップカウント処理開始。 ファイル名：package-info.java
2023/05/06 19:25:44.365 [AWT-EventQueue-0] WARN   co.jp.stepCounter.util.log.Log4J2 co.jp.stepCounter.logic.StepCounterLogic:execStepCountInDirectory() ファイルの拡張子が未対応。ステップカウント処理をスキップ。 ファイル名：.DS_Store
2023/05/06 19:25:44.365 [AWT-EventQueue-0] INFO   co.jp.stepCounter.util.log.Log4J2 co.jp.stepCounter.logic.StepCounterLogic:execStepCountInDirectory() ステップカウント処理開始。 ファイル名：StepCounterLogic.java
2023/05/06 19:25:44.370 [AWT-EventQueue-0] INFO   co.jp.stepCounter.util.log.Log4J2 co.jp.stepCounter.logic.StepCounterLogic:execStepCountInDirectory() ステップカウント処理開始。 ファイル名：AbsStepCount.java
2023/05/06 19:25:44.372 [AWT-EventQueue-0] INFO   co.jp.stepCounter.util.log.Log4J2 co.jp.stepCounter.logic.StepCounterLogic:execStepCountInDirectory() ステップカウント処理開始。 ファイル名：CsStepCount.java
2023/05/06 19:25:44.374 [AWT-EventQueue-0] INFO   co.jp.stepCounter.util.log.Log4J2 co.jp.stepCounter.logic.StepCounterLogic:execStepCountInDirectory() ステップカウント処理開始。 ファイル名：IfStepCount.java
2023/05/06 19:25:44.376 [AWT-EventQueue-0] INFO   co.jp.stepCounter.util.log.Log4J2 co.jp.stepCounter.logic.StepCounterLogic:execStepCountInDirectory() ステップカウント処理開始。 ファイル名：StepCountFactory.java
2023/05/06 19:25:44.377 [AWT-EventQueue-0] INFO   co.jp.stepCounter.util.log.Log4J2 co.jp.stepCounter.logic.StepCounterLogic:execStepCountInDirectory() ステップカウント処理開始。 ファイル名：JavaStepCount.java
2023/05/06 19:25:44.379 [AWT-EventQueue-0] INFO   co.jp.stepCounter.util.log.Log4J2 co.jp.stepCounter.logic.StepCounterLogic:execStepCountInDirectory() ステップカウント処理開始。 ファイル名：package-info.java
2023/05/06 19:25:44.381 [AWT-EventQueue-0] INFO   co.jp.stepCounter.util.log.Log4J2 co.jp.stepCounter.logic.StepCounterLogic:execStepCountInDirectory() ステップカウント処理開始。 ファイル名：CsCommentPatternMatch.java
2023/05/06 19:25:44.382 [AWT-EventQueue-0] INFO   co.jp.stepCounter.util.log.Log4J2 co.jp.stepCounter.logic.StepCounterLogic:execStepCountInDirectory() ステップカウント処理開始。 ファイル名：CommentPatternMatchFactory.java
2023/05/06 19:25:44.384 [AWT-EventQueue-0] INFO   co.jp.stepCounter.util.log.Log4J2 co.jp.stepCounter.logic.StepCounterLogic:execStepCountInDirectory() ステップカウント処理開始。 ファイル名：AbsCommentPatternMatch.java
2023/05/06 19:25:44.385 [AWT-EventQueue-0] INFO   co.jp.stepCounter.util.log.Log4J2 co.jp.stepCounter.logic.StepCounterLogic:execStepCountInDirectory() ステップカウント処理開始。 ファイル名：JavaCommentPatternMatch.java
2023/05/06 19:25:44.386 [AWT-EventQueue-0] INFO   co.jp.stepCounter.util.log.Log4J2 co.jp.stepCounter.logic.StepCounterLogic:execStepCountInDirectory() ステップカウント処理開始。 ファイル名：IfCommentPatternMatch.java
2023/05/06 19:25:44.387 [AWT-EventQueue-0] INFO   co.jp.stepCounter.util.log.Log4J2 co.jp.stepCounter.logic.StepCounterLogic:execStepCountInDirectory() ステップカウント処理開始。 ファイル名：package-info.java
2023/05/06 19:25:44.388 [AWT-EventQueue-0] INFO   co.jp.stepCounter.util.log.Log4J2 co.jp.stepCounter.logic.StepCounterLogic:execStepCountInDirectory() ステップカウント処理開始。 ファイル名：package-info.java
2023/05/06 19:25:44.389 [AWT-EventQueue-0] INFO   co.jp.stepCounter.util.log.Log4J2 co.jp.stepCounter.logic.StepCounterLogic:execStepCountInDirectory() ステップカウント処理開始。 ファイル名：EnumReverseLookup.java
2023/05/06 19:25:44.390 [AWT-EventQueue-0] INFO   co.jp.stepCounter.util.log.Log4J2 co.jp.stepCounter.logic.StepCounterLogic:execStepCountInDirectory() ステップカウント処理開始。 ファイル名：SystemConstant.java
2023/05/06 19:25:44.391 [AWT-EventQueue-0] INFO   co.jp.stepCounter.util.log.Log4J2 co.jp.stepCounter.logic.StepCounterLogic:execStepCountInDirectory() ステップカウント処理開始。 ファイル名：StepCounterConstant.java
2023/05/06 19:25:44.393 [AWT-EventQueue-0] INFO   co.jp.stepCounter.util.log.Log4J2 co.jp.stepCounter.logic.StepCounterLogic:execStepCountInDirectory() ステップカウント処理開始。 ファイル名：package-info.java
2023/05/06 19:25:44.394 [AWT-EventQueue-0] INFO   co.jp.stepCounter.util.log.Log4J2 co.jp.stepCounter.logic.StepCounterLogic:execStepCountInDirectory() ステップカウント処理開始。 ファイル名：StepCounterScreen.java
2023/05/06 19:25:44.396 [AWT-EventQueue-0] INFO   co.jp.stepCounter.util.log.Log4J2 co.jp.stepCounter.logic.StepCounterLogic:execStepCountInDirectory() ステップカウント処理開始。 ファイル名：package-info.java
2023/05/06 19:25:44.398 [AWT-EventQueue-0] INFO   co.jp.stepCounter.util.log.Log4J2 co.jp.stepCounter.logic.StepCounterLogic:execStepCountInDirectory() ステップカウント処理開始。 ファイル名：package-info.java
2023/05/06 19:25:44.398 [AWT-EventQueue-0] INFO   co.jp.stepCounter.util.log.Log4J2 co.jp.stepCounter.logic.StepCounterLogic:execStepCountInDirectory() ステップカウント処理開始。 ファイル名：package-info.java
2023/05/06 19:25:44.399 [AWT-EventQueue-0] INFO   co.jp.stepCounter.util.log.Log4J2 co.jp.stepCounter.logic.StepCounterLogic:execStepCountInDirectory() ステップカウント処理開始。 ファイル名：package-info.java
2023/05/06 19:25:44.400 [AWT-EventQueue-0] INFO   co.jp.stepCounter.util.log.Log4J2 co.jp.stepCounter.logic.StepCounterLogic:execStepCountInDirectory() ステップカウント処理開始。 ファイル名：ScriptArguments.java
2023/05/06 19:25:44.401 [AWT-EventQueue-0] INFO   co.jp.stepCounter.util.log.Log4J2 co.jp.stepCounter.logic.StepCounterLogic:execStepCountInDirectory() ステップカウント処理開始。 ファイル名：Arguments.java
2023/05/06 19:25:44.403 [AWT-EventQueue-0] INFO   co.jp.stepCounter.util.log.Log4J2 co.jp.stepCounter.logic.StepCounterLogic:execStepCountInDirectory() ステップカウント処理開始。 ファイル名：package-info.java
2023/05/06 19:25:44.403 [AWT-EventQueue-0] INFO   co.jp.stepCounter.util.log.Log4J2 co.jp.stepCounter.logic.StepCounterLogic:execStepCountInDirectory() ステップカウント処理開始。 ファイル名：StepCounter.java
2023/05/06 19:25:44.404 [AWT-EventQueue-0] INFO   co.jp.stepCounter.util.log.Log4J2 co.jp.stepCounter.logic.StepCounterLogic:execStepCountInDirectory() ステップカウント処理開始。 ファイル名：package-info.java
2023/05/06 19:25:44.405 [AWT-EventQueue-0] INFO   co.jp.stepCounter.util.log.Log4J2 co.jp.stepCounter.logic.StepCounterLogic:execStepCountInDirectory() ステップカウント処理開始。 ファイル名：StepCountData.java
2023/05/06 19:25:44.407 [AWT-EventQueue-0] INFO   co.jp.stepCounter.util.log.Log4J2 co.jp.stepCounter.logic.StepCounterLogic:execStepCountInDirectory() ステップカウント処理開始。 ファイル名：AllFilesStepCountData.java
2023/05/06 19:25:44.408 [AWT-EventQueue-0] INFO   co.jp.stepCounter.util.log.Log4J2 co.jp.stepCounter.logic.StepCounterLogic:execStepCountInDirectory() ステップカウント処理開始。 ファイル名：package-info.java
2023/05/06 19:25:44.409 [AWT-EventQueue-0] INFO   co.jp.stepCounter.util.log.Log4J2 co.jp.stepCounter.logic.StepCounterLogic:execStepCountInDirectory() ステップカウント処理開始。 ファイル名：package-info.java
2023/05/06 19:25:44.413 [AWT-EventQueue-0] INFO   co.jp.stepCounter.util.log.Log4J2 co.jp.stepCounter.logic.StepCounterLogic:writeStepCountResult() ステップカウント結果出力開始。 ファイルパス：/Users/takashi.ebina/git/repository2/stepCounter/src/test/java/co/jp/stepCounter/util/validator/TestValidatorUtil.java
2023/05/06 19:25:44.413 [AWT-EventQueue-0] INFO   co.jp.stepCounter.util.log.Log4J2 co.jp.stepCounter.logic.StepCounterLogic:writeStepCountResult() ステップカウント結果出力開始。 ファイルパス：/Users/takashi.ebina/git/repository2/stepCounter/src/test/java/co/jp/stepCounter/util/log/TestLog4J2.java
2023/05/06 19:25:44.413 [AWT-EventQueue-0] INFO   co.jp.stepCounter.util.log.Log4J2 co.jp.stepCounter.logic.StepCounterLogic:writeStepCountResult() ステップカウント結果出力開始。 ファイルパス：/Users/takashi.ebina/git/repository2/stepCounter/src/test/java/co/jp/stepCounter/util/TestUtil.java
2023/05/06 19:25:44.413 [AWT-EventQueue-0] INFO   co.jp.stepCounter.util.log.Log4J2 co.jp.stepCounter.logic.StepCounterLogic:writeStepCountResult() ステップカウント結果出力開始。 ファイルパス：/Users/takashi.ebina/git/repository2/stepCounter/src/test/java/co/jp/stepCounter/logic/stepCount/TestIfStepCount.java
2023/05/06 19:25:44.413 [AWT-EventQueue-0] INFO   co.jp.stepCounter.util.log.Log4J2 co.jp.stepCounter.logic.StepCounterLogic:writeStepCountResult() ステップカウント結果出力開始。 ファイルパス：/Users/takashi.ebina/git/repository2/stepCounter/src/test/java/co/jp/stepCounter/logic/stepCount/TestCsStepCount.java
2023/05/06 19:25:44.414 [AWT-EventQueue-0] INFO   co.jp.stepCounter.util.log.Log4J2 co.jp.stepCounter.logic.StepCounterLogic:writeStepCountResult() ステップカウント結果出力開始。 ファイルパス：/Users/takashi.ebina/git/repository2/stepCounter/src/test/java/co/jp/stepCounter/logic/stepCount/TestJavaStepCount.java
2023/05/06 19:25:44.414 [AWT-EventQueue-0] INFO   co.jp.stepCounter.util.log.Log4J2 co.jp.stepCounter.logic.StepCounterLogic:writeStepCountResult() ステップカウント結果出力開始。 ファイルパス：/Users/takashi.ebina/git/repository2/stepCounter/src/test/java/co/jp/stepCounter/logic/stepCount/TestStepCountFactory.java
2023/05/06 19:25:44.414 [AWT-EventQueue-0] INFO   co.jp.stepCounter.util.log.Log4J2 co.jp.stepCounter.logic.StepCounterLogic:writeStepCountResult() ステップカウント結果出力開始。 ファイルパス：/Users/takashi.ebina/git/repository2/stepCounter/src/test/java/co/jp/stepCounter/logic/stepCount/TestAbsStepCount.java
2023/05/06 19:25:44.414 [AWT-EventQueue-0] INFO   co.jp.stepCounter.util.log.Log4J2 co.jp.stepCounter.logic.StepCounterLogic:writeStepCountResult() ステップカウント結果出力開始。 ファイルパス：/Users/takashi.ebina/git/repository2/stepCounter/src/test/java/co/jp/stepCounter/logic/commentPatternMatch/TestAbsCommentPatternMatch.java
2023/05/06 19:25:44.414 [AWT-EventQueue-0] INFO   co.jp.stepCounter.util.log.Log4J2 co.jp.stepCounter.logic.StepCounterLogic:writeStepCountResult() ステップカウント結果出力開始。 ファイルパス：/Users/takashi.ebina/git/repository2/stepCounter/src/test/java/co/jp/stepCounter/logic/commentPatternMatch/TestCommentPatternMatchFactory.java
2023/05/06 19:25:44.414 [AWT-EventQueue-0] INFO   co.jp.stepCounter.util.log.Log4J2 co.jp.stepCounter.logic.StepCounterLogic:writeStepCountResult() ステップカウント結果出力開始。 ファイルパス：/Users/takashi.ebina/git/repository2/stepCounter/src/test/java/co/jp/stepCounter/logic/commentPatternMatch/TestIfCommentPatternMatch.java
2023/05/06 19:25:44.414 [AWT-EventQueue-0] INFO   co.jp.stepCounter.util.log.Log4J2 co.jp.stepCounter.logic.StepCounterLogic:writeStepCountResult() ステップカウント結果出力開始。 ファイルパス：/Users/takashi.ebina/git/repository2/stepCounter/src/test/java/co/jp/stepCounter/logic/commentPatternMatch/TestCsCommentPatternMatch.java
2023/05/06 19:25:44.415 [AWT-EventQueue-0] INFO   co.jp.stepCounter.util.log.Log4J2 co.jp.stepCounter.logic.StepCounterLogic:writeStepCountResult() ステップカウント結果出力開始。 ファイルパス：/Users/takashi.ebina/git/repository2/stepCounter/src/test/java/co/jp/stepCounter/logic/commentPatternMatch/TestJavaCommentPatternMatch.java
2023/05/06 19:25:44.415 [AWT-EventQueue-0] INFO   co.jp.stepCounter.util.log.Log4J2 co.jp.stepCounter.logic.StepCounterLogic:writeStepCountResult() ステップカウント結果出力開始。 ファイルパス：/Users/takashi.ebina/git/repository2/stepCounter/src/test/java/co/jp/stepCounter/constant/TestEnumReverseLookup.java
2023/05/06 19:25:44.415 [AWT-EventQueue-0] INFO   co.jp.stepCounter.util.log.Log4J2 co.jp.stepCounter.logic.StepCounterLogic:writeStepCountResult() ステップカウント結果出力開始。 ファイルパス：/Users/takashi.ebina/git/repository2/stepCounter/src/test/java/co/jp/stepCounter/constant/TestConstant.java
2023/05/06 19:25:44.415 [AWT-EventQueue-0] INFO   co.jp.stepCounter.util.log.Log4J2 co.jp.stepCounter.logic.StepCounterLogic:writeStepCountResult() ステップカウント結果出力開始。 ファイルパス：/Users/takashi.ebina/git/repository2/stepCounter/src/test/java/co/jp/stepCounter/main/arg/TestScriptArguments.java
2023/05/06 19:25:44.415 [AWT-EventQueue-0] INFO   co.jp.stepCounter.util.log.Log4J2 co.jp.stepCounter.logic.StepCounterLogic:writeStepCountResult() ステップカウント結果出力開始。 ファイルパス：/Users/takashi.ebina/git/repository2/stepCounter/src/test/java/co/jp/stepCounter/main/arg/TestArguments.java
2023/05/06 19:25:44.415 [AWT-EventQueue-0] INFO   co.jp.stepCounter.util.log.Log4J2 co.jp.stepCounter.logic.StepCounterLogic:writeStepCountResult() ステップカウント結果出力開始。 ファイルパス：/Users/takashi.ebina/git/repository2/stepCounter/src/test/java/co/jp/stepCounter/main/TestStepCounter.java
2023/05/06 19:25:44.415 [AWT-EventQueue-0] INFO   co.jp.stepCounter.util.log.Log4J2 co.jp.stepCounter.logic.StepCounterLogic:writeStepCountResult() ステップカウント結果出力開始。 ファイルパス：/Users/takashi.ebina/git/repository2/stepCounter/src/test/java/co/jp/stepCounter/data/TestStepCountData.java
2023/05/06 19:25:44.416 [AWT-EventQueue-0] INFO   co.jp.stepCounter.util.log.Log4J2 co.jp.stepCounter.logic.StepCounterLogic:writeStepCountResult() ステップカウント結果出力開始。 ファイルパス：/Users/takashi.ebina/git/repository2/stepCounter/src/test/java/co/jp/stepCounter/data/TestAllFilesStepCountData.java
2023/05/06 19:25:44.416 [AWT-EventQueue-0] INFO   co.jp.stepCounter.util.log.Log4J2 co.jp.stepCounter.logic.StepCounterLogic:writeStepCountResult() ステップカウント結果出力開始。 ファイルパス：/Users/takashi.ebina/git/repository2/stepCounter/src/main/java/co/jp/stepCounter/util/Util.java
2023/05/06 19:25:44.416 [AWT-EventQueue-0] INFO   co.jp.stepCounter.util.log.Log4J2 co.jp.stepCounter.logic.StepCounterLogic:writeStepCountResult() ステップカウント結果出力開始。 ファイルパス：/Users/takashi.ebina/git/repository2/stepCounter/src/main/java/co/jp/stepCounter/util/validator/ValidatorUtil.java
2023/05/06 19:25:44.416 [AWT-EventQueue-0] INFO   co.jp.stepCounter.util.log.Log4J2 co.jp.stepCounter.logic.StepCounterLogic:writeStepCountResult() ステップカウント結果出力開始。 ファイルパス：/Users/takashi.ebina/git/repository2/stepCounter/src/main/java/co/jp/stepCounter/util/validator/package-info.java
2023/05/06 19:25:44.416 [AWT-EventQueue-0] INFO   co.jp.stepCounter.util.log.Log4J2 co.jp.stepCounter.logic.StepCounterLogic:writeStepCountResult() ステップカウント結果出力開始。 ファイルパス：/Users/takashi.ebina/git/repository2/stepCounter/src/main/java/co/jp/stepCounter/util/log/Log4J2.java
2023/05/06 19:25:44.416 [AWT-EventQueue-0] INFO   co.jp.stepCounter.util.log.Log4J2 co.jp.stepCounter.logic.StepCounterLogic:writeStepCountResult() ステップカウント結果出力開始。 ファイルパス：/Users/takashi.ebina/git/repository2/stepCounter/src/main/java/co/jp/stepCounter/util/log/package-info.java
2023/05/06 19:25:44.416 [AWT-EventQueue-0] INFO   co.jp.stepCounter.util.log.Log4J2 co.jp.stepCounter.logic.StepCounterLogic:writeStepCountResult() ステップカウント結果出力開始。 ファイルパス：/Users/takashi.ebina/git/repository2/stepCounter/src/main/java/co/jp/stepCounter/util/package-info.java
2023/05/06 19:25:44.417 [AWT-EventQueue-0] INFO   co.jp.stepCounter.util.log.Log4J2 co.jp.stepCounter.logic.StepCounterLogic:writeStepCountResult() ステップカウント結果出力開始。 ファイルパス：/Users/takashi.ebina/git/repository2/stepCounter/src/main/java/co/jp/stepCounter/logic/StepCounterLogic.java
2023/05/06 19:25:44.417 [AWT-EventQueue-0] INFO   co.jp.stepCounter.util.log.Log4J2 co.jp.stepCounter.logic.StepCounterLogic:writeStepCountResult() ステップカウント結果出力開始。 ファイルパス：/Users/takashi.ebina/git/repository2/stepCounter/src/main/java/co/jp/stepCounter/logic/stepCount/AbsStepCount.java
2023/05/06 19:25:44.417 [AWT-EventQueue-0] INFO   co.jp.stepCounter.util.log.Log4J2 co.jp.stepCounter.logic.StepCounterLogic:writeStepCountResult() ステップカウント結果出力開始。 ファイルパス：/Users/takashi.ebina/git/repository2/stepCounter/src/main/java/co/jp/stepCounter/logic/stepCount/CsStepCount.java
2023/05/06 19:25:44.417 [AWT-EventQueue-0] INFO   co.jp.stepCounter.util.log.Log4J2 co.jp.stepCounter.logic.StepCounterLogic:writeStepCountResult() ステップカウント結果出力開始。 ファイルパス：/Users/takashi.ebina/git/repository2/stepCounter/src/main/java/co/jp/stepCounter/logic/stepCount/IfStepCount.java
2023/05/06 19:25:44.417 [AWT-EventQueue-0] INFO   co.jp.stepCounter.util.log.Log4J2 co.jp.stepCounter.logic.StepCounterLogic:writeStepCountResult() ステップカウント結果出力開始。 ファイルパス：/Users/takashi.ebina/git/repository2/stepCounter/src/main/java/co/jp/stepCounter/logic/stepCount/StepCountFactory.java
2023/05/06 19:25:44.417 [AWT-EventQueue-0] INFO   co.jp.stepCounter.util.log.Log4J2 co.jp.stepCounter.logic.StepCounterLogic:writeStepCountResult() ステップカウント結果出力開始。 ファイルパス：/Users/takashi.ebina/git/repository2/stepCounter/src/main/java/co/jp/stepCounter/logic/stepCount/JavaStepCount.java
2023/05/06 19:25:44.417 [AWT-EventQueue-0] INFO   co.jp.stepCounter.util.log.Log4J2 co.jp.stepCounter.logic.StepCounterLogic:writeStepCountResult() ステップカウント結果出力開始。 ファイルパス：/Users/takashi.ebina/git/repository2/stepCounter/src/main/java/co/jp/stepCounter/logic/stepCount/package-info.java
2023/05/06 19:25:44.417 [AWT-EventQueue-0] INFO   co.jp.stepCounter.util.log.Log4J2 co.jp.stepCounter.logic.StepCounterLogic:writeStepCountResult() ステップカウント結果出力開始。 ファイルパス：/Users/takashi.ebina/git/repository2/stepCounter/src/main/java/co/jp/stepCounter/logic/commentPatternMatch/CsCommentPatternMatch.java
2023/05/06 19:25:44.418 [AWT-EventQueue-0] INFO   co.jp.stepCounter.util.log.Log4J2 co.jp.stepCounter.logic.StepCounterLogic:writeStepCountResult() ステップカウント結果出力開始。 ファイルパス：/Users/takashi.ebina/git/repository2/stepCounter/src/main/java/co/jp/stepCounter/logic/commentPatternMatch/CommentPatternMatchFactory.java
2023/05/06 19:25:44.418 [AWT-EventQueue-0] INFO   co.jp.stepCounter.util.log.Log4J2 co.jp.stepCounter.logic.StepCounterLogic:writeStepCountResult() ステップカウント結果出力開始。 ファイルパス：/Users/takashi.ebina/git/repository2/stepCounter/src/main/java/co/jp/stepCounter/logic/commentPatternMatch/AbsCommentPatternMatch.java
2023/05/06 19:25:44.418 [AWT-EventQueue-0] INFO   co.jp.stepCounter.util.log.Log4J2 co.jp.stepCounter.logic.StepCounterLogic:writeStepCountResult() ステップカウント結果出力開始。 ファイルパス：/Users/takashi.ebina/git/repository2/stepCounter/src/main/java/co/jp/stepCounter/logic/commentPatternMatch/JavaCommentPatternMatch.java
2023/05/06 19:25:44.418 [AWT-EventQueue-0] INFO   co.jp.stepCounter.util.log.Log4J2 co.jp.stepCounter.logic.StepCounterLogic:writeStepCountResult() ステップカウント結果出力開始。 ファイルパス：/Users/takashi.ebina/git/repository2/stepCounter/src/main/java/co/jp/stepCounter/logic/commentPatternMatch/IfCommentPatternMatch.java
2023/05/06 19:25:44.418 [AWT-EventQueue-0] INFO   co.jp.stepCounter.util.log.Log4J2 co.jp.stepCounter.logic.StepCounterLogic:writeStepCountResult() ステップカウント結果出力開始。 ファイルパス：/Users/takashi.ebina/git/repository2/stepCounter/src/main/java/co/jp/stepCounter/logic/commentPatternMatch/package-info.java
2023/05/06 19:25:44.418 [AWT-EventQueue-0] INFO   co.jp.stepCounter.util.log.Log4J2 co.jp.stepCounter.logic.StepCounterLogic:writeStepCountResult() ステップカウント結果出力開始。 ファイルパス：/Users/takashi.ebina/git/repository2/stepCounter/src/main/java/co/jp/stepCounter/logic/package-info.java
2023/05/06 19:25:44.419 [AWT-EventQueue-0] INFO   co.jp.stepCounter.util.log.Log4J2 co.jp.stepCounter.logic.StepCounterLogic:writeStepCountResult() ステップカウント結果出力開始。 ファイルパス：/Users/takashi.ebina/git/repository2/stepCounter/src/main/java/co/jp/stepCounter/constant/EnumReverseLookup.java
2023/05/06 19:25:44.419 [AWT-EventQueue-0] INFO   co.jp.stepCounter.util.log.Log4J2 co.jp.stepCounter.logic.StepCounterLogic:writeStepCountResult() ステップカウント結果出力開始。 ファイルパス：/Users/takashi.ebina/git/repository2/stepCounter/src/main/java/co/jp/stepCounter/constant/SystemConstant.java
2023/05/06 19:25:44.419 [AWT-EventQueue-0] INFO   co.jp.stepCounter.util.log.Log4J2 co.jp.stepCounter.logic.StepCounterLogic:writeStepCountResult() ステップカウント結果出力開始。 ファイルパス：/Users/takashi.ebina/git/repository2/stepCounter/src/main/java/co/jp/stepCounter/constant/StepCounterConstant.java
2023/05/06 19:25:44.419 [AWT-EventQueue-0] INFO   co.jp.stepCounter.util.log.Log4J2 co.jp.stepCounter.logic.StepCounterLogic:writeStepCountResult() ステップカウント結果出力開始。 ファイルパス：/Users/takashi.ebina/git/repository2/stepCounter/src/main/java/co/jp/stepCounter/constant/package-info.java
2023/05/06 19:25:44.419 [AWT-EventQueue-0] INFO   co.jp.stepCounter.util.log.Log4J2 co.jp.stepCounter.logic.StepCounterLogic:writeStepCountResult() ステップカウント結果出力開始。 ファイルパス：/Users/takashi.ebina/git/repository2/stepCounter/src/main/java/co/jp/stepCounter/screen/StepCounterScreen.java
2023/05/06 19:25:44.419 [AWT-EventQueue-0] INFO   co.jp.stepCounter.util.log.Log4J2 co.jp.stepCounter.logic.StepCounterLogic:writeStepCountResult() ステップカウント結果出力開始。 ファイルパス：/Users/takashi.ebina/git/repository2/stepCounter/src/main/java/co/jp/stepCounter/screen/controller/package-info.java
2023/05/06 19:25:44.419 [AWT-EventQueue-0] INFO   co.jp.stepCounter.util.log.Log4J2 co.jp.stepCounter.logic.StepCounterLogic:writeStepCountResult() ステップカウント結果出力開始。 ファイルパス：/Users/takashi.ebina/git/repository2/stepCounter/src/main/java/co/jp/stepCounter/screen/model/package-info.java
2023/05/06 19:25:44.419 [AWT-EventQueue-0] INFO   co.jp.stepCounter.util.log.Log4J2 co.jp.stepCounter.logic.StepCounterLogic:writeStepCountResult() ステップカウント結果出力開始。 ファイルパス：/Users/takashi.ebina/git/repository2/stepCounter/src/main/java/co/jp/stepCounter/screen/view/package-info.java
2023/05/06 19:25:44.420 [AWT-EventQueue-0] INFO   co.jp.stepCounter.util.log.Log4J2 co.jp.stepCounter.logic.StepCounterLogic:writeStepCountResult() ステップカウント結果出力開始。 ファイルパス：/Users/takashi.ebina/git/repository2/stepCounter/src/main/java/co/jp/stepCounter/screen/package-info.java
2023/05/06 19:25:44.420 [AWT-EventQueue-0] INFO   co.jp.stepCounter.util.log.Log4J2 co.jp.stepCounter.logic.StepCounterLogic:writeStepCountResult() ステップカウント結果出力開始。 ファイルパス：/Users/takashi.ebina/git/repository2/stepCounter/src/main/java/co/jp/stepCounter/main/arg/ScriptArguments.java
2023/05/06 19:25:44.420 [AWT-EventQueue-0] INFO   co.jp.stepCounter.util.log.Log4J2 co.jp.stepCounter.logic.StepCounterLogic:writeStepCountResult() ステップカウント結果出力開始。 ファイルパス：/Users/takashi.ebina/git/repository2/stepCounter/src/main/java/co/jp/stepCounter/main/arg/Arguments.java
2023/05/06 19:25:44.420 [AWT-EventQueue-0] INFO   co.jp.stepCounter.util.log.Log4J2 co.jp.stepCounter.logic.StepCounterLogic:writeStepCountResult() ステップカウント結果出力開始。 ファイルパス：/Users/takashi.ebina/git/repository2/stepCounter/src/main/java/co/jp/stepCounter/main/arg/package-info.java
2023/05/06 19:25:44.420 [AWT-EventQueue-0] INFO   co.jp.stepCounter.util.log.Log4J2 co.jp.stepCounter.logic.StepCounterLogic:writeStepCountResult() ステップカウント結果出力開始。 ファイルパス：/Users/takashi.ebina/git/repository2/stepCounter/src/main/java/co/jp/stepCounter/main/StepCounter.java
2023/05/06 19:25:44.421 [AWT-EventQueue-0] INFO   co.jp.stepCounter.util.log.Log4J2 co.jp.stepCounter.logic.StepCounterLogic:writeStepCountResult() ステップカウント結果出力開始。 ファイルパス：/Users/takashi.ebina/git/repository2/stepCounter/src/main/java/co/jp/stepCounter/main/package-info.java
2023/05/06 19:25:44.421 [AWT-EventQueue-0] INFO   co.jp.stepCounter.util.log.Log4J2 co.jp.stepCounter.logic.StepCounterLogic:writeStepCountResult() ステップカウント結果出力開始。 ファイルパス：/Users/takashi.ebina/git/repository2/stepCounter/src/main/java/co/jp/stepCounter/data/StepCountData.java
2023/05/06 19:25:44.421 [AWT-EventQueue-0] INFO   co.jp.stepCounter.util.log.Log4J2 co.jp.stepCounter.logic.StepCounterLogic:writeStepCountResult() ステップカウント結果出力開始。 ファイルパス：/Users/takashi.ebina/git/repository2/stepCounter/src/main/java/co/jp/stepCounter/data/AllFilesStepCountData.java
2023/05/06 19:25:44.421 [AWT-EventQueue-0] INFO   co.jp.stepCounter.util.log.Log4J2 co.jp.stepCounter.logic.StepCounterLogic:writeStepCountResult() ステップカウント結果出力開始。 ファイルパス：/Users/takashi.ebina/git/repository2/stepCounter/src/main/java/co/jp/stepCounter/data/package-info.java
2023/05/06 19:25:44.421 [AWT-EventQueue-0] INFO   co.jp.stepCounter.util.log.Log4J2 co.jp.stepCounter.logic.StepCounterLogic:writeStepCountResult() ステップカウント結果出力開始。 ファイルパス：/Users/takashi.ebina/git/repository2/stepCounter/src/main/java/co/jp/stepCounter/package-info.java
2023/05/06 19:25:44.422 [AWT-EventQueue-0] INFO   co.jp.stepCounter.util.log.Log4J2 co.jp.stepCounter.logic.StepCounterLogic:execStepCount() -- ステップカウント処理 終了 ---------------------------------------
2023/05/12 13:37:22.528 [main] DEBUG  co.jp.stepCounter.infrastructure.log.Log4J2 co.jp.stepCounter.util.validator.ValidatorUtil:inputDirectoryCheck() 入力ディレクトリパスチェック ファイルパス：/Users/takashi.ebina/git/repository2/stepCounter/work/input
