2023/05/13 10:27:20.136 [main] DEBUG  co.jp.stepCounter.infrastructure.log.Log4J2 ValidatorUtil:inputDirectoryCheck() 入力ディレクトリパスチェック ファイルパス：/Users/takashi.ebina/git/repository2/stepCounter/work/input
2023/05/13 10:27:20.144 [main] DEBUG  co.jp.stepCounter.infrastructure.log.Log4J2 ValidatorUtil:outputFileCheck() 出力ファイルパスチェック ファイルパス：/Users/takashi.ebina/git/repository2/stepCounter/work/output/result.csv
2023/05/13 10:27:20.144 [main] INFO   co.jp.stepCounter.infrastructure.log.Log4J2 StepCounterSharedService:execStepCount() -- ステップカウント処理 開始 ---------------------------------------
2023/05/13 10:27:20.145 [main] WARN   co.jp.stepCounter.infrastructure.log.Log4J2 StepCountExecutor:execStepCountInDirectory() ファイルの拡張子が未対応。ステップカウント処理をスキップ。 ファイル名：.DS_Store
2023/05/13 10:27:20.145 [main] INFO   co.jp.stepCounter.infrastructure.log.Log4J2 StepCountExecutor:execStepCountInDirectory() ステップカウント処理開始。 ファイル名：Mario.java
2023/05/13 10:27:20.146 [main] INFO   co.jp.stepCounter.infrastructure.log.Log4J2 StepCountExecutor:execStepCountInDirectory() ステップカウント処理開始。 ファイル名：Luigi.java
2023/05/13 10:27:20.146 [main] INFO   co.jp.stepCounter.infrastructure.log.Log4J2 StepCountExecutor:execStepCountInDirectory() ステップカウント処理開始。 ファイル名：Character.java
2023/05/13 10:27:20.147 [main] INFO   co.jp.stepCounter.infrastructure.log.Log4J2 StepCountExecutor:execStepCountInDirectory() ステップカウント処理開始。 ファイル名：HammerBros.java
2023/05/13 10:27:20.147 [main] INFO   co.jp.stepCounter.infrastructure.log.Log4J2 StepCountExecutor:execStepCountInDirectory() ステップカウント処理開始。 ファイル名：CharacterIf.java
2023/05/13 10:27:20.148 [main] INFO   co.jp.stepCounter.infrastructure.log.Log4J2 StepCountExecutor:execStepCountInDirectory() ステップカウント処理開始。 ファイル名：Main.java
2023/05/13 10:27:20.149 [main] INFO   co.jp.stepCounter.infrastructure.log.Log4J2 StepCountExecutor:execStepCountInDirectory() ステップカウント処理開始。 ファイル名：Constant.java
2023/05/13 10:27:20.150 [main] INFO   co.jp.stepCounter.infrastructure.log.Log4J2 StepCountCsvDao:save() ステップカウント結果出力開始。 ファイルパス：/Users/takashi.ebina/git/repository2/stepCounter/work/input/character/Character.java
2023/05/13 10:27:20.150 [main] INFO   co.jp.stepCounter.infrastructure.log.Log4J2 StepCountCsvDao:save() ステップカウント結果出力開始。 ファイルパス：/Users/takashi.ebina/git/repository2/stepCounter/work/input/character/CharacterIf.java
2023/05/13 10:27:20.151 [main] INFO   co.jp.stepCounter.infrastructure.log.Log4J2 StepCountCsvDao:save() ステップカウント結果出力開始。 ファイルパス：/Users/takashi.ebina/git/repository2/stepCounter/work/input/constant/Constant.java
2023/05/13 10:27:20.151 [main] INFO   co.jp.stepCounter.infrastructure.log.Log4J2 StepCountCsvDao:save() ステップカウント結果出力開始。 ファイルパス：/Users/takashi.ebina/git/repository2/stepCounter/work/input/character/HammerBros.java
2023/05/13 10:27:20.151 [main] INFO   co.jp.stepCounter.infrastructure.log.Log4J2 StepCountCsvDao:save() ステップカウント結果出力開始。 ファイルパス：/Users/takashi.ebina/git/repository2/stepCounter/work/input/character/Luigi.java
2023/05/13 10:27:20.151 [main] INFO   co.jp.stepCounter.infrastructure.log.Log4J2 StepCountCsvDao:save() ステップカウント結果出力開始。 ファイルパス：/Users/takashi.ebina/git/repository2/stepCounter/work/input/logic/Main.java
2023/05/13 10:27:20.151 [main] INFO   co.jp.stepCounter.infrastructure.log.Log4J2 StepCountCsvDao:save() ステップカウント結果出力開始。 ファイルパス：/Users/takashi.ebina/git/repository2/stepCounter/work/input/character/Mario.java
2023/05/13 10:27:20.152 [main] INFO   co.jp.stepCounter.infrastructure.log.Log4J2 StepCounterSharedService:execStepCount() -- ステップカウント処理 終了 ---------------------------------------
2023/05/13 10:27:20.164 [main] DEBUG  co.jp.stepCounter.infrastructure.log.Log4J2 ValidatorUtil:inputDirectoryCheck() 入力ディレクトリパスチェック ファイルパス：/Users/takashi.ebina/git/repository2/stepCounter/work/input/result.csv
2023/05/13 10:27:20.164 [main] DEBUG  co.jp.stepCounter.infrastructure.log.Log4J2 ValidatorUtil:inputDirectoryCheck() チェック結果：入力ファイルパスがファイル
2023/05/13 10:27:20.168 [main] DEBUG  co.jp.stepCounter.infrastructure.log.Log4J2 ValidatorUtil:inputDirectoryCheck() 入力ディレクトリパスチェック ファイルパス：/Users/takashi.ebina/git/repository2/stepCounter/work/input
2023/05/13 10:27:20.169 [main] DEBUG  co.jp.stepCounter.infrastructure.log.Log4J2 ValidatorUtil:outputFileCheck() 出力ファイルパスチェック ファイルパス：/Users/takashi.ebina/git/repository2/stepCounter/work/output
2023/05/13 10:27:20.169 [main] DEBUG  co.jp.stepCounter.infrastructure.log.Log4J2 ValidatorUtil:outputFileCheck() チェック結果：出力ファイルパスがディレクトリ
2023/05/13 10:27:20.172 [main] DEBUG  co.jp.stepCounter.infrastructure.log.Log4J2 ValidatorUtil:inputDirectoryCheck() 入力ディレクトリパスチェック ファイルパス：/Users/takashi.ebina/git/repository2/stepCounter/work/input
2023/05/13 10:27:20.172 [main] DEBUG  co.jp.stepCounter.infrastructure.log.Log4J2 ValidatorUtil:outputFileCheck() 出力ファイルパスチェック ファイルパス：/Users/takashi.ebina/git/repository2/stepCounter/work/output/result.csv
2023/05/13 10:28:16.459 [main] DEBUG  co.jp.stepCounter.infrastructure.log.Log4J2 ValidatorUtil:inputDirectoryCheck() 入力ディレクトリパスチェック ファイルパス：/Users/takashi.ebina/git/repository2/stepCounter/work/input
2023/05/13 10:28:16.464 [main] DEBUG  co.jp.stepCounter.infrastructure.log.Log4J2 ValidatorUtil:outputFileCheck() 出力ファイルパスチェック ファイルパス：/Users/takashi.ebina/git/repository2/stepCounter/work/output/result.csv
2023/05/13 10:28:16.466 [main] INFO   co.jp.stepCounter.infrastructure.log.Log4J2 StepCounterSharedService:execStepCount() -- ステップカウント処理 開始 ---------------------------------------
2023/05/13 10:28:16.470 [main] WARN   co.jp.stepCounter.infrastructure.log.Log4J2 StepCountExecutor:execStepCountInDirectory() ファイルの拡張子が未対応。ステップカウント処理をスキップ。 ファイル名：.DS_Store
2023/05/13 10:28:16.474 [main] INFO   co.jp.stepCounter.infrastructure.log.Log4J2 StepCountExecutor:execStepCountInDirectory() ステップカウント処理開始。 ファイル名：Mario.java
2023/05/13 10:28:16.477 [main] INFO   co.jp.stepCounter.infrastructure.log.Log4J2 StepCountExecutor:execStepCountInDirectory() ステップカウント処理開始。 ファイル名：Luigi.java
2023/05/13 10:28:16.477 [main] INFO   co.jp.stepCounter.infrastructure.log.Log4J2 StepCountExecutor:execStepCountInDirectory() ステップカウント処理開始。 ファイル名：Character.java
2023/05/13 10:28:16.479 [main] INFO   co.jp.stepCounter.infrastructure.log.Log4J2 StepCountExecutor:execStepCountInDirectory() ステップカウント処理開始。 ファイル名：HammerBros.java
2023/05/13 10:28:16.479 [main] INFO   co.jp.stepCounter.infrastructure.log.Log4J2 StepCountExecutor:execStepCountInDirectory() ステップカウント処理開始。 ファイル名：CharacterIf.java
2023/05/13 10:28:16.480 [main] INFO   co.jp.stepCounter.infrastructure.log.Log4J2 StepCountExecutor:execStepCountInDirectory() ステップカウント処理開始。 ファイル名：Main.java
2023/05/13 10:28:16.483 [main] INFO   co.jp.stepCounter.infrastructure.log.Log4J2 StepCountExecutor:execStepCountInDirectory() ステップカウント処理開始。 ファイル名：Constant.java
2023/05/13 10:28:16.487 [main] INFO   co.jp.stepCounter.infrastructure.log.Log4J2 StepCountCsvDao:save() ステップカウント結果出力開始。 ファイルパス：/Users/takashi.ebina/git/repository2/stepCounter/work/input/character/Character.java
2023/05/13 10:28:16.488 [main] INFO   co.jp.stepCounter.infrastructure.log.Log4J2 StepCountCsvDao:save() ステップカウント結果出力開始。 ファイルパス：/Users/takashi.ebina/git/repository2/stepCounter/work/input/character/CharacterIf.java
2023/05/13 10:28:16.488 [main] INFO   co.jp.stepCounter.infrastructure.log.Log4J2 StepCountCsvDao:save() ステップカウント結果出力開始。 ファイルパス：/Users/takashi.ebina/git/repository2/stepCounter/work/input/constant/Constant.java
2023/05/13 10:28:16.488 [main] INFO   co.jp.stepCounter.infrastructure.log.Log4J2 StepCountCsvDao:save() ステップカウント結果出力開始。 ファイルパス：/Users/takashi.ebina/git/repository2/stepCounter/work/input/character/HammerBros.java
2023/05/13 10:28:16.488 [main] INFO   co.jp.stepCounter.infrastructure.log.Log4J2 StepCountCsvDao:save() ステップカウント結果出力開始。 ファイルパス：/Users/takashi.ebina/git/repository2/stepCounter/work/input/character/Luigi.java
2023/05/13 10:28:16.489 [main] INFO   co.jp.stepCounter.infrastructure.log.Log4J2 StepCountCsvDao:save() ステップカウント結果出力開始。 ファイルパス：/Users/takashi.ebina/git/repository2/stepCounter/work/input/logic/Main.java
2023/05/13 10:28:16.489 [main] INFO   co.jp.stepCounter.infrastructure.log.Log4J2 StepCountCsvDao:save() ステップカウント結果出力開始。 ファイルパス：/Users/takashi.ebina/git/repository2/stepCounter/work/input/character/Mario.java
2023/05/13 10:28:16.492 [main] INFO   co.jp.stepCounter.infrastructure.log.Log4J2 StepCounterSharedService:execStepCount() -- ステップカウント処理 終了 ---------------------------------------
2023/05/13 10:28:16.500 [main] DEBUG  co.jp.stepCounter.infrastructure.log.Log4J2 ValidatorUtil:inputDirectoryCheck() 入力ディレクトリパスチェック ファイルパス：/Users/takashi.ebina/git/repository2/stepCounter/work/input
2023/05/13 10:28:16.500 [main] DEBUG  co.jp.stepCounter.infrastructure.log.Log4J2 ValidatorUtil:outputFileCheck() 出力ファイルパスチェック ファイルパス：/Users/takashi.ebina/git/repository2/stepCounter/work/output/result.csv
2023/05/13 10:28:16.501 [main] INFO   co.jp.stepCounter.infrastructure.log.Log4J2 StepCounterSharedService:execStepCount() -- ステップカウント処理 開始 ---------------------------------------
2023/05/13 10:28:16.502 [main] WARN   co.jp.stepCounter.infrastructure.log.Log4J2 StepCountExecutor:execStepCountInDirectory() ファイルの拡張子が未対応。ステップカウント処理をスキップ。 ファイル名：.DS_Store
2023/05/13 10:28:16.502 [main] INFO   co.jp.stepCounter.infrastructure.log.Log4J2 StepCountExecutor:execStepCountInDirectory() ステップカウント処理開始。 ファイル名：Mario.java
2023/05/13 10:28:16.503 [main] INFO   co.jp.stepCounter.infrastructure.log.Log4J2 StepCountExecutor:execStepCountInDirectory() ステップカウント処理開始。 ファイル名：Luigi.java
2023/05/13 10:28:16.504 [main] INFO   co.jp.stepCounter.infrastructure.log.Log4J2 StepCountExecutor:execStepCountInDirectory() ステップカウント処理開始。 ファイル名：Character.java
2023/05/13 10:28:16.505 [main] INFO   co.jp.stepCounter.infrastructure.log.Log4J2 StepCountExecutor:execStepCountInDirectory() ステップカウント処理開始。 ファイル名：HammerBros.java
2023/05/13 10:28:16.506 [main] INFO   co.jp.stepCounter.infrastructure.log.Log4J2 StepCountExecutor:execStepCountInDirectory() ステップカウント処理開始。 ファイル名：CharacterIf.java
2023/05/13 10:28:16.507 [main] INFO   co.jp.stepCounter.infrastructure.log.Log4J2 StepCountExecutor:execStepCountInDirectory() ステップカウント処理開始。 ファイル名：Main.java
2023/05/13 10:28:16.508 [main] INFO   co.jp.stepCounter.infrastructure.log.Log4J2 StepCountExecutor:execStepCountInDirectory() ステップカウント処理開始。 ファイル名：Constant.java
2023/05/13 10:28:16.510 [main] INFO   co.jp.stepCounter.infrastructure.log.Log4J2 StepCountCsvDao:save() ステップカウント結果出力開始。 ファイルパス：/Users/takashi.ebina/git/repository2/stepCounter/work/input/logic/Main.java
2023/05/13 10:28:16.510 [main] INFO   co.jp.stepCounter.infrastructure.log.Log4J2 StepCountCsvDao:save() ステップカウント結果出力開始。 ファイルパス：/Users/takashi.ebina/git/repository2/stepCounter/work/input/character/Character.java
2023/05/13 10:28:16.510 [main] INFO   co.jp.stepCounter.infrastructure.log.Log4J2 StepCountCsvDao:save() ステップカウント結果出力開始。 ファイルパス：/Users/takashi.ebina/git/repository2/stepCounter/work/input/constant/Constant.java
2023/05/13 10:28:16.511 [main] INFO   co.jp.stepCounter.infrastructure.log.Log4J2 StepCountCsvDao:save() ステップカウント結果出力開始。 ファイルパス：/Users/takashi.ebina/git/repository2/stepCounter/work/input/character/CharacterIf.java
2023/05/13 10:28:16.511 [main] INFO   co.jp.stepCounter.infrastructure.log.Log4J2 StepCountCsvDao:save() ステップカウント結果出力開始。 ファイルパス：/Users/takashi.ebina/git/repository2/stepCounter/work/input/character/Mario.java
2023/05/13 10:28:16.511 [main] INFO   co.jp.stepCounter.infrastructure.log.Log4J2 StepCountCsvDao:save() ステップカウント結果出力開始。 ファイルパス：/Users/takashi.ebina/git/repository2/stepCounter/work/input/character/Luigi.java
2023/05/13 10:28:16.511 [main] INFO   co.jp.stepCounter.infrastructure.log.Log4J2 StepCountCsvDao:save() ステップカウント結果出力開始。 ファイルパス：/Users/takashi.ebina/git/repository2/stepCounter/work/input/character/HammerBros.java
2023/05/13 10:28:16.512 [main] INFO   co.jp.stepCounter.infrastructure.log.Log4J2 StepCounterSharedService:execStepCount() -- ステップカウント処理 終了 ---------------------------------------
2023/05/13 10:28:16.515 [main] DEBUG  co.jp.stepCounter.infrastructure.log.Log4J2 ValidatorUtil:inputDirectoryCheck() 入力ディレクトリパスチェック ファイルパス：/Users/takashi.ebina/git/repository2/stepCounter/work/input
2023/05/13 10:28:16.516 [main] DEBUG  co.jp.stepCounter.infrastructure.log.Log4J2 ValidatorUtil:outputFileCheck() 出力ファイルパスチェック ファイルパス：/Users/takashi.ebina/git/repository2/stepCounter/work/output/result.csv
2023/05/13 10:28:16.516 [main] INFO   co.jp.stepCounter.infrastructure.log.Log4J2 StepCounterSharedService:execStepCount() -- ステップカウント処理 開始 ---------------------------------------
2023/05/13 10:28:16.516 [main] WARN   co.jp.stepCounter.infrastructure.log.Log4J2 StepCountExecutor:execStepCountInDirectory() ファイルの拡張子が未対応。ステップカウント処理をスキップ。 ファイル名：.DS_Store
2023/05/13 10:28:16.517 [main] INFO   co.jp.stepCounter.infrastructure.log.Log4J2 StepCountExecutor:execStepCountInDirectory() ステップカウント処理開始。 ファイル名：Mario.java
2023/05/13 10:28:16.517 [main] INFO   co.jp.stepCounter.infrastructure.log.Log4J2 StepCountExecutor:execStepCountInDirectory() ステップカウント処理開始。 ファイル名：Luigi.java
2023/05/13 10:28:16.518 [main] INFO   co.jp.stepCounter.infrastructure.log.Log4J2 StepCountExecutor:execStepCountInDirectory() ステップカウント処理開始。 ファイル名：Character.java
2023/05/13 10:28:16.519 [main] INFO   co.jp.stepCounter.infrastructure.log.Log4J2 StepCountExecutor:execStepCountInDirectory() ステップカウント処理開始。 ファイル名：HammerBros.java
2023/05/13 10:28:16.520 [main] INFO   co.jp.stepCounter.infrastructure.log.Log4J2 StepCountExecutor:execStepCountInDirectory() ステップカウント処理開始。 ファイル名：CharacterIf.java
2023/05/13 10:28:16.521 [main] INFO   co.jp.stepCounter.infrastructure.log.Log4J2 StepCountExecutor:execStepCountInDirectory() ステップカウント処理開始。 ファイル名：Main.java
2023/05/13 10:28:16.522 [main] INFO   co.jp.stepCounter.infrastructure.log.Log4J2 StepCountExecutor:execStepCountInDirectory() ステップカウント処理開始。 ファイル名：Constant.java
2023/05/13 10:28:16.523 [main] INFO   co.jp.stepCounter.infrastructure.log.Log4J2 StepCountCsvDao:save() ステップカウント結果出力開始。 ファイルパス：/Users/takashi.ebina/git/repository2/stepCounter/work/input/character/Mario.java
2023/05/13 10:28:16.523 [main] INFO   co.jp.stepCounter.infrastructure.log.Log4J2 StepCountCsvDao:save() ステップカウント結果出力開始。 ファイルパス：/Users/takashi.ebina/git/repository2/stepCounter/work/input/character/Luigi.java
2023/05/13 10:28:16.523 [main] INFO   co.jp.stepCounter.infrastructure.log.Log4J2 StepCountCsvDao:save() ステップカウント結果出力開始。 ファイルパス：/Users/takashi.ebina/git/repository2/stepCounter/work/input/character/Character.java
2023/05/13 10:28:16.523 [main] INFO   co.jp.stepCounter.infrastructure.log.Log4J2 StepCountCsvDao:save() ステップカウント結果出力開始。 ファイルパス：/Users/takashi.ebina/git/repository2/stepCounter/work/input/character/HammerBros.java
2023/05/13 10:28:16.524 [main] INFO   co.jp.stepCounter.infrastructure.log.Log4J2 StepCountCsvDao:save() ステップカウント結果出力開始。 ファイルパス：/Users/takashi.ebina/git/repository2/stepCounter/work/input/character/CharacterIf.java
2023/05/13 10:28:16.524 [main] INFO   co.jp.stepCounter.infrastructure.log.Log4J2 StepCountCsvDao:save() ステップカウント結果出力開始。 ファイルパス：/Users/takashi.ebina/git/repository2/stepCounter/work/input/logic/Main.java
2023/05/13 10:28:16.524 [main] INFO   co.jp.stepCounter.infrastructure.log.Log4J2 StepCountCsvDao:save() ステップカウント結果出力開始。 ファイルパス：/Users/takashi.ebina/git/repository2/stepCounter/work/input/constant/Constant.java
2023/05/13 10:28:16.524 [main] INFO   co.jp.stepCounter.infrastructure.log.Log4J2 StepCounterSharedService:execStepCount() -- ステップカウント処理 終了 ---------------------------------------
2023/05/13 10:28:16.531 [main] DEBUG  co.jp.stepCounter.infrastructure.log.Log4J2 ValidatorUtil:inputDirectoryCheck() 入力ディレクトリパスチェック ファイルパス：/Users/takashi.ebina/git/repository2/stepCounter/work/input
2023/05/13 10:28:16.531 [main] DEBUG  co.jp.stepCounter.infrastructure.log.Log4J2 ValidatorUtil:outputFileCheck() 出力ファイルパスチェック ファイルパス：/Users/takashi.ebina/git/repository2/stepCounter/work/output/result.csv
2023/05/13 10:28:16.532 [main] INFO   co.jp.stepCounter.infrastructure.log.Log4J2 StepCounterSharedService:execStepCount() -- ステップカウント処理 開始 ---------------------------------------
2023/05/13 10:28:16.534 [main] WARN   co.jp.stepCounter.infrastructure.log.Log4J2 StepCountExecutor:execStepCountInDirectory() ファイルの拡張子が未対応。ステップカウント処理をスキップ。 ファイル名：.DS_Store
2023/05/13 10:28:16.534 [main] INFO   co.jp.stepCounter.infrastructure.log.Log4J2 StepCountExecutor:execStepCountInDirectory() ステップカウント処理開始。 ファイル名：Mario.java
2023/05/13 10:28:16.535 [main] INFO   co.jp.stepCounter.infrastructure.log.Log4J2 StepCountExecutor:execStepCountInDirectory() ステップカウント処理開始。 ファイル名：Luigi.java
2023/05/13 10:28:16.536 [main] INFO   co.jp.stepCounter.infrastructure.log.Log4J2 StepCountExecutor:execStepCountInDirectory() ステップカウント処理開始。 ファイル名：Character.java
2023/05/13 10:28:16.537 [main] INFO   co.jp.stepCounter.infrastructure.log.Log4J2 StepCountExecutor:execStepCountInDirectory() ステップカウント処理開始。 ファイル名：HammerBros.java
2023/05/13 10:28:16.538 [main] INFO   co.jp.stepCounter.infrastructure.log.Log4J2 StepCountExecutor:execStepCountInDirectory() ステップカウント処理開始。 ファイル名：CharacterIf.java
2023/05/13 10:28:16.539 [main] INFO   co.jp.stepCounter.infrastructure.log.Log4J2 StepCountExecutor:execStepCountInDirectory() ステップカウント処理開始。 ファイル名：Main.java
2023/05/13 10:28:16.540 [main] INFO   co.jp.stepCounter.infrastructure.log.Log4J2 StepCountExecutor:execStepCountInDirectory() ステップカウント処理開始。 ファイル名：Constant.java
2023/05/13 10:28:16.541 [main] INFO   co.jp.stepCounter.infrastructure.log.Log4J2 StepCountCsvDao:save() ステップカウント結果出力開始。 ファイルパス：/Users/takashi.ebina/git/repository2/stepCounter/work/input/character/Mario.java
2023/05/13 10:28:16.541 [main] INFO   co.jp.stepCounter.infrastructure.log.Log4J2 StepCountCsvDao:save() ステップカウント結果出力開始。 ファイルパス：/Users/takashi.ebina/git/repository2/stepCounter/work/input/character/Luigi.java
2023/05/13 10:28:16.541 [main] INFO   co.jp.stepCounter.infrastructure.log.Log4J2 StepCountCsvDao:save() ステップカウント結果出力開始。 ファイルパス：/Users/takashi.ebina/git/repository2/stepCounter/work/input/character/Character.java
2023/05/13 10:28:16.541 [main] INFO   co.jp.stepCounter.infrastructure.log.Log4J2 StepCountCsvDao:save() ステップカウント結果出力開始。 ファイルパス：/Users/takashi.ebina/git/repository2/stepCounter/work/input/character/HammerBros.java
2023/05/13 10:28:16.541 [main] INFO   co.jp.stepCounter.infrastructure.log.Log4J2 StepCountCsvDao:save() ステップカウント結果出力開始。 ファイルパス：/Users/takashi.ebina/git/repository2/stepCounter/work/input/character/CharacterIf.java
2023/05/13 10:28:16.542 [main] INFO   co.jp.stepCounter.infrastructure.log.Log4J2 StepCountCsvDao:save() ステップカウント結果出力開始。 ファイルパス：/Users/takashi.ebina/git/repository2/stepCounter/work/input/logic/Main.java
2023/05/13 10:28:16.542 [main] INFO   co.jp.stepCounter.infrastructure.log.Log4J2 StepCountCsvDao:save() ステップカウント結果出力開始。 ファイルパス：/Users/takashi.ebina/git/repository2/stepCounter/work/input/constant/Constant.java
2023/05/13 10:28:16.542 [main] INFO   co.jp.stepCounter.infrastructure.log.Log4J2 StepCounterSharedService:execStepCount() -- ステップカウント処理 終了 ---------------------------------------
2023/05/13 10:28:16.560 [main] DEBUG  co.jp.stepCounter.infrastructure.log.Log4J2 ValidatorUtil:inputDirectoryCheck() 入力ディレクトリパスチェック ファイルパス：/Users/takashi.ebina/git/repository2/stepCounter/work/input
2023/05/13 10:28:16.560 [main] DEBUG  co.jp.stepCounter.infrastructure.log.Log4J2 ValidatorUtil:outputFileCheck() 出力ファイルパスチェック ファイルパス：/Users/takashi.ebina/git/repository2/stepCounter/work/output/result.csv
2023/05/13 10:28:16.567 [main] DEBUG  co.jp.stepCounter.infrastructure.log.Log4J2 ValidatorUtil:inputDirectoryCheck() 入力ディレクトリパスチェック ファイルパス：/Users/takashi.ebina/git/repository2/stepCounter/work/output/result.csv
2023/05/13 10:28:16.567 [main] DEBUG  co.jp.stepCounter.infrastructure.log.Log4J2 ValidatorUtil:inputDirectoryCheck() チェック結果：入力ファイルパスがファイル
2023/05/13 10:28:16.570 [main] DEBUG  co.jp.stepCounter.infrastructure.log.Log4J2 ValidatorUtil:inputDirectoryCheck() 入力ディレクトリパスチェック ファイルパス：/Users/takashi.ebina/git/repository2/stepCounter/work/input
2023/05/13 10:28:16.570 [main] DEBUG  co.jp.stepCounter.infrastructure.log.Log4J2 ValidatorUtil:outputFileCheck() 出力ファイルパスチェック ファイルパス：/Users/takashi.ebina/git/repository2/stepCounter/work/input
2023/05/13 10:28:16.571 [main] DEBUG  co.jp.stepCounter.infrastructure.log.Log4J2 ValidatorUtil:outputFileCheck() チェック結果：出力ファイルパスがディレクトリ
2023/05/13 10:28:16.573 [main] DEBUG  co.jp.stepCounter.infrastructure.log.Log4J2 ValidatorUtil:inputDirectoryCheck() 入力ディレクトリパスチェック ファイルパス：/Users/takashi.ebina/git/repository2/stepCounter/work/input
2023/05/13 10:28:16.574 [main] DEBUG  co.jp.stepCounter.infrastructure.log.Log4J2 ValidatorUtil:outputFileCheck() 出力ファイルパスチェック ファイルパス：/Users/takashi.ebina/git/repository2/stepCounter/work/output/result.csv
2023/05/13 10:28:16.576 [main] DEBUG  co.jp.stepCounter.infrastructure.log.Log4J2 ValidatorUtil:inputDirectoryCheck() 入力ディレクトリパスチェック ファイルパス：/Users/takashi.ebina/git/repository2/stepCounter/work/input
2023/05/13 10:28:16.577 [main] DEBUG  co.jp.stepCounter.infrastructure.log.Log4J2 ValidatorUtil:outputFileCheck() 出力ファイルパスチェック ファイルパス：/Users/takashi.ebina/git/repository2/stepCounter/work/output/result.csv
2023/05/13 10:28:16.580 [main] DEBUG  co.jp.stepCounter.infrastructure.log.Log4J2 ValidatorUtil:inputDirectoryCheck() 入力ディレクトリパスチェック ファイルパス：/Users/takashi.ebina/git/repository2/stepCounter/work/input
2023/05/13 10:28:16.580 [main] DEBUG  co.jp.stepCounter.infrastructure.log.Log4J2 ValidatorUtil:outputFileCheck() 出力ファイルパスチェック ファイルパス：/Users/takashi.ebina/git/repository2/stepCounter/work/output/result.csv
2023/05/13 10:28:16.580 [main] INFO   co.jp.stepCounter.infrastructure.log.Log4J2 StepCounterSharedService:execStepCount() -- ステップカウント処理 開始 ---------------------------------------
2023/05/13 10:28:16.580 [main] WARN   co.jp.stepCounter.infrastructure.log.Log4J2 StepCountExecutor:execStepCountInDirectory() ファイルの拡張子が未対応。ステップカウント処理をスキップ。 ファイル名：.DS_Store
2023/05/13 10:28:16.581 [main] INFO   co.jp.stepCounter.infrastructure.log.Log4J2 StepCountExecutor:execStepCountInDirectory() ステップカウント処理開始。 ファイル名：Mario.java
2023/05/13 10:28:16.581 [main] INFO   co.jp.stepCounter.infrastructure.log.Log4J2 StepCountExecutor:execStepCountInDirectory() ステップカウント処理開始。 ファイル名：Luigi.java
2023/05/13 10:28:16.582 [main] INFO   co.jp.stepCounter.infrastructure.log.Log4J2 StepCountExecutor:execStepCountInDirectory() ステップカウント処理開始。 ファイル名：Character.java
2023/05/13 10:28:16.582 [main] INFO   co.jp.stepCounter.infrastructure.log.Log4J2 StepCountExecutor:execStepCountInDirectory() ステップカウント処理開始。 ファイル名：HammerBros.java
2023/05/13 10:28:16.582 [main] INFO   co.jp.stepCounter.infrastructure.log.Log4J2 StepCountExecutor:execStepCountInDirectory() ステップカウント処理開始。 ファイル名：CharacterIf.java
2023/05/13 10:28:16.583 [main] INFO   co.jp.stepCounter.infrastructure.log.Log4J2 StepCountExecutor:execStepCountInDirectory() ステップカウント処理開始。 ファイル名：Main.java
2023/05/13 10:28:16.583 [main] INFO   co.jp.stepCounter.infrastructure.log.Log4J2 StepCountExecutor:execStepCountInDirectory() ステップカウント処理開始。 ファイル名：Constant.java
2023/05/13 10:28:16.584 [main] INFO   co.jp.stepCounter.infrastructure.log.Log4J2 StepCountCsvDao:save() ステップカウント結果出力開始。 ファイルパス：/Users/takashi.ebina/git/repository2/stepCounter/work/input/character/Character.java
2023/05/13 10:28:16.584 [main] INFO   co.jp.stepCounter.infrastructure.log.Log4J2 StepCountCsvDao:save() ステップカウント結果出力開始。 ファイルパス：/Users/takashi.ebina/git/repository2/stepCounter/work/input/character/CharacterIf.java
2023/05/13 10:28:16.584 [main] INFO   co.jp.stepCounter.infrastructure.log.Log4J2 StepCountCsvDao:save() ステップカウント結果出力開始。 ファイルパス：/Users/takashi.ebina/git/repository2/stepCounter/work/input/constant/Constant.java
2023/05/13 10:28:16.585 [main] INFO   co.jp.stepCounter.infrastructure.log.Log4J2 StepCountCsvDao:save() ステップカウント結果出力開始。 ファイルパス：/Users/takashi.ebina/git/repository2/stepCounter/work/input/character/HammerBros.java
2023/05/13 10:28:16.585 [main] INFO   co.jp.stepCounter.infrastructure.log.Log4J2 StepCountCsvDao:save() ステップカウント結果出力開始。 ファイルパス：/Users/takashi.ebina/git/repository2/stepCounter/work/input/character/Luigi.java
2023/05/13 10:28:16.585 [main] INFO   co.jp.stepCounter.infrastructure.log.Log4J2 StepCountCsvDao:save() ステップカウント結果出力開始。 ファイルパス：/Users/takashi.ebina/git/repository2/stepCounter/work/input/logic/Main.java
2023/05/13 10:28:16.585 [main] INFO   co.jp.stepCounter.infrastructure.log.Log4J2 StepCountCsvDao:save() ステップカウント結果出力開始。 ファイルパス：/Users/takashi.ebina/git/repository2/stepCounter/work/input/character/Mario.java
2023/05/13 10:28:16.586 [main] INFO   co.jp.stepCounter.infrastructure.log.Log4J2 StepCounterSharedService:execStepCount() -- ステップカウント処理 終了 ---------------------------------------
2023/05/13 10:28:16.588 [main] DEBUG  co.jp.stepCounter.infrastructure.log.Log4J2 ValidatorUtil:inputDirectoryCheck() 入力ディレクトリパスチェック ファイルパス：/Users/takashi.ebina/git/repository2/stepCounter/work/input/result.csv
2023/05/13 10:28:16.588 [main] DEBUG  co.jp.stepCounter.infrastructure.log.Log4J2 ValidatorUtil:inputDirectoryCheck() チェック結果：入力ファイルパスがファイル
2023/05/13 10:28:16.590 [main] DEBUG  co.jp.stepCounter.infrastructure.log.Log4J2 ValidatorUtil:inputDirectoryCheck() 入力ディレクトリパスチェック ファイルパス：/Users/takashi.ebina/git/repository2/stepCounter/work/input
2023/05/13 10:28:16.590 [main] DEBUG  co.jp.stepCounter.infrastructure.log.Log4J2 ValidatorUtil:outputFileCheck() 出力ファイルパスチェック ファイルパス：/Users/takashi.ebina/git/repository2/stepCounter/work/output
2023/05/13 10:28:16.591 [main] DEBUG  co.jp.stepCounter.infrastructure.log.Log4J2 ValidatorUtil:outputFileCheck() チェック結果：出力ファイルパスがディレクトリ
2023/05/13 10:28:16.593 [main] DEBUG  co.jp.stepCounter.infrastructure.log.Log4J2 ValidatorUtil:inputDirectoryCheck() 入力ディレクトリパスチェック ファイルパス：/Users/takashi.ebina/git/repository2/stepCounter/work/input
2023/05/13 10:28:16.594 [main] DEBUG  co.jp.stepCounter.infrastructure.log.Log4J2 ValidatorUtil:outputFileCheck() 出力ファイルパスチェック ファイルパス：/Users/takashi.ebina/git/repository2/stepCounter/work/output/result.csv
2023/05/15 14:11:04.252 [main] DEBUG  co.jp.stepCounter.infrastructure.log.Log4J2 ValidatorUtil:inputDirectoryCheck() 入力ディレクトリパスチェック ファイルパス：/Users/takashi.ebina/git/repository2/stepCounter/work/input
2023/05/15 14:11:04.258 [main] DEBUG  co.jp.stepCounter.infrastructure.log.Log4J2 ValidatorUtil:outputFileCheck() 出力ファイルパスチェック ファイルパス：/Users/takashi.ebina/git/repository2/stepCounter/work/output/result.csv
2023/05/15 14:11:04.261 [main] INFO   co.jp.stepCounter.infrastructure.log.Log4J2 StepCounterCuiService:execStepCount() -- ステップカウント処理 開始 ---------------------------------------
2023/05/15 14:11:04.267 [main] WARN   co.jp.stepCounter.infrastructure.log.Log4J2 StepCountExecutor:execStepCountInDirectory() ファイルの拡張子が未対応。ステップカウント処理をスキップ。 ファイル名：.DS_Store
2023/05/15 14:11:04.273 [main] INFO   co.jp.stepCounter.infrastructure.log.Log4J2 StepCountExecutor:execStepCountInDirectory() ステップカウント処理開始。 ファイル名：Mario.java
2023/05/15 14:11:04.278 [main] INFO   co.jp.stepCounter.infrastructure.log.Log4J2 StepCountExecutor:execStepCountInDirectory() ステップカウント処理開始。 ファイル名：Luigi.java
2023/05/15 14:11:04.279 [main] INFO   co.jp.stepCounter.infrastructure.log.Log4J2 StepCountExecutor:execStepCountInDirectory() ステップカウント処理開始。 ファイル名：Character.java
2023/05/15 14:11:04.282 [main] INFO   co.jp.stepCounter.infrastructure.log.Log4J2 StepCountExecutor:execStepCountInDirectory() ステップカウント処理開始。 ファイル名：HammerBros.java
2023/05/15 14:11:04.283 [main] INFO   co.jp.stepCounter.infrastructure.log.Log4J2 StepCountExecutor:execStepCountInDirectory() ステップカウント処理開始。 ファイル名：CharacterIf.java
2023/05/15 14:11:04.285 [main] INFO   co.jp.stepCounter.infrastructure.log.Log4J2 StepCountExecutor:execStepCountInDirectory() ステップカウント処理開始。 ファイル名：Main.java
2023/05/15 14:11:04.287 [main] INFO   co.jp.stepCounter.infrastructure.log.Log4J2 StepCountExecutor:execStepCountInDirectory() ステップカウント処理開始。 ファイル名：Constant.java
2023/05/15 14:11:04.294 [main] INFO   co.jp.stepCounter.infrastructure.log.Log4J2 StepCountCsvDao:save() ステップカウント結果出力開始。 ファイルパス：/Users/takashi.ebina/git/repository2/stepCounter/work/input/character/Character.java
2023/05/15 14:11:04.294 [main] INFO   co.jp.stepCounter.infrastructure.log.Log4J2 StepCountCsvDao:save() ステップカウント結果出力開始。 ファイルパス：/Users/takashi.ebina/git/repository2/stepCounter/work/input/character/CharacterIf.java
2023/05/15 14:11:04.294 [main] INFO   co.jp.stepCounter.infrastructure.log.Log4J2 StepCountCsvDao:save() ステップカウント結果出力開始。 ファイルパス：/Users/takashi.ebina/git/repository2/stepCounter/work/input/constant/Constant.java
2023/05/15 14:11:04.294 [main] INFO   co.jp.stepCounter.infrastructure.log.Log4J2 StepCountCsvDao:save() ステップカウント結果出力開始。 ファイルパス：/Users/takashi.ebina/git/repository2/stepCounter/work/input/character/HammerBros.java
2023/05/15 14:11:04.294 [main] INFO   co.jp.stepCounter.infrastructure.log.Log4J2 StepCountCsvDao:save() ステップカウント結果出力開始。 ファイルパス：/Users/takashi.ebina/git/repository2/stepCounter/work/input/character/Luigi.java
2023/05/15 14:11:04.295 [main] INFO   co.jp.stepCounter.infrastructure.log.Log4J2 StepCountCsvDao:save() ステップカウント結果出力開始。 ファイルパス：/Users/takashi.ebina/git/repository2/stepCounter/work/input/logic/Main.java
2023/05/15 14:11:04.295 [main] INFO   co.jp.stepCounter.infrastructure.log.Log4J2 StepCountCsvDao:save() ステップカウント結果出力開始。 ファイルパス：/Users/takashi.ebina/git/repository2/stepCounter/work/input/character/Mario.java
2023/05/15 14:11:04.295 [main] INFO   co.jp.stepCounter.infrastructure.log.Log4J2 StepCounterCuiService:execStepCount() -- ステップカウント処理 終了 ---------------------------------------
2023/05/15 14:11:04.301 [main] DEBUG  co.jp.stepCounter.infrastructure.log.Log4J2 ValidatorUtil:inputDirectoryCheck() 入力ディレクトリパスチェック ファイルパス：/Users/takashi.ebina/git/repository2/stepCounter/work/input
2023/05/15 14:11:04.301 [main] DEBUG  co.jp.stepCounter.infrastructure.log.Log4J2 ValidatorUtil:outputFileCheck() 出力ファイルパスチェック ファイルパス：/Users/takashi.ebina/git/repository2/stepCounter/work/output/result.csv
2023/05/15 14:11:04.302 [main] INFO   co.jp.stepCounter.infrastructure.log.Log4J2 StepCounterCuiService:execStepCount() -- ステップカウント処理 開始 ---------------------------------------
2023/05/15 14:11:04.303 [main] WARN   co.jp.stepCounter.infrastructure.log.Log4J2 StepCountExecutor:execStepCountInDirectory() ファイルの拡張子が未対応。ステップカウント処理をスキップ。 ファイル名：.DS_Store
2023/05/15 14:11:04.303 [main] INFO   co.jp.stepCounter.infrastructure.log.Log4J2 StepCountExecutor:execStepCountInDirectory() ステップカウント処理開始。 ファイル名：Mario.java
2023/05/15 14:11:04.304 [main] INFO   co.jp.stepCounter.infrastructure.log.Log4J2 StepCountExecutor:execStepCountInDirectory() ステップカウント処理開始。 ファイル名：Luigi.java
2023/05/15 14:11:04.305 [main] INFO   co.jp.stepCounter.infrastructure.log.Log4J2 StepCountExecutor:execStepCountInDirectory() ステップカウント処理開始。 ファイル名：Character.java
2023/05/15 14:11:04.306 [main] INFO   co.jp.stepCounter.infrastructure.log.Log4J2 StepCountExecutor:execStepCountInDirectory() ステップカウント処理開始。 ファイル名：HammerBros.java
2023/05/15 14:11:04.307 [main] INFO   co.jp.stepCounter.infrastructure.log.Log4J2 StepCountExecutor:execStepCountInDirectory() ステップカウント処理開始。 ファイル名：CharacterIf.java
2023/05/15 14:11:04.308 [main] INFO   co.jp.stepCounter.infrastructure.log.Log4J2 StepCountExecutor:execStepCountInDirectory() ステップカウント処理開始。 ファイル名：Main.java
2023/05/15 14:11:04.310 [main] INFO   co.jp.stepCounter.infrastructure.log.Log4J2 StepCountExecutor:execStepCountInDirectory() ステップカウント処理開始。 ファイル名：Constant.java
2023/05/15 14:11:04.312 [main] INFO   co.jp.stepCounter.infrastructure.log.Log4J2 StepCountCsvDao:save() ステップカウント結果出力開始。 ファイルパス：/Users/takashi.ebina/git/repository2/stepCounter/work/input/logic/Main.java
2023/05/15 14:11:04.313 [main] INFO   co.jp.stepCounter.infrastructure.log.Log4J2 StepCountCsvDao:save() ステップカウント結果出力開始。 ファイルパス：/Users/takashi.ebina/git/repository2/stepCounter/work/input/character/Character.java
2023/05/15 14:11:04.313 [main] INFO   co.jp.stepCounter.infrastructure.log.Log4J2 StepCountCsvDao:save() ステップカウント結果出力開始。 ファイルパス：/Users/takashi.ebina/git/repository2/stepCounter/work/input/constant/Constant.java
2023/05/15 14:11:04.314 [main] INFO   co.jp.stepCounter.infrastructure.log.Log4J2 StepCountCsvDao:save() ステップカウント結果出力開始。 ファイルパス：/Users/takashi.ebina/git/repository2/stepCounter/work/input/character/CharacterIf.java
2023/05/15 14:11:04.314 [main] INFO   co.jp.stepCounter.infrastructure.log.Log4J2 StepCountCsvDao:save() ステップカウント結果出力開始。 ファイルパス：/Users/takashi.ebina/git/repository2/stepCounter/work/input/character/Mario.java
2023/05/15 14:11:04.314 [main] INFO   co.jp.stepCounter.infrastructure.log.Log4J2 StepCountCsvDao:save() ステップカウント結果出力開始。 ファイルパス：/Users/takashi.ebina/git/repository2/stepCounter/work/input/character/Luigi.java
2023/05/15 14:11:04.315 [main] INFO   co.jp.stepCounter.infrastructure.log.Log4J2 StepCountCsvDao:save() ステップカウント結果出力開始。 ファイルパス：/Users/takashi.ebina/git/repository2/stepCounter/work/input/character/HammerBros.java
2023/05/15 14:11:04.315 [main] INFO   co.jp.stepCounter.infrastructure.log.Log4J2 StepCounterCuiService:execStepCount() -- ステップカウント処理 終了 ---------------------------------------
2023/05/15 14:11:04.321 [main] DEBUG  co.jp.stepCounter.infrastructure.log.Log4J2 ValidatorUtil:inputDirectoryCheck() 入力ディレクトリパスチェック ファイルパス：/Users/takashi.ebina/git/repository2/stepCounter/work/input
2023/05/15 14:11:04.321 [main] DEBUG  co.jp.stepCounter.infrastructure.log.Log4J2 ValidatorUtil:outputFileCheck() 出力ファイルパスチェック ファイルパス：/Users/takashi.ebina/git/repository2/stepCounter/work/output/result.csv
2023/05/15 14:11:04.322 [main] INFO   co.jp.stepCounter.infrastructure.log.Log4J2 StepCounterCuiService:execStepCount() -- ステップカウント処理 開始 ---------------------------------------
2023/05/15 14:11:04.322 [main] WARN   co.jp.stepCounter.infrastructure.log.Log4J2 StepCountExecutor:execStepCountInDirectory() ファイルの拡張子が未対応。ステップカウント処理をスキップ。 ファイル名：.DS_Store
2023/05/15 14:11:04.323 [main] INFO   co.jp.stepCounter.infrastructure.log.Log4J2 StepCountExecutor:execStepCountInDirectory() ステップカウント処理開始。 ファイル名：Mario.java
2023/05/15 14:11:04.324 [main] INFO   co.jp.stepCounter.infrastructure.log.Log4J2 StepCountExecutor:execStepCountInDirectory() ステップカウント処理開始。 ファイル名：Luigi.java
2023/05/15 14:11:04.325 [main] INFO   co.jp.stepCounter.infrastructure.log.Log4J2 StepCountExecutor:execStepCountInDirectory() ステップカウント処理開始。 ファイル名：Character.java
2023/05/15 14:11:04.326 [main] INFO   co.jp.stepCounter.infrastructure.log.Log4J2 StepCountExecutor:execStepCountInDirectory() ステップカウント処理開始。 ファイル名：HammerBros.java
2023/05/15 14:11:04.326 [main] INFO   co.jp.stepCounter.infrastructure.log.Log4J2 StepCountExecutor:execStepCountInDirectory() ステップカウント処理開始。 ファイル名：CharacterIf.java
2023/05/15 14:11:04.327 [main] INFO   co.jp.stepCounter.infrastructure.log.Log4J2 StepCountExecutor:execStepCountInDirectory() ステップカウント処理開始。 ファイル名：Main.java
2023/05/15 14:11:04.329 [main] INFO   co.jp.stepCounter.infrastructure.log.Log4J2 StepCountExecutor:execStepCountInDirectory() ステップカウント処理開始。 ファイル名：Constant.java
2023/05/15 14:11:04.330 [main] INFO   co.jp.stepCounter.infrastructure.log.Log4J2 StepCountCsvDao:save() ステップカウント結果出力開始。 ファイルパス：/Users/takashi.ebina/git/repository2/stepCounter/work/input/character/Mario.java
2023/05/15 14:11:04.331 [main] INFO   co.jp.stepCounter.infrastructure.log.Log4J2 StepCountCsvDao:save() ステップカウント結果出力開始。 ファイルパス：/Users/takashi.ebina/git/repository2/stepCounter/work/input/character/Luigi.java
2023/05/15 14:11:04.331 [main] INFO   co.jp.stepCounter.infrastructure.log.Log4J2 StepCountCsvDao:save() ステップカウント結果出力開始。 ファイルパス：/Users/takashi.ebina/git/repository2/stepCounter/work/input/character/Character.java
2023/05/15 14:11:04.331 [main] INFO   co.jp.stepCounter.infrastructure.log.Log4J2 StepCountCsvDao:save() ステップカウント結果出力開始。 ファイルパス：/Users/takashi.ebina/git/repository2/stepCounter/work/input/character/HammerBros.java
2023/05/15 14:11:04.331 [main] INFO   co.jp.stepCounter.infrastructure.log.Log4J2 StepCountCsvDao:save() ステップカウント結果出力開始。 ファイルパス：/Users/takashi.ebina/git/repository2/stepCounter/work/input/character/CharacterIf.java
2023/05/15 14:11:04.332 [main] INFO   co.jp.stepCounter.infrastructure.log.Log4J2 StepCountCsvDao:save() ステップカウント結果出力開始。 ファイルパス：/Users/takashi.ebina/git/repository2/stepCounter/work/input/logic/Main.java
2023/05/15 14:11:04.332 [main] INFO   co.jp.stepCounter.infrastructure.log.Log4J2 StepCountCsvDao:save() ステップカウント結果出力開始。 ファイルパス：/Users/takashi.ebina/git/repository2/stepCounter/work/input/constant/Constant.java
2023/05/15 14:11:04.333 [main] INFO   co.jp.stepCounter.infrastructure.log.Log4J2 StepCounterCuiService:execStepCount() -- ステップカウント処理 終了 ---------------------------------------
2023/05/15 14:11:04.336 [main] DEBUG  co.jp.stepCounter.infrastructure.log.Log4J2 ValidatorUtil:inputDirectoryCheck() 入力ディレクトリパスチェック ファイルパス：/Users/takashi.ebina/git/repository2/stepCounter/work/input
2023/05/15 14:11:04.336 [main] DEBUG  co.jp.stepCounter.infrastructure.log.Log4J2 ValidatorUtil:outputFileCheck() 出力ファイルパスチェック ファイルパス：/Users/takashi.ebina/git/repository2/stepCounter/work/output/result.csv
2023/05/15 14:11:04.337 [main] INFO   co.jp.stepCounter.infrastructure.log.Log4J2 StepCounterCuiService:execStepCount() -- ステップカウント処理 開始 ---------------------------------------
2023/05/15 14:11:04.337 [main] WARN   co.jp.stepCounter.infrastructure.log.Log4J2 StepCountExecutor:execStepCountInDirectory() ファイルの拡張子が未対応。ステップカウント処理をスキップ。 ファイル名：.DS_Store
2023/05/15 14:11:04.338 [main] INFO   co.jp.stepCounter.infrastructure.log.Log4J2 StepCountExecutor:execStepCountInDirectory() ステップカウント処理開始。 ファイル名：Mario.java
2023/05/15 14:11:04.339 [main] INFO   co.jp.stepCounter.infrastructure.log.Log4J2 StepCountExecutor:execStepCountInDirectory() ステップカウント処理開始。 ファイル名：Luigi.java
2023/05/15 14:11:04.340 [main] INFO   co.jp.stepCounter.infrastructure.log.Log4J2 StepCountExecutor:execStepCountInDirectory() ステップカウント処理開始。 ファイル名：Character.java
2023/05/15 14:11:04.341 [main] INFO   co.jp.stepCounter.infrastructure.log.Log4J2 StepCountExecutor:execStepCountInDirectory() ステップカウント処理開始。 ファイル名：HammerBros.java
2023/05/15 14:11:04.342 [main] INFO   co.jp.stepCounter.infrastructure.log.Log4J2 StepCountExecutor:execStepCountInDirectory() ステップカウント処理開始。 ファイル名：CharacterIf.java
2023/05/15 14:11:04.346 [main] INFO   co.jp.stepCounter.infrastructure.log.Log4J2 StepCountExecutor:execStepCountInDirectory() ステップカウント処理開始。 ファイル名：Main.java
2023/05/15 14:11:04.347 [main] INFO   co.jp.stepCounter.infrastructure.log.Log4J2 StepCountExecutor:execStepCountInDirectory() ステップカウント処理開始。 ファイル名：Constant.java
2023/05/15 14:11:04.349 [main] INFO   co.jp.stepCounter.infrastructure.log.Log4J2 StepCountCsvDao:save() ステップカウント結果出力開始。 ファイルパス：/Users/takashi.ebina/git/repository2/stepCounter/work/input/character/Mario.java
2023/05/15 14:11:04.349 [main] INFO   co.jp.stepCounter.infrastructure.log.Log4J2 StepCountCsvDao:save() ステップカウント結果出力開始。 ファイルパス：/Users/takashi.ebina/git/repository2/stepCounter/work/input/character/Luigi.java
2023/05/15 14:11:04.349 [main] INFO   co.jp.stepCounter.infrastructure.log.Log4J2 StepCountCsvDao:save() ステップカウント結果出力開始。 ファイルパス：/Users/takashi.ebina/git/repository2/stepCounter/work/input/character/Character.java
2023/05/15 14:11:04.349 [main] INFO   co.jp.stepCounter.infrastructure.log.Log4J2 StepCountCsvDao:save() ステップカウント結果出力開始。 ファイルパス：/Users/takashi.ebina/git/repository2/stepCounter/work/input/character/HammerBros.java
2023/05/15 14:11:04.350 [main] INFO   co.jp.stepCounter.infrastructure.log.Log4J2 StepCountCsvDao:save() ステップカウント結果出力開始。 ファイルパス：/Users/takashi.ebina/git/repository2/stepCounter/work/input/character/CharacterIf.java
2023/05/15 14:11:04.350 [main] INFO   co.jp.stepCounter.infrastructure.log.Log4J2 StepCountCsvDao:save() ステップカウント結果出力開始。 ファイルパス：/Users/takashi.ebina/git/repository2/stepCounter/work/input/logic/Main.java
2023/05/15 14:11:04.350 [main] INFO   co.jp.stepCounter.infrastructure.log.Log4J2 StepCountCsvDao:save() ステップカウント結果出力開始。 ファイルパス：/Users/takashi.ebina/git/repository2/stepCounter/work/input/constant/Constant.java
2023/05/15 14:11:04.351 [main] INFO   co.jp.stepCounter.infrastructure.log.Log4J2 StepCounterCuiService:execStepCount() -- ステップカウント処理 終了 ---------------------------------------
2023/05/15 14:11:04.363 [main] DEBUG  co.jp.stepCounter.infrastructure.log.Log4J2 ValidatorUtil:inputDirectoryCheck() 入力ディレクトリパスチェック ファイルパス：/Users/takashi.ebina/git/repository2/stepCounter/work/input
2023/05/15 14:11:04.364 [main] DEBUG  co.jp.stepCounter.infrastructure.log.Log4J2 ValidatorUtil:outputFileCheck() 出力ファイルパスチェック ファイルパス：/Users/takashi.ebina/git/repository2/stepCounter/work/output/result.csv
2023/05/15 14:11:04.369 [main] DEBUG  co.jp.stepCounter.infrastructure.log.Log4J2 ValidatorUtil:inputDirectoryCheck() 入力ディレクトリパスチェック ファイルパス：/Users/takashi.ebina/git/repository2/stepCounter/work/output/result.csv
2023/05/15 14:11:04.369 [main] DEBUG  co.jp.stepCounter.infrastructure.log.Log4J2 ValidatorUtil:inputDirectoryCheck() チェック結果：入力ファイルパスがファイル
2023/05/15 14:11:04.371 [main] DEBUG  co.jp.stepCounter.infrastructure.log.Log4J2 ValidatorUtil:inputDirectoryCheck() 入力ディレクトリパスチェック ファイルパス：/Users/takashi.ebina/git/repository2/stepCounter/work/input
2023/05/15 14:11:04.372 [main] DEBUG  co.jp.stepCounter.infrastructure.log.Log4J2 ValidatorUtil:outputFileCheck() 出力ファイルパスチェック ファイルパス：/Users/takashi.ebina/git/repository2/stepCounter/work/input
2023/05/15 14:11:04.372 [main] DEBUG  co.jp.stepCounter.infrastructure.log.Log4J2 ValidatorUtil:outputFileCheck() チェック結果：出力ファイルパスがディレクトリ
2023/05/15 14:11:04.375 [main] DEBUG  co.jp.stepCounter.infrastructure.log.Log4J2 ValidatorUtil:inputDirectoryCheck() 入力ディレクトリパスチェック ファイルパス：/Users/takashi.ebina/git/repository2/stepCounter/work/input
2023/05/15 14:11:04.376 [main] DEBUG  co.jp.stepCounter.infrastructure.log.Log4J2 ValidatorUtil:outputFileCheck() 出力ファイルパスチェック ファイルパス：/Users/takashi.ebina/git/repository2/stepCounter/work/output/result.csv
2023/05/15 14:11:04.379 [main] DEBUG  co.jp.stepCounter.infrastructure.log.Log4J2 ValidatorUtil:inputDirectoryCheck() 入力ディレクトリパスチェック ファイルパス：/Users/takashi.ebina/git/repository2/stepCounter/work/input
2023/05/15 14:11:04.379 [main] DEBUG  co.jp.stepCounter.infrastructure.log.Log4J2 ValidatorUtil:outputFileCheck() 出力ファイルパスチェック ファイルパス：/Users/takashi.ebina/git/repository2/stepCounter/work/output/result.csv
2023/05/15 14:11:04.383 [main] DEBUG  co.jp.stepCounter.infrastructure.log.Log4J2 ValidatorUtil:inputDirectoryCheck() 入力ディレクトリパスチェック ファイルパス：/Users/takashi.ebina/git/repository2/stepCounter/work/input
2023/05/15 14:11:04.383 [main] DEBUG  co.jp.stepCounter.infrastructure.log.Log4J2 ValidatorUtil:outputFileCheck() 出力ファイルパスチェック ファイルパス：/Users/takashi.ebina/git/repository2/stepCounter/work/output/result.csv
2023/05/15 14:11:04.384 [main] INFO   co.jp.stepCounter.infrastructure.log.Log4J2 StepCounterCuiService:execStepCount() -- ステップカウント処理 開始 ---------------------------------------
2023/05/15 14:11:04.384 [main] WARN   co.jp.stepCounter.infrastructure.log.Log4J2 StepCountExecutor:execStepCountInDirectory() ファイルの拡張子が未対応。ステップカウント処理をスキップ。 ファイル名：.DS_Store
2023/05/15 14:11:04.385 [main] INFO   co.jp.stepCounter.infrastructure.log.Log4J2 StepCountExecutor:execStepCountInDirectory() ステップカウント処理開始。 ファイル名：Mario.java
2023/05/15 14:11:04.385 [main] INFO   co.jp.stepCounter.infrastructure.log.Log4J2 StepCountExecutor:execStepCountInDirectory() ステップカウント処理開始。 ファイル名：Luigi.java
2023/05/15 14:11:04.385 [main] INFO   co.jp.stepCounter.infrastructure.log.Log4J2 StepCountExecutor:execStepCountInDirectory() ステップカウント処理開始。 ファイル名：Character.java
2023/05/15 14:11:04.386 [main] INFO   co.jp.stepCounter.infrastructure.log.Log4J2 StepCountExecutor:execStepCountInDirectory() ステップカウント処理開始。 ファイル名：HammerBros.java
2023/05/15 14:11:04.386 [main] INFO   co.jp.stepCounter.infrastructure.log.Log4J2 StepCountExecutor:execStepCountInDirectory() ステップカウント処理開始。 ファイル名：CharacterIf.java
2023/05/15 14:11:04.387 [main] INFO   co.jp.stepCounter.infrastructure.log.Log4J2 StepCountExecutor:execStepCountInDirectory() ステップカウント処理開始。 ファイル名：Main.java
2023/05/15 14:11:04.387 [main] INFO   co.jp.stepCounter.infrastructure.log.Log4J2 StepCountExecutor:execStepCountInDirectory() ステップカウント処理開始。 ファイル名：Constant.java
2023/05/15 14:11:04.389 [main] INFO   co.jp.stepCounter.infrastructure.log.Log4J2 StepCountCsvDao:save() ステップカウント結果出力開始。 ファイルパス：/Users/takashi.ebina/git/repository2/stepCounter/work/input/character/Character.java
2023/05/15 14:11:04.389 [main] INFO   co.jp.stepCounter.infrastructure.log.Log4J2 StepCountCsvDao:save() ステップカウント結果出力開始。 ファイルパス：/Users/takashi.ebina/git/repository2/stepCounter/work/input/character/CharacterIf.java
2023/05/15 14:11:04.389 [main] INFO   co.jp.stepCounter.infrastructure.log.Log4J2 StepCountCsvDao:save() ステップカウント結果出力開始。 ファイルパス：/Users/takashi.ebina/git/repository2/stepCounter/work/input/constant/Constant.java
2023/05/15 14:11:04.390 [main] INFO   co.jp.stepCounter.infrastructure.log.Log4J2 StepCountCsvDao:save() ステップカウント結果出力開始。 ファイルパス：/Users/takashi.ebina/git/repository2/stepCounter/work/input/character/HammerBros.java
2023/05/15 14:11:04.390 [main] INFO   co.jp.stepCounter.infrastructure.log.Log4J2 StepCountCsvDao:save() ステップカウント結果出力開始。 ファイルパス：/Users/takashi.ebina/git/repository2/stepCounter/work/input/character/Luigi.java
2023/05/15 14:11:04.390 [main] INFO   co.jp.stepCounter.infrastructure.log.Log4J2 StepCountCsvDao:save() ステップカウント結果出力開始。 ファイルパス：/Users/takashi.ebina/git/repository2/stepCounter/work/input/logic/Main.java
2023/05/15 14:11:04.390 [main] INFO   co.jp.stepCounter.infrastructure.log.Log4J2 StepCountCsvDao:save() ステップカウント結果出力開始。 ファイルパス：/Users/takashi.ebina/git/repository2/stepCounter/work/input/character/Mario.java
2023/05/15 14:11:04.391 [main] INFO   co.jp.stepCounter.infrastructure.log.Log4J2 StepCounterCuiService:execStepCount() -- ステップカウント処理 終了 ---------------------------------------
2023/05/15 14:11:04.393 [main] DEBUG  co.jp.stepCounter.infrastructure.log.Log4J2 ValidatorUtil:inputDirectoryCheck() 入力ディレクトリパスチェック ファイルパス：/Users/takashi.ebina/git/repository2/stepCounter/work/input/result.csv
2023/05/15 14:11:04.393 [main] DEBUG  co.jp.stepCounter.infrastructure.log.Log4J2 ValidatorUtil:inputDirectoryCheck() チェック結果：入力ファイルパスがファイル
2023/05/15 14:11:04.396 [main] DEBUG  co.jp.stepCounter.infrastructure.log.Log4J2 ValidatorUtil:inputDirectoryCheck() 入力ディレクトリパスチェック ファイルパス：/Users/takashi.ebina/git/repository2/stepCounter/work/input
2023/05/15 14:11:04.396 [main] DEBUG  co.jp.stepCounter.infrastructure.log.Log4J2 ValidatorUtil:outputFileCheck() 出力ファイルパスチェック ファイルパス：/Users/takashi.ebina/git/repository2/stepCounter/work/output
2023/05/15 14:11:04.397 [main] DEBUG  co.jp.stepCounter.infrastructure.log.Log4J2 ValidatorUtil:outputFileCheck() チェック結果：出力ファイルパスがディレクトリ
2023/05/15 14:11:04.399 [main] DEBUG  co.jp.stepCounter.infrastructure.log.Log4J2 ValidatorUtil:inputDirectoryCheck() 入力ディレクトリパスチェック ファイルパス：/Users/takashi.ebina/git/repository2/stepCounter/work/input
2023/05/15 14:11:04.400 [main] DEBUG  co.jp.stepCounter.infrastructure.log.Log4J2 ValidatorUtil:outputFileCheck() 出力ファイルパスチェック ファイルパス：/Users/takashi.ebina/git/repository2/stepCounter/work/output/result.csv
2023/05/15 16:59:21.687 [AWT-EventQueue-0] DEBUG  co.jp.stepCounter.infrastructure.log.Log4J2 ValidatorUtil:inputDirectoryCheck() 入力ディレクトリパスチェック ファイルパス：/Users/takashi.ebina/git/repository2/stepCounter/src
2023/05/15 16:59:21.691 [AWT-EventQueue-0] DEBUG  co.jp.stepCounter.infrastructure.log.Log4J2 ValidatorUtil:outputFileCheck() 出力ファイルパスチェック ファイルパス：/Users/takashi.ebina/git/repository2/stepCounter/src
2023/05/15 16:59:21.691 [AWT-EventQueue-0] DEBUG  co.jp.stepCounter.infrastructure.log.Log4J2 ValidatorUtil:outputFileCheck() チェック結果：出力ファイルパスがディレクトリ
2023/05/15 17:02:11.245 [AWT-EventQueue-0] DEBUG  co.jp.stepCounter.infrastructure.log.Log4J2 ValidatorUtil:inputDirectoryCheck() 入力ディレクトリパスチェック ファイルパス：/Users/takashi.ebina/git/repository2/stepCounter/src
2023/05/15 17:02:11.269 [AWT-EventQueue-0] DEBUG  co.jp.stepCounter.infrastructure.log.Log4J2 ValidatorUtil:outputFileCheck() 出力ファイルパスチェック ファイルパス：/Users/takashi.ebina/git/repository2/stepCounter/work/output/result.csv
2023/05/15 17:02:11.271 [AWT-EventQueue-0] INFO   co.jp.stepCounter.infrastructure.log.Log4J2 StepCounterGuiMainService:execStepCount() -- ステップカウント処理 開始 ---------------------------------------
2023/05/15 17:02:11.300 [AWT-EventQueue-0] WARN   co.jp.stepCounter.infrastructure.log.Log4J2 StepCountExecutor:execStepCountInDirectory() ファイルの拡張子が未対応。ステップカウント処理をスキップ。 ファイル名：.DS_Store
2023/05/15 17:02:11.302 [AWT-EventQueue-0] WARN   co.jp.stepCounter.infrastructure.log.Log4J2 StepCountExecutor:execStepCountInDirectory() ファイルの拡張子が未対応。ステップカウント処理をスキップ。 ファイル名：.DS_Store
2023/05/15 17:02:11.309 [AWT-EventQueue-0] WARN   co.jp.stepCounter.infrastructure.log.Log4J2 StepCountExecutor:execStepCountInDirectory() ファイルの拡張子が未対応。ステップカウント処理をスキップ。 ファイル名：.DS_Store
2023/05/15 17:02:11.311 [AWT-EventQueue-0] WARN   co.jp.stepCounter.infrastructure.log.Log4J2 StepCountExecutor:execStepCountInDirectory() ファイルの拡張子が未対応。ステップカウント処理をスキップ。 ファイル名：.DS_Store
2023/05/15 17:02:11.312 [AWT-EventQueue-0] WARN   co.jp.stepCounter.infrastructure.log.Log4J2 StepCountExecutor:execStepCountInDirectory() ファイルの拡張子が未対応。ステップカウント処理をスキップ。 ファイル名：.DS_Store
2023/05/15 17:02:11.315 [AWT-EventQueue-0] WARN   co.jp.stepCounter.infrastructure.log.Log4J2 StepCountExecutor:execStepCountInDirectory() ファイルの拡張子が未対応。ステップカウント処理をスキップ。 ファイル名：.DS_Store
2023/05/15 17:02:11.336 [AWT-EventQueue-0] INFO   co.jp.stepCounter.infrastructure.log.Log4J2 StepCountExecutor:execStepCountInDirectory() ステップカウント処理開始。 ファイル名：TestEnumReverseLookup.java
2023/05/15 17:02:11.352 [AWT-EventQueue-0] INFO   co.jp.stepCounter.infrastructure.log.Log4J2 StepCountExecutor:execStepCountInDirectory() ステップカウント処理開始。 ファイル名：TestStepCounterConstant.java
2023/05/15 17:02:11.356 [AWT-EventQueue-0] INFO   co.jp.stepCounter.infrastructure.log.Log4J2 StepCountExecutor:execStepCountInDirectory() ステップカウント処理開始。 ファイル名：TestSystemConstant.java
2023/05/15 17:02:11.363 [AWT-EventQueue-0] INFO   co.jp.stepCounter.infrastructure.log.Log4J2 StepCountExecutor:execStepCountInDirectory() ステップカウント処理開始。 ファイル名：TestStepCounter.java
2023/05/15 17:02:11.369 [AWT-EventQueue-0] INFO   co.jp.stepCounter.infrastructure.log.Log4J2 StepCountExecutor:execStepCountInDirectory() ステップカウント処理開始。 ファイル名：TestStepCounterCuiService.java
2023/05/15 17:02:11.372 [AWT-EventQueue-0] INFO   co.jp.stepCounter.infrastructure.log.Log4J2 StepCountExecutor:execStepCountInDirectory() ステップカウント処理開始。 ファイル名：TestStepCounterGuiMainService.java
2023/05/15 17:02:11.377 [AWT-EventQueue-0] INFO   co.jp.stepCounter.infrastructure.log.Log4J2 StepCountExecutor:execStepCountInDirectory() ステップカウント処理開始。 ファイル名：TestCsvDaoUtil.java
2023/05/15 17:02:11.381 [AWT-EventQueue-0] INFO   co.jp.stepCounter.infrastructure.log.Log4J2 StepCountExecutor:execStepCountInDirectory() ステップカウント処理開始。 ファイル名：TestStepCountCsvDao.java
2023/05/15 17:02:11.385 [AWT-EventQueue-0] INFO   co.jp.stepCounter.infrastructure.log.Log4J2 StepCountExecutor:execStepCountInDirectory() ステップカウント処理開始。 ファイル名：TestLog4J2.java
2023/05/15 17:02:11.389 [AWT-EventQueue-0] INFO   co.jp.stepCounter.infrastructure.log.Log4J2 StepCountExecutor:execStepCountInDirectory() ステップカウント処理開始。 ファイル名：TestStepCountRepository.java
2023/05/15 17:02:11.393 [AWT-EventQueue-0] INFO   co.jp.stepCounter.infrastructure.log.Log4J2 StepCountExecutor:execStepCountInDirectory() ステップカウント処理開始。 ファイル名：TestStepCountData.java
2023/05/15 17:02:11.404 [AWT-EventQueue-0] INFO   co.jp.stepCounter.infrastructure.log.Log4J2 StepCountExecutor:execStepCountInDirectory() ステップカウント処理開始。 ファイル名：TestAllFilesStepCountData.java
2023/05/15 17:02:11.409 [AWT-EventQueue-0] INFO   co.jp.stepCounter.infrastructure.log.Log4J2 StepCountExecutor:execStepCountInDirectory() ステップカウント処理開始。 ファイル名：TestStepCountExecutor.java
2023/05/15 17:02:11.412 [AWT-EventQueue-0] INFO   co.jp.stepCounter.infrastructure.log.Log4J2 StepCountExecutor:execStepCountInDirectory() ステップカウント処理開始。 ファイル名：TestIfStepCount.java
2023/05/15 17:02:11.416 [AWT-EventQueue-0] INFO   co.jp.stepCounter.infrastructure.log.Log4J2 StepCountExecutor:execStepCountInDirectory() ステップカウント処理開始。 ファイル名：TestCsStepCount.java
2023/05/15 17:02:11.420 [AWT-EventQueue-0] INFO   co.jp.stepCounter.infrastructure.log.Log4J2 StepCountExecutor:execStepCountInDirectory() ステップカウント処理開始。 ファイル名：TestJavaStepCount.java
2023/05/15 17:02:11.430 [AWT-EventQueue-0] INFO   co.jp.stepCounter.infrastructure.log.Log4J2 StepCountExecutor:execStepCountInDirectory() ステップカウント処理開始。 ファイル名：TestStepCountFactory.java
2023/05/15 17:02:11.439 [AWT-EventQueue-0] INFO   co.jp.stepCounter.infrastructure.log.Log4J2 StepCountExecutor:execStepCountInDirectory() ステップカウント処理開始。 ファイル名：TestAbsStepCount.java
2023/05/15 17:02:11.442 [AWT-EventQueue-0] INFO   co.jp.stepCounter.infrastructure.log.Log4J2 StepCountExecutor:execStepCountInDirectory() ステップカウント処理開始。 ファイル名：TestAbsCommentPatternMatch.java
2023/05/15 17:02:11.446 [AWT-EventQueue-0] INFO   co.jp.stepCounter.infrastructure.log.Log4J2 StepCountExecutor:execStepCountInDirectory() ステップカウント処理開始。 ファイル名：TestCommentPatternMatchFactory.java
2023/05/15 17:02:11.457 [AWT-EventQueue-0] INFO   co.jp.stepCounter.infrastructure.log.Log4J2 StepCountExecutor:execStepCountInDirectory() ステップカウント処理開始。 ファイル名：TestIfCommentPatternMatch.java
2023/05/15 17:02:11.461 [AWT-EventQueue-0] INFO   co.jp.stepCounter.infrastructure.log.Log4J2 StepCountExecutor:execStepCountInDirectory() ステップカウント処理開始。 ファイル名：TestCsCommentPatternMatch.java
2023/05/15 17:02:11.464 [AWT-EventQueue-0] INFO   co.jp.stepCounter.infrastructure.log.Log4J2 StepCountExecutor:execStepCountInDirectory() ステップカウント処理開始。 ファイル名：TestJavaCommentPatternMatch.java
2023/05/15 17:02:11.479 [AWT-EventQueue-0] INFO   co.jp.stepCounter.infrastructure.log.Log4J2 StepCountExecutor:execStepCountInDirectory() ステップカウント処理開始。 ファイル名：TestValidatorUtil.java
2023/05/15 17:02:11.483 [AWT-EventQueue-0] INFO   co.jp.stepCounter.infrastructure.log.Log4J2 StepCountExecutor:execStepCountInDirectory() ステップカウント処理開始。 ファイル名：TestStepCounterGuiMainController.java
2023/05/15 17:02:11.487 [AWT-EventQueue-0] INFO   co.jp.stepCounter.infrastructure.log.Log4J2 StepCountExecutor:execStepCountInDirectory() ステップカウント処理開始。 ファイル名：TestStepCounterCuiController.java
2023/05/15 17:02:11.567 [AWT-EventQueue-0] INFO   co.jp.stepCounter.infrastructure.log.Log4J2 StepCountExecutor:execStepCountInDirectory() ステップカウント処理開始。 ファイル名：TestStepCounterCuiRequestDto.java
2023/05/15 17:02:11.570 [AWT-EventQueue-0] INFO   co.jp.stepCounter.infrastructure.log.Log4J2 StepCountExecutor:execStepCountInDirectory() ステップカウント処理開始。 ファイル名：TestStepCounterGuiMainView.java
2023/05/15 17:02:11.575 [AWT-EventQueue-0] INFO   co.jp.stepCounter.infrastructure.log.Log4J2 StepCountExecutor:execStepCountInDirectory() ステップカウント処理開始。 ファイル名：StandardInputStream.java
2023/05/15 17:02:11.580 [AWT-EventQueue-0] INFO   co.jp.stepCounter.infrastructure.log.Log4J2 StepCountExecutor:execStepCountInDirectory() ステップカウント処理開始。 ファイル名：StandardOutputStream.java
2023/05/15 17:02:11.586 [AWT-EventQueue-0] WARN   co.jp.stepCounter.infrastructure.log.Log4J2 StepCountExecutor:execStepCountInDirectory() ファイルの拡張子が未対応。ステップカウント処理をスキップ。 ファイル名：.DS_Store
2023/05/15 17:02:11.588 [AWT-EventQueue-0] WARN   co.jp.stepCounter.infrastructure.log.Log4J2 StepCountExecutor:execStepCountInDirectory() ファイルの拡張子が未対応。ステップカウント処理をスキップ。 ファイル名：.DS_Store
2023/05/15 17:02:11.591 [AWT-EventQueue-0] WARN   co.jp.stepCounter.infrastructure.log.Log4J2 StepCountExecutor:execStepCountInDirectory() ファイルの拡張子が未対応。ステップカウント処理をスキップ。 ファイル名：.DS_Store
2023/05/15 17:02:11.592 [AWT-EventQueue-0] WARN   co.jp.stepCounter.infrastructure.log.Log4J2 StepCountExecutor:execStepCountInDirectory() ファイルの拡張子が未対応。ステップカウント処理をスキップ。 ファイル名：icon_ebi.png
2023/05/15 17:02:11.593 [AWT-EventQueue-0] WARN   co.jp.stepCounter.infrastructure.log.Log4J2 StepCountExecutor:execStepCountInDirectory() ファイルの拡張子が未対応。ステップカウント処理をスキップ。 ファイル名：.DS_Store
2023/05/15 17:02:11.595 [AWT-EventQueue-0] WARN   co.jp.stepCounter.infrastructure.log.Log4J2 StepCountExecutor:execStepCountInDirectory() ファイルの拡張子が未対応。ステップカウント処理をスキップ。 ファイル名：.DS_Store
2023/05/15 17:02:11.597 [AWT-EventQueue-0] WARN   co.jp.stepCounter.infrastructure.log.Log4J2 StepCountExecutor:execStepCountInDirectory() ファイルの拡張子が未対応。ステップカウント処理をスキップ。 ファイル名：.DS_Store
2023/05/15 17:02:11.598 [AWT-EventQueue-0] WARN   co.jp.stepCounter.infrastructure.log.Log4J2 StepCountExecutor:execStepCountInDirectory() ファイルの拡張子が未対応。ステップカウント処理をスキップ。 ファイル名：.DS_Store
2023/05/15 17:02:11.599 [AWT-EventQueue-0] INFO   co.jp.stepCounter.infrastructure.log.Log4J2 StepCountExecutor:execStepCountInDirectory() ステップカウント処理開始。 ファイル名：EnumReverseLookup.java
2023/05/15 17:02:11.609 [AWT-EventQueue-0] INFO   co.jp.stepCounter.infrastructure.log.Log4J2 StepCountExecutor:execStepCountInDirectory() ステップカウント処理開始。 ファイル名：SystemConstant.java
2023/05/15 17:02:11.614 [AWT-EventQueue-0] INFO   co.jp.stepCounter.infrastructure.log.Log4J2 StepCountExecutor:execStepCountInDirectory() ステップカウント処理開始。 ファイル名：StepCounterConstant.java
2023/05/15 17:02:11.642 [AWT-EventQueue-0] INFO   co.jp.stepCounter.infrastructure.log.Log4J2 StepCountExecutor:execStepCountInDirectory() ステップカウント処理開始。 ファイル名：package-info.java
2023/05/15 17:02:11.647 [AWT-EventQueue-0] INFO   co.jp.stepCounter.infrastructure.log.Log4J2 StepCountExecutor:execStepCountInDirectory() ステップカウント処理開始。 ファイル名：StepCounterGuiMainService.java
2023/05/15 17:02:11.660 [AWT-EventQueue-0] INFO   co.jp.stepCounter.infrastructure.log.Log4J2 StepCountExecutor:execStepCountInDirectory() ステップカウント処理開始。 ファイル名：StepCounterCuiService.java
2023/05/15 17:02:11.672 [AWT-EventQueue-0] INFO   co.jp.stepCounter.infrastructure.log.Log4J2 StepCountExecutor:execStepCountInDirectory() ステップカウント処理開始。 ファイル名：package-info.java
2023/05/15 17:02:11.674 [AWT-EventQueue-0] INFO   co.jp.stepCounter.infrastructure.log.Log4J2 StepCountExecutor:execStepCountInDirectory() ステップカウント処理開始。 ファイル名：package-info.java
2023/05/15 17:02:11.676 [AWT-EventQueue-0] INFO   co.jp.stepCounter.infrastructure.log.Log4J2 StepCountExecutor:execStepCountInDirectory() ステップカウント処理開始。 ファイル名：StepCounter.java
2023/05/15 17:02:11.704 [AWT-EventQueue-0] INFO   co.jp.stepCounter.infrastructure.log.Log4J2 StepCountExecutor:execStepCountInDirectory() ステップカウント処理開始。 ファイル名：CsvDaoUtil.java
2023/05/15 17:02:11.712 [AWT-EventQueue-0] INFO   co.jp.stepCounter.infrastructure.log.Log4J2 StepCountExecutor:execStepCountInDirectory() ステップカウント処理開始。 ファイル名：StepCountCsvDao.java
2023/05/15 17:02:11.723 [AWT-EventQueue-0] INFO   co.jp.stepCounter.infrastructure.log.Log4J2 StepCountExecutor:execStepCountInDirectory() ステップカウント処理開始。 ファイル名：package-info.java
2023/05/15 17:02:11.726 [AWT-EventQueue-0] INFO   co.jp.stepCounter.infrastructure.log.Log4J2 StepCountExecutor:execStepCountInDirectory() ステップカウント処理開始。 ファイル名：Log4J2.java
2023/05/15 17:02:11.747 [AWT-EventQueue-0] INFO   co.jp.stepCounter.infrastructure.log.Log4J2 StepCountExecutor:execStepCountInDirectory() ステップカウント処理開始。 ファイル名：package-info.java
2023/05/15 17:02:11.749 [AWT-EventQueue-0] INFO   co.jp.stepCounter.infrastructure.log.Log4J2 StepCountExecutor:execStepCountInDirectory() ステップカウント処理開始。 ファイル名：package-info.java
2023/05/15 17:02:11.753 [AWT-EventQueue-0] INFO   co.jp.stepCounter.infrastructure.log.Log4J2 StepCountExecutor:execStepCountInDirectory() ステップカウント処理開始。 ファイル名：StepCountRepository.java
2023/05/15 17:02:11.757 [AWT-EventQueue-0] INFO   co.jp.stepCounter.infrastructure.log.Log4J2 StepCountExecutor:execStepCountInDirectory() ステップカウント処理開始。 ファイル名：package-info.java
2023/05/15 17:02:11.761 [AWT-EventQueue-0] WARN   co.jp.stepCounter.infrastructure.log.Log4J2 StepCountExecutor:execStepCountInDirectory() ファイルの拡張子が未対応。ステップカウント処理をスキップ。 ファイル名：.DS_Store
2023/05/15 17:02:11.762 [AWT-EventQueue-0] INFO   co.jp.stepCounter.infrastructure.log.Log4J2 StepCountExecutor:execStepCountInDirectory() ステップカウント処理開始。 ファイル名：StepCountData.java
2023/05/15 17:02:11.786 [AWT-EventQueue-0] INFO   co.jp.stepCounter.infrastructure.log.Log4J2 StepCountExecutor:execStepCountInDirectory() ステップカウント処理開始。 ファイル名：AllFilesStepCountData.java
2023/05/15 17:02:11.816 [AWT-EventQueue-0] INFO   co.jp.stepCounter.infrastructure.log.Log4J2 StepCountExecutor:execStepCountInDirectory() ステップカウント処理開始。 ファイル名：package-info.java
2023/05/15 17:02:11.819 [AWT-EventQueue-0] WARN   co.jp.stepCounter.infrastructure.log.Log4J2 StepCountExecutor:execStepCountInDirectory() ファイルの拡張子が未対応。ステップカウント処理をスキップ。 ファイル名：.DS_Store
2023/05/15 17:02:11.820 [AWT-EventQueue-0] INFO   co.jp.stepCounter.infrastructure.log.Log4J2 StepCountExecutor:execStepCountInDirectory() ステップカウント処理開始。 ファイル名：StepCountExecutor.java
2023/05/15 17:02:11.834 [AWT-EventQueue-0] INFO   co.jp.stepCounter.infrastructure.log.Log4J2 StepCountExecutor:execStepCountInDirectory() ステップカウント処理開始。 ファイル名：package-info.java
2023/05/15 17:02:11.838 [AWT-EventQueue-0] INFO   co.jp.stepCounter.infrastructure.log.Log4J2 StepCountExecutor:execStepCountInDirectory() ステップカウント処理開始。 ファイル名：AbsStepCount.java
2023/05/15 17:02:11.855 [AWT-EventQueue-0] INFO   co.jp.stepCounter.infrastructure.log.Log4J2 StepCountExecutor:execStepCountInDirectory() ステップカウント処理開始。 ファイル名：CsStepCount.java
2023/05/15 17:02:11.881 [AWT-EventQueue-0] INFO   co.jp.stepCounter.infrastructure.log.Log4J2 StepCountExecutor:execStepCountInDirectory() ステップカウント処理開始。 ファイル名：IfStepCount.java
2023/05/15 17:02:11.888 [AWT-EventQueue-0] INFO   co.jp.stepCounter.infrastructure.log.Log4J2 StepCountExecutor:execStepCountInDirectory() ステップカウント処理開始。 ファイル名：StepCountFactory.java
2023/05/15 17:02:11.904 [AWT-EventQueue-0] INFO   co.jp.stepCounter.infrastructure.log.Log4J2 StepCountExecutor:execStepCountInDirectory() ステップカウント処理開始。 ファイル名：JavaStepCount.java
2023/05/15 17:02:11.932 [AWT-EventQueue-0] INFO   co.jp.stepCounter.infrastructure.log.Log4J2 StepCountExecutor:execStepCountInDirectory() ステップカウント処理開始。 ファイル名：package-info.java
2023/05/15 17:02:11.936 [AWT-EventQueue-0] INFO   co.jp.stepCounter.infrastructure.log.Log4J2 StepCountExecutor:execStepCountInDirectory() ステップカウント処理開始。 ファイル名：CsCommentPatternMatch.java
2023/05/15 17:02:11.952 [AWT-EventQueue-0] INFO   co.jp.stepCounter.infrastructure.log.Log4J2 StepCountExecutor:execStepCountInDirectory() ステップカウント処理開始。 ファイル名：CommentPatternMatchFactory.java
2023/05/15 17:02:11.967 [AWT-EventQueue-0] INFO   co.jp.stepCounter.infrastructure.log.Log4J2 StepCountExecutor:execStepCountInDirectory() ステップカウント処理開始。 ファイル名：AbsCommentPatternMatch.java
2023/05/15 17:02:11.983 [AWT-EventQueue-0] INFO   co.jp.stepCounter.infrastructure.log.Log4J2 StepCountExecutor:execStepCountInDirectory() ステップカウント処理開始。 ファイル名：JavaCommentPatternMatch.java
2023/05/15 17:02:11.998 [AWT-EventQueue-0] INFO   co.jp.stepCounter.infrastructure.log.Log4J2 StepCountExecutor:execStepCountInDirectory() ステップカウント処理開始。 ファイル名：IfCommentPatternMatch.java
2023/05/15 17:02:12.008 [AWT-EventQueue-0] INFO   co.jp.stepCounter.infrastructure.log.Log4J2 StepCountExecutor:execStepCountInDirectory() ステップカウント処理開始。 ファイル名：package-info.java
2023/05/15 17:02:12.010 [AWT-EventQueue-0] INFO   co.jp.stepCounter.infrastructure.log.Log4J2 StepCountExecutor:execStepCountInDirectory() ステップカウント処理開始。 ファイル名：package-info.java
2023/05/15 17:02:12.013 [AWT-EventQueue-0] INFO   co.jp.stepCounter.infrastructure.log.Log4J2 StepCountExecutor:execStepCountInDirectory() ステップカウント処理開始。 ファイル名：package-info.java
2023/05/15 17:02:12.017 [AWT-EventQueue-0] INFO   co.jp.stepCounter.infrastructure.log.Log4J2 StepCountExecutor:execStepCountInDirectory() ステップカウント処理開始。 ファイル名：ValidatorUtil.java
2023/05/15 17:02:12.034 [AWT-EventQueue-0] INFO   co.jp.stepCounter.infrastructure.log.Log4J2 StepCountExecutor:execStepCountInDirectory() ステップカウント処理開始。 ファイル名：package-info.java
2023/05/15 17:02:12.039 [AWT-EventQueue-0] INFO   co.jp.stepCounter.infrastructure.log.Log4J2 StepCountExecutor:execStepCountInDirectory() ステップカウント処理開始。 ファイル名：StepCounterGuiRequestDto.java
2023/05/15 17:02:12.044 [AWT-EventQueue-0] INFO   co.jp.stepCounter.infrastructure.log.Log4J2 StepCountExecutor:execStepCountInDirectory() ステップカウント処理開始。 ファイル名：StepCounterGuiMainController.java
2023/05/15 17:02:12.053 [AWT-EventQueue-0] INFO   co.jp.stepCounter.infrastructure.log.Log4J2 StepCountExecutor:execStepCountInDirectory() ステップカウント処理開始。 ファイル名：package-info.java
2023/05/15 17:02:12.055 [AWT-EventQueue-0] INFO   co.jp.stepCounter.infrastructure.log.Log4J2 StepCountExecutor:execStepCountInDirectory() ステップカウント処理開始。 ファイル名：StepCounterCuiController.java
2023/05/15 17:02:12.083 [AWT-EventQueue-0] INFO   co.jp.stepCounter.infrastructure.log.Log4J2 StepCountExecutor:execStepCountInDirectory() ステップカウント処理開始。 ファイル名：StepCounterCuiRequestDto.java
2023/05/15 17:02:12.089 [AWT-EventQueue-0] INFO   co.jp.stepCounter.infrastructure.log.Log4J2 StepCountExecutor:execStepCountInDirectory() ステップカウント処理開始。 ファイル名：package-info.java
2023/05/15 17:02:12.091 [AWT-EventQueue-0] INFO   co.jp.stepCounter.infrastructure.log.Log4J2 StepCountExecutor:execStepCountInDirectory() ステップカウント処理開始。 ファイル名：package-info.java
2023/05/15 17:02:12.094 [AWT-EventQueue-0] INFO   co.jp.stepCounter.infrastructure.log.Log4J2 StepCountExecutor:execStepCountInDirectory() ステップカウント処理開始。 ファイル名：StepCounterGuiMainView.java
2023/05/15 17:02:12.154 [AWT-EventQueue-0] INFO   co.jp.stepCounter.infrastructure.log.Log4J2 StepCountExecutor:execStepCountInDirectory() ステップカウント処理開始。 ファイル名：package-info.java
2023/05/15 17:02:12.156 [AWT-EventQueue-0] INFO   co.jp.stepCounter.infrastructure.log.Log4J2 StepCountExecutor:execStepCountInDirectory() ステップカウント処理開始。 ファイル名：package-info.java
2023/05/15 17:02:12.159 [AWT-EventQueue-0] INFO   co.jp.stepCounter.infrastructure.log.Log4J2 StepCountExecutor:execStepCountInDirectory() ステップカウント処理開始。 ファイル名：package-info.java
2023/05/15 17:02:12.180 [AWT-EventQueue-0] INFO   co.jp.stepCounter.infrastructure.log.Log4J2 StepCountCsvDao:save() ステップカウント結果出力開始。 ファイルパス：/Users/takashi.ebina/git/repository2/stepCounter/src/main/java/co/jp/stepCounter/package-info.java
2023/05/15 17:02:12.181 [AWT-EventQueue-0] INFO   co.jp.stepCounter.infrastructure.log.Log4J2 StepCountCsvDao:save() ステップカウント結果出力開始。 ファイルパス：/Users/takashi.ebina/git/repository2/stepCounter/src/main/java/co/jp/stepCounter/constant/package-info.java
2023/05/15 17:02:12.182 [AWT-EventQueue-0] INFO   co.jp.stepCounter.infrastructure.log.Log4J2 StepCountCsvDao:save() ステップカウント結果出力開始。 ファイルパス：/Users/takashi.ebina/git/repository2/stepCounter/src/main/java/co/jp/stepCounter/application/service/package-info.java
2023/05/15 17:02:12.183 [AWT-EventQueue-0] INFO   co.jp.stepCounter.infrastructure.log.Log4J2 StepCountCsvDao:save() ステップカウント結果出力開始。 ファイルパス：/Users/takashi.ebina/git/repository2/stepCounter/src/main/java/co/jp/stepCounter/application/package-info.java
2023/05/15 17:02:12.184 [AWT-EventQueue-0] INFO   co.jp.stepCounter.infrastructure.log.Log4J2 StepCountCsvDao:save() ステップカウント結果出力開始。 ファイルパス：/Users/takashi.ebina/git/repository2/stepCounter/src/main/java/co/jp/stepCounter/infrastructure/csvdao/package-info.java
2023/05/15 17:02:12.185 [AWT-EventQueue-0] INFO   co.jp.stepCounter.infrastructure.log.Log4J2 StepCountCsvDao:save() ステップカウント結果出力開始。 ファイルパス：/Users/takashi.ebina/git/repository2/stepCounter/src/main/java/co/jp/stepCounter/infrastructure/log/package-info.java
2023/05/15 17:02:12.186 [AWT-EventQueue-0] INFO   co.jp.stepCounter.infrastructure.log.Log4J2 StepCountCsvDao:save() ステップカウント結果出力開始。 ファイルパス：/Users/takashi.ebina/git/repository2/stepCounter/src/main/java/co/jp/stepCounter/infrastructure/package-info.java
2023/05/15 17:02:12.186 [AWT-EventQueue-0] INFO   co.jp.stepCounter.infrastructure.log.Log4J2 StepCountCsvDao:save() ステップカウント結果出力開始。 ファイルパス：/Users/takashi.ebina/git/repository2/stepCounter/src/main/java/co/jp/stepCounter/domain/repository/package-info.java
2023/05/15 17:02:12.187 [AWT-EventQueue-0] INFO   co.jp.stepCounter.infrastructure.log.Log4J2 StepCountCsvDao:save() ステップカウント結果出力開始。 ファイルパス：/Users/takashi.ebina/git/repository2/stepCounter/src/main/java/co/jp/stepCounter/domain/value/package-info.java
2023/05/15 17:02:12.188 [AWT-EventQueue-0] INFO   co.jp.stepCounter.infrastructure.log.Log4J2 StepCountCsvDao:save() ステップカウント結果出力開始。 ファイルパス：/Users/takashi.ebina/git/repository2/stepCounter/src/main/java/co/jp/stepCounter/domain/model/stepCountExecutor/package-info.java
2023/05/15 17:02:12.189 [AWT-EventQueue-0] INFO   co.jp.stepCounter.infrastructure.log.Log4J2 StepCountCsvDao:save() ステップカウント結果出力開始。 ファイルパス：/Users/takashi.ebina/git/repository2/stepCounter/src/main/java/co/jp/stepCounter/domain/model/stepCountDetail/package-info.java
2023/05/15 17:02:12.190 [AWT-EventQueue-0] INFO   co.jp.stepCounter.infrastructure.log.Log4J2 StepCountCsvDao:save() ステップカウント結果出力開始。 ファイルパス：/Users/takashi.ebina/git/repository2/stepCounter/src/main/java/co/jp/stepCounter/domain/model/commentPatternMatch/package-info.java
2023/05/15 17:02:12.191 [AWT-EventQueue-0] INFO   co.jp.stepCounter.infrastructure.log.Log4J2 StepCountCsvDao:save() ステップカウント結果出力開始。 ファイルパス：/Users/takashi.ebina/git/repository2/stepCounter/src/main/java/co/jp/stepCounter/domain/model/package-info.java
2023/05/15 17:02:12.191 [AWT-EventQueue-0] INFO   co.jp.stepCounter.infrastructure.log.Log4J2 StepCountCsvDao:save() ステップカウント結果出力開始。 ファイルパス：/Users/takashi.ebina/git/repository2/stepCounter/src/main/java/co/jp/stepCounter/domain/package-info.java
2023/05/15 17:02:12.192 [AWT-EventQueue-0] INFO   co.jp.stepCounter.infrastructure.log.Log4J2 StepCountCsvDao:save() ステップカウント結果出力開始。 ファイルパス：/Users/takashi.ebina/git/repository2/stepCounter/src/main/java/co/jp/stepCounter/presentation/validator/package-info.java
2023/05/15 17:02:12.193 [AWT-EventQueue-0] INFO   co.jp.stepCounter.infrastructure.log.Log4J2 StepCountCsvDao:save() ステップカウント結果出力開始。 ファイルパス：/Users/takashi.ebina/git/repository2/stepCounter/src/main/java/co/jp/stepCounter/presentation/controller/gui/package-info.java
2023/05/15 17:02:12.194 [AWT-EventQueue-0] INFO   co.jp.stepCounter.infrastructure.log.Log4J2 StepCountCsvDao:save() ステップカウント結果出力開始。 ファイルパス：/Users/takashi.ebina/git/repository2/stepCounter/src/main/java/co/jp/stepCounter/presentation/controller/cui/package-info.java
2023/05/15 17:02:12.195 [AWT-EventQueue-0] INFO   co.jp.stepCounter.infrastructure.log.Log4J2 StepCountCsvDao:save() ステップカウント結果出力開始。 ファイルパス：/Users/takashi.ebina/git/repository2/stepCounter/src/main/java/co/jp/stepCounter/presentation/controller/package-info.java
2023/05/15 17:02:12.196 [AWT-EventQueue-0] INFO   co.jp.stepCounter.infrastructure.log.Log4J2 StepCountCsvDao:save() ステップカウント結果出力開始。 ファイルパス：/Users/takashi.ebina/git/repository2/stepCounter/src/main/java/co/jp/stepCounter/presentation/view/package-info.java
2023/05/15 17:02:12.197 [AWT-EventQueue-0] INFO   co.jp.stepCounter.infrastructure.log.Log4J2 StepCountCsvDao:save() ステップカウント結果出力開始。 ファイルパス：/Users/takashi.ebina/git/repository2/stepCounter/src/main/java/co/jp/stepCounter/presentation/package-info.java
2023/05/15 17:02:12.197 [AWT-EventQueue-0] INFO   co.jp.stepCounter.infrastructure.log.Log4J2 StepCountCsvDao:save() ステップカウント結果出力開始。 ファイルパス：/Users/takashi.ebina/git/repository2/stepCounter/src/test/java/co/jp/stepCounter/TestStepCounter.java
2023/05/15 17:02:12.198 [AWT-EventQueue-0] INFO   co.jp.stepCounter.infrastructure.log.Log4J2 StepCountCsvDao:save() ステップカウント結果出力開始。 ファイルパス：/Users/takashi.ebina/git/repository2/stepCounter/src/test/java/co/jp/stepCounter/application/service/TestStepCounterCuiService.java
2023/05/15 17:02:12.199 [AWT-EventQueue-0] INFO   co.jp.stepCounter.infrastructure.log.Log4J2 StepCountCsvDao:save() ステップカウント結果出力開始。 ファイルパス：/Users/takashi.ebina/git/repository2/stepCounter/src/test/java/co/jp/stepCounter/application/service/TestStepCounterGuiMainService.java
2023/05/15 17:02:12.200 [AWT-EventQueue-0] INFO   co.jp.stepCounter.infrastructure.log.Log4J2 StepCountCsvDao:save() ステップカウント結果出力開始。 ファイルパス：/Users/takashi.ebina/git/repository2/stepCounter/src/test/java/co/jp/stepCounter/infrastructure/csvdao/TestCsvDaoUtil.java
2023/05/15 17:02:12.201 [AWT-EventQueue-0] INFO   co.jp.stepCounter.infrastructure.log.Log4J2 StepCountCsvDao:save() ステップカウント結果出力開始。 ファイルパス：/Users/takashi.ebina/git/repository2/stepCounter/src/test/java/co/jp/stepCounter/infrastructure/csvdao/TestStepCountCsvDao.java
2023/05/15 17:02:12.201 [AWT-EventQueue-0] INFO   co.jp.stepCounter.infrastructure.log.Log4J2 StepCountCsvDao:save() ステップカウント結果出力開始。 ファイルパス：/Users/takashi.ebina/git/repository2/stepCounter/src/test/java/co/jp/stepCounter/domain/repository/TestStepCountRepository.java
2023/05/15 17:02:12.202 [AWT-EventQueue-0] INFO   co.jp.stepCounter.infrastructure.log.Log4J2 StepCountCsvDao:save() ステップカウント結果出力開始。 ファイルパス：/Users/takashi.ebina/git/repository2/stepCounter/src/test/java/co/jp/stepCounter/domain/model/stepCountExecutor/TestStepCountExecutor.java
2023/05/15 17:02:12.203 [AWT-EventQueue-0] INFO   co.jp.stepCounter.infrastructure.log.Log4J2 StepCountCsvDao:save() ステップカウント結果出力開始。 ファイルパス：/Users/takashi.ebina/git/repository2/stepCounter/src/test/java/co/jp/stepCounter/domain/model/commentPatternMatch/TestCsCommentPatternMatch.java
2023/05/15 17:02:12.204 [AWT-EventQueue-0] INFO   co.jp.stepCounter.infrastructure.log.Log4J2 StepCountCsvDao:save() ステップカウント結果出力開始。 ファイルパス：/Users/takashi.ebina/git/repository2/stepCounter/src/test/java/co/jp/stepCounter/presentation/controller/gui/TestStepCounterGuiMainController.java
2023/05/15 17:02:12.204 [AWT-EventQueue-0] INFO   co.jp.stepCounter.infrastructure.log.Log4J2 StepCountCsvDao:save() ステップカウント結果出力開始。 ファイルパス：/Users/takashi.ebina/git/repository2/stepCounter/src/test/java/co/jp/stepCounter/presentation/controller/cui/TestStepCounterCuiRequestDto.java
2023/05/15 17:02:12.205 [AWT-EventQueue-0] INFO   co.jp.stepCounter.infrastructure.log.Log4J2 StepCountCsvDao:save() ステップカウント結果出力開始。 ファイルパス：/Users/takashi.ebina/git/repository2/stepCounter/src/test/java/co/jp/stepCounter/constant/TestStepCounterConstant.java
2023/05/15 17:02:12.206 [AWT-EventQueue-0] INFO   co.jp.stepCounter.infrastructure.log.Log4J2 StepCountCsvDao:save() ステップカウント結果出力開始。 ファイルパス：/Users/takashi.ebina/git/repository2/stepCounter/src/test/java/co/jp/stepCounter/infrastructure/log/TestLog4J2.java
2023/05/15 17:02:12.207 [AWT-EventQueue-0] INFO   co.jp.stepCounter.infrastructure.log.Log4J2 StepCountCsvDao:save() ステップカウント結果出力開始。 ファイルパス：/Users/takashi.ebina/git/repository2/stepCounter/src/test/java/co/jp/stepCounter/domain/value/TestAllFilesStepCountData.java
2023/05/15 17:02:12.208 [AWT-EventQueue-0] INFO   co.jp.stepCounter.infrastructure.log.Log4J2 StepCountCsvDao:save() ステップカウント結果出力開始。 ファイルパス：/Users/takashi.ebina/git/repository2/stepCounter/src/test/java/co/jp/stepCounter/domain/model/stepCountDetail/TestIfStepCount.java
2023/05/15 17:02:12.209 [AWT-EventQueue-0] INFO   co.jp.stepCounter.infrastructure.log.Log4J2 StepCountCsvDao:save() ステップカウント結果出力開始。 ファイルパス：/Users/takashi.ebina/git/repository2/stepCounter/src/test/java/co/jp/stepCounter/domain/model/stepCountDetail/TestCsStepCount.java
2023/05/15 17:02:12.209 [AWT-EventQueue-0] INFO   co.jp.stepCounter.infrastructure.log.Log4J2 StepCountCsvDao:save() ステップカウント結果出力開始。 ファイルパス：/Users/takashi.ebina/git/repository2/stepCounter/src/test/java/co/jp/stepCounter/domain/model/stepCountDetail/TestAbsStepCount.java
2023/05/15 17:02:12.210 [AWT-EventQueue-0] INFO   co.jp.stepCounter.infrastructure.log.Log4J2 StepCountCsvDao:save() ステップカウント結果出力開始。 ファイルパス：/Users/takashi.ebina/git/repository2/stepCounter/src/test/java/co/jp/stepCounter/domain/model/commentPatternMatch/TestAbsCommentPatternMatch.java
2023/05/15 17:02:12.211 [AWT-EventQueue-0] INFO   co.jp.stepCounter.infrastructure.log.Log4J2 StepCountCsvDao:save() ステップカウント結果出力開始。 ファイルパス：/Users/takashi.ebina/git/repository2/stepCounter/src/test/java/co/jp/stepCounter/domain/model/commentPatternMatch/TestIfCommentPatternMatch.java
2023/05/15 17:02:12.212 [AWT-EventQueue-0] INFO   co.jp.stepCounter.infrastructure.log.Log4J2 StepCountCsvDao:save() ステップカウント結果出力開始。 ファイルパス：/Users/takashi.ebina/git/repository2/stepCounter/src/test/java/co/jp/stepCounter/presentation/validator/TestValidatorUtil.java
2023/05/15 17:02:12.212 [AWT-EventQueue-0] INFO   co.jp.stepCounter.infrastructure.log.Log4J2 StepCountCsvDao:save() ステップカウント結果出力開始。 ファイルパス：/Users/takashi.ebina/git/repository2/stepCounter/src/test/java/co/jp/stepCounter/presentation/view/TestStepCounterGuiMainView.java
2023/05/15 17:02:12.213 [AWT-EventQueue-0] INFO   co.jp.stepCounter.infrastructure.log.Log4J2 StepCountCsvDao:save() ステップカウント結果出力開始。 ファイルパス：/Users/takashi.ebina/git/repository2/stepCounter/src/test/java/co/jp/stepCounter/constant/TestEnumReverseLookup.java
2023/05/15 17:02:12.214 [AWT-EventQueue-0] INFO   co.jp.stepCounter.infrastructure.log.Log4J2 StepCountCsvDao:save() ステップカウント結果出力開始。 ファイルパス：/Users/takashi.ebina/git/repository2/stepCounter/src/test/java/co/jp/stepCounter/constant/TestSystemConstant.java
2023/05/15 17:02:12.215 [AWT-EventQueue-0] INFO   co.jp.stepCounter.infrastructure.log.Log4J2 StepCountCsvDao:save() ステップカウント結果出力開始。 ファイルパス：/Users/takashi.ebina/git/repository2/stepCounter/src/main/java/co/jp/stepCounter/domain/repository/StepCountRepository.java
2023/05/15 17:02:12.216 [AWT-EventQueue-0] INFO   co.jp.stepCounter.infrastructure.log.Log4J2 StepCountCsvDao:save() ステップカウント結果出力開始。 ファイルパス：/Users/takashi.ebina/git/repository2/stepCounter/src/test/java/co/jp/base/StandardInputStream.java
2023/05/15 17:02:12.216 [AWT-EventQueue-0] INFO   co.jp.stepCounter.infrastructure.log.Log4J2 StepCountCsvDao:save() ステップカウント結果出力開始。 ファイルパス：/Users/takashi.ebina/git/repository2/stepCounter/src/main/java/co/jp/stepCounter/presentation/controller/gui/StepCounterGuiRequestDto.java
2023/05/15 17:02:12.217 [AWT-EventQueue-0] INFO   co.jp.stepCounter.infrastructure.log.Log4J2 StepCountCsvDao:save() ステップカウント結果出力開始。 ファイルパス：/Users/takashi.ebina/git/repository2/stepCounter/src/main/java/co/jp/stepCounter/presentation/controller/cui/StepCounterCuiRequestDto.java
2023/05/15 17:02:12.218 [AWT-EventQueue-0] INFO   co.jp.stepCounter.infrastructure.log.Log4J2 StepCountCsvDao:save() ステップカウント結果出力開始。 ファイルパス：/Users/takashi.ebina/git/repository2/stepCounter/src/test/java/co/jp/base/StandardOutputStream.java
2023/05/15 17:02:12.219 [AWT-EventQueue-0] INFO   co.jp.stepCounter.infrastructure.log.Log4J2 StepCountCsvDao:save() ステップカウント結果出力開始。 ファイルパス：/Users/takashi.ebina/git/repository2/stepCounter/src/main/java/co/jp/stepCounter/constant/SystemConstant.java
2023/05/15 17:02:12.219 [AWT-EventQueue-0] INFO   co.jp.stepCounter.infrastructure.log.Log4J2 StepCountCsvDao:save() ステップカウント結果出力開始。 ファイルパス：/Users/takashi.ebina/git/repository2/stepCounter/src/main/java/co/jp/stepCounter/domain/model/stepCountDetail/IfStepCount.java
2023/05/15 17:02:12.220 [AWT-EventQueue-0] INFO   co.jp.stepCounter.infrastructure.log.Log4J2 StepCountCsvDao:save() ステップカウント結果出力開始。 ファイルパス：/Users/takashi.ebina/git/repository2/stepCounter/src/main/java/co/jp/stepCounter/infrastructure/csvdao/CsvDaoUtil.java
2023/05/15 17:02:12.221 [AWT-EventQueue-0] INFO   co.jp.stepCounter.infrastructure.log.Log4J2 StepCountCsvDao:save() ステップカウント結果出力開始。 ファイルパス：/Users/takashi.ebina/git/repository2/stepCounter/src/main/java/co/jp/stepCounter/presentation/controller/gui/StepCounterGuiMainController.java
2023/05/15 17:02:12.222 [AWT-EventQueue-0] INFO   co.jp.stepCounter.infrastructure.log.Log4J2 StepCountCsvDao:save() ステップカウント結果出力開始。 ファイルパス：/Users/takashi.ebina/git/repository2/stepCounter/src/test/java/co/jp/stepCounter/domain/model/commentPatternMatch/TestCommentPatternMatchFactory.java
2023/05/15 17:02:12.223 [AWT-EventQueue-0] INFO   co.jp.stepCounter.infrastructure.log.Log4J2 StepCountCsvDao:save() ステップカウント結果出力開始。 ファイルパス：/Users/takashi.ebina/git/repository2/stepCounter/src/main/java/co/jp/stepCounter/constant/EnumReverseLookup.java
2023/05/15 17:02:12.223 [AWT-EventQueue-0] INFO   co.jp.stepCounter.infrastructure.log.Log4J2 StepCountCsvDao:save() ステップカウント結果出力開始。 ファイルパス：/Users/takashi.ebina/git/repository2/stepCounter/src/test/java/co/jp/stepCounter/domain/model/stepCountDetail/TestStepCountFactory.java
2023/05/15 17:02:12.224 [AWT-EventQueue-0] INFO   co.jp.stepCounter.infrastructure.log.Log4J2 StepCountCsvDao:save() ステップカウント結果出力開始。 ファイルパス：/Users/takashi.ebina/git/repository2/stepCounter/src/test/java/co/jp/stepCounter/domain/model/stepCountDetail/TestJavaStepCount.java
2023/05/15 17:02:12.225 [AWT-EventQueue-0] INFO   co.jp.stepCounter.infrastructure.log.Log4J2 StepCountCsvDao:save() ステップカウント結果出力開始。 ファイルパス：/Users/takashi.ebina/git/repository2/stepCounter/src/test/java/co/jp/stepCounter/domain/value/TestStepCountData.java
2023/05/15 17:02:12.226 [AWT-EventQueue-0] INFO   co.jp.stepCounter.infrastructure.log.Log4J2 StepCountCsvDao:save() ステップカウント結果出力開始。 ファイルパス：/Users/takashi.ebina/git/repository2/stepCounter/src/main/java/co/jp/stepCounter/infrastructure/csvdao/StepCountCsvDao.java
2023/05/15 17:02:12.227 [AWT-EventQueue-0] INFO   co.jp.stepCounter.infrastructure.log.Log4J2 StepCountCsvDao:save() ステップカウント結果出力開始。 ファイルパス：/Users/takashi.ebina/git/repository2/stepCounter/src/main/java/co/jp/stepCounter/domain/model/commentPatternMatch/IfCommentPatternMatch.java
2023/05/15 17:02:12.227 [AWT-EventQueue-0] INFO   co.jp.stepCounter.infrastructure.log.Log4J2 StepCountCsvDao:save() ステップカウント結果出力開始。 ファイルパス：/Users/takashi.ebina/git/repository2/stepCounter/src/main/java/co/jp/stepCounter/application/service/StepCounterGuiMainService.java
2023/05/15 17:02:12.228 [AWT-EventQueue-0] INFO   co.jp.stepCounter.infrastructure.log.Log4J2 StepCountCsvDao:save() ステップカウント結果出力開始。 ファイルパス：/Users/takashi.ebina/git/repository2/stepCounter/src/main/java/co/jp/stepCounter/application/service/StepCounterCuiService.java
2023/05/15 17:02:12.229 [AWT-EventQueue-0] INFO   co.jp.stepCounter.infrastructure.log.Log4J2 StepCountCsvDao:save() ステップカウント結果出力開始。 ファイルパス：/Users/takashi.ebina/git/repository2/stepCounter/src/test/java/co/jp/stepCounter/domain/model/commentPatternMatch/TestJavaCommentPatternMatch.java
2023/05/15 17:02:12.230 [AWT-EventQueue-0] INFO   co.jp.stepCounter.infrastructure.log.Log4J2 StepCountCsvDao:save() ステップカウント結果出力開始。 ファイルパス：/Users/takashi.ebina/git/repository2/stepCounter/src/main/java/co/jp/stepCounter/domain/model/stepCountExecutor/StepCountExecutor.java
2023/05/15 17:02:12.231 [AWT-EventQueue-0] INFO   co.jp.stepCounter.infrastructure.log.Log4J2 StepCountCsvDao:save() ステップカウント結果出力開始。 ファイルパス：/Users/takashi.ebina/git/repository2/stepCounter/src/main/java/co/jp/stepCounter/domain/model/commentPatternMatch/CommentPatternMatchFactory.java
2023/05/15 17:02:12.232 [AWT-EventQueue-0] INFO   co.jp.stepCounter.infrastructure.log.Log4J2 StepCountCsvDao:save() ステップカウント結果出力開始。 ファイルパス：/Users/takashi.ebina/git/repository2/stepCounter/src/main/java/co/jp/stepCounter/domain/model/commentPatternMatch/CsCommentPatternMatch.java
2023/05/15 17:02:12.232 [AWT-EventQueue-0] INFO   co.jp.stepCounter.infrastructure.log.Log4J2 StepCountCsvDao:save() ステップカウント結果出力開始。 ファイルパス：/Users/takashi.ebina/git/repository2/stepCounter/src/main/java/co/jp/stepCounter/domain/model/commentPatternMatch/JavaCommentPatternMatch.java
2023/05/15 17:02:12.233 [AWT-EventQueue-0] INFO   co.jp.stepCounter.infrastructure.log.Log4J2 StepCountCsvDao:save() ステップカウント結果出力開始。 ファイルパス：/Users/takashi.ebina/git/repository2/stepCounter/src/main/java/co/jp/stepCounter/domain/model/stepCountDetail/StepCountFactory.java
2023/05/15 17:02:12.234 [AWT-EventQueue-0] INFO   co.jp.stepCounter.infrastructure.log.Log4J2 StepCountCsvDao:save() ステップカウント結果出力開始。 ファイルパス：/Users/takashi.ebina/git/repository2/stepCounter/src/main/java/co/jp/stepCounter/domain/model/commentPatternMatch/AbsCommentPatternMatch.java
2023/05/15 17:02:12.235 [AWT-EventQueue-0] INFO   co.jp.stepCounter.infrastructure.log.Log4J2 StepCountCsvDao:save() ステップカウント結果出力開始。 ファイルパス：/Users/takashi.ebina/git/repository2/stepCounter/src/main/java/co/jp/stepCounter/presentation/validator/ValidatorUtil.java
2023/05/15 17:02:12.236 [AWT-EventQueue-0] INFO   co.jp.stepCounter.infrastructure.log.Log4J2 StepCountCsvDao:save() ステップカウント結果出力開始。 ファイルパス：/Users/takashi.ebina/git/repository2/stepCounter/src/main/java/co/jp/stepCounter/domain/model/stepCountDetail/AbsStepCount.java
2023/05/15 17:02:12.237 [AWT-EventQueue-0] INFO   co.jp.stepCounter.infrastructure.log.Log4J2 StepCountCsvDao:save() ステップカウント結果出力開始。 ファイルパス：/Users/takashi.ebina/git/repository2/stepCounter/src/main/java/co/jp/stepCounter/infrastructure/log/Log4J2.java
2023/05/15 17:02:12.237 [AWT-EventQueue-0] INFO   co.jp.stepCounter.infrastructure.log.Log4J2 StepCountCsvDao:save() ステップカウント結果出力開始。 ファイルパス：/Users/takashi.ebina/git/repository2/stepCounter/src/main/java/co/jp/stepCounter/domain/value/StepCountData.java
2023/05/15 17:02:12.238 [AWT-EventQueue-0] INFO   co.jp.stepCounter.infrastructure.log.Log4J2 StepCountCsvDao:save() ステップカウント結果出力開始。 ファイルパス：/Users/takashi.ebina/git/repository2/stepCounter/src/main/java/co/jp/stepCounter/StepCounter.java
2023/05/15 17:02:12.239 [AWT-EventQueue-0] INFO   co.jp.stepCounter.infrastructure.log.Log4J2 StepCountCsvDao:save() ステップカウント結果出力開始。 ファイルパス：/Users/takashi.ebina/git/repository2/stepCounter/src/main/java/co/jp/stepCounter/domain/model/stepCountDetail/CsStepCount.java
