2023/05/15 17:02:12.241 [AWT-EventQueue-0] INFO   co.jp.stepCounter.infrastructure.log.Log4J2 StepCountCsvDao:save() ステップカウント結果出力開始。 ファイルパス：/Users/takashi.ebina/git/repository2/stepCounter/src/main/java/co/jp/stepCounter/domain/model/stepCountDetail/JavaStepCount.java
2023/05/15 17:02:12.265 [AWT-EventQueue-0] INFO   co.jp.stepCounter.infrastructure.log.Log4J2 StepCountCsvDao:save() ステップカウント結果出力開始。 ファイルパス：/Users/takashi.ebina/git/repository2/stepCounter/src/main/java/co/jp/stepCounter/presentation/controller/cui/StepCounterCuiController.java
2023/05/15 17:02:12.266 [AWT-EventQueue-0] INFO   co.jp.stepCounter.infrastructure.log.Log4J2 StepCountCsvDao:save() ステップカウント結果出力開始。 ファイルパス：/Users/takashi.ebina/git/repository2/stepCounter/src/main/java/co/jp/stepCounter/constant/StepCounterConstant.java
2023/05/15 17:02:12.268 [AWT-EventQueue-0] INFO   co.jp.stepCounter.infrastructure.log.Log4J2 StepCountCsvDao:save() ステップカウント結果出力開始。 ファイルパス：/Users/takashi.ebina/git/repository2/stepCounter/src/main/java/co/jp/stepCounter/domain/value/AllFilesStepCountData.java
2023/05/15 17:02:12.269 [AWT-EventQueue-0] INFO   co.jp.stepCounter.infrastructure.log.Log4J2 StepCountCsvDao:save() ステップカウント結果出力開始。 ファイルパス：/Users/takashi.ebina/git/repository2/stepCounter/src/main/java/co/jp/stepCounter/presentation/view/StepCounterGuiMainView.java
2023/05/15 17:02:12.270 [AWT-EventQueue-0] INFO   co.jp.stepCounter.infrastructure.log.Log4J2 StepCountCsvDao:save() ステップカウント結果出力開始。 ファイルパス：/Users/takashi.ebina/git/repository2/stepCounter/src/test/java/co/jp/stepCounter/presentation/controller/cui/TestStepCounterCuiController.java
2023/05/15 17:02:12.273 [AWT-EventQueue-0] INFO   co.jp.stepCounter.infrastructure.log.Log4J2 StepCounterGuiMainService:execStepCount() -- ステップカウント処理 終了 ---------------------------------------
2023/05/15 17:43:34.334 [AWT-EventQueue-0] DEBUG  co.jp.stepCounter.infrastructure.log.Log4J2 ValidatorUtil:inputDirectoryCheck() 入力ディレクトリパスチェック ファイルパス：/Users/takashi.ebina/git/repository2/stepCounter/input
2023/05/15 17:43:34.337 [AWT-EventQueue-0] DEBUG  co.jp.stepCounter.infrastructure.log.Log4J2 ValidatorUtil:inputDirectoryCheck() チェック結果：入力ファイルパスがファイル
2023/05/15 17:43:43.590 [AWT-EventQueue-0] DEBUG  co.jp.stepCounter.infrastructure.log.Log4J2 ValidatorUtil:inputDirectoryCheck() 入力ディレクトリパスチェック ファイルパス：/Users/takashi.ebina/git/repository2/stepCounter/input/
2023/05/15 17:43:43.591 [AWT-EventQueue-0] DEBUG  co.jp.stepCounter.infrastructure.log.Log4J2 ValidatorUtil:inputDirectoryCheck() チェック結果：入力ファイルパスがファイル
2023/05/15 17:44:21.962 [AWT-EventQueue-0] DEBUG  co.jp.stepCounter.infrastructure.log.Log4J2 ValidatorUtil:inputDirectoryCheck() 入力ディレクトリパスチェック ファイルパス：/Users/takashi.ebina/git/repository2/stepCounter/work/input
2023/05/15 17:44:21.969 [AWT-EventQueue-0] DEBUG  co.jp.stepCounter.infrastructure.log.Log4J2 ValidatorUtil:outputFileCheck() 出力ファイルパスチェック ファイルパス：/Users/takashi.ebina/git/repository2/stepCounter/work/output/result.csv
2023/05/15 17:44:21.969 [AWT-EventQueue-0] INFO   co.jp.stepCounter.infrastructure.log.Log4J2 StepCounterGuiMainService:execStepCount() -- ステップカウント処理 開始 ---------------------------------------
2023/05/15 17:44:21.977 [AWT-EventQueue-0] WARN   co.jp.stepCounter.infrastructure.log.Log4J2 StepCountExecutor:execStepCountInDirectory() ファイルの拡張子が未対応。ステップカウント処理をスキップ。 ファイル名：.DS_Store
2023/05/15 17:44:21.982 [AWT-EventQueue-0] INFO   co.jp.stepCounter.infrastructure.log.Log4J2 StepCountExecutor:execStepCountInDirectory() ステップカウント処理開始。 ファイル名：Mario.java
2023/05/15 17:44:21.989 [AWT-EventQueue-0] INFO   co.jp.stepCounter.infrastructure.log.Log4J2 StepCountExecutor:execStepCountInDirectory() ステップカウント処理開始。 ファイル名：Luigi.java
2023/05/15 17:44:21.990 [AWT-EventQueue-0] INFO   co.jp.stepCounter.infrastructure.log.Log4J2 StepCountExecutor:execStepCountInDirectory() ステップカウント処理開始。 ファイル名：Character.java
2023/05/15 17:44:21.994 [AWT-EventQueue-0] INFO   co.jp.stepCounter.infrastructure.log.Log4J2 StepCountExecutor:execStepCountInDirectory() ステップカウント処理開始。 ファイル名：HammerBros.java
2023/05/15 17:44:21.995 [AWT-EventQueue-0] INFO   co.jp.stepCounter.infrastructure.log.Log4J2 StepCountExecutor:execStepCountInDirectory() ステップカウント処理開始。 ファイル名：CharacterIf.java
2023/05/15 17:44:21.997 [AWT-EventQueue-0] INFO   co.jp.stepCounter.infrastructure.log.Log4J2 StepCountExecutor:execStepCountInDirectory() ステップカウント処理開始。 ファイル名：Main.java
2023/05/15 17:44:22.000 [AWT-EventQueue-0] INFO   co.jp.stepCounter.infrastructure.log.Log4J2 StepCountExecutor:execStepCountInDirectory() ステップカウント処理開始。 ファイル名：Constant.java
2023/05/15 17:44:22.005 [AWT-EventQueue-0] INFO   co.jp.stepCounter.infrastructure.log.Log4J2 StepCountCsvDao:save() ステップカウント結果出力開始。 ファイルパス：/Users/takashi.ebina/git/repository2/stepCounter/work/input/character/Character.java
2023/05/15 17:44:22.005 [AWT-EventQueue-0] INFO   co.jp.stepCounter.infrastructure.log.Log4J2 StepCountCsvDao:save() ステップカウント結果出力開始。 ファイルパス：/Users/takashi.ebina/git/repository2/stepCounter/work/input/character/CharacterIf.java
2023/05/15 17:44:22.005 [AWT-EventQueue-0] INFO   co.jp.stepCounter.infrastructure.log.Log4J2 StepCountCsvDao:save() ステップカウント結果出力開始。 ファイルパス：/Users/takashi.ebina/git/repository2/stepCounter/work/input/constant/Constant.java
2023/05/15 17:44:22.005 [AWT-EventQueue-0] INFO   co.jp.stepCounter.infrastructure.log.Log4J2 StepCountCsvDao:save() ステップカウント結果出力開始。 ファイルパス：/Users/takashi.ebina/git/repository2/stepCounter/work/input/character/HammerBros.java
2023/05/15 17:44:22.006 [AWT-EventQueue-0] INFO   co.jp.stepCounter.infrastructure.log.Log4J2 StepCountCsvDao:save() ステップカウント結果出力開始。 ファイルパス：/Users/takashi.ebina/git/repository2/stepCounter/work/input/character/Luigi.java
2023/05/15 17:44:22.006 [AWT-EventQueue-0] INFO   co.jp.stepCounter.infrastructure.log.Log4J2 StepCountCsvDao:save() ステップカウント結果出力開始。 ファイルパス：/Users/takashi.ebina/git/repository2/stepCounter/work/input/logic/Main.java
2023/05/15 17:44:22.006 [AWT-EventQueue-0] INFO   co.jp.stepCounter.infrastructure.log.Log4J2 StepCountCsvDao:save() ステップカウント結果出力開始。 ファイルパス：/Users/takashi.ebina/git/repository2/stepCounter/work/input/character/Mario.java
2023/05/15 17:44:22.006 [AWT-EventQueue-0] INFO   co.jp.stepCounter.infrastructure.log.Log4J2 StepCounterGuiMainService:execStepCount() -- ステップカウント処理 終了 ---------------------------------------
