2023/10/02 23:02:22.814 [AWT-EventQueue-0] DEBUG  Log4J2 StepCounterGuiMainView#<init>() GUI-mode start ....
2023/10/02 23:02:22.816 [AWT-EventQueue-0] DEBUG  Log4J2 StepCounterGuiMainView#<init>() current LookAndFeel:[Aqua Look and Feel for Mac OS X - com.apple.laf.AquaLookAndFeel]
2023/10/02 23:02:35.047 [AWT-EventQueue-0] INFO   Log4J2 StepCounterGuiMainController#stepCountGuiMode() [START]StepCounterGuiRequestDto=StepCounterGuiRequestDto(stepCountSortType=NO_SORT, stepCountSortTarget=FILEPATH, inputDirectoryPath=/Users/takashi.ebina/git/repository2/stepCounter, outputFilePath=/Users/takashi.ebina/test.csv)
2023/10/02 23:02:35.051 [AWT-EventQueue-0] INFO   Log4J2 StepCounterGuiMainServiceImpl#execStepCount() [START]inputDirectory=/Users/takashi.ebina/git/repository2/stepCounter, outputFile=/Users/takashi.ebina/test.csv, SortType=0, SortTarget=0
2023/10/02 23:02:35.061 [AWT-EventQueue-0] WARN   Log4J2 StepCountExecutor#execStepCountInDirectory() StepCount skip. [fileName]:.DS_Store
2023/10/02 23:02:35.062 [AWT-EventQueue-0] WARN   Log4J2 StepCountExecutor#execStepCountInDirectory() StepCount skip. [fileName]:.DS_Store
2023/10/02 23:02:35.063 [AWT-EventQueue-0] WARN   Log4J2 StepCountExecutor#execStepCountInDirectory() StepCount skip. [fileName]:.DS_Store
2023/10/02 23:02:35.063 [AWT-EventQueue-0] WARN   Log4J2 StepCountExecutor#execStepCountInDirectory() StepCount skip. [fileName]:.DS_Store
2023/10/02 23:02:35.064 [AWT-EventQueue-0] WARN   Log4J2 StepCountExecutor#execStepCountInDirectory() StepCount skip. [fileName]:.DS_Store
2023/10/02 23:02:35.064 [AWT-EventQueue-0] WARN   Log4J2 StepCountExecutor#execStepCountInDirectory() StepCount skip. [fileName]:TestStepCounterConstant.class
2023/10/02 23:02:35.064 [AWT-EventQueue-0] WARN   Log4J2 StepCountExecutor#execStepCountInDirectory() StepCount skip. [fileName]:TestEnumReverseLookup.class
2023/10/02 23:02:35.065 [AWT-EventQueue-0] WARN   Log4J2 StepCountExecutor#execStepCountInDirectory() StepCount skip. [fileName]:TestSystemConstant.class
2023/10/02 23:02:35.065 [AWT-EventQueue-0] WARN   Log4J2 StepCountExecutor#execStepCountInDirectory() StepCount skip. [fileName]:TestStepCounterCuiService.class
2023/10/02 23:02:35.065 [AWT-EventQueue-0] WARN   Log4J2 StepCountExecutor#execStepCountInDirectory() StepCount skip. [fileName]:TestStepCounterGuiMainService.class
2023/10/02 23:02:35.066 [AWT-EventQueue-0] WARN   Log4J2 StepCountExecutor#execStepCountInDirectory() StepCount skip. [fileName]:TestStepCountCsvDao.class
2023/10/02 23:02:35.067 [AWT-EventQueue-0] WARN   Log4J2 StepCountExecutor#execStepCountInDirectory() StepCount skip. [fileName]:TestCsvDaoUtil.class
2023/10/02 23:02:35.067 [AWT-EventQueue-0] WARN   Log4J2 StepCountExecutor#execStepCountInDirectory() StepCount skip. [fileName]:TestLog4J2.class
2023/10/02 23:02:35.067 [AWT-EventQueue-0] WARN   Log4J2 StepCountExecutor#execStepCountInDirectory() StepCount skip. [fileName]:TestStepCountRepository.class
2023/10/02 23:02:35.068 [AWT-EventQueue-0] WARN   Log4J2 StepCountExecutor#execStepCountInDirectory() StepCount skip. [fileName]:TestAllFilesStepCountData.class
2023/10/02 23:02:35.068 [AWT-EventQueue-0] WARN   Log4J2 StepCountExecutor#execStepCountInDirectory() StepCount skip. [fileName]:TestStepCountData$ToString.class
2023/10/02 23:02:35.068 [AWT-EventQueue-0] WARN   Log4J2 StepCountExecutor#execStepCountInDirectory() StepCount skip. [fileName]:TestStepCountData.class
2023/10/02 23:02:35.068 [AWT-EventQueue-0] WARN   Log4J2 StepCountExecutor#execStepCountInDirectory() StepCount skip. [fileName]:TestStepCountData$OutputDataCommaDelimited.class
2023/10/02 23:02:35.069 [AWT-EventQueue-0] WARN   Log4J2 StepCountExecutor#execStepCountInDirectory() StepCount skip. [fileName]:TestStepCountExecutor.class
2023/10/02 23:02:35.069 [AWT-EventQueue-0] WARN   Log4J2 StepCountExecutor#execStepCountInDirectory() StepCount skip. [fileName]:TestCsStepCount.class
2023/10/02 23:02:35.069 [AWT-EventQueue-0] WARN   Log4J2 StepCountExecutor#execStepCountInDirectory() StepCount skip. [fileName]:TestIfStepCount.class
2023/10/02 23:02:35.070 [AWT-EventQueue-0] WARN   Log4J2 StepCountExecutor#execStepCountInDirectory() StepCount skip. [fileName]:TestStepCountFactory$Create.class
2023/10/02 23:02:35.070 [AWT-EventQueue-0] WARN   Log4J2 StepCountExecutor#execStepCountInDirectory() StepCount skip. [fileName]:TestAbsStepCount.class
2023/10/02 23:02:35.070 [AWT-EventQueue-0] WARN   Log4J2 StepCountExecutor#execStepCountInDirectory() StepCount skip. [fileName]:TestStepCountFactory.class
2023/10/02 23:02:35.070 [AWT-EventQueue-0] WARN   Log4J2 StepCountExecutor#execStepCountInDirectory() StepCount skip. [fileName]:TestAbsCommentPatternMatch.class
2023/10/02 23:02:35.071 [AWT-EventQueue-0] WARN   Log4J2 StepCountExecutor#execStepCountInDirectory() StepCount skip. [fileName]:TestCsCommentPatternMatch.class
2023/10/02 23:02:35.071 [AWT-EventQueue-0] WARN   Log4J2 StepCountExecutor#execStepCountInDirectory() StepCount skip. [fileName]:TestIfCommentPatternMatch.class
2023/10/02 23:02:35.071 [AWT-EventQueue-0] WARN   Log4J2 StepCountExecutor#execStepCountInDirectory() StepCount skip. [fileName]:TestCommentPatternMatchFactory.class
2023/10/02 23:02:35.071 [AWT-EventQueue-0] WARN   Log4J2 StepCountExecutor#execStepCountInDirectory() StepCount skip. [fileName]:TestCommentPatternMatchFactory$Create.class
2023/10/02 23:02:35.071 [AWT-EventQueue-0] WARN   Log4J2 StepCountExecutor#execStepCountInDirectory() StepCount skip. [fileName]:TestJavaCommentPatternMatch$isSingleCommentPattern.class
2023/10/02 23:02:35.072 [AWT-EventQueue-0] WARN   Log4J2 StepCountExecutor#execStepCountInDirectory() StepCount skip. [fileName]:TestJavaCommentPatternMatch.class
2023/10/02 23:02:35.072 [AWT-EventQueue-0] WARN   Log4J2 StepCountExecutor#execStepCountInDirectory() StepCount skip. [fileName]:TestValidatorUtil.class
2023/10/02 23:02:35.073 [AWT-EventQueue-0] WARN   Log4J2 StepCountExecutor#execStepCountInDirectory() StepCount skip. [fileName]:TestStepCounterGuiMainController.class
2023/10/02 23:02:35.073 [AWT-EventQueue-0] WARN   Log4J2 StepCountExecutor#execStepCountInDirectory() StepCount skip. [fileName]:TestStepCounterCuiController$printHelp.class
2023/10/02 23:02:35.073 [AWT-EventQueue-0] WARN   Log4J2 StepCountExecutor#execStepCountInDirectory() StepCount skip. [fileName]:TestStepCounterCuiController$stepCountInteractiveMode.class
2023/10/02 23:02:35.074 [AWT-EventQueue-0] WARN   Log4J2 StepCountExecutor#execStepCountInDirectory() StepCount skip. [fileName]:TestStepCounterCuiRequestDto.class
2023/10/02 23:02:35.074 [AWT-EventQueue-0] WARN   Log4J2 StepCountExecutor#execStepCountInDirectory() StepCount skip. [fileName]:TestStepCounterCuiController$stepCountScriptMode.class
2023/10/02 23:02:35.074 [AWT-EventQueue-0] WARN   Log4J2 StepCountExecutor#execStepCountInDirectory() StepCount skip. [fileName]:TestStepCounterCuiController.class
2023/10/02 23:02:35.075 [AWT-EventQueue-0] WARN   Log4J2 StepCountExecutor#execStepCountInDirectory() StepCount skip. [fileName]:TestStepCounterGuiMainView.class
2023/10/02 23:02:35.076 [AWT-EventQueue-0] WARN   Log4J2 StepCountExecutor#execStepCountInDirectory() StepCount skip. [fileName]:TestStepCounter.class
2023/10/02 23:02:35.076 [AWT-EventQueue-0] WARN   Log4J2 StepCountExecutor#execStepCountInDirectory() StepCount skip. [fileName]:TestStepCounterUtil.class
2023/10/02 23:02:35.076 [AWT-EventQueue-0] WARN   Log4J2 StepCountExecutor#execStepCountInDirectory() StepCount skip. [fileName]:StandardInputStream.class
2023/10/02 23:02:35.077 [AWT-EventQueue-0] WARN   Log4J2 StepCountExecutor#execStepCountInDirectory() StepCount skip. [fileName]:TestStepCounterConstant.class
2023/10/02 23:02:35.077 [AWT-EventQueue-0] WARN   Log4J2 StepCountExecutor#execStepCountInDirectory() StepCount skip. [fileName]:TestStepCounterConstant$TestCaseInOutDiv.class
2023/10/02 23:02:35.077 [AWT-EventQueue-0] WARN   Log4J2 StepCountExecutor#execStepCountInDirectory() StepCount skip. [fileName]:StandardOutputStream.class
2023/10/02 23:02:35.078 [AWT-EventQueue-0] WARN   Log4J2 StepCountExecutor#execStepCountInDirectory() StepCount skip. [fileName]:logback.xml
2023/10/02 23:02:35.078 [AWT-EventQueue-0] WARN   Log4J2 StepCountExecutor#execStepCountInDirectory() StepCount skip. [fileName]:log4j2.xml
2023/10/02 23:02:35.078 [AWT-EventQueue-0] WARN   Log4J2 StepCountExecutor#execStepCountInDirectory() StepCount skip. [fileName]:JDBC.properties
2023/10/02 23:02:35.079 [AWT-EventQueue-0] WARN   Log4J2 StepCountExecutor#execStepCountInDirectory() StepCount skip. [fileName]:.DS_Store
2023/10/02 23:02:35.079 [AWT-EventQueue-0] WARN   Log4J2 StepCountExecutor#execStepCountInDirectory() StepCount skip. [fileName]:.DS_Store
2023/10/02 23:02:35.080 [AWT-EventQueue-0] WARN   Log4J2 StepCountExecutor#execStepCountInDirectory() StepCount skip. [fileName]:.DS_Store
2023/10/02 23:02:35.080 [AWT-EventQueue-0] WARN   Log4J2 StepCountExecutor#execStepCountInDirectory() StepCount skip. [fileName]:StepCounter.class
2023/10/02 23:02:35.080 [AWT-EventQueue-0] WARN   Log4J2 StepCountExecutor#execStepCountInDirectory() StepCount skip. [fileName]:.DS_Store
2023/10/02 23:02:35.081 [AWT-EventQueue-0] WARN   Log4J2 StepCountExecutor#execStepCountInDirectory() StepCount skip. [fileName]:package-info.class
2023/10/02 23:02:35.081 [AWT-EventQueue-0] WARN   Log4J2 StepCountExecutor#execStepCountInDirectory() StepCount skip. [fileName]:StepCounterConstant$SortTarget.class
2023/10/02 23:02:35.081 [AWT-EventQueue-0] WARN   Log4J2 StepCountExecutor#execStepCountInDirectory() StepCount skip. [fileName]:EnumReverseLookup.class
2023/10/02 23:02:35.082 [AWT-EventQueue-0] WARN   Log4J2 StepCountExecutor#execStepCountInDirectory() StepCount skip. [fileName]:SystemConstant.class
2023/10/02 23:02:35.082 [AWT-EventQueue-0] WARN   Log4J2 StepCountExecutor#execStepCountInDirectory() StepCount skip. [fileName]:StepCounterConstant.class
2023/10/02 23:02:35.082 [AWT-EventQueue-0] WARN   Log4J2 StepCountExecutor#execStepCountInDirectory() StepCount skip. [fileName]:StepCounterConstant$ProcessResult.class
2023/10/02 23:02:35.082 [AWT-EventQueue-0] WARN   Log4J2 StepCountExecutor#execStepCountInDirectory() StepCount skip. [fileName]:messageConstant.class
2023/10/02 23:02:35.083 [AWT-EventQueue-0] WARN   Log4J2 StepCountExecutor#execStepCountInDirectory() StepCount skip. [fileName]:StepCounterConstant$ExecuteMode.class
2023/10/02 23:02:35.083 [AWT-EventQueue-0] WARN   Log4J2 StepCountExecutor#execStepCountInDirectory() StepCount skip. [fileName]:messageConstant$InfoMessageDiv.class
2023/10/02 23:02:35.083 [AWT-EventQueue-0] WARN   Log4J2 StepCountExecutor#execStepCountInDirectory() StepCount skip. [fileName]:package-info.class
2023/10/02 23:02:35.083 [AWT-EventQueue-0] WARN   Log4J2 StepCountExecutor#execStepCountInDirectory() StepCount skip. [fileName]:messageConstant$ErrorMessageDiv.class
2023/10/02 23:02:35.084 [AWT-EventQueue-0] WARN   Log4J2 StepCountExecutor#execStepCountInDirectory() StepCount skip. [fileName]:StepCounterConstant$SortType.class
2023/10/02 23:02:35.084 [AWT-EventQueue-0] WARN   Log4J2 StepCountExecutor#execStepCountInDirectory() StepCount skip. [fileName]:StepCounterConstant$FilePathType.class
2023/10/02 23:02:35.084 [AWT-EventQueue-0] WARN   Log4J2 StepCountExecutor#execStepCountInDirectory() StepCount skip. [fileName]:package-info.class
2023/10/02 23:02:35.085 [AWT-EventQueue-0] WARN   Log4J2 StepCountExecutor#execStepCountInDirectory() StepCount skip. [fileName]:StepCounterCuiServiceImpl.class
2023/10/02 23:02:35.085 [AWT-EventQueue-0] WARN   Log4J2 StepCountExecutor#execStepCountInDirectory() StepCount skip. [fileName]:package-info.class
2023/10/02 23:02:35.085 [AWT-EventQueue-0] WARN   Log4J2 StepCountExecutor#execStepCountInDirectory() StepCount skip. [fileName]:StepCounterGuiMainServiceImpl.class
2023/10/02 23:02:35.085 [AWT-EventQueue-0] WARN   Log4J2 StepCountExecutor#execStepCountInDirectory() StepCount skip. [fileName]:StepCounterGuiMainService.class
2023/10/02 23:02:35.086 [AWT-EventQueue-0] WARN   Log4J2 StepCountExecutor#execStepCountInDirectory() StepCount skip. [fileName]:package-info.class
2023/10/02 23:02:35.086 [AWT-EventQueue-0] WARN   Log4J2 StepCountExecutor#execStepCountInDirectory() StepCount skip. [fileName]:StepCounterCuiService.class
2023/10/02 23:02:35.087 [AWT-EventQueue-0] WARN   Log4J2 StepCountExecutor#execStepCountInDirectory() StepCount skip. [fileName]:StepCounterMessages.class
2023/10/02 23:02:35.087 [AWT-EventQueue-0] WARN   Log4J2 StepCountExecutor#execStepCountInDirectory() StepCount skip. [fileName]:package-info.class
2023/10/02 23:02:35.087 [AWT-EventQueue-0] WARN   Log4J2 StepCountExecutor#execStepCountInDirectory() StepCount skip. [fileName]:JdbcConnection.class
2023/10/02 23:02:35.087 [AWT-EventQueue-0] WARN   Log4J2 StepCountExecutor#execStepCountInDirectory() StepCount skip. [fileName]:package-info.class
2023/10/02 23:02:35.088 [AWT-EventQueue-0] WARN   Log4J2 StepCountExecutor#execStepCountInDirectory() StepCount skip. [fileName]:StepCountCsvDao.class
2023/10/02 23:02:35.088 [AWT-EventQueue-0] WARN   Log4J2 StepCountExecutor#execStepCountInDirectory() StepCount skip. [fileName]:package-info.class
2023/10/02 23:02:35.088 [AWT-EventQueue-0] WARN   Log4J2 StepCountExecutor#execStepCountInDirectory() StepCount skip. [fileName]:CsvDaoUtil.class
2023/10/02 23:02:35.088 [AWT-EventQueue-0] WARN   Log4J2 StepCountExecutor#execStepCountInDirectory() StepCount skip. [fileName]:Log4J2.class
2023/10/02 23:02:35.089 [AWT-EventQueue-0] WARN   Log4J2 StepCountExecutor#execStepCountInDirectory() StepCount skip. [fileName]:package-info.class
2023/10/02 23:02:35.089 [AWT-EventQueue-0] WARN   Log4J2 StepCountExecutor#execStepCountInDirectory() StepCount skip. [fileName]:StepCountRepository.class
2023/10/02 23:02:35.089 [AWT-EventQueue-0] WARN   Log4J2 StepCountExecutor#execStepCountInDirectory() StepCount skip. [fileName]:package-info.class
2023/10/02 23:02:35.090 [AWT-EventQueue-0] WARN   Log4J2 StepCountExecutor#execStepCountInDirectory() StepCount skip. [fileName]:.DS_Store
2023/10/02 23:02:35.090 [AWT-EventQueue-0] WARN   Log4J2 StepCountExecutor#execStepCountInDirectory() StepCount skip. [fileName]:StepCountData.class
2023/10/02 23:02:35.091 [AWT-EventQueue-0] WARN   Log4J2 StepCountExecutor#execStepCountInDirectory() StepCount skip. [fileName]:AllFilesStepCountData.class
2023/10/02 23:02:35.091 [AWT-EventQueue-0] WARN   Log4J2 StepCountExecutor#execStepCountInDirectory() StepCount skip. [fileName]:package-info.class
2023/10/02 23:02:35.091 [AWT-EventQueue-0] WARN   Log4J2 StepCountExecutor#execStepCountInDirectory() StepCount skip. [fileName]:package-info.class
2023/10/02 23:02:35.091 [AWT-EventQueue-0] WARN   Log4J2 StepCountExecutor#execStepCountInDirectory() StepCount skip. [fileName]:.DS_Store
2023/10/02 23:02:35.092 [AWT-EventQueue-0] WARN   Log4J2 StepCountExecutor#execStepCountInDirectory() StepCount skip. [fileName]:package-info.class
2023/10/02 23:02:35.092 [AWT-EventQueue-0] WARN   Log4J2 StepCountExecutor#execStepCountInDirectory() StepCount skip. [fileName]:StepCountExecutor.class
2023/10/02 23:02:35.092 [AWT-EventQueue-0] WARN   Log4J2 StepCountExecutor#execStepCountInDirectory() StepCount skip. [fileName]:AbsStepCount.class
2023/10/02 23:02:35.092 [AWT-EventQueue-0] WARN   Log4J2 StepCountExecutor#execStepCountInDirectory() StepCount skip. [fileName]:StepCountFactory$StepCountType.class
2023/10/02 23:02:35.093 [AWT-EventQueue-0] WARN   Log4J2 StepCountExecutor#execStepCountInDirectory() StepCount skip. [fileName]:SqlStepCount.class
2023/10/02 23:02:35.093 [AWT-EventQueue-0] WARN   Log4J2 StepCountExecutor#execStepCountInDirectory() StepCount skip. [fileName]:package-info.class
2023/10/02 23:02:35.093 [AWT-EventQueue-0] WARN   Log4J2 StepCountExecutor#execStepCountInDirectory() StepCount skip. [fileName]:StepCountFactory$MethodType.class
2023/10/02 23:02:35.093 [AWT-EventQueue-0] WARN   Log4J2 StepCountExecutor#execStepCountInDirectory() StepCount skip. [fileName]:StepCountFactory.class
2023/10/02 23:02:35.093 [AWT-EventQueue-0] WARN   Log4J2 StepCountExecutor#execStepCountInDirectory() StepCount skip. [fileName]:JavaStepCount.class
2023/10/02 23:02:35.094 [AWT-EventQueue-0] WARN   Log4J2 StepCountExecutor#execStepCountInDirectory() StepCount skip. [fileName]:IfStepCount.class
2023/10/02 23:02:35.094 [AWT-EventQueue-0] WARN   Log4J2 StepCountExecutor#execStepCountInDirectory() StepCount skip. [fileName]:CsStepCount.class
2023/10/02 23:02:35.094 [AWT-EventQueue-0] WARN   Log4J2 StepCountExecutor#execStepCountInDirectory() StepCount skip. [fileName]:package-info.class
2023/10/02 23:02:35.094 [AWT-EventQueue-0] WARN   Log4J2 StepCountExecutor#execStepCountInDirectory() StepCount skip. [fileName]:CommentPatternMatchFactory.class
2023/10/02 23:02:35.094 [AWT-EventQueue-0] WARN   Log4J2 StepCountExecutor#execStepCountInDirectory() StepCount skip. [fileName]:SqlCommentPatternMatch.class
2023/10/02 23:02:35.095 [AWT-EventQueue-0] WARN   Log4J2 StepCountExecutor#execStepCountInDirectory() StepCount skip. [fileName]:CsCommentPatternMatch.class
2023/10/02 23:02:35.095 [AWT-EventQueue-0] WARN   Log4J2 StepCountExecutor#execStepCountInDirectory() StepCount skip. [fileName]:IfCommentPatternMatch.class
2023/10/02 23:02:35.095 [AWT-EventQueue-0] WARN   Log4J2 StepCountExecutor#execStepCountInDirectory() StepCount skip. [fileName]:JavaCommentPatternMatch.class
2023/10/02 23:02:35.096 [AWT-EventQueue-0] WARN   Log4J2 StepCountExecutor#execStepCountInDirectory() StepCount skip. [fileName]:AbsCommentPatternMatch.class
2023/10/02 23:02:35.096 [AWT-EventQueue-0] WARN   Log4J2 StepCountExecutor#execStepCountInDirectory() StepCount skip. [fileName]:AbsCommentPatternMatch$StartMultiCommentPattern.class
2023/10/02 23:02:35.096 [AWT-EventQueue-0] WARN   Log4J2 StepCountExecutor#execStepCountInDirectory() StepCount skip. [fileName]:package-info.class
2023/10/02 23:02:35.096 [AWT-EventQueue-0] WARN   Log4J2 StepCountExecutor#execStepCountInDirectory() StepCount skip. [fileName]:CommentPatternMatchFactory$CommentPatternMatchType.class
2023/10/02 23:02:35.097 [AWT-EventQueue-0] WARN   Log4J2 StepCountExecutor#execStepCountInDirectory() StepCount skip. [fileName]:AbsCommentPatternMatch$SingleCommentPattern.class
2023/10/02 23:02:35.097 [AWT-EventQueue-0] WARN   Log4J2 StepCountExecutor#execStepCountInDirectory() StepCount skip. [fileName]:AbsCommentPatternMatch$EndMultiCommentPattern.class
2023/10/02 23:02:35.097 [AWT-EventQueue-0] WARN   Log4J2 StepCountExecutor#execStepCountInDirectory() StepCount skip. [fileName]:ValidatorUtil.class
2023/10/02 23:02:35.098 [AWT-EventQueue-0] WARN   Log4J2 StepCountExecutor#execStepCountInDirectory() StepCount skip. [fileName]:package-info.class
2023/10/02 23:02:35.098 [AWT-EventQueue-0] WARN   Log4J2 StepCountExecutor#execStepCountInDirectory() StepCount skip. [fileName]:package-info.class
2023/10/02 23:02:35.098 [AWT-EventQueue-0] WARN   Log4J2 StepCountExecutor#execStepCountInDirectory() StepCount skip. [fileName]:StepCounterGuiRequestDto.class
2023/10/02 23:02:35.099 [AWT-EventQueue-0] WARN   Log4J2 StepCountExecutor#execStepCountInDirectory() StepCount skip. [fileName]:package-info.class
2023/10/02 23:02:35.099 [AWT-EventQueue-0] WARN   Log4J2 StepCountExecutor#execStepCountInDirectory() StepCount skip. [fileName]:StepCounterGuiMainController.class
2023/10/02 23:02:35.099 [AWT-EventQueue-0] WARN   Log4J2 StepCountExecutor#execStepCountInDirectory() StepCount skip. [fileName]:StepCounterCuiRequestDto.class
2023/10/02 23:02:35.099 [AWT-EventQueue-0] WARN   Log4J2 StepCountExecutor#execStepCountInDirectory() StepCount skip. [fileName]:package-info.class
2023/10/02 23:02:35.100 [AWT-EventQueue-0] WARN   Log4J2 StepCountExecutor#execStepCountInDirectory() StepCount skip. [fileName]:StepCounterCuiController.class
2023/10/02 23:02:35.100 [AWT-EventQueue-0] WARN   Log4J2 StepCountExecutor#execStepCountInDirectory() StepCount skip. [fileName]:package-info.class
2023/10/02 23:02:35.101 [AWT-EventQueue-0] WARN   Log4J2 StepCountExecutor#execStepCountInDirectory() StepCount skip. [fileName]:StepCounterGuiMainView.class
2023/10/02 23:02:35.101 [AWT-EventQueue-0] WARN   Log4J2 StepCountExecutor#execStepCountInDirectory() StepCount skip. [fileName]:StepCounterGuiMainView$1$1.class
2023/10/02 23:02:35.101 [AWT-EventQueue-0] WARN   Log4J2 StepCountExecutor#execStepCountInDirectory() StepCount skip. [fileName]:package-info.class
2023/10/02 23:02:35.101 [AWT-EventQueue-0] WARN   Log4J2 StepCountExecutor#execStepCountInDirectory() StepCount skip. [fileName]:StepCounterGuiMainView$1.class
2023/10/02 23:02:35.102 [AWT-EventQueue-0] WARN   Log4J2 StepCountExecutor#execStepCountInDirectory() StepCount skip. [fileName]:HomePanel.class
2023/10/02 23:02:35.102 [AWT-EventQueue-0] WARN   Log4J2 StepCountExecutor#execStepCountInDirectory() StepCount skip. [fileName]:InfoPanel.class
2023/10/02 23:02:35.102 [AWT-EventQueue-0] WARN   Log4J2 StepCountExecutor#execStepCountInDirectory() StepCount skip. [fileName]:ViewUtil.class
2023/10/02 23:02:35.102 [AWT-EventQueue-0] WARN   Log4J2 StepCountExecutor#execStepCountInDirectory() StepCount skip. [fileName]:StepCounterGuiMainView$2.class
2023/10/02 23:02:35.103 [AWT-EventQueue-0] WARN   Log4J2 StepCountExecutor#execStepCountInDirectory() StepCount skip. [fileName]:RoundedCornerBorder.class
2023/10/02 23:02:35.103 [AWT-EventQueue-0] WARN   Log4J2 StepCountExecutor#execStepCountInDirectory() StepCount skip. [fileName]:EmptyIcon.class
2023/10/02 23:02:35.103 [AWT-EventQueue-0] WARN   Log4J2 StepCountExecutor#execStepCountInDirectory() StepCount skip. [fileName]:JPlaceholderTextField.class
2023/10/02 23:02:35.103 [AWT-EventQueue-0] WARN   Log4J2 StepCountExecutor#execStepCountInDirectory() StepCount skip. [fileName]:RowSelectionTree$1.class
2023/10/02 23:02:35.103 [AWT-EventQueue-0] WARN   Log4J2 StepCountExecutor#execStepCountInDirectory() StepCount skip. [fileName]:RowSelectionTree.class
2023/10/02 23:02:35.104 [AWT-EventQueue-0] WARN   Log4J2 StepCountExecutor#execStepCountInDirectory() StepCount skip. [fileName]:RowSelectionTree$2.class
2023/10/02 23:02:35.104 [AWT-EventQueue-0] WARN   Log4J2 StepCountExecutor#execStepCountInDirectory() StepCount skip. [fileName]:package-info.class
2023/10/02 23:02:35.104 [AWT-EventQueue-0] WARN   Log4J2 StepCountExecutor#execStepCountInDirectory() StepCount skip. [fileName]:icon_ebi.png
2023/10/02 23:02:35.104 [AWT-EventQueue-0] WARN   Log4J2 StepCountExecutor#execStepCountInDirectory() StepCount skip. [fileName]:frame_icon_ebi.png
2023/10/02 23:02:35.110 [AWT-EventQueue-0] INFO   Log4J2 StepCountExecutor#execStepCountInDirectory() StepCount execute. [fileName]:message.sql
2023/10/02 23:02:35.113 [AWT-EventQueue-0] INFO   Log4J2 StepCountExecutor#execStepCountInDirectory() StepCount execute. [fileName]:select_message.sql
2023/10/02 23:02:35.114 [AWT-EventQueue-0] INFO   Log4J2 StepCountExecutor#execStepCountInDirectory() StepCount execute. [fileName]:insert_message.sql
2023/10/02 23:02:35.115 [AWT-EventQueue-0] WARN   Log4J2 StepCountExecutor#execStepCountInDirectory() StepCount skip. [fileName]:jacoco.exec
2023/10/02 23:02:35.115 [AWT-EventQueue-0] WARN   Log4J2 StepCountExecutor#execStepCountInDirectory() StepCount skip. [fileName]:inputFiles.lst
2023/10/02 23:02:35.116 [AWT-EventQueue-0] WARN   Log4J2 StepCountExecutor#execStepCountInDirectory() StepCount skip. [fileName]:createdFiles.lst
2023/10/02 23:02:35.116 [AWT-EventQueue-0] WARN   Log4J2 StepCountExecutor#execStepCountInDirectory() StepCount skip. [fileName]:inputFiles.lst
2023/10/02 23:02:35.116 [AWT-EventQueue-0] WARN   Log4J2 StepCountExecutor#execStepCountInDirectory() StepCount skip. [fileName]:createdFiles.lst
2023/10/02 23:02:35.117 [AWT-EventQueue-0] WARN   Log4J2 StepCountExecutor#execStepCountInDirectory() StepCount skip. [fileName]:TEST-co.jp.stepCounter.presentation.controller.cui.TestStepCounterCuiController$stepCountScriptMode.xml
2023/10/02 23:02:35.118 [AWT-EventQueue-0] WARN   Log4J2 StepCountExecutor#execStepCountInDirectory() StepCount skip. [fileName]:co.jp.stepCounter.presentation.validator.TestValidatorUtil.txt
2023/10/02 23:02:35.118 [AWT-EventQueue-0] WARN   Log4J2 StepCountExecutor#execStepCountInDirectory() StepCount skip. [fileName]:co.jp.stepCounter.domain.model.commentPatternMatch.TestCommentPatternMatchFactory.txt
2023/10/02 23:02:35.118 [AWT-EventQueue-0] WARN   Log4J2 StepCountExecutor#execStepCountInDirectory() StepCount skip. [fileName]:TEST-co.jp.stepCounter.domain.value.TestStepCountData.xml
2023/10/02 23:02:35.118 [AWT-EventQueue-0] WARN   Log4J2 StepCountExecutor#execStepCountInDirectory() StepCount skip. [fileName]:co.jp.stepCounter.presentation.controller.cui.TestStepCounterCuiController.txt
2023/10/02 23:02:35.118 [AWT-EventQueue-0] WARN   Log4J2 StepCountExecutor#execStepCountInDirectory() StepCount skip. [fileName]:co.jp.stepCounter.domain.model.stepCountDetail.TestAbsStepCount.txt
2023/10/02 23:02:35.119 [AWT-EventQueue-0] WARN   Log4J2 StepCountExecutor#execStepCountInDirectory() StepCount skip. [fileName]:co.jp.stepCounter.domain.model.commentPatternMatch.TestCsCommentPatternMatch.txt
2023/10/02 23:02:35.119 [AWT-EventQueue-0] WARN   Log4J2 StepCountExecutor#execStepCountInDirectory() StepCount skip. [fileName]:co.jp.stepCounter.presentation.controller.cui.TestStepCounterCuiRequestDto.txt
2023/10/02 23:02:35.119 [AWT-EventQueue-0] WARN   Log4J2 StepCountExecutor#execStepCountInDirectory() StepCount skip. [fileName]:TEST-co.jp.stepCounter.constant.TestEnumReverseLookup.xml
2023/10/02 23:02:35.119 [AWT-EventQueue-0] WARN   Log4J2 StepCountExecutor#execStepCountInDirectory() StepCount skip. [fileName]:co.jp.stepCounter.domain.model.stepCountDetail.TestStepCountFactory$Create.txt
2023/10/02 23:02:35.119 [AWT-EventQueue-0] WARN   Log4J2 StepCountExecutor#execStepCountInDirectory() StepCount skip. [fileName]:TEST-co.jp.stepCounter.constant.TestSystemConstant.xml
2023/10/02 23:02:35.120 [AWT-EventQueue-0] WARN   Log4J2 StepCountExecutor#execStepCountInDirectory() StepCount skip. [fileName]:TEST-co.jp.stepCounter.domain.value.TestAllFilesStepCountData.xml
2023/10/02 23:02:35.120 [AWT-EventQueue-0] WARN   Log4J2 StepCountExecutor#execStepCountInDirectory() StepCount skip. [fileName]:co.jp.stepCounter.infrastructure.csvdao.TestCsvDaoUtil.txt
2023/10/02 23:02:35.120 [AWT-EventQueue-0] WARN   Log4J2 StepCountExecutor#execStepCountInDirectory() StepCount skip. [fileName]:co.jp.stepCounter.presentation.controller.cui.TestStepCounterCuiController$stepCountInteractiveMode.txt
2023/10/02 23:02:35.120 [AWT-EventQueue-0] WARN   Log4J2 StepCountExecutor#execStepCountInDirectory() StepCount skip. [fileName]:TEST-co.jp.stepCounter.constant.TestStepCounterConstant.xml
2023/10/02 23:02:35.120 [AWT-EventQueue-0] WARN   Log4J2 StepCountExecutor#execStepCountInDirectory() StepCount skip. [fileName]:TEST-co.jp.stepCounter.domain.model.commentPatternMatch.TestCommentPatternMatchFactory.xml
2023/10/02 23:02:35.120 [AWT-EventQueue-0] WARN   Log4J2 StepCountExecutor#execStepCountInDirectory() StepCount skip. [fileName]:TEST-co.jp.stepCounter.domain.model.stepCountDetail.TestAbsStepCount.xml
2023/10/02 23:02:35.121 [AWT-EventQueue-0] WARN   Log4J2 StepCountExecutor#execStepCountInDirectory() StepCount skip. [fileName]:co.jp.stepCounter.presentation.controller.cui.TestStepCounterCuiController$printHelp.txt
2023/10/02 23:02:35.121 [AWT-EventQueue-0] WARN   Log4J2 StepCountExecutor#execStepCountInDirectory() StepCount skip. [fileName]:TEST-co.jp.stepCounter.infrastructure.log.TestLog4J2.xml
2023/10/02 23:02:35.121 [AWT-EventQueue-0] WARN   Log4J2 StepCountExecutor#execStepCountInDirectory() StepCount skip. [fileName]:co.jp.stepCounter.domain.model.commentPatternMatch.TestIfCommentPatternMatch.txt
2023/10/02 23:02:35.121 [AWT-EventQueue-0] WARN   Log4J2 StepCountExecutor#execStepCountInDirectory() StepCount skip. [fileName]:co.jp.stepCounter.constant.TestStepCounterConstant.txt
2023/10/02 23:02:35.122 [AWT-EventQueue-0] WARN   Log4J2 StepCountExecutor#execStepCountInDirectory() StepCount skip. [fileName]:TEST-co.jp.stepCounter.TestStepCounter.xml
2023/10/02 23:02:35.122 [AWT-EventQueue-0] WARN   Log4J2 StepCountExecutor#execStepCountInDirectory() StepCount skip. [fileName]:co.jp.stepCounter.domain.model.stepCountExecutor.TestStepCountExecutor.txt
2023/10/02 23:02:35.122 [AWT-EventQueue-0] WARN   Log4J2 StepCountExecutor#execStepCountInDirectory() StepCount skip. [fileName]:TEST-co.jp.stepCounter.domain.value.TestStepCountData$OutputDataCommaDelimited.xml
2023/10/02 23:02:35.122 [AWT-EventQueue-0] WARN   Log4J2 StepCountExecutor#execStepCountInDirectory() StepCount skip. [fileName]:TEST-co.jp.stepCounter.presentation.validator.TestValidatorUtil.xml
2023/10/02 23:02:35.123 [AWT-EventQueue-0] WARN   Log4J2 StepCountExecutor#execStepCountInDirectory() StepCount skip. [fileName]:TEST-co.jp.stepCounter.presentation.controller.cui.TestStepCounterCuiController.xml
2023/10/02 23:02:35.123 [AWT-EventQueue-0] WARN   Log4J2 StepCountExecutor#execStepCountInDirectory() StepCount skip. [fileName]:TEST-co.jp.stepCounter.infrastructure.csvdao.TestStepCountCsvDao.xml
2023/10/02 23:02:35.123 [AWT-EventQueue-0] WARN   Log4J2 StepCountExecutor#execStepCountInDirectory() StepCount skip. [fileName]:TEST-co.jp.stepCounter.domain.model.stepCountExecutor.TestStepCountExecutor.xml
2023/10/02 23:02:35.123 [AWT-EventQueue-0] WARN   Log4J2 StepCountExecutor#execStepCountInDirectory() StepCount skip. [fileName]:co.jp.stepCounter.TestStepCounter.txt
2023/10/02 23:02:35.124 [AWT-EventQueue-0] WARN   Log4J2 StepCountExecutor#execStepCountInDirectory() StepCount skip. [fileName]:TEST-co.jp.stepCounter.presentation.controller.gui.TestStepCounterGuiMainController.xml
2023/10/02 23:02:35.124 [AWT-EventQueue-0] WARN   Log4J2 StepCountExecutor#execStepCountInDirectory() StepCount skip. [fileName]:TEST-co.jp.stepCounter.application.service.TestStepCounterCuiService.xml
2023/10/02 23:02:35.124 [AWT-EventQueue-0] WARN   Log4J2 StepCountExecutor#execStepCountInDirectory() StepCount skip. [fileName]:co.jp.stepCounter.domain.repository.TestStepCountRepository.txt
2023/10/02 23:02:35.124 [AWT-EventQueue-0] WARN   Log4J2 StepCountExecutor#execStepCountInDirectory() StepCount skip. [fileName]:co.jp.stepCounter.domain.model.commentPatternMatch.TestCommentPatternMatchFactory$Create.txt
2023/10/02 23:02:35.124 [AWT-EventQueue-0] WARN   Log4J2 StepCountExecutor#execStepCountInDirectory() StepCount skip. [fileName]:TEST-co.jp.stepCounter.domain.model.commentPatternMatch.TestIfCommentPatternMatch.xml
2023/10/02 23:02:35.125 [AWT-EventQueue-0] WARN   Log4J2 StepCountExecutor#execStepCountInDirectory() StepCount skip. [fileName]:TEST-co.jp.stepCounter.presentation.controller.cui.TestStepCounterCuiController$stepCountInteractiveMode.xml
2023/10/02 23:02:35.125 [AWT-EventQueue-0] WARN   Log4J2 StepCountExecutor#execStepCountInDirectory() StepCount skip. [fileName]:TEST-co.jp.stepCounter.domain.model.commentPatternMatch.TestAbsCommentPatternMatch.xml
2023/10/02 23:02:35.125 [AWT-EventQueue-0] WARN   Log4J2 StepCountExecutor#execStepCountInDirectory() StepCount skip. [fileName]:TEST-co.jp.stepCounter.presentation.controller.cui.TestStepCounterCuiRequestDto.xml
2023/10/02 23:02:35.125 [AWT-EventQueue-0] WARN   Log4J2 StepCountExecutor#execStepCountInDirectory() StepCount skip. [fileName]:co.jp.stepCounter.presentation.controller.gui.TestStepCounterGuiMainController.txt
2023/10/02 23:02:35.126 [AWT-EventQueue-0] WARN   Log4J2 StepCountExecutor#execStepCountInDirectory() StepCount skip. [fileName]:co.jp.stepCounter.domain.value.TestStepCountData$OutputDataCommaDelimited.txt
2023/10/02 23:02:35.126 [AWT-EventQueue-0] WARN   Log4J2 StepCountExecutor#execStepCountInDirectory() StepCount skip. [fileName]:TEST-co.jp.stepCounter.infrastructure.csvdao.TestCsvDaoUtil.xml
2023/10/02 23:02:35.126 [AWT-EventQueue-0] WARN   Log4J2 StepCountExecutor#execStepCountInDirectory() StepCount skip. [fileName]:co.jp.stepCounter.constant.TestSystemConstant.txt
2023/10/02 23:02:35.126 [AWT-EventQueue-0] WARN   Log4J2 StepCountExecutor#execStepCountInDirectory() StepCount skip. [fileName]:co.jp.stepCounter.domain.model.stepCountDetail.TestStepCountFactory.txt
2023/10/02 23:02:35.127 [AWT-EventQueue-0] WARN   Log4J2 StepCountExecutor#execStepCountInDirectory() StepCount skip. [fileName]:co.jp.stepCounter.domain.model.stepCountDetail.TestIfStepCount.txt
2023/10/02 23:02:35.127 [AWT-EventQueue-0] WARN   Log4J2 StepCountExecutor#execStepCountInDirectory() StepCount skip. [fileName]:TEST-co.jp.stepCounter.domain.model.stepCountDetail.TestStepCountFactory.xml
2023/10/02 23:02:35.127 [AWT-EventQueue-0] WARN   Log4J2 StepCountExecutor#execStepCountInDirectory() StepCount skip. [fileName]:TEST-co.jp.stepCounter.domain.model.stepCountDetail.TestCsStepCount.xml
2023/10/02 23:02:35.128 [AWT-EventQueue-0] WARN   Log4J2 StepCountExecutor#execStepCountInDirectory() StepCount skip. [fileName]:co.jp.stepCounter.presentation.view.TestStepCounterGuiMainView.txt
2023/10/02 23:02:35.128 [AWT-EventQueue-0] WARN   Log4J2 StepCountExecutor#execStepCountInDirectory() StepCount skip. [fileName]:co.jp.stepCounter.domain.value.TestAllFilesStepCountData.txt
2023/10/02 23:02:35.128 [AWT-EventQueue-0] WARN   Log4J2 StepCountExecutor#execStepCountInDirectory() StepCount skip. [fileName]:co.jp.stepCounter.application.service.TestStepCounterGuiMainService.txt
2023/10/02 23:02:35.128 [AWT-EventQueue-0] WARN   Log4J2 StepCountExecutor#execStepCountInDirectory() StepCount skip. [fileName]:TEST-co.jp.stepCounter.application.service.TestStepCounterGuiMainService.xml
2023/10/02 23:02:35.129 [AWT-EventQueue-0] WARN   Log4J2 StepCountExecutor#execStepCountInDirectory() StepCount skip. [fileName]:co.jp.stepCounter.domain.model.stepCountDetail.TestCsStepCount.txt
2023/10/02 23:02:35.129 [AWT-EventQueue-0] WARN   Log4J2 StepCountExecutor#execStepCountInDirectory() StepCount skip. [fileName]:TEST-co.jp.stepCounter.domain.model.stepCountDetail.TestIfStepCount.xml
2023/10/02 23:02:35.129 [AWT-EventQueue-0] WARN   Log4J2 StepCountExecutor#execStepCountInDirectory() StepCount skip. [fileName]:co.jp.stepCounter.infrastructure.log.TestLog4J2.txt
2023/10/02 23:02:35.129 [AWT-EventQueue-0] WARN   Log4J2 StepCountExecutor#execStepCountInDirectory() StepCount skip. [fileName]:TEST-co.jp.stepCounter.presentation.view.TestStepCounterGuiMainView.xml
2023/10/02 23:02:35.130 [AWT-EventQueue-0] WARN   Log4J2 StepCountExecutor#execStepCountInDirectory() StepCount skip. [fileName]:TEST-co.jp.stepCounter.domain.model.stepCountDetail.TestStepCountFactory$Create.xml
2023/10/02 23:02:35.130 [AWT-EventQueue-0] WARN   Log4J2 StepCountExecutor#execStepCountInDirectory() StepCount skip. [fileName]:co.jp.stepCounter.domain.value.TestStepCountData.txt
2023/10/02 23:02:35.130 [AWT-EventQueue-0] WARN   Log4J2 StepCountExecutor#execStepCountInDirectory() StepCount skip. [fileName]:co.jp.stepCounter.presentation.controller.cui.TestStepCounterCuiController$stepCountScriptMode.txt
2023/10/02 23:02:35.130 [AWT-EventQueue-0] WARN   Log4J2 StepCountExecutor#execStepCountInDirectory() StepCount skip. [fileName]:co.jp.stepCounter.infrastructure.csvdao.TestStepCountCsvDao.txt
2023/10/02 23:02:35.130 [AWT-EventQueue-0] WARN   Log4J2 StepCountExecutor#execStepCountInDirectory() StepCount skip. [fileName]:TEST-co.jp.stepCounter.domain.repository.TestStepCountRepository.xml
2023/10/02 23:02:35.131 [AWT-EventQueue-0] WARN   Log4J2 StepCountExecutor#execStepCountInDirectory() StepCount skip. [fileName]:TEST-co.jp.stepCounter.domain.model.commentPatternMatch.TestCommentPatternMatchFactory$Create.xml
2023/10/02 23:02:35.131 [AWT-EventQueue-0] WARN   Log4J2 StepCountExecutor#execStepCountInDirectory() StepCount skip. [fileName]:TEST-co.jp.stepCounter.presentation.controller.cui.TestStepCounterCuiController$printHelp.xml
2023/10/02 23:02:35.131 [AWT-EventQueue-0] WARN   Log4J2 StepCountExecutor#execStepCountInDirectory() StepCount skip. [fileName]:TEST-co.jp.stepCounter.domain.model.commentPatternMatch.TestCsCommentPatternMatch.xml
2023/10/02 23:02:35.131 [AWT-EventQueue-0] WARN   Log4J2 StepCountExecutor#execStepCountInDirectory() StepCount skip. [fileName]:co.jp.stepCounter.application.service.TestStepCounterCuiService.txt
2023/10/02 23:02:35.131 [AWT-EventQueue-0] WARN   Log4J2 StepCountExecutor#execStepCountInDirectory() StepCount skip. [fileName]:co.jp.stepCounter.domain.model.commentPatternMatch.TestAbsCommentPatternMatch.txt
2023/10/02 23:02:35.131 [AWT-EventQueue-0] WARN   Log4J2 StepCountExecutor#execStepCountInDirectory() StepCount skip. [fileName]:co.jp.stepCounter.constant.TestEnumReverseLookup.txt
2023/10/02 23:02:35.131 [AWT-EventQueue-0] WARN   Log4J2 StepCountExecutor#execStepCountInDirectory() StepCount skip. [fileName]:pom.xml
2023/10/02 23:02:35.132 [AWT-EventQueue-0] WARN   Log4J2 StepCountExecutor#execStepCountInDirectory() StepCount skip. [fileName]:.DS_Store
2023/10/02 23:02:35.132 [AWT-EventQueue-0] WARN   Log4J2 StepCountExecutor#execStepCountInDirectory() StepCount skip. [fileName]:.DS_Store
2023/10/02 23:02:35.132 [AWT-EventQueue-0] WARN   Log4J2 StepCountExecutor#execStepCountInDirectory() StepCount skip. [fileName]:.gitkeep
2023/10/02 23:02:35.132 [AWT-EventQueue-0] WARN   Log4J2 StepCountExecutor#execStepCountInDirectory() StepCount skip. [fileName]:stepCounter.log
2023/10/02 23:02:35.133 [AWT-EventQueue-0] WARN   Log4J2 StepCountExecutor#execStepCountInDirectory() StepCount skip. [fileName]:.classpath
2023/10/02 23:02:35.133 [AWT-EventQueue-0] WARN   Log4J2 StepCountExecutor#execStepCountInDirectory() StepCount skip. [fileName]:.gitignore
2023/10/02 23:02:35.133 [AWT-EventQueue-0] WARN   Log4J2 StepCountExecutor#execStepCountInDirectory() StepCount skip. [fileName]:org.eclipse.jdt.core.prefs
2023/10/02 23:02:35.133 [AWT-EventQueue-0] WARN   Log4J2 StepCountExecutor#execStepCountInDirectory() StepCount skip. [fileName]:org.eclipse.jdt.apt.core.prefs
2023/10/02 23:02:35.133 [AWT-EventQueue-0] WARN   Log4J2 StepCountExecutor#execStepCountInDirectory() StepCount skip. [fileName]:org.eclipse.m2e.core.prefs
2023/10/02 23:02:35.133 [AWT-EventQueue-0] WARN   Log4J2 StepCountExecutor#execStepCountInDirectory() StepCount skip. [fileName]:org.eclipse.core.resources.prefs
2023/10/02 23:02:35.134 [AWT-EventQueue-0] WARN   Log4J2 StepCountExecutor#execStepCountInDirectory() StepCount skip. [fileName]:.project
2023/10/02 23:02:35.135 [AWT-EventQueue-0] WARN   Log4J2 StepCountExecutor#execStepCountInDirectory() StepCount skip. [fileName]:.DS_Store
2023/10/02 23:02:35.135 [AWT-EventQueue-0] WARN   Log4J2 StepCountExecutor#execStepCountInDirectory() StepCount skip. [fileName]:stepcounter-db.trace.db
2023/10/02 23:02:35.135 [AWT-EventQueue-0] WARN   Log4J2 StepCountExecutor#execStepCountInDirectory() StepCount skip. [fileName]:stepcounter-db.mv.db
2023/10/02 23:02:35.136 [AWT-EventQueue-0] WARN   Log4J2 StepCountExecutor#execStepCountInDirectory() StepCount skip. [fileName]:.DS_Store
2023/10/02 23:02:35.136 [AWT-EventQueue-0] WARN   Log4J2 StepCountExecutor#execStepCountInDirectory() StepCount skip. [fileName]:.DS_Store
2023/10/02 23:02:35.138 [AWT-EventQueue-0] WARN   Log4J2 StepCountExecutor#execStepCountInDirectory() StepCount skip. [fileName]:.DS_Store
2023/10/02 23:02:35.139 [AWT-EventQueue-0] WARN   Log4J2 StepCountExecutor#execStepCountInDirectory() StepCount skip. [fileName]:.DS_Store
2023/10/02 23:02:35.140 [AWT-EventQueue-0] WARN   Log4J2 StepCountExecutor#execStepCountInDirectory() StepCount skip. [fileName]:.DS_Store
2023/10/02 23:02:35.140 [AWT-EventQueue-0] INFO   Log4J2 StepCountExecutor#execStepCountInDirectory() StepCount execute. [fileName]:Mario.java
2023/10/02 23:02:35.141 [AWT-EventQueue-0] INFO   Log4J2 StepCountExecutor#execStepCountInDirectory() StepCount execute. [fileName]:Luigi.java
2023/10/02 23:02:35.142 [AWT-EventQueue-0] INFO   Log4J2 StepCountExecutor#execStepCountInDirectory() StepCount execute. [fileName]:Character.java
2023/10/02 23:02:35.144 [AWT-EventQueue-0] INFO   Log4J2 StepCountExecutor#execStepCountInDirectory() StepCount execute. [fileName]:HammerBros.java
2023/10/02 23:02:35.145 [AWT-EventQueue-0] INFO   Log4J2 StepCountExecutor#execStepCountInDirectory() StepCount execute. [fileName]:CharacterIf.java
2023/10/02 23:02:35.147 [AWT-EventQueue-0] INFO   Log4J2 StepCountExecutor#execStepCountInDirectory() StepCount execute. [fileName]:Main.java
2023/10/02 23:02:35.149 [AWT-EventQueue-0] INFO   Log4J2 StepCountExecutor#execStepCountInDirectory() StepCount execute. [fileName]:Constant.java
2023/10/02 23:02:35.151 [AWT-EventQueue-0] WARN   Log4J2 StepCountExecutor#execStepCountInDirectory() StepCount skip. [fileName]:.DS_Store
2023/10/02 23:02:35.151 [AWT-EventQueue-0] WARN   Log4J2 StepCountExecutor#execStepCountInDirectory() StepCount skip. [fileName]:.DS_Store
2023/10/02 23:02:35.153 [AWT-EventQueue-0] WARN   Log4J2 StepCountExecutor#execStepCountInDirectory() StepCount skip. [fileName]:.DS_Store
2023/10/02 23:02:35.153 [AWT-EventQueue-0] WARN   Log4J2 StepCountExecutor#execStepCountInDirectory() StepCount skip. [fileName]:.DS_Store
2023/10/02 23:02:35.154 [AWT-EventQueue-0] WARN   Log4J2 StepCountExecutor#execStepCountInDirectory() StepCount skip. [fileName]:.DS_Store
2023/10/02 23:02:35.154 [AWT-EventQueue-0] WARN   Log4J2 StepCountExecutor#execStepCountInDirectory() StepCount skip. [fileName]:result.csv
2023/10/02 23:02:35.155 [AWT-EventQueue-0] WARN   Log4J2 StepCountExecutor#execStepCountInDirectory() StepCount skip. [fileName]:.DS_Store
2023/10/02 23:02:35.155 [AWT-EventQueue-0] WARN   Log4J2 StepCountExecutor#execStepCountInDirectory() StepCount skip. [fileName]:.DS_Store
2023/10/02 23:02:35.156 [AWT-EventQueue-0] WARN   Log4J2 StepCountExecutor#execStepCountInDirectory() StepCount skip. [fileName]:result.csv
2023/10/02 23:02:35.156 [AWT-EventQueue-0] WARN   Log4J2 StepCountExecutor#execStepCountInDirectory() StepCount skip. [fileName]:.DS_Store
2023/10/02 23:02:35.157 [AWT-EventQueue-0] WARN   Log4J2 StepCountExecutor#execStepCountInDirectory() StepCount skip. [fileName]:result.csv
2023/10/02 23:02:35.157 [AWT-EventQueue-0] WARN   Log4J2 StepCountExecutor#execStepCountInDirectory() StepCount skip. [fileName]:.DS_Store
2023/10/02 23:02:35.158 [AWT-EventQueue-0] WARN   Log4J2 StepCountExecutor#execStepCountInDirectory() StepCount skip. [fileName]:result.csv
2023/10/02 23:02:35.158 [AWT-EventQueue-0] WARN   Log4J2 StepCountExecutor#execStepCountInDirectory() StepCount skip. [fileName]:.DS_Store
2023/10/02 23:02:35.158 [AWT-EventQueue-0] WARN   Log4J2 StepCountExecutor#execStepCountInDirectory() StepCount skip. [fileName]:.DS_Store
2023/10/02 23:02:35.159 [AWT-EventQueue-0] WARN   Log4J2 StepCountExecutor#execStepCountInDirectory() StepCount skip. [fileName]:.DS_Store
2023/10/02 23:02:35.159 [AWT-EventQueue-0] WARN   Log4J2 StepCountExecutor#execStepCountInDirectory() StepCount skip. [fileName]:.DS_Store
2023/10/02 23:02:35.160 [AWT-EventQueue-0] WARN   Log4J2 StepCountExecutor#execStepCountInDirectory() StepCount skip. [fileName]:.DS_Store
2023/10/02 23:02:35.160 [AWT-EventQueue-0] WARN   Log4J2 StepCountExecutor#execStepCountInDirectory() StepCount skip. [fileName]:.DS_Store
2023/10/02 23:02:35.160 [AWT-EventQueue-0] WARN   Log4J2 StepCountExecutor#execStepCountInDirectory() StepCount skip. [fileName]:result.csv
2023/10/02 23:02:35.161 [AWT-EventQueue-0] WARN   Log4J2 StepCountExecutor#execStepCountInDirectory() StepCount skip. [fileName]:.DS_Store
2023/10/02 23:02:35.161 [AWT-EventQueue-0] WARN   Log4J2 StepCountExecutor#execStepCountInDirectory() StepCount skip. [fileName]:.DS_Store
2023/10/02 23:02:35.162 [AWT-EventQueue-0] WARN   Log4J2 StepCountExecutor#execStepCountInDirectory() StepCount skip. [fileName]:.DS_Store
2023/10/02 23:02:35.162 [AWT-EventQueue-0] WARN   Log4J2 StepCountExecutor#execStepCountInDirectory() StepCount skip. [fileName]:.DS_Store
2023/10/02 23:02:35.163 [AWT-EventQueue-0] WARN   Log4J2 StepCountExecutor#execStepCountInDirectory() StepCount skip. [fileName]:.DS_Store
2023/10/02 23:02:35.163 [AWT-EventQueue-0] WARN   Log4J2 StepCountExecutor#execStepCountInDirectory() StepCount skip. [fileName]:.DS_Store
2023/10/02 23:02:35.164 [AWT-EventQueue-0] INFO   Log4J2 StepCountExecutor#execStepCountInDirectory() StepCount execute. [fileName]:TestEnumReverseLookup.java
2023/10/02 23:02:35.165 [AWT-EventQueue-0] INFO   Log4J2 StepCountExecutor#execStepCountInDirectory() StepCount execute. [fileName]:TestStepCounterConstant.java
2023/10/02 23:02:35.166 [AWT-EventQueue-0] INFO   Log4J2 StepCountExecutor#execStepCountInDirectory() StepCount execute. [fileName]:TestSystemConstant.java
2023/10/02 23:02:35.168 [AWT-EventQueue-0] INFO   Log4J2 StepCountExecutor#execStepCountInDirectory() StepCount execute. [fileName]:TestStepCounter.java
2023/10/02 23:02:35.169 [AWT-EventQueue-0] INFO   Log4J2 StepCountExecutor#execStepCountInDirectory() StepCount execute. [fileName]:TestStepCounterCuiService.java
2023/10/02 23:02:35.170 [AWT-EventQueue-0] INFO   Log4J2 StepCountExecutor#execStepCountInDirectory() StepCount execute. [fileName]:TestStepCounterGuiMainService.java
2023/10/02 23:02:35.171 [AWT-EventQueue-0] INFO   Log4J2 StepCountExecutor#execStepCountInDirectory() StepCount execute. [fileName]:TestCsvDaoUtil.java
2023/10/02 23:02:35.172 [AWT-EventQueue-0] INFO   Log4J2 StepCountExecutor#execStepCountInDirectory() StepCount execute. [fileName]:TestStepCountCsvDao.java
2023/10/02 23:02:35.173 [AWT-EventQueue-0] INFO   Log4J2 StepCountExecutor#execStepCountInDirectory() StepCount execute. [fileName]:TestLog4J2.java
2023/10/02 23:02:35.174 [AWT-EventQueue-0] INFO   Log4J2 StepCountExecutor#execStepCountInDirectory() StepCount execute. [fileName]:TestStepCountRepository.java
2023/10/02 23:02:35.175 [AWT-EventQueue-0] INFO   Log4J2 StepCountExecutor#execStepCountInDirectory() StepCount execute. [fileName]:TestStepCountData.java
2023/10/02 23:02:35.176 [AWT-EventQueue-0] INFO   Log4J2 StepCountExecutor#execStepCountInDirectory() StepCount execute. [fileName]:TestAllFilesStepCountData.java
2023/10/02 23:02:35.177 [AWT-EventQueue-0] INFO   Log4J2 StepCountExecutor#execStepCountInDirectory() StepCount execute. [fileName]:TestStepCountExecutor.java
2023/10/02 23:02:35.178 [AWT-EventQueue-0] INFO   Log4J2 StepCountExecutor#execStepCountInDirectory() StepCount execute. [fileName]:TestIfStepCount.java
2023/10/02 23:02:35.178 [AWT-EventQueue-0] INFO   Log4J2 StepCountExecutor#execStepCountInDirectory() StepCount execute. [fileName]:TestCsStepCount.java
2023/10/02 23:02:35.179 [AWT-EventQueue-0] INFO   Log4J2 StepCountExecutor#execStepCountInDirectory() StepCount execute. [fileName]:TestJavaStepCount.java
2023/10/02 23:02:35.180 [AWT-EventQueue-0] INFO   Log4J2 StepCountExecutor#execStepCountInDirectory() StepCount execute. [fileName]:TestStepCountFactory.java
2023/10/02 23:02:35.182 [AWT-EventQueue-0] INFO   Log4J2 StepCountExecutor#execStepCountInDirectory() StepCount execute. [fileName]:TestAbsStepCount.java
2023/10/02 23:02:35.182 [AWT-EventQueue-0] INFO   Log4J2 StepCountExecutor#execStepCountInDirectory() StepCount execute. [fileName]:TestAbsCommentPatternMatch.java
2023/10/02 23:02:35.183 [AWT-EventQueue-0] INFO   Log4J2 StepCountExecutor#execStepCountInDirectory() StepCount execute. [fileName]:TestCommentPatternMatchFactory.java
2023/10/02 23:02:35.184 [AWT-EventQueue-0] INFO   Log4J2 StepCountExecutor#execStepCountInDirectory() StepCount execute. [fileName]:TestIfCommentPatternMatch.java
2023/10/02 23:02:35.185 [AWT-EventQueue-0] INFO   Log4J2 StepCountExecutor#execStepCountInDirectory() StepCount execute. [fileName]:TestCsCommentPatternMatch.java
2023/10/02 23:02:35.186 [AWT-EventQueue-0] INFO   Log4J2 StepCountExecutor#execStepCountInDirectory() StepCount execute. [fileName]:TestJavaCommentPatternMatch.java
2023/10/02 23:02:35.188 [AWT-EventQueue-0] INFO   Log4J2 StepCountExecutor#execStepCountInDirectory() StepCount execute. [fileName]:TestValidatorUtil.java
2023/10/02 23:02:35.189 [AWT-EventQueue-0] INFO   Log4J2 StepCountExecutor#execStepCountInDirectory() StepCount execute. [fileName]:TestStepCounterGuiMainController.java
2023/10/02 23:02:35.190 [AWT-EventQueue-0] INFO   Log4J2 StepCountExecutor#execStepCountInDirectory() StepCount execute. [fileName]:TestStepCounterCuiController.java
2023/10/02 23:02:35.194 [AWT-EventQueue-0] INFO   Log4J2 StepCountExecutor#execStepCountInDirectory() StepCount execute. [fileName]:TestStepCounterCuiRequestDto.java
2023/10/02 23:02:35.195 [AWT-EventQueue-0] INFO   Log4J2 StepCountExecutor#execStepCountInDirectory() StepCount execute. [fileName]:TestStepCounterGuiMainView.java
2023/10/02 23:02:35.196 [AWT-EventQueue-0] INFO   Log4J2 StepCountExecutor#execStepCountInDirectory() StepCount execute. [fileName]:StandardInputStream.java
2023/10/02 23:02:35.197 [AWT-EventQueue-0] INFO   Log4J2 StepCountExecutor#execStepCountInDirectory() StepCount execute. [fileName]:TestStepCounterUtil.java
2023/10/02 23:02:35.198 [AWT-EventQueue-0] INFO   Log4J2 StepCountExecutor#execStepCountInDirectory() StepCount execute. [fileName]:TestStepCounterConstant.java
2023/10/02 23:02:35.199 [AWT-EventQueue-0] INFO   Log4J2 StepCountExecutor#execStepCountInDirectory() StepCount execute. [fileName]:StandardOutputStream.java
2023/10/02 23:02:35.200 [AWT-EventQueue-0] WARN   Log4J2 StepCountExecutor#execStepCountInDirectory() StepCount skip. [fileName]:.DS_Store
2023/10/02 23:02:35.201 [AWT-EventQueue-0] WARN   Log4J2 StepCountExecutor#execStepCountInDirectory() StepCount skip. [fileName]:logback.xml
2023/10/02 23:02:35.201 [AWT-EventQueue-0] WARN   Log4J2 StepCountExecutor#execStepCountInDirectory() StepCount skip. [fileName]:log4j2.xml
2023/10/02 23:02:35.201 [AWT-EventQueue-0] WARN   Log4J2 StepCountExecutor#execStepCountInDirectory() StepCount skip. [fileName]:.DS_Store
2023/10/02 23:02:35.201 [AWT-EventQueue-0] WARN   Log4J2 StepCountExecutor#execStepCountInDirectory() StepCount skip. [fileName]:JDBC.properties
2023/10/02 23:02:35.202 [AWT-EventQueue-0] WARN   Log4J2 StepCountExecutor#execStepCountInDirectory() StepCount skip. [fileName]:.DS_Store
2023/10/02 23:02:35.203 [AWT-EventQueue-0] WARN   Log4J2 StepCountExecutor#execStepCountInDirectory() StepCount skip. [fileName]:.DS_Store
2023/10/02 23:02:35.203 [AWT-EventQueue-0] WARN   Log4J2 StepCountExecutor#execStepCountInDirectory() StepCount skip. [fileName]:icon_ebi.png
2023/10/02 23:02:35.203 [AWT-EventQueue-0] WARN   Log4J2 StepCountExecutor#execStepCountInDirectory() StepCount skip. [fileName]:frame_icon_ebi.png
2023/10/02 23:02:35.205 [AWT-EventQueue-0] WARN   Log4J2 StepCountExecutor#execStepCountInDirectory() StepCount skip. [fileName]:.DS_Store
2023/10/02 23:02:35.206 [AWT-EventQueue-0] INFO   Log4J2 StepCountExecutor#execStepCountInDirectory() StepCount execute. [fileName]:message.sql
2023/10/02 23:02:35.207 [AWT-EventQueue-0] INFO   Log4J2 StepCountExecutor#execStepCountInDirectory() StepCount execute. [fileName]:select_message.sql
2023/10/02 23:02:35.209 [AWT-EventQueue-0] INFO   Log4J2 StepCountExecutor#execStepCountInDirectory() StepCount execute. [fileName]:insert_message.sql
2023/10/02 23:02:35.210 [AWT-EventQueue-0] WARN   Log4J2 StepCountExecutor#execStepCountInDirectory() StepCount skip. [fileName]:.DS_Store
2023/10/02 23:02:35.210 [AWT-EventQueue-0] WARN   Log4J2 StepCountExecutor#execStepCountInDirectory() StepCount skip. [fileName]:.DS_Store
2023/10/02 23:02:35.210 [AWT-EventQueue-0] WARN   Log4J2 StepCountExecutor#execStepCountInDirectory() StepCount skip. [fileName]:.DS_Store
2023/10/02 23:02:35.210 [AWT-EventQueue-0] WARN   Log4J2 StepCountExecutor#execStepCountInDirectory() StepCount skip. [fileName]:.DS_Store
2023/10/02 23:02:35.211 [AWT-EventQueue-0] INFO   Log4J2 StepCountExecutor#execStepCountInDirectory() StepCount execute. [fileName]:EnumReverseLookup.java
2023/10/02 23:02:35.212 [AWT-EventQueue-0] INFO   Log4J2 StepCountExecutor#execStepCountInDirectory() StepCount execute. [fileName]:SystemConstant.java
2023/10/02 23:02:35.213 [AWT-EventQueue-0] INFO   Log4J2 StepCountExecutor#execStepCountInDirectory() StepCount execute. [fileName]:StepCounterConstant.java
2023/10/02 23:02:35.214 [AWT-EventQueue-0] INFO   Log4J2 StepCountExecutor#execStepCountInDirectory() StepCount execute. [fileName]:messageConstant.java
2023/10/02 23:02:35.215 [AWT-EventQueue-0] INFO   Log4J2 StepCountExecutor#execStepCountInDirectory() StepCount execute. [fileName]:package-info.java
2023/10/02 23:02:35.217 [AWT-EventQueue-0] INFO   Log4J2 StepCountExecutor#execStepCountInDirectory() StepCount execute. [fileName]:StepCounterCuiServiceImpl.java
2023/10/02 23:02:35.219 [AWT-EventQueue-0] INFO   Log4J2 StepCountExecutor#execStepCountInDirectory() StepCount execute. [fileName]:StepCounterGuiMainServiceImpl.java
2023/10/02 23:02:35.220 [AWT-EventQueue-0] INFO   Log4J2 StepCountExecutor#execStepCountInDirectory() StepCount execute. [fileName]:package-info.java
2023/10/02 23:02:35.221 [AWT-EventQueue-0] INFO   Log4J2 StepCountExecutor#execStepCountInDirectory() StepCount execute. [fileName]:StepCounterGuiMainService.java
2023/10/02 23:02:35.221 [AWT-EventQueue-0] INFO   Log4J2 StepCountExecutor#execStepCountInDirectory() StepCount execute. [fileName]:StepCounterCuiService.java
2023/10/02 23:02:35.222 [AWT-EventQueue-0] INFO   Log4J2 StepCountExecutor#execStepCountInDirectory() StepCount execute. [fileName]:package-info.java
2023/10/02 23:02:35.223 [AWT-EventQueue-0] INFO   Log4J2 StepCountExecutor#execStepCountInDirectory() StepCount execute. [fileName]:package-info.java
2023/10/02 23:02:35.224 [AWT-EventQueue-0] INFO   Log4J2 StepCountExecutor#execStepCountInDirectory() StepCount execute. [fileName]:StepCounter.java
2023/10/02 23:02:35.227 [AWT-EventQueue-0] INFO   Log4J2 StepCountExecutor#execStepCountInDirectory() StepCount execute. [fileName]:StepCounterMessages.java
2023/10/02 23:02:35.228 [AWT-EventQueue-0] INFO   Log4J2 StepCountExecutor#execStepCountInDirectory() StepCount execute. [fileName]:package-info.java
2023/10/02 23:02:35.230 [AWT-EventQueue-0] INFO   Log4J2 StepCountExecutor#execStepCountInDirectory() StepCount execute. [fileName]:JdbcConnection.java
2023/10/02 23:02:35.231 [AWT-EventQueue-0] INFO   Log4J2 StepCountExecutor#execStepCountInDirectory() StepCount execute. [fileName]:CsvDaoUtil.java
2023/10/02 23:02:35.232 [AWT-EventQueue-0] INFO   Log4J2 StepCountExecutor#execStepCountInDirectory() StepCount execute. [fileName]:StepCountCsvDao.java
2023/10/02 23:02:35.233 [AWT-EventQueue-0] INFO   Log4J2 StepCountExecutor#execStepCountInDirectory() StepCount execute. [fileName]:package-info.java
2023/10/02 23:02:35.234 [AWT-EventQueue-0] INFO   Log4J2 StepCountExecutor#execStepCountInDirectory() StepCount execute. [fileName]:Log4J2.java
2023/10/02 23:02:35.243 [AWT-EventQueue-0] INFO   Log4J2 StepCountExecutor#execStepCountInDirectory() StepCount execute. [fileName]:package-info.java
2023/10/02 23:02:35.244 [AWT-EventQueue-0] INFO   Log4J2 StepCountExecutor#execStepCountInDirectory() StepCount execute. [fileName]:package-info.java
2023/10/02 23:02:35.245 [AWT-EventQueue-0] INFO   Log4J2 StepCountExecutor#execStepCountInDirectory() StepCount execute. [fileName]:StepCountRepository.java
2023/10/02 23:02:35.246 [AWT-EventQueue-0] INFO   Log4J2 StepCountExecutor#execStepCountInDirectory() StepCount execute. [fileName]:package-info.java
2023/10/02 23:02:35.247 [AWT-EventQueue-0] WARN   Log4J2 StepCountExecutor#execStepCountInDirectory() StepCount skip. [fileName]:.DS_Store
2023/10/02 23:02:35.247 [AWT-EventQueue-0] INFO   Log4J2 StepCountExecutor#execStepCountInDirectory() StepCount execute. [fileName]:StepCountData.java
2023/10/02 23:02:35.248 [AWT-EventQueue-0] INFO   Log4J2 StepCountExecutor#execStepCountInDirectory() StepCount execute. [fileName]:AllFilesStepCountData.java
2023/10/02 23:02:35.250 [AWT-EventQueue-0] INFO   Log4J2 StepCountExecutor#execStepCountInDirectory() StepCount execute. [fileName]:package-info.java
2023/10/02 23:02:35.251 [AWT-EventQueue-0] WARN   Log4J2 StepCountExecutor#execStepCountInDirectory() StepCount skip. [fileName]:.DS_Store
2023/10/02 23:02:35.251 [AWT-EventQueue-0] INFO   Log4J2 StepCountExecutor#execStepCountInDirectory() StepCount execute. [fileName]:StepCountExecutor.java
2023/10/02 23:02:35.252 [AWT-EventQueue-0] INFO   Log4J2 StepCountExecutor#execStepCountInDirectory() StepCount execute. [fileName]:package-info.java
2023/10/02 23:02:35.253 [AWT-EventQueue-0] INFO   Log4J2 StepCountExecutor#execStepCountInDirectory() StepCount execute. [fileName]:AbsStepCount.java
2023/10/02 23:02:35.255 [AWT-EventQueue-0] INFO   Log4J2 StepCountExecutor#execStepCountInDirectory() StepCount execute. [fileName]:CsStepCount.java
2023/10/02 23:02:35.256 [AWT-EventQueue-0] INFO   Log4J2 StepCountExecutor#execStepCountInDirectory() StepCount execute. [fileName]:IfStepCount.java
2023/10/02 23:02:35.256 [AWT-EventQueue-0] INFO   Log4J2 StepCountExecutor#execStepCountInDirectory() StepCount execute. [fileName]:StepCountFactory.java
2023/10/02 23:02:35.257 [AWT-EventQueue-0] INFO   Log4J2 StepCountExecutor#execStepCountInDirectory() StepCount execute. [fileName]:JavaStepCount.java
2023/10/02 23:02:35.258 [AWT-EventQueue-0] INFO   Log4J2 StepCountExecutor#execStepCountInDirectory() StepCount execute. [fileName]:SqlStepCount.java
2023/10/02 23:02:35.260 [AWT-EventQueue-0] INFO   Log4J2 StepCountExecutor#execStepCountInDirectory() StepCount execute. [fileName]:package-info.java
2023/10/02 23:02:35.260 [AWT-EventQueue-0] INFO   Log4J2 StepCountExecutor#execStepCountInDirectory() StepCount execute. [fileName]:CsCommentPatternMatch.java
2023/10/02 23:02:35.261 [AWT-EventQueue-0] INFO   Log4J2 StepCountExecutor#execStepCountInDirectory() StepCount execute. [fileName]:CommentPatternMatchFactory.java
2023/10/02 23:02:35.262 [AWT-EventQueue-0] INFO   Log4J2 StepCountExecutor#execStepCountInDirectory() StepCount execute. [fileName]:AbsCommentPatternMatch.java
2023/10/02 23:02:35.263 [AWT-EventQueue-0] INFO   Log4J2 StepCountExecutor#execStepCountInDirectory() StepCount execute. [fileName]:JavaCommentPatternMatch.java
2023/10/02 23:02:35.265 [AWT-EventQueue-0] INFO   Log4J2 StepCountExecutor#execStepCountInDirectory() StepCount execute. [fileName]:SqlCommentPatternMatch.java
2023/10/02 23:02:35.266 [AWT-EventQueue-0] INFO   Log4J2 StepCountExecutor#execStepCountInDirectory() StepCount execute. [fileName]:IfCommentPatternMatch.java
2023/10/02 23:02:35.267 [AWT-EventQueue-0] INFO   Log4J2 StepCountExecutor#execStepCountInDirectory() StepCount execute. [fileName]:package-info.java
2023/10/02 23:02:35.267 [AWT-EventQueue-0] INFO   Log4J2 StepCountExecutor#execStepCountInDirectory() StepCount execute. [fileName]:package-info.java
2023/10/02 23:02:35.268 [AWT-EventQueue-0] INFO   Log4J2 StepCountExecutor#execStepCountInDirectory() StepCount execute. [fileName]:package-info.java
2023/10/02 23:02:35.269 [AWT-EventQueue-0] INFO   Log4J2 StepCountExecutor#execStepCountInDirectory() StepCount execute. [fileName]:ValidatorUtil.java
2023/10/02 23:02:35.271 [AWT-EventQueue-0] INFO   Log4J2 StepCountExecutor#execStepCountInDirectory() StepCount execute. [fileName]:package-info.java
2023/10/02 23:02:35.272 [AWT-EventQueue-0] INFO   Log4J2 StepCountExecutor#execStepCountInDirectory() StepCount execute. [fileName]:StepCounterGuiRequestDto.java
2023/10/02 23:02:35.273 [AWT-EventQueue-0] INFO   Log4J2 StepCountExecutor#execStepCountInDirectory() StepCount execute. [fileName]:StepCounterGuiMainController.java
2023/10/02 23:02:35.274 [AWT-EventQueue-0] INFO   Log4J2 StepCountExecutor#execStepCountInDirectory() StepCount execute. [fileName]:package-info.java
2023/10/02 23:02:35.275 [AWT-EventQueue-0] INFO   Log4J2 StepCountExecutor#execStepCountInDirectory() StepCount execute. [fileName]:StepCounterCuiController.java
2023/10/02 23:02:35.277 [AWT-EventQueue-0] INFO   Log4J2 StepCountExecutor#execStepCountInDirectory() StepCount execute. [fileName]:StepCounterCuiRequestDto.java
2023/10/02 23:02:35.277 [AWT-EventQueue-0] INFO   Log4J2 StepCountExecutor#execStepCountInDirectory() StepCount execute. [fileName]:package-info.java
2023/10/02 23:02:35.278 [AWT-EventQueue-0] INFO   Log4J2 StepCountExecutor#execStepCountInDirectory() StepCount execute. [fileName]:package-info.java
2023/10/02 23:02:35.278 [AWT-EventQueue-0] INFO   Log4J2 StepCountExecutor#execStepCountInDirectory() StepCount execute. [fileName]:StepCounterGuiMainView.java
2023/10/02 23:02:35.280 [AWT-EventQueue-0] INFO   Log4J2 StepCountExecutor#execStepCountInDirectory() StepCount execute. [fileName]:HomePanel.java
2023/10/02 23:02:35.283 [AWT-EventQueue-0] INFO   Log4J2 StepCountExecutor#execStepCountInDirectory() StepCount execute. [fileName]:ViewUtil.java
2023/10/02 23:02:35.285 [AWT-EventQueue-0] INFO   Log4J2 StepCountExecutor#execStepCountInDirectory() StepCount execute. [fileName]:EmptyIcon.java
2023/10/02 23:02:35.285 [AWT-EventQueue-0] INFO   Log4J2 StepCountExecutor#execStepCountInDirectory() StepCount execute. [fileName]:RowSelectionTree.java
2023/10/02 23:02:35.287 [AWT-EventQueue-0] INFO   Log4J2 StepCountExecutor#execStepCountInDirectory() StepCount execute. [fileName]:JPlaceholderTextField.java
2023/10/02 23:02:35.288 [AWT-EventQueue-0] INFO   Log4J2 StepCountExecutor#execStepCountInDirectory() StepCount execute. [fileName]:package-info.java
2023/10/02 23:02:35.289 [AWT-EventQueue-0] INFO   Log4J2 StepCountExecutor#execStepCountInDirectory() StepCount execute. [fileName]:InfoPanel.java
2023/10/02 23:02:35.290 [AWT-EventQueue-0] INFO   Log4J2 StepCountExecutor#execStepCountInDirectory() StepCount execute. [fileName]:package-info.java
2023/10/02 23:02:35.290 [AWT-EventQueue-0] INFO   Log4J2 StepCountExecutor#execStepCountInDirectory() StepCount execute. [fileName]:package-info.java
2023/10/02 23:02:35.291 [AWT-EventQueue-0] INFO   Log4J2 StepCountExecutor#execStepCountInDirectory() StepCount execute. [fileName]:package-info.java
2023/10/02 23:02:35.297 [AWT-EventQueue-0] INFO   Log4J2 StepCounterGuiMainServiceImpl#execStepCount() [END]ProcessResult=SUCCESS
2023/10/02 23:09:41.048 [main] INFO   Log4J2 StepCounterCuiServiceImpl#execStepCount() [START]inputDirectory=/Users/takashi.ebina/git/repository2/stepCounter/src/test/resources/testcase/common/input, outputFile=/Users/takashi.ebina/git/repository2/stepCounter/src/test/resources/testcase/TestStepCounterCuiController/stepCountInteractiveMode/success1/output/result.csv, SortType=1, SortTarget=0
2023/10/02 23:09:41.053 [main] WARN   Log4J2 StepCountExecutor#execStepCountInDirectory() StepCount skip. [fileName]:.DS_Store
2023/10/02 23:09:41.053 [main] INFO   Log4J2 StepCountExecutor#execStepCountInDirectory() StepCount execute. [fileName]:Mario.java
2023/10/02 23:09:41.056 [main] INFO   Log4J2 StepCountExecutor#execStepCountInDirectory() StepCount execute. [fileName]:Luigi.java
2023/10/02 23:09:41.057 [main] INFO   Log4J2 StepCountExecutor#execStepCountInDirectory() StepCount execute. [fileName]:Character.java
2023/10/02 23:09:41.059 [main] INFO   Log4J2 StepCountExecutor#execStepCountInDirectory() StepCount execute. [fileName]:HammerBros.java
2023/10/02 23:09:41.061 [main] INFO   Log4J2 StepCountExecutor#execStepCountInDirectory() StepCount execute. [fileName]:CharacterIf.java
2023/10/02 23:09:41.062 [main] INFO   Log4J2 StepCountExecutor#execStepCountInDirectory() StepCount execute. [fileName]:Main.java
2023/10/02 23:09:41.064 [main] INFO   Log4J2 StepCountExecutor#execStepCountInDirectory() StepCount execute. [fileName]:Constant.java
2023/10/02 23:09:41.067 [main] INFO   Log4J2 StepCounterCuiServiceImpl#execStepCount() [END]ProcessResult=SUCCESS
2023/10/02 23:09:41.080 [main] INFO   Log4J2 StepCounterCuiServiceImpl#execStepCount() [START]inputDirectory=/Users/takashi.ebina/git/repository2/stepCounter/src/test/resources/testcase/common/input, outputFile=/Users/takashi.ebina/git/repository2/stepCounter/src/test/resources/testcase/TestStepCounterCuiController/stepCountInteractiveMode/success2/output/result.csv, SortType=2, SortTarget=1
2023/10/02 23:09:41.081 [main] WARN   Log4J2 StepCountExecutor#execStepCountInDirectory() StepCount skip. [fileName]:.DS_Store
2023/10/02 23:09:41.082 [main] INFO   Log4J2 StepCountExecutor#execStepCountInDirectory() StepCount execute. [fileName]:Mario.java
2023/10/02 23:09:41.082 [main] INFO   Log4J2 StepCountExecutor#execStepCountInDirectory() StepCount execute. [fileName]:Luigi.java
2023/10/02 23:09:41.083 [main] INFO   Log4J2 StepCountExecutor#execStepCountInDirectory() StepCount execute. [fileName]:Character.java
2023/10/02 23:09:41.083 [main] INFO   Log4J2 StepCountExecutor#execStepCountInDirectory() StepCount execute. [fileName]:HammerBros.java
2023/10/02 23:09:41.084 [main] INFO   Log4J2 StepCountExecutor#execStepCountInDirectory() StepCount execute. [fileName]:CharacterIf.java
2023/10/02 23:09:41.085 [main] INFO   Log4J2 StepCountExecutor#execStepCountInDirectory() StepCount execute. [fileName]:Main.java
2023/10/02 23:09:41.086 [main] INFO   Log4J2 StepCountExecutor#execStepCountInDirectory() StepCount execute. [fileName]:Constant.java
2023/10/02 23:09:41.090 [main] INFO   Log4J2 StepCounterCuiServiceImpl#execStepCount() [END]ProcessResult=SUCCESS
2023/10/02 23:09:41.102 [main] INFO   Log4J2 StepCounterCuiServiceImpl#execStepCount() [START]inputDirectory=/Users/takashi.ebina/git/repository2/stepCounter/src/test/resources/testcase/common/input, outputFile=/Users/takashi.ebina/git/repository2/stepCounter/src/test/resources/testcase/TestStepCounterCuiController/stepCountInteractiveMode/success3/output/result.csv, SortType=0, SortTarget=0
2023/10/02 23:09:41.103 [main] WARN   Log4J2 StepCountExecutor#execStepCountInDirectory() StepCount skip. [fileName]:.DS_Store
2023/10/02 23:09:41.103 [main] INFO   Log4J2 StepCountExecutor#execStepCountInDirectory() StepCount execute. [fileName]:Mario.java
2023/10/02 23:09:41.104 [main] INFO   Log4J2 StepCountExecutor#execStepCountInDirectory() StepCount execute. [fileName]:Luigi.java
2023/10/02 23:09:41.104 [main] INFO   Log4J2 StepCountExecutor#execStepCountInDirectory() StepCount execute. [fileName]:Character.java
2023/10/02 23:09:41.105 [main] INFO   Log4J2 StepCountExecutor#execStepCountInDirectory() StepCount execute. [fileName]:HammerBros.java
2023/10/02 23:09:41.106 [main] INFO   Log4J2 StepCountExecutor#execStepCountInDirectory() StepCount execute. [fileName]:CharacterIf.java
2023/10/02 23:09:41.107 [main] INFO   Log4J2 StepCountExecutor#execStepCountInDirectory() StepCount execute. [fileName]:Main.java
2023/10/02 23:09:41.108 [main] INFO   Log4J2 StepCountExecutor#execStepCountInDirectory() StepCount execute. [fileName]:Constant.java
2023/10/02 23:09:41.110 [main] INFO   Log4J2 StepCounterCuiServiceImpl#execStepCount() [END]ProcessResult=SUCCESS
2023/10/02 23:09:41.123 [main] INFO   Log4J2 StepCounterCuiServiceImpl#execStepCount() [START]inputDirectory=/Users/takashi.ebina/git/repository2/stepCounter/src/test/resources/testcase/common/input, outputFile=/Users/takashi.ebina/git/repository2/stepCounter/src/test/resources/testcase/TestStepCounterCuiController/stepCountInteractiveMode/success4/output/result.csv, SortType=0, SortTarget=0
2023/10/02 23:09:41.124 [main] WARN   Log4J2 StepCountExecutor#execStepCountInDirectory() StepCount skip. [fileName]:.DS_Store
2023/10/02 23:09:41.124 [main] INFO   Log4J2 StepCountExecutor#execStepCountInDirectory() StepCount execute. [fileName]:Mario.java
2023/10/02 23:09:41.125 [main] INFO   Log4J2 StepCountExecutor#execStepCountInDirectory() StepCount execute. [fileName]:Luigi.java
2023/10/02 23:09:41.126 [main] INFO   Log4J2 StepCountExecutor#execStepCountInDirectory() StepCount execute. [fileName]:Character.java
2023/10/02 23:09:41.126 [main] INFO   Log4J2 StepCountExecutor#execStepCountInDirectory() StepCount execute. [fileName]:HammerBros.java
2023/10/02 23:09:41.127 [main] INFO   Log4J2 StepCountExecutor#execStepCountInDirectory() StepCount execute. [fileName]:CharacterIf.java
2023/10/02 23:09:41.127 [main] INFO   Log4J2 StepCountExecutor#execStepCountInDirectory() StepCount execute. [fileName]:Main.java
2023/10/02 23:09:41.130 [main] INFO   Log4J2 StepCountExecutor#execStepCountInDirectory() StepCount execute. [fileName]:Constant.java
2023/10/02 23:09:41.131 [main] INFO   Log4J2 StepCounterCuiServiceImpl#execStepCount() [END]ProcessResult=SUCCESS
2023/10/02 23:09:41.196 [main] INFO   Log4J2 StepCounterCuiController#stepCountScriptMode() [START]StepCounterCuiRequestDto=StepCounterCuiRequestDto(stepCountExecuteMode=SCRIPT, stepCountSortType=ASCENDING_ORDER, stepCountSortTarget=FILEPATH, inputDirectoryPath=/Users/takashi.ebina/git/repository2/stepCounter/src/test/resources/testcase/common//input, outputFilePath=/Users/takashi.ebina/git/repository2/stepCounter/src/test/resources/testcase/TestStepCounterCuiController/stepCountScriptMode/success1//output/result.csv)
2023/10/02 23:09:41.197 [main] INFO   Log4J2 StepCounterCuiServiceImpl#execStepCount() [START]inputDirectory=/Users/takashi.ebina/git/repository2/stepCounter/src/test/resources/testcase/common/input, outputFile=/Users/takashi.ebina/git/repository2/stepCounter/src/test/resources/testcase/TestStepCounterCuiController/stepCountScriptMode/success1/output/result.csv, SortType=1, SortTarget=0
2023/10/02 23:09:41.197 [main] WARN   Log4J2 StepCountExecutor#execStepCountInDirectory() StepCount skip. [fileName]:.DS_Store
2023/10/02 23:09:41.197 [main] INFO   Log4J2 StepCountExecutor#execStepCountInDirectory() StepCount execute. [fileName]:Mario.java
2023/10/02 23:09:41.198 [main] INFO   Log4J2 StepCountExecutor#execStepCountInDirectory() StepCount execute. [fileName]:Luigi.java
2023/10/02 23:09:41.198 [main] INFO   Log4J2 StepCountExecutor#execStepCountInDirectory() StepCount execute. [fileName]:Character.java
2023/10/02 23:09:41.199 [main] INFO   Log4J2 StepCountExecutor#execStepCountInDirectory() StepCount execute. [fileName]:HammerBros.java
2023/10/02 23:09:41.199 [main] INFO   Log4J2 StepCountExecutor#execStepCountInDirectory() StepCount execute. [fileName]:CharacterIf.java
2023/10/02 23:09:41.199 [main] INFO   Log4J2 StepCountExecutor#execStepCountInDirectory() StepCount execute. [fileName]:Main.java
2023/10/02 23:09:41.200 [main] INFO   Log4J2 StepCountExecutor#execStepCountInDirectory() StepCount execute. [fileName]:Constant.java
2023/10/02 23:09:41.201 [main] INFO   Log4J2 StepCounterCuiServiceImpl#execStepCount() [END]ProcessResult=SUCCESS
2023/10/02 23:09:41.210 [main] INFO   Log4J2 StepCounterCuiController#stepCountScriptMode() [START]StepCounterCuiRequestDto=StepCounterCuiRequestDto(stepCountExecuteMode=SCRIPT, stepCountSortType=ASCENDING_ORDER, stepCountSortTarget=FILEPATH, inputDirectoryPath=/Users/takashi.ebina/git/repository2/stepCounter/src/test/resources/testcase/TestStepCounterCuiController/stepCountScriptMode/warning1//output/result.csv, outputFilePath=/Users/takashi.ebina/git/repository2/stepCounter/src/test/resources/testcase/TestStepCounterCuiController/stepCountScriptMode/warning1//output/result.csv)
2023/10/02 23:09:41.226 [main] INFO   Log4J2 StepCounterCuiController#stepCountScriptMode() [START]StepCounterCuiRequestDto=StepCounterCuiRequestDto(stepCountExecuteMode=SCRIPT, stepCountSortType=ASCENDING_ORDER, stepCountSortTarget=FILEPATH, inputDirectoryPath=/Users/takashi.ebina/git/repository2/stepCounter/src/test/resources/testcase/common//input, outputFilePath=/Users/takashi.ebina/git/repository2/stepCounter/src/test/resources/testcase/TestStepCounterCuiController/stepCountScriptMode/warning2//output)
2023/10/02 23:09:41.246 [main] INFO   Log4J2 StepCounterCuiController#stepCountScriptMode() [START]StepCounterCuiRequestDto=StepCounterCuiRequestDto(stepCountExecuteMode=SCRIPT, stepCountSortType=ASCENDING_ORDER, stepCountSortTarget=FILEPATH, inputDirectoryPath=/Users/takashi.ebina/git/repository2/stepCounter/src/test/resources/testcase/common//input, outputFilePath=/Users/takashi.ebina/git/repository2/stepCounter/src/test/resources/testcase/TestStepCounterCuiController/stepCountScriptMode/Exception1//output/result.csv)
2023/10/04 21:17:01.693 [main] INFO   Log4J2 StepCounterCuiServiceImpl#execStepCount() [START]inputDirectory=/Users/takashi.ebina/git/repository2/stepCounter/src/test/resources/testcase/common/input, outputFile=/Users/takashi.ebina/git/repository2/stepCounter/src/test/resources/testcase/TestStepCounterCuiController/stepCountInteractiveMode/success1/output/result.csv, SortType=1, SortTarget=0
2023/10/04 21:17:01.702 [main] WARN   Log4J2 StepCountExecutor#execStepCountInDirectory() StepCount skip. [fileName]:.DS_Store
2023/10/04 21:17:01.711 [main] INFO   Log4J2 StepCountExecutor#execStepCountInDirectory() StepCount execute. [fileName]:Mario.java
2023/10/04 21:17:01.716 [main] INFO   Log4J2 StepCountExecutor#execStepCountInDirectory() StepCount execute. [fileName]:Luigi.java
2023/10/04 21:17:01.717 [main] INFO   Log4J2 StepCountExecutor#execStepCountInDirectory() StepCount execute. [fileName]:Character.java
2023/10/04 21:17:01.719 [main] INFO   Log4J2 StepCountExecutor#execStepCountInDirectory() StepCount execute. [fileName]:HammerBros.java
2023/10/04 21:17:01.720 [main] INFO   Log4J2 StepCountExecutor#execStepCountInDirectory() StepCount execute. [fileName]:CharacterIf.java
2023/10/04 21:17:01.722 [main] INFO   Log4J2 StepCountExecutor#execStepCountInDirectory() StepCount execute. [fileName]:Main.java
2023/10/04 21:17:01.724 [main] INFO   Log4J2 StepCountExecutor#execStepCountInDirectory() StepCount execute. [fileName]:Constant.java
2023/10/04 21:17:01.729 [main] INFO   Log4J2 StepCounterCuiServiceImpl#execStepCount() [END]ProcessResult=SUCCESS
2023/10/04 21:17:01.744 [main] INFO   Log4J2 StepCounterCuiServiceImpl#execStepCount() [START]inputDirectory=/Users/takashi.ebina/git/repository2/stepCounter/src/test/resources/testcase/common/input, outputFile=/Users/takashi.ebina/git/repository2/stepCounter/src/test/resources/testcase/TestStepCounterCuiController/stepCountInteractiveMode/success2/output/result.csv, SortType=2, SortTarget=1
2023/10/04 21:17:01.744 [main] WARN   Log4J2 StepCountExecutor#execStepCountInDirectory() StepCount skip. [fileName]:.DS_Store
2023/10/04 21:17:01.745 [main] INFO   Log4J2 StepCountExecutor#execStepCountInDirectory() StepCount execute. [fileName]:Mario.java
2023/10/04 21:17:01.745 [main] INFO   Log4J2 StepCountExecutor#execStepCountInDirectory() StepCount execute. [fileName]:Luigi.java
2023/10/04 21:17:01.746 [main] INFO   Log4J2 StepCountExecutor#execStepCountInDirectory() StepCount execute. [fileName]:Character.java
2023/10/04 21:17:01.752 [main] INFO   Log4J2 StepCountExecutor#execStepCountInDirectory() StepCount execute. [fileName]:HammerBros.java
2023/10/04 21:17:01.752 [main] INFO   Log4J2 StepCountExecutor#execStepCountInDirectory() StepCount execute. [fileName]:CharacterIf.java
2023/10/04 21:17:01.754 [main] INFO   Log4J2 StepCountExecutor#execStepCountInDirectory() StepCount execute. [fileName]:Main.java
2023/10/04 21:17:01.755 [main] INFO   Log4J2 StepCountExecutor#execStepCountInDirectory() StepCount execute. [fileName]:Constant.java
2023/10/04 21:17:01.758 [main] INFO   Log4J2 StepCounterCuiServiceImpl#execStepCount() [END]ProcessResult=SUCCESS
2023/10/04 21:17:01.773 [main] INFO   Log4J2 StepCounterCuiServiceImpl#execStepCount() [START]inputDirectory=/Users/takashi.ebina/git/repository2/stepCounter/src/test/resources/testcase/common/input, outputFile=/Users/takashi.ebina/git/repository2/stepCounter/src/test/resources/testcase/TestStepCounterCuiController/stepCountInteractiveMode/success3/output/result.csv, SortType=0, SortTarget=0
2023/10/04 21:17:01.773 [main] WARN   Log4J2 StepCountExecutor#execStepCountInDirectory() StepCount skip. [fileName]:.DS_Store
2023/10/04 21:17:01.774 [main] INFO   Log4J2 StepCountExecutor#execStepCountInDirectory() StepCount execute. [fileName]:Mario.java
2023/10/04 21:17:01.774 [main] INFO   Log4J2 StepCountExecutor#execStepCountInDirectory() StepCount execute. [fileName]:Luigi.java
2023/10/04 21:17:01.775 [main] INFO   Log4J2 StepCountExecutor#execStepCountInDirectory() StepCount execute. [fileName]:Character.java
2023/10/04 21:17:01.776 [main] INFO   Log4J2 StepCountExecutor#execStepCountInDirectory() StepCount execute. [fileName]:HammerBros.java
2023/10/04 21:17:01.777 [main] INFO   Log4J2 StepCountExecutor#execStepCountInDirectory() StepCount execute. [fileName]:CharacterIf.java
2023/10/04 21:17:01.778 [main] INFO   Log4J2 StepCountExecutor#execStepCountInDirectory() StepCount execute. [fileName]:Main.java
2023/10/04 21:17:01.778 [main] INFO   Log4J2 StepCountExecutor#execStepCountInDirectory() StepCount execute. [fileName]:Constant.java
2023/10/04 21:17:01.779 [main] INFO   Log4J2 StepCounterCuiServiceImpl#execStepCount() [END]ProcessResult=SUCCESS
2023/10/04 21:17:01.790 [main] INFO   Log4J2 StepCounterCuiServiceImpl#execStepCount() [START]inputDirectory=/Users/takashi.ebina/git/repository2/stepCounter/src/test/resources/testcase/common/input, outputFile=/Users/takashi.ebina/git/repository2/stepCounter/src/test/resources/testcase/TestStepCounterCuiController/stepCountInteractiveMode/success4/output/result.csv, SortType=0, SortTarget=0
2023/10/04 21:17:01.790 [main] WARN   Log4J2 StepCountExecutor#execStepCountInDirectory() StepCount skip. [fileName]:.DS_Store
2023/10/04 21:17:01.791 [main] INFO   Log4J2 StepCountExecutor#execStepCountInDirectory() StepCount execute. [fileName]:Mario.java
2023/10/04 21:17:01.791 [main] INFO   Log4J2 StepCountExecutor#execStepCountInDirectory() StepCount execute. [fileName]:Luigi.java
2023/10/04 21:17:01.792 [main] INFO   Log4J2 StepCountExecutor#execStepCountInDirectory() StepCount execute. [fileName]:Character.java
2023/10/04 21:17:01.793 [main] INFO   Log4J2 StepCountExecutor#execStepCountInDirectory() StepCount execute. [fileName]:HammerBros.java
2023/10/04 21:17:01.794 [main] INFO   Log4J2 StepCountExecutor#execStepCountInDirectory() StepCount execute. [fileName]:CharacterIf.java
2023/10/04 21:17:01.795 [main] INFO   Log4J2 StepCountExecutor#execStepCountInDirectory() StepCount execute. [fileName]:Main.java
2023/10/04 21:17:01.796 [main] INFO   Log4J2 StepCountExecutor#execStepCountInDirectory() StepCount execute. [fileName]:Constant.java
2023/10/04 21:17:01.798 [main] INFO   Log4J2 StepCounterCuiServiceImpl#execStepCount() [END]ProcessResult=SUCCESS
2023/10/04 21:17:01.870 [main] INFO   Log4J2 StepCounterCuiController#stepCountScriptMode() [START]StepCounterCuiRequestDto=StepCounterCuiRequestDto(stepCountExecuteMode=SCRIPT, stepCountSortType=ASCENDING_ORDER, stepCountSortTarget=FILEPATH, inputDirectoryPath=/Users/takashi.ebina/git/repository2/stepCounter/src/test/resources/testcase/common//input, outputFilePath=/Users/takashi.ebina/git/repository2/stepCounter/src/test/resources/testcase/TestStepCounterCuiController/stepCountScriptMode/success1//output/result.csv)
2023/10/04 21:17:01.870 [main] INFO   Log4J2 StepCounterCuiServiceImpl#execStepCount() [START]inputDirectory=/Users/takashi.ebina/git/repository2/stepCounter/src/test/resources/testcase/common/input, outputFile=/Users/takashi.ebina/git/repository2/stepCounter/src/test/resources/testcase/TestStepCounterCuiController/stepCountScriptMode/success1/output/result.csv, SortType=1, SortTarget=0
2023/10/04 21:17:01.871 [main] WARN   Log4J2 StepCountExecutor#execStepCountInDirectory() StepCount skip. [fileName]:.DS_Store
2023/10/04 21:17:01.871 [main] INFO   Log4J2 StepCountExecutor#execStepCountInDirectory() StepCount execute. [fileName]:Mario.java
2023/10/04 21:17:01.872 [main] INFO   Log4J2 StepCountExecutor#execStepCountInDirectory() StepCount execute. [fileName]:Luigi.java
2023/10/04 21:17:01.872 [main] INFO   Log4J2 StepCountExecutor#execStepCountInDirectory() StepCount execute. [fileName]:Character.java
2023/10/04 21:17:01.872 [main] INFO   Log4J2 StepCountExecutor#execStepCountInDirectory() StepCount execute. [fileName]:HammerBros.java
2023/10/04 21:17:01.873 [main] INFO   Log4J2 StepCountExecutor#execStepCountInDirectory() StepCount execute. [fileName]:CharacterIf.java
2023/10/04 21:17:01.873 [main] INFO   Log4J2 StepCountExecutor#execStepCountInDirectory() StepCount execute. [fileName]:Main.java
2023/10/04 21:17:01.874 [main] INFO   Log4J2 StepCountExecutor#execStepCountInDirectory() StepCount execute. [fileName]:Constant.java
2023/10/04 21:17:01.875 [main] INFO   Log4J2 StepCounterCuiServiceImpl#execStepCount() [END]ProcessResult=SUCCESS
2023/10/04 21:17:01.882 [main] INFO   Log4J2 StepCounterCuiController#stepCountScriptMode() [START]StepCounterCuiRequestDto=StepCounterCuiRequestDto(stepCountExecuteMode=SCRIPT, stepCountSortType=ASCENDING_ORDER, stepCountSortTarget=FILEPATH, inputDirectoryPath=/Users/takashi.ebina/git/repository2/stepCounter/src/test/resources/testcase/TestStepCounterCuiController/stepCountScriptMode/warning1//output/result.csv, outputFilePath=/Users/takashi.ebina/git/repository2/stepCounter/src/test/resources/testcase/TestStepCounterCuiController/stepCountScriptMode/warning1//output/result.csv)
2023/10/04 21:17:01.889 [main] INFO   Log4J2 StepCounterCuiController#stepCountScriptMode() [START]StepCounterCuiRequestDto=StepCounterCuiRequestDto(stepCountExecuteMode=SCRIPT, stepCountSortType=ASCENDING_ORDER, stepCountSortTarget=FILEPATH, inputDirectoryPath=/Users/takashi.ebina/git/repository2/stepCounter/src/test/resources/testcase/common//input, outputFilePath=/Users/takashi.ebina/git/repository2/stepCounter/src/test/resources/testcase/TestStepCounterCuiController/stepCountScriptMode/warning2//output)
2023/10/04 21:17:01.904 [main] INFO   Log4J2 StepCounterCuiController#stepCountScriptMode() [START]StepCounterCuiRequestDto=StepCounterCuiRequestDto(stepCountExecuteMode=SCRIPT, stepCountSortType=ASCENDING_ORDER, stepCountSortTarget=FILEPATH, inputDirectoryPath=/Users/takashi.ebina/git/repository2/stepCounter/src/test/resources/testcase/common//input, outputFilePath=/Users/takashi.ebina/git/repository2/stepCounter/src/test/resources/testcase/TestStepCounterCuiController/stepCountScriptMode/Exception1//output/result.csv)
